[2021-10-22 17:58:48,746] INFO         Start Nanny at: 'tcp://10.36.60.27:28853'
[2021-10-22 17:58:48,747] INFO         Start Nanny at: 'tcp://10.36.60.27:39293'
[2021-10-22 17:58:48,767] INFO         Start Nanny at: 'tcp://10.36.60.27:24327'
[2021-10-22 17:58:48,771] INFO         Start Nanny at: 'tcp://10.36.60.27:23943'
[2021-10-22 17:58:48,780] INFO         Start Nanny at: 'tcp://10.36.60.27:17197'
[2021-10-22 17:58:48,782] INFO         Start Nanny at: 'tcp://10.36.60.27:38055'
[2021-10-22 17:58:48,782] INFO         Start Nanny at: 'tcp://10.36.60.27:15973'
[2021-10-22 17:58:48,785] INFO         Start Nanny at: 'tcp://10.36.60.27:15799'
[2021-10-22 17:58:48,787] INFO         Start Nanny at: 'tcp://10.36.60.27:33245'
[2021-10-22 17:58:48,787] INFO         Start Nanny at: 'tcp://10.36.60.27:33611'
[2021-10-22 17:58:48,787] INFO         Start Nanny at: 'tcp://10.36.60.27:16427'
[2021-10-22 17:58:48,788] INFO         Start Nanny at: 'tcp://10.36.60.27:24991'
[2021-10-22 17:58:48,788] INFO         Start Nanny at: 'tcp://10.36.60.27:30739'
[2021-10-22 17:58:48,788] INFO         Start Nanny at: 'tcp://10.36.60.27:15285'
[2021-10-22 17:58:48,788] INFO         Start Nanny at: 'tcp://10.36.60.27:29439'
[2021-10-22 17:58:48,788] INFO         Start Nanny at: 'tcp://10.36.60.27:25941'
[2021-10-22 17:58:48,788] INFO         Start Nanny at: 'tcp://10.36.60.27:23945'
[2021-10-22 17:58:48,788] INFO         Start Nanny at: 'tcp://10.36.60.27:35487'
[2021-10-22 17:58:48,789] INFO         Start Nanny at: 'tcp://10.36.60.27:25533'
[2021-10-22 17:58:48,789] INFO         Start Nanny at: 'tcp://10.36.60.27:39453'
[2021-10-22 17:58:48,789] INFO         Start Nanny at: 'tcp://10.36.60.27:19395'
[2021-10-22 17:58:48,789] INFO         Start Nanny at: 'tcp://10.36.60.27:34463'
[2021-10-22 17:58:48,789] INFO         Start Nanny at: 'tcp://10.36.60.27:25893'
[2021-10-22 17:58:48,789] INFO         Start Nanny at: 'tcp://10.36.60.27:20801'
[2021-10-22 17:58:48,790] INFO         Start Nanny at: 'tcp://10.36.60.27:15101'
[2021-10-22 17:58:48,790] INFO         Start Nanny at: 'tcp://10.36.60.27:39769'
[2021-10-22 17:58:48,790] INFO         Start Nanny at: 'tcp://10.36.60.27:18925'
[2021-10-22 17:58:48,790] INFO         Start Nanny at: 'tcp://10.36.60.27:20649'
[2021-10-22 17:58:48,790] INFO         Start Nanny at: 'tcp://10.36.60.27:38843'
[2021-10-22 17:58:48,791] INFO         Start Nanny at: 'tcp://10.36.60.27:27559'
[2021-10-22 17:58:48,792] INFO         Start Nanny at: 'tcp://10.36.60.27:27619'
[2021-10-22 17:58:48,792] INFO         Start Nanny at: 'tcp://10.36.60.27:25497'
[2021-10-22 17:58:48,792] INFO         Start Nanny at: 'tcp://10.36.60.27:25029'
[2021-10-22 17:58:48,792] INFO         Start Nanny at: 'tcp://10.36.60.27:39765'
[2021-10-22 17:58:48,792] INFO         Start Nanny at: 'tcp://10.36.60.27:17787'
[2021-10-22 17:58:48,792] INFO         Start Nanny at: 'tcp://10.36.60.27:28573'
[2021-10-22 17:58:48,792] INFO         Start Nanny at: 'tcp://10.36.60.27:30337'
[2021-10-22 17:58:48,793] INFO         Start Nanny at: 'tcp://10.36.60.27:38853'
[2021-10-22 17:58:48,793] INFO         Start Nanny at: 'tcp://10.36.60.27:23773'
[2021-10-22 17:58:48,793] INFO         Start Nanny at: 'tcp://10.36.60.27:19757'
[2021-10-22 17:58:50,687] INFO Found stale lock file and directory '/groups/scicompsoft/home/ackermand/Programming/multiresolution-mesh-creator/dask-worker-space/worker-cojr_7xv', purging
[2021-10-22 17:58:50,708] INFO Found stale lock file and directory '/groups/scicompsoft/home/ackermand/Programming/multiresolution-mesh-creator/dask-worker-space/worker-eo4kv7bv', purging
[2021-10-22 17:58:50,721] INFO Found stale lock file and directory '/groups/scicompsoft/home/ackermand/Programming/multiresolution-mesh-creator/dask-worker-space/worker-bifrj7uk', purging
[2021-10-22 17:58:50,732] INFO Found stale lock file and directory '/groups/scicompsoft/home/ackermand/Programming/multiresolution-mesh-creator/dask-worker-space/worker-ec2rzufw', purging
[2021-10-22 17:58:50,742] INFO Found stale lock file and directory '/groups/scicompsoft/home/ackermand/Programming/multiresolution-mesh-creator/dask-worker-space/worker-2dqkmoml', purging
[2021-10-22 17:58:50,754] INFO Found stale lock file and directory '/groups/scicompsoft/home/ackermand/Programming/multiresolution-mesh-creator/dask-worker-space/worker-fr2_g2z6', purging
[2021-10-22 17:58:50,765] INFO Found stale lock file and directory '/groups/scicompsoft/home/ackermand/Programming/multiresolution-mesh-creator/dask-worker-space/worker-zn8e_0a2', purging
[2021-10-22 17:58:50,772] INFO Found stale lock file and directory '/groups/scicompsoft/home/ackermand/Programming/multiresolution-mesh-creator/dask-worker-space/worker-ykmur0z2', purging
[2021-10-22 17:58:50,785] INFO Found stale lock file and directory '/groups/scicompsoft/home/ackermand/Programming/multiresolution-mesh-creator/dask-worker-space/worker-x8tvevp_', purging
[2021-10-22 17:58:50,808] INFO Found stale lock file and directory '/groups/scicompsoft/home/ackermand/Programming/multiresolution-mesh-creator/dask-worker-space/worker-9rykhrvt', purging
[2021-10-22 17:58:50,817] INFO Found stale lock file and directory '/groups/scicompsoft/home/ackermand/Programming/multiresolution-mesh-creator/dask-worker-space/worker-tg8z3tpy', purging
[2021-10-22 17:58:50,826] INFO Found stale lock file and directory '/groups/scicompsoft/home/ackermand/Programming/multiresolution-mesh-creator/dask-worker-space/worker-r5c04iem', purging
[2021-10-22 17:58:50,842] INFO Found stale lock file and directory '/groups/scicompsoft/home/ackermand/Programming/multiresolution-mesh-creator/dask-worker-space/worker-0btzlpn4', purging
[2021-10-22 17:58:50,865] INFO Found stale lock file and directory '/groups/scicompsoft/home/ackermand/Programming/multiresolution-mesh-creator/dask-worker-space/worker-1adl0wx9', purging
[2021-10-22 17:58:50,883] INFO Found stale lock file and directory '/groups/scicompsoft/home/ackermand/Programming/multiresolution-mesh-creator/dask-worker-space/worker-t0f7exn8', purging
[2021-10-22 17:58:50,911] INFO Found stale lock file and directory '/groups/scicompsoft/home/ackermand/Programming/multiresolution-mesh-creator/dask-worker-space/worker-scax0gt2', purging
[2021-10-22 17:58:50,928] INFO Found stale lock file and directory '/groups/scicompsoft/home/ackermand/Programming/multiresolution-mesh-creator/dask-worker-space/worker-dhemll2d', purging
[2021-10-22 17:58:50,941] INFO Found stale lock file and directory '/groups/scicompsoft/home/ackermand/Programming/multiresolution-mesh-creator/dask-worker-space/worker-w5k5hw8t', purging
[2021-10-22 17:58:50,955] INFO Found stale lock file and directory '/groups/scicompsoft/home/ackermand/Programming/multiresolution-mesh-creator/dask-worker-space/worker-od2px2wr', purging
[2021-10-22 17:58:50,971] INFO Found stale lock file and directory '/groups/scicompsoft/home/ackermand/Programming/multiresolution-mesh-creator/dask-worker-space/worker-q94qbv3r', purging
[2021-10-22 17:58:50,981] INFO Found stale lock file and directory '/groups/scicompsoft/home/ackermand/Programming/multiresolution-mesh-creator/dask-worker-space/worker-hnr9buxi', purging
[2021-10-22 17:58:51,002] INFO Found stale lock file and directory '/groups/scicompsoft/home/ackermand/Programming/multiresolution-mesh-creator/dask-worker-space/worker-xq7t_nse', purging
[2021-10-22 17:58:51,019] INFO Found stale lock file and directory '/groups/scicompsoft/home/ackermand/Programming/multiresolution-mesh-creator/dask-worker-space/worker-wlu32hyp', purging
[2021-10-22 17:58:51,031] INFO Found stale lock file and directory '/groups/scicompsoft/home/ackermand/Programming/multiresolution-mesh-creator/dask-worker-space/worker-wazhuv_l', purging
[2021-10-22 17:58:51,038] INFO Found stale lock file and directory '/groups/scicompsoft/home/ackermand/Programming/multiresolution-mesh-creator/dask-worker-space/worker-hag7x4x9', purging
[2021-10-22 17:58:51,051] INFO Found stale lock file and directory '/groups/scicompsoft/home/ackermand/Programming/multiresolution-mesh-creator/dask-worker-space/worker-49psjlk5', purging
[2021-10-22 17:58:51,079] INFO Found stale lock file and directory '/groups/scicompsoft/home/ackermand/Programming/multiresolution-mesh-creator/dask-worker-space/worker-fg5_cbyh', purging
[2021-10-22 17:58:51,093] INFO Found stale lock file and directory '/groups/scicompsoft/home/ackermand/Programming/multiresolution-mesh-creator/dask-worker-space/worker-k4mvi_23', purging
[2021-10-22 17:58:51,107] INFO Found stale lock file and directory '/groups/scicompsoft/home/ackermand/Programming/multiresolution-mesh-creator/dask-worker-space/worker-ecm5402_', purging
[2021-10-22 17:58:51,122] INFO Found stale lock file and directory '/groups/scicompsoft/home/ackermand/Programming/multiresolution-mesh-creator/dask-worker-space/worker-zdd4aq0w', purging
[2021-10-22 17:58:51,138] INFO Found stale lock file and directory '/groups/scicompsoft/home/ackermand/Programming/multiresolution-mesh-creator/dask-worker-space/worker-9s1eqabh', purging
[2021-10-22 17:58:51,162] INFO Found stale lock file and directory '/groups/scicompsoft/home/ackermand/Programming/multiresolution-mesh-creator/dask-worker-space/worker-jt0tr8s0', purging
[2021-10-22 17:58:52,023] INFO       Start worker at:    tcp://10.36.60.27:22675
[2021-10-22 17:58:52,023] INFO       Start worker at:    tcp://10.36.60.27:34691
[2021-10-22 17:58:52,023] INFO       Start worker at:    tcp://10.36.60.27:22197
[2021-10-22 17:58:52,023] INFO       Start worker at:    tcp://10.36.60.27:18123
[2021-10-22 17:58:52,023] INFO       Start worker at:    tcp://10.36.60.27:19493
[2021-10-22 17:58:52,023] INFO       Start worker at:    tcp://10.36.60.27:17745
[2021-10-22 17:58:52,023] INFO       Start worker at:    tcp://10.36.60.27:19637
[2021-10-22 17:58:52,023] INFO       Start worker at:    tcp://10.36.60.27:31257
[2021-10-22 17:58:52,023] INFO          Listening to:    tcp://10.36.60.27:34691
[2021-10-22 17:58:52,023] INFO       Start worker at:    tcp://10.36.60.27:25751
[2021-10-22 17:58:52,023] INFO          Listening to:    tcp://10.36.60.27:22675
[2021-10-22 17:58:52,023] INFO          Listening to:    tcp://10.36.60.27:22197
[2021-10-22 17:58:52,023] INFO       Start worker at:    tcp://10.36.60.27:35285
[2021-10-22 17:58:52,023] INFO          Listening to:    tcp://10.36.60.27:18123
[2021-10-22 17:58:52,023] INFO          Listening to:    tcp://10.36.60.27:19493
[2021-10-22 17:58:52,023] INFO          Listening to:    tcp://10.36.60.27:19637
[2021-10-22 17:58:52,023] INFO          Listening to:    tcp://10.36.60.27:17745
[2021-10-22 17:58:52,023] INFO          dashboard at:          10.36.60.27:21889
[2021-10-22 17:58:52,023] INFO          Listening to:    tcp://10.36.60.27:31257
[2021-10-22 17:58:52,023] INFO          dashboard at:          10.36.60.27:24259
[2021-10-22 17:58:52,023] INFO          dashboard at:          10.36.60.27:37565
[2021-10-22 17:58:52,023] INFO          Listening to:    tcp://10.36.60.27:25751
[2021-10-22 17:58:52,023] INFO          dashboard at:          10.36.60.27:24807
[2021-10-22 17:58:52,023] INFO          Listening to:    tcp://10.36.60.27:35285
[2021-10-22 17:58:52,023] INFO          dashboard at:          10.36.60.27:38123
[2021-10-22 17:58:52,023] INFO          dashboard at:          10.36.60.27:15837
[2021-10-22 17:58:52,023] INFO          dashboard at:          10.36.60.27:38881
[2021-10-22 17:58:52,023] INFO Waiting to connect to:    tcp://10.36.60.11:35725
[2021-10-22 17:58:52,023] INFO       Start worker at:    tcp://10.36.60.27:15827
[2021-10-22 17:58:52,023] INFO Waiting to connect to:    tcp://10.36.60.11:35725
[2021-10-22 17:58:52,023] INFO          dashboard at:          10.36.60.27:28025
[2021-10-22 17:58:52,023] INFO Waiting to connect to:    tcp://10.36.60.11:35725
[2021-10-22 17:58:52,023] INFO Waiting to connect to:    tcp://10.36.60.11:35725
[2021-10-22 17:58:52,023] INFO Waiting to connect to:    tcp://10.36.60.11:35725
[2021-10-22 17:58:52,023] INFO -------------------------------------------------
[2021-10-22 17:58:52,023] INFO          dashboard at:          10.36.60.27:28021
[2021-10-22 17:58:52,023] INFO Waiting to connect to:    tcp://10.36.60.11:35725
[2021-10-22 17:58:52,023] INFO -------------------------------------------------
[2021-10-22 17:58:52,023] INFO Waiting to connect to:    tcp://10.36.60.11:35725
[2021-10-22 17:58:52,023] INFO          dashboard at:          10.36.60.27:26897
[2021-10-22 17:58:52,023] INFO -------------------------------------------------
[2021-10-22 17:58:52,023] INFO Waiting to connect to:    tcp://10.36.60.11:35725
[2021-10-22 17:58:52,023] INFO -------------------------------------------------
[2021-10-22 17:58:52,023] INFO -------------------------------------------------
[2021-10-22 17:58:52,023] INFO          Listening to:    tcp://10.36.60.27:15827
[2021-10-22 17:58:52,023] INFO -------------------------------------------------
[2021-10-22 17:58:52,023] INFO Waiting to connect to:    tcp://10.36.60.11:35725
[2021-10-22 17:58:52,023] INFO -------------------------------------------------
[2021-10-22 17:58:52,023] INFO -------------------------------------------------
[2021-10-22 17:58:52,023] INFO Waiting to connect to:    tcp://10.36.60.11:35725
[2021-10-22 17:58:52,023] INFO -------------------------------------------------
[2021-10-22 17:58:52,023] INFO          dashboard at:          10.36.60.27:34479
[2021-10-22 17:58:52,023] INFO -------------------------------------------------
[2021-10-22 17:58:52,023] INFO               Threads:                          1
[2021-10-22 17:58:52,023] INFO               Threads:                          1
[2021-10-22 17:58:52,023] INFO               Threads:                          1
[2021-10-22 17:58:52,023] INFO               Threads:                          1
[2021-10-22 17:58:52,023] INFO Waiting to connect to:    tcp://10.36.60.11:35725
[2021-10-22 17:58:52,023] INFO               Threads:                          1
[2021-10-22 17:58:52,023] INFO               Threads:                          1
[2021-10-22 17:58:52,023] INFO                Memory:                  16.76 GiB
[2021-10-22 17:58:52,023] INFO                Memory:                  16.76 GiB
[2021-10-22 17:58:52,023] INFO -------------------------------------------------
[2021-10-22 17:58:52,023] INFO                Memory:                  16.76 GiB
[2021-10-22 17:58:52,023] INFO                Memory:                  16.76 GiB
[2021-10-22 17:58:52,023] INFO                Memory:                  16.76 GiB
[2021-10-22 17:58:52,024] INFO       Local Directory: /groups/scicompsoft/home/ackermand/Programming/multiresolution-mesh-creator/dask-worker-space/worker-prc50zgy
[2021-10-22 17:58:52,023] INFO               Threads:                          1
[2021-10-22 17:58:52,024] INFO       Local Directory: /groups/scicompsoft/home/ackermand/Programming/multiresolution-mesh-creator/dask-worker-space/worker-2px3im3x
[2021-10-22 17:58:52,024] INFO                Memory:                  16.76 GiB
[2021-10-22 17:58:52,024] INFO       Local Directory: /groups/scicompsoft/home/ackermand/Programming/multiresolution-mesh-creator/dask-worker-space/worker-ncpqf22q
[2021-10-22 17:58:52,024] INFO       Local Directory: /groups/scicompsoft/home/ackermand/Programming/multiresolution-mesh-creator/dask-worker-space/worker-k1in63gz
[2021-10-22 17:58:52,024] INFO       Local Directory: /groups/scicompsoft/home/ackermand/Programming/multiresolution-mesh-creator/dask-worker-space/worker-16qggrtm
[2021-10-22 17:58:52,024] INFO       Local Directory: /groups/scicompsoft/home/ackermand/Programming/multiresolution-mesh-creator/dask-worker-space/worker-xxw3m34g
[2021-10-22 17:58:52,024] INFO                Memory:                  16.76 GiB
[2021-10-22 17:58:52,023] INFO               Threads:                          1
[2021-10-22 17:58:52,023] INFO               Threads:                          1
[2021-10-22 17:58:52,024] INFO               Threads:                          1
[2021-10-22 17:58:52,024] INFO -------------------------------------------------
[2021-10-22 17:58:52,024] INFO       Local Directory: /groups/scicompsoft/home/ackermand/Programming/multiresolution-mesh-creator/dask-worker-space/worker-naj8ufjn
[2021-10-22 17:58:52,024] INFO -------------------------------------------------
[2021-10-22 17:58:52,024] INFO -------------------------------------------------
[2021-10-22 17:58:52,024] INFO                Memory:                  16.76 GiB
[2021-10-22 17:58:52,024] INFO                Memory:                  16.76 GiB
[2021-10-22 17:58:52,024] INFO                Memory:                  16.76 GiB
[2021-10-22 17:58:52,024] INFO -------------------------------------------------
[2021-10-22 17:58:52,024] INFO       Local Directory: /groups/scicompsoft/home/ackermand/Programming/multiresolution-mesh-creator/dask-worker-space/worker-c8pq6toz
[2021-10-22 17:58:52,024] INFO       Local Directory: /groups/scicompsoft/home/ackermand/Programming/multiresolution-mesh-creator/dask-worker-space/worker-h8p6_n9j
[2021-10-22 17:58:52,024] INFO       Local Directory: /groups/scicompsoft/home/ackermand/Programming/multiresolution-mesh-creator/dask-worker-space/worker-f2pnng8k
[2021-10-22 17:58:52,024] INFO -------------------------------------------------
[2021-10-22 17:58:52,024] INFO -------------------------------------------------
[2021-10-22 17:58:52,024] INFO -------------------------------------------------
[2021-10-22 17:58:52,024] INFO -------------------------------------------------
[2021-10-22 17:58:52,024] INFO -------------------------------------------------
[2021-10-22 17:58:52,024] INFO -------------------------------------------------
[2021-10-22 17:58:52,024] INFO       Start worker at:    tcp://10.36.60.27:20427
[2021-10-22 17:58:52,024] INFO          Listening to:    tcp://10.36.60.27:20427
[2021-10-22 17:58:52,024] INFO       Start worker at:    tcp://10.36.60.27:21499
[2021-10-22 17:58:52,024] INFO          dashboard at:          10.36.60.27:33675
[2021-10-22 17:58:52,024] INFO          Listening to:    tcp://10.36.60.27:21499
[2021-10-22 17:58:52,024] INFO Waiting to connect to:    tcp://10.36.60.11:35725
[2021-10-22 17:58:52,024] INFO       Start worker at:    tcp://10.36.60.27:37321
[2021-10-22 17:58:52,024] INFO -------------------------------------------------
[2021-10-22 17:58:52,024] INFO          dashboard at:          10.36.60.27:33171
[2021-10-22 17:58:52,024] INFO          Listening to:    tcp://10.36.60.27:37321
[2021-10-22 17:58:52,024] INFO               Threads:                          1
[2021-10-22 17:58:52,024] INFO          dashboard at:          10.36.60.27:39725
[2021-10-22 17:58:52,024] INFO Waiting to connect to:    tcp://10.36.60.11:35725
[2021-10-22 17:58:52,024] INFO                Memory:                  16.76 GiB
[2021-10-22 17:58:52,024] INFO -------------------------------------------------
[2021-10-22 17:58:52,024] INFO Waiting to connect to:    tcp://10.36.60.11:35725
[2021-10-22 17:58:52,024] INFO       Local Directory: /groups/scicompsoft/home/ackermand/Programming/multiresolution-mesh-creator/dask-worker-space/worker-ykaa1miz
[2021-10-22 17:58:52,024] INFO -------------------------------------------------
[2021-10-22 17:58:52,024] INFO               Threads:                          1
[2021-10-22 17:58:52,024] INFO -------------------------------------------------
[2021-10-22 17:58:52,024] INFO               Threads:                          1
[2021-10-22 17:58:52,024] INFO                Memory:                  16.76 GiB
[2021-10-22 17:58:52,024] INFO                Memory:                  16.76 GiB
[2021-10-22 17:58:52,024] INFO       Local Directory: /groups/scicompsoft/home/ackermand/Programming/multiresolution-mesh-creator/dask-worker-space/worker-qn0xvi37
[2021-10-22 17:58:52,024] INFO       Local Directory: /groups/scicompsoft/home/ackermand/Programming/multiresolution-mesh-creator/dask-worker-space/worker-r0p4sw9n
[2021-10-22 17:58:52,024] INFO -------------------------------------------------
[2021-10-22 17:58:52,024] INFO -------------------------------------------------
[2021-10-22 17:58:52,024] INFO       Start worker at:    tcp://10.36.60.27:22595
[2021-10-22 17:58:52,024] INFO       Start worker at:    tcp://10.36.60.27:32819
[2021-10-22 17:58:52,024] INFO          Listening to:    tcp://10.36.60.27:22595
[2021-10-22 17:58:52,024] INFO       Start worker at:    tcp://10.36.60.27:15797
[2021-10-22 17:58:52,024] INFO       Start worker at:    tcp://10.36.60.27:16723
[2021-10-22 17:58:52,024] INFO       Start worker at:    tcp://10.36.60.27:39603
[2021-10-22 17:58:52,024] INFO          Listening to:    tcp://10.36.60.27:32819
[2021-10-22 17:58:52,024] INFO       Start worker at:    tcp://10.36.60.27:38755
[2021-10-22 17:58:52,024] INFO          dashboard at:          10.36.60.27:19871
[2021-10-22 17:58:52,024] INFO          Listening to:    tcp://10.36.60.27:15797
[2021-10-22 17:58:52,024] INFO          Listening to:    tcp://10.36.60.27:16723
[2021-10-22 17:58:52,024] INFO          dashboard at:          10.36.60.27:35045
[2021-10-22 17:58:52,024] INFO          Listening to:    tcp://10.36.60.27:39603
[2021-10-22 17:58:52,024] INFO Waiting to connect to:    tcp://10.36.60.11:35725
[2021-10-22 17:58:52,024] INFO       Start worker at:    tcp://10.36.60.27:19199
[2021-10-22 17:58:52,024] INFO          Listening to:    tcp://10.36.60.27:38755
[2021-10-22 17:58:52,024] INFO          dashboard at:          10.36.60.27:15203
[2021-10-22 17:58:52,024] INFO          dashboard at:          10.36.60.27:25615
[2021-10-22 17:58:52,024] INFO Waiting to connect to:    tcp://10.36.60.11:35725
[2021-10-22 17:58:52,024] INFO          dashboard at:          10.36.60.27:31559
[2021-10-22 17:58:52,024] INFO -------------------------------------------------
[2021-10-22 17:58:52,024] INFO Waiting to connect to:    tcp://10.36.60.11:35725
[2021-10-22 17:58:52,024] INFO -------------------------------------------------
[2021-10-22 17:58:52,024] INFO Waiting to connect to:    tcp://10.36.60.11:35725
[2021-10-22 17:58:52,024] INFO Waiting to connect to:    tcp://10.36.60.11:35725
[2021-10-22 17:58:52,024] INFO          dashboard at:          10.36.60.27:24013
[2021-10-22 17:58:52,024] INFO -------------------------------------------------
[2021-10-22 17:58:52,024] INFO          Listening to:    tcp://10.36.60.27:19199
[2021-10-22 17:58:52,024] INFO -------------------------------------------------
[2021-10-22 17:58:52,024] INFO -------------------------------------------------
[2021-10-22 17:58:52,024] INFO Waiting to connect to:    tcp://10.36.60.11:35725
[2021-10-22 17:58:52,024] INFO               Threads:                          1
[2021-10-22 17:58:52,024] INFO -------------------------------------------------
[2021-10-22 17:58:52,024] INFO          dashboard at:          10.36.60.27:16977
[2021-10-22 17:58:52,024] INFO               Threads:                          1
[2021-10-22 17:58:52,024] INFO               Threads:                          1
[2021-10-22 17:58:52,024] INFO               Threads:                          1
[2021-10-22 17:58:52,024] INFO               Threads:                          1
[2021-10-22 17:58:52,025] INFO Waiting to connect to:    tcp://10.36.60.11:35725
[2021-10-22 17:58:52,025] INFO                Memory:                  16.76 GiB
[2021-10-22 17:58:52,025] INFO                Memory:                  16.76 GiB
[2021-10-22 17:58:52,025] INFO                Memory:                  16.76 GiB
[2021-10-22 17:58:52,025] INFO                Memory:                  16.76 GiB
[2021-10-22 17:58:52,025] INFO -------------------------------------------------
[2021-10-22 17:58:52,025] INFO                Memory:                  16.76 GiB
[2021-10-22 17:58:52,025] INFO       Local Directory: /groups/scicompsoft/home/ackermand/Programming/multiresolution-mesh-creator/dask-worker-space/worker-1uby3d6n
[2021-10-22 17:58:52,025] INFO       Local Directory: /groups/scicompsoft/home/ackermand/Programming/multiresolution-mesh-creator/dask-worker-space/worker-8usw78_w
[2021-10-22 17:58:52,025] INFO       Local Directory: /groups/scicompsoft/home/ackermand/Programming/multiresolution-mesh-creator/dask-worker-space/worker-6cgdmrio
[2021-10-22 17:58:52,025] INFO       Local Directory: /groups/scicompsoft/home/ackermand/Programming/multiresolution-mesh-creator/dask-worker-space/worker-fb8syqvc
[2021-10-22 17:58:52,025] INFO               Threads:                          1
[2021-10-22 17:58:52,025] INFO       Local Directory: /groups/scicompsoft/home/ackermand/Programming/multiresolution-mesh-creator/dask-worker-space/worker-qeeal9to
[2021-10-22 17:58:52,025] INFO -------------------------------------------------
[2021-10-22 17:58:52,025] INFO -------------------------------------------------
[2021-10-22 17:58:52,025] INFO -------------------------------------------------
[2021-10-22 17:58:52,025] INFO               Threads:                          1
[2021-10-22 17:58:52,025] INFO -------------------------------------------------
[2021-10-22 17:58:52,025] INFO                Memory:                  16.76 GiB
[2021-10-22 17:58:52,025] INFO       Local Directory: /groups/scicompsoft/home/ackermand/Programming/multiresolution-mesh-creator/dask-worker-space/worker-697qpw9w
[2021-10-22 17:58:52,025] INFO                Memory:                  16.76 GiB
[2021-10-22 17:58:52,025] INFO -------------------------------------------------
[2021-10-22 17:58:52,025] INFO       Local Directory: /groups/scicompsoft/home/ackermand/Programming/multiresolution-mesh-creator/dask-worker-space/worker-60g3feaw
[2021-10-22 17:58:52,025] INFO -------------------------------------------------
[2021-10-22 17:58:52,025] INFO -------------------------------------------------
[2021-10-22 17:58:52,025] INFO       Start worker at:    tcp://10.36.60.27:37691
[2021-10-22 17:58:52,025] INFO          Listening to:    tcp://10.36.60.27:37691
[2021-10-22 17:58:52,025] INFO       Start worker at:    tcp://10.36.60.27:36839
[2021-10-22 17:58:52,025] INFO          dashboard at:          10.36.60.27:23365
[2021-10-22 17:58:52,025] INFO       Start worker at:    tcp://10.36.60.27:27645
[2021-10-22 17:58:52,025] INFO Waiting to connect to:    tcp://10.36.60.11:35725
[2021-10-22 17:58:52,025] INFO          Listening to:    tcp://10.36.60.27:36839
[2021-10-22 17:58:52,025] INFO -------------------------------------------------
[2021-10-22 17:58:52,025] INFO          Listening to:    tcp://10.36.60.27:27645
[2021-10-22 17:58:52,023] INFO               Threads:                          1
[2021-10-22 17:58:52,025] INFO          dashboard at:          10.36.60.27:25631
[2021-10-22 17:58:52,025] INFO          dashboard at:          10.36.60.27:15461
[2021-10-22 17:58:52,025] INFO Waiting to connect to:    tcp://10.36.60.11:35725
[2021-10-22 17:58:52,025] INFO               Threads:                          1
[2021-10-22 17:58:52,025] INFO       Start worker at:    tcp://10.36.60.27:26837
[2021-10-22 17:58:52,025] INFO       Start worker at:    tcp://10.36.60.27:22113
[2021-10-22 17:58:52,025] INFO Waiting to connect to:    tcp://10.36.60.11:35725
[2021-10-22 17:58:52,025] INFO -------------------------------------------------
[2021-10-22 17:58:52,025] INFO                Memory:                  16.76 GiB
[2021-10-22 17:58:52,025] INFO       Local Directory: /groups/scicompsoft/home/ackermand/Programming/multiresolution-mesh-creator/dask-worker-space/worker-wl969il2
[2021-10-22 17:58:52,025] INFO       Start worker at:    tcp://10.36.60.27:27953
[2021-10-22 17:58:52,025] INFO               Threads:                          1
[2021-10-22 17:58:52,025] INFO -------------------------------------------------
[2021-10-22 17:58:52,025] INFO                Memory:                  16.76 GiB
[2021-10-22 17:58:52,025] INFO       Local Directory: /groups/scicompsoft/home/ackermand/Programming/multiresolution-mesh-creator/dask-worker-space/worker-l2rikfy4
[2021-10-22 17:58:52,025] INFO -------------------------------------------------
[2021-10-22 17:58:52,025] INFO -------------------------------------------------
[2021-10-22 17:58:52,025] INFO          Listening to:    tcp://10.36.60.27:26837
[2021-10-22 17:58:52,025] INFO                Memory:                  16.76 GiB
[2021-10-22 17:58:52,025] INFO          Listening to:    tcp://10.36.60.27:27953
[2021-10-22 17:58:52,025] INFO       Start worker at:    tcp://10.36.60.27:19067
[2021-10-22 17:58:52,025] INFO               Threads:                          1
[2021-10-22 17:58:52,026] INFO       Local Directory: /groups/scicompsoft/home/ackermand/Programming/multiresolution-mesh-creator/dask-worker-space/worker-3ureqok1
[2021-10-22 17:58:52,026] INFO                Memory:                  16.76 GiB
[2021-10-22 17:58:52,026] INFO          dashboard at:          10.36.60.27:35857
[2021-10-22 17:58:52,025] INFO       Start worker at:    tcp://10.36.60.27:16209
[2021-10-22 17:58:52,026] INFO          dashboard at:          10.36.60.27:30525
[2021-10-22 17:58:52,025] INFO          Listening to:    tcp://10.36.60.27:22113
[2021-10-22 17:58:52,026] INFO       Local Directory: /groups/scicompsoft/home/ackermand/Programming/multiresolution-mesh-creator/dask-worker-space/worker-_yrvbzhn
[2021-10-22 17:58:52,025] INFO       Start worker at:    tcp://10.36.60.27:16745
[2021-10-22 17:58:52,026] INFO Waiting to connect to:    tcp://10.36.60.11:35725
[2021-10-22 17:58:52,026] INFO -------------------------------------------------
[2021-10-22 17:58:52,026] INFO Waiting to connect to:    tcp://10.36.60.11:35725
[2021-10-22 17:58:52,026] INFO -------------------------------------------------
[2021-10-22 17:58:52,026] INFO -------------------------------------------------
[2021-10-22 17:58:52,026] INFO          dashboard at:          10.36.60.27:28969
[2021-10-22 17:58:52,026] INFO -------------------------------------------------
[2021-10-22 17:58:52,025] INFO       Start worker at:    tcp://10.36.60.27:24837
[2021-10-22 17:58:52,026] INFO Waiting to connect to:    tcp://10.36.60.11:35725
[2021-10-22 17:58:52,026] INFO -------------------------------------------------
[2021-10-22 17:58:52,026] INFO          Listening to:    tcp://10.36.60.27:24837
[2021-10-22 17:58:52,026] INFO               Threads:                          1
[2021-10-22 17:58:52,026] INFO               Threads:                          1
[2021-10-22 17:58:52,026] INFO          Listening to:    tcp://10.36.60.27:19067
[2021-10-22 17:58:52,026] INFO       Start worker at:    tcp://10.36.60.27:26545
[2021-10-22 17:58:52,026] INFO       Start worker at:    tcp://10.36.60.27:33615
[2021-10-22 17:58:52,026] INFO          Listening to:    tcp://10.36.60.27:16209
[2021-10-22 17:58:52,026] INFO                Memory:                  16.76 GiB
[2021-10-22 17:58:52,026] INFO               Threads:                          1
[2021-10-22 17:58:52,026] INFO                Memory:                  16.76 GiB
[2021-10-22 17:58:52,026] INFO          Listening to:    tcp://10.36.60.27:16745
[2021-10-22 17:58:52,026] INFO                Memory:                  16.76 GiB
[2021-10-22 17:58:52,026] INFO       Local Directory: /groups/scicompsoft/home/ackermand/Programming/multiresolution-mesh-creator/dask-worker-space/worker-vfrjhd50
[2021-10-22 17:58:52,026] INFO       Local Directory: /groups/scicompsoft/home/ackermand/Programming/multiresolution-mesh-creator/dask-worker-space/worker-xn4_y3ex
[2021-10-22 17:58:52,026] INFO       Local Directory: /groups/scicompsoft/home/ackermand/Programming/multiresolution-mesh-creator/dask-worker-space/worker-2t1cuyay
[2021-10-22 17:58:52,026] INFO          dashboard at:          10.36.60.27:37411
[2021-10-22 17:58:52,026] INFO          dashboard at:          10.36.60.27:39567
[2021-10-22 17:58:52,026] INFO          dashboard at:          10.36.60.27:19533
[2021-10-22 17:58:52,026] INFO Waiting to connect to:    tcp://10.36.60.11:35725
[2021-10-22 17:58:52,026] INFO -------------------------------------------------
[2021-10-22 17:58:52,026] INFO Waiting to connect to:    tcp://10.36.60.11:35725
[2021-10-22 17:58:52,026] INFO Waiting to connect to:    tcp://10.36.60.11:35725
[2021-10-22 17:58:52,026] INFO -------------------------------------------------
[2021-10-22 17:58:52,026] INFO -------------------------------------------------
[2021-10-22 17:58:52,026] INFO          dashboard at:          10.36.60.27:29265
[2021-10-22 17:58:52,026] INFO -------------------------------------------------
[2021-10-22 17:58:52,026] INFO -------------------------------------------------
[2021-10-22 17:58:52,026] INFO -------------------------------------------------
[2021-10-22 17:58:52,026] INFO Waiting to connect to:    tcp://10.36.60.11:35725
[2021-10-22 17:58:52,026] INFO          Listening to:    tcp://10.36.60.27:26545
[2021-10-22 17:58:52,026] INFO -------------------------------------------------
[2021-10-22 17:58:52,026] INFO               Threads:                          1
[2021-10-22 17:58:52,026] INFO          Listening to:    tcp://10.36.60.27:33615
[2021-10-22 17:58:52,026] INFO               Threads:                          1
[2021-10-22 17:58:52,026] INFO               Threads:                          1
[2021-10-22 17:58:52,026] INFO                Memory:                  16.76 GiB
[2021-10-22 17:58:52,026] INFO          dashboard at:          10.36.60.27:18251
[2021-10-22 17:58:52,026] INFO               Threads:                          1
[2021-10-22 17:58:52,026] INFO                Memory:                  16.76 GiB
[2021-10-22 17:58:52,026] INFO       Local Directory: /groups/scicompsoft/home/ackermand/Programming/multiresolution-mesh-creator/dask-worker-space/worker-8jyg4ezn
[2021-10-22 17:58:52,026] INFO                Memory:                  16.76 GiB
[2021-10-22 17:58:52,026] INFO Waiting to connect to:    tcp://10.36.60.11:35725
[2021-10-22 17:58:52,026] INFO          dashboard at:          10.36.60.27:33667
[2021-10-22 17:58:52,026] INFO       Local Directory: /groups/scicompsoft/home/ackermand/Programming/multiresolution-mesh-creator/dask-worker-space/worker-tkoqonc8
[2021-10-22 17:58:52,026] INFO                Memory:                  16.76 GiB
[2021-10-22 17:58:52,026] INFO       Local Directory: /groups/scicompsoft/home/ackermand/Programming/multiresolution-mesh-creator/dask-worker-space/worker-48shnrab
[2021-10-22 17:58:52,026] INFO -------------------------------------------------
[2021-10-22 17:58:52,026] INFO Waiting to connect to:    tcp://10.36.60.11:35725
[2021-10-22 17:58:52,026] INFO -------------------------------------------------
[2021-10-22 17:58:52,026] INFO       Local Directory: /groups/scicompsoft/home/ackermand/Programming/multiresolution-mesh-creator/dask-worker-space/worker-wfi3thcf
[2021-10-22 17:58:52,026] INFO -------------------------------------------------
[2021-10-22 17:58:52,026] INFO -------------------------------------------------
[2021-10-22 17:58:52,026] INFO -------------------------------------------------
[2021-10-22 17:58:52,026] INFO               Threads:                          1
[2021-10-22 17:58:52,026] INFO -------------------------------------------------
[2021-10-22 17:58:52,026] INFO                Memory:                  16.76 GiB
[2021-10-22 17:58:52,026] INFO               Threads:                          1
[2021-10-22 17:58:52,026] INFO       Local Directory: /groups/scicompsoft/home/ackermand/Programming/multiresolution-mesh-creator/dask-worker-space/worker-k40um4mo
[2021-10-22 17:58:52,026] INFO                Memory:                  16.76 GiB
[2021-10-22 17:58:52,026] INFO       Local Directory: /groups/scicompsoft/home/ackermand/Programming/multiresolution-mesh-creator/dask-worker-space/worker-y__d2ep1
[2021-10-22 17:58:52,026] INFO -------------------------------------------------
[2021-10-22 17:58:52,027] INFO -------------------------------------------------
[2021-10-22 17:58:52,026] INFO       Start worker at:    tcp://10.36.60.27:21689
[2021-10-22 17:58:52,027] INFO       Start worker at:    tcp://10.36.60.27:30033
[2021-10-22 17:58:52,027] INFO          Listening to:    tcp://10.36.60.27:21689
[2021-10-22 17:58:52,027] INFO          dashboard at:          10.36.60.27:19571
[2021-10-22 17:58:52,027] INFO Waiting to connect to:    tcp://10.36.60.11:35725
[2021-10-22 17:58:52,027] INFO -------------------------------------------------
[2021-10-22 17:58:52,027] INFO               Threads:                          1
[2021-10-22 17:58:52,027] INFO       Start worker at:    tcp://10.36.60.27:16375
[2021-10-22 17:58:52,027] INFO          Listening to:    tcp://10.36.60.27:30033
[2021-10-22 17:58:52,027] INFO       Start worker at:    tcp://10.36.60.27:33891
[2021-10-22 17:58:52,027] INFO                Memory:                  16.76 GiB
[2021-10-22 17:58:52,027] INFO          dashboard at:          10.36.60.27:17849
[2021-10-22 17:58:52,027] INFO       Local Directory: /groups/scicompsoft/home/ackermand/Programming/multiresolution-mesh-creator/dask-worker-space/worker-s3bso_yr
[2021-10-22 17:58:52,027] INFO Waiting to connect to:    tcp://10.36.60.11:35725
[2021-10-22 17:58:52,027] INFO -------------------------------------------------
[2021-10-22 17:58:52,027] INFO -------------------------------------------------
[2021-10-22 17:58:52,027] INFO          Listening to:    tcp://10.36.60.27:33891
[2021-10-22 17:58:52,027] INFO          Listening to:    tcp://10.36.60.27:16375
[2021-10-22 17:58:52,027] INFO               Threads:                          1
[2021-10-22 17:58:52,027] INFO          dashboard at:          10.36.60.27:22481
[2021-10-22 17:58:52,027] INFO       Start worker at:    tcp://10.36.60.27:39109
[2021-10-22 17:58:52,027] INFO          dashboard at:          10.36.60.27:30077
[2021-10-22 17:58:52,027] INFO Waiting to connect to:    tcp://10.36.60.11:35725
[2021-10-22 17:58:52,027] INFO -------------------------------------------------
[2021-10-22 17:58:52,027] INFO                Memory:                  16.76 GiB
[2021-10-22 17:58:52,027] INFO Waiting to connect to:    tcp://10.36.60.11:35725
[2021-10-22 17:58:52,027] INFO       Local Directory: /groups/scicompsoft/home/ackermand/Programming/multiresolution-mesh-creator/dask-worker-space/worker-0px8cqry
[2021-10-22 17:58:52,027] INFO -------------------------------------------------
[2021-10-22 17:58:52,027] INFO               Threads:                          1
[2021-10-22 17:58:52,028] INFO                Memory:                  16.76 GiB
[2021-10-22 17:58:52,028] INFO -------------------------------------------------
[2021-10-22 17:58:52,028] INFO       Local Directory: /groups/scicompsoft/home/ackermand/Programming/multiresolution-mesh-creator/dask-worker-space/worker-5a4th__5
[2021-10-22 17:58:52,027] INFO               Threads:                          1
[2021-10-22 17:58:52,028] INFO          Listening to:    tcp://10.36.60.27:39109
[2021-10-22 17:58:52,027] INFO       Start worker at:    tcp://10.36.60.27:29819
[2021-10-22 17:58:52,028] INFO -------------------------------------------------
[2021-10-22 17:58:52,028] INFO                Memory:                  16.76 GiB
[2021-10-22 17:58:52,028] INFO          dashboard at:          10.36.60.27:17243
[2021-10-22 17:58:52,028] INFO       Local Directory: /groups/scicompsoft/home/ackermand/Programming/multiresolution-mesh-creator/dask-worker-space/worker-jez4xwss
[2021-10-22 17:58:52,028] INFO Waiting to connect to:    tcp://10.36.60.11:35725
[2021-10-22 17:58:52,028] INFO -------------------------------------------------
[2021-10-22 17:58:52,028] INFO -------------------------------------------------
[2021-10-22 17:58:52,028] INFO               Threads:                          1
[2021-10-22 17:58:52,028] INFO       Start worker at:    tcp://10.36.60.27:30063
[2021-10-22 17:58:52,028] INFO                Memory:                  16.76 GiB
[2021-10-22 17:58:52,028] INFO       Local Directory: /groups/scicompsoft/home/ackermand/Programming/multiresolution-mesh-creator/dask-worker-space/worker-9gn1h4kg
[2021-10-22 17:58:52,028] INFO -------------------------------------------------
[2021-10-22 17:58:52,028] INFO          Listening to:    tcp://10.36.60.27:30063
[2021-10-22 17:58:52,028] INFO          Listening to:    tcp://10.36.60.27:29819
[2021-10-22 17:58:52,028] INFO          dashboard at:          10.36.60.27:24449
[2021-10-22 17:58:52,028] INFO          dashboard at:          10.36.60.27:18509
[2021-10-22 17:58:52,028] INFO Waiting to connect to:    tcp://10.36.60.11:35725
[2021-10-22 17:58:52,028] INFO -------------------------------------------------
[2021-10-22 17:58:52,028] INFO Waiting to connect to:    tcp://10.36.60.11:35725
[2021-10-22 17:58:52,028] INFO -------------------------------------------------
[2021-10-22 17:58:52,028] INFO               Threads:                          1
[2021-10-22 17:58:52,028] INFO                Memory:                  16.76 GiB
[2021-10-22 17:58:52,028] INFO       Local Directory: /groups/scicompsoft/home/ackermand/Programming/multiresolution-mesh-creator/dask-worker-space/worker-zi2ggtk2
[2021-10-22 17:58:52,028] INFO               Threads:                          1
[2021-10-22 17:58:52,028] INFO -------------------------------------------------
[2021-10-22 17:58:52,028] INFO                Memory:                  16.76 GiB
[2021-10-22 17:58:52,028] INFO       Local Directory: /groups/scicompsoft/home/ackermand/Programming/multiresolution-mesh-creator/dask-worker-space/worker-j1mhx78s
[2021-10-22 17:58:52,028] INFO -------------------------------------------------
[2021-10-22 17:58:52,768] INFO Stopping worker at tcp://10.36.60.27:22675
[2021-10-22 17:58:52,768] INFO Stopping worker at tcp://10.36.60.27:22113
[2021-10-22 17:58:52,768] INFO Stopping worker at tcp://10.36.60.27:38755
[2021-10-22 17:58:52,768] INFO Closed worker has not yet started: Status.undefined
[2021-10-22 17:58:52,768] INFO Stopping worker at tcp://10.36.60.27:19493
[2021-10-22 17:58:52,768] INFO Stopping worker at tcp://10.36.60.27:16209
[2021-10-22 17:58:52,768] INFO Stopping worker at tcp://10.36.60.27:34691
[2021-10-22 17:58:52,768] INFO Closed worker has not yet started: Status.undefined
[2021-10-22 17:58:52,768] INFO Stopping worker at tcp://10.36.60.27:19637
[2021-10-22 17:58:52,768] INFO Stopping worker at tcp://10.36.60.27:15797
[2021-10-22 17:58:52,768] INFO Closed worker has not yet started: Status.undefined
[2021-10-22 17:58:52,768] INFO Stopping worker at tcp://10.36.60.27:27953
[2021-10-22 17:58:52,768] INFO Closed worker has not yet started: Status.undefined
[2021-10-22 17:58:52,768] INFO Stopping worker at tcp://10.36.60.27:26545
[2021-10-22 17:58:52,768] INFO Closed worker has not yet started: Status.undefined
[2021-10-22 17:58:52,768] INFO Closed worker has not yet started: Status.undefined
[2021-10-22 17:58:52,768] INFO Stopping worker at tcp://10.36.60.27:16375
[2021-10-22 17:58:52,768] INFO Closed worker has not yet started: Status.undefined
[2021-10-22 17:58:52,768] INFO Closed worker has not yet started: Status.undefined
[2021-10-22 17:58:52,768] INFO Stopping worker at tcp://10.36.60.27:15827
[2021-10-22 17:58:52,768] INFO Closed worker has not yet started: Status.undefined
[2021-10-22 17:58:52,768] INFO Stopping worker at tcp://10.36.60.27:21499
[2021-10-22 17:58:52,768] INFO Closed worker has not yet started: Status.undefined
[2021-10-22 17:58:52,768] INFO Stopping worker at tcp://10.36.60.27:30033
[2021-10-22 17:58:52,768] INFO Stopping worker at tcp://10.36.60.27:22595
[2021-10-22 17:58:52,768] INFO Closed worker has not yet started: Status.undefined
[2021-10-22 17:58:52,768] INFO Stopping worker at tcp://10.36.60.27:30063
[2021-10-22 17:58:52,768] INFO Closed worker has not yet started: Status.undefined
[2021-10-22 17:58:52,768] INFO Stopping worker at tcp://10.36.60.27:39109
[2021-10-22 17:58:52,768] INFO Stopping worker at tcp://10.36.60.27:31257
[2021-10-22 17:58:52,768] INFO Closed worker has not yet started: Status.undefined
[2021-10-22 17:58:52,768] INFO Closed worker has not yet started: Status.undefined
[2021-10-22 17:58:52,768] INFO Closed worker has not yet started: Status.undefined
[2021-10-22 17:58:52,768] INFO Stopping worker at tcp://10.36.60.27:39603
[2021-10-22 17:58:52,768] INFO Closed worker has not yet started: Status.undefined
[2021-10-22 17:58:52,768] INFO Stopping worker at tcp://10.36.60.27:37321
[2021-10-22 17:58:52,768] INFO Closed worker has not yet started: Status.undefined
[2021-10-22 17:58:52,768] INFO Closing Nanny at 'tcp://10.36.60.27:28853'
[2021-10-22 17:58:52,768] INFO Stopping worker at tcp://10.36.60.27:20427
[2021-10-22 17:58:52,768] INFO Stopping worker at tcp://10.36.60.27:33891
[2021-10-22 17:58:52,768] INFO Closed worker has not yet started: Status.undefined
[2021-10-22 17:58:52,768] INFO Closed worker has not yet started: Status.undefined
[2021-10-22 17:58:52,768] INFO Closed worker has not yet started: Status.undefined
[2021-10-22 17:58:52,768] INFO Stopping worker at tcp://10.36.60.27:29819
[2021-10-22 17:58:52,769] INFO Stopping worker at tcp://10.36.60.27:16723
[2021-10-22 17:58:52,769] INFO End worker
[2021-10-22 17:58:52,769] INFO Stopping worker at tcp://10.36.60.27:16745
[2021-10-22 17:58:52,769] INFO Stopping worker at tcp://10.36.60.27:17745
[2021-10-22 17:58:52,769] INFO Stopping worker at tcp://10.36.60.27:22197
[2021-10-22 17:58:52,769] INFO Stopping worker at tcp://10.36.60.27:36839
[2021-10-22 17:58:52,769] INFO Stopping worker at tcp://10.36.60.27:25751
[2021-10-22 17:58:52,769] INFO Closed worker has not yet started: Status.undefined
[2021-10-22 17:58:52,769] INFO Closed worker has not yet started: Status.undefined
[2021-10-22 17:58:52,769] INFO Closed worker has not yet started: Status.undefined
[2021-10-22 17:58:52,769] INFO Closed worker has not yet started: Status.undefined
[2021-10-22 17:58:52,769] INFO Closed worker has not yet started: Status.undefined
[2021-10-22 17:58:52,769] INFO reaping stray process <SpawnProcess(Dask Worker process (from Nanny), started daemon)>
[2021-10-22 17:58:52,770] INFO reaping stray process <SpawnProcess(Dask Worker process (from Nanny), started daemon)>
[2021-10-22 17:58:52,770] INFO reaping stray process <SpawnProcess(Dask Worker process (from Nanny), started daemon)>
[2021-10-22 17:58:52,771] INFO reaping stray process <SpawnProcess(Dask Worker process (from Nanny), started daemon)>
[2021-10-22 17:58:52,771] INFO reaping stray process <SpawnProcess(Dask Worker process (from Nanny), started daemon)>
[2021-10-22 17:58:52,772] INFO reaping stray process <SpawnProcess(Dask Worker process (from Nanny), started daemon)>
[2021-10-22 17:58:52,772] INFO reaping stray process <SpawnProcess(Dask Worker process (from Nanny), started daemon)>
Exception ignored in: <function WeakSet.__init__.<locals>._remove at 0x1537bbc2a4d0>
Traceback (most recent call last):
  File "/groups/scicompsoft/home/ackermand/miniconda3/envs/multiresolution_mesh_creator/lib/python3.7/_weakrefset.py", line 38, in _remove
    def _remove(item, selfref=ref(self)):
KeyboardInterrupt: 
[2021-10-22 17:58:52,772] INFO Stopping worker at tcp://10.36.60.27:27645
[2021-10-22 17:58:52,773] INFO Closed worker has not yet started: Status.undefined
[2021-10-22 17:58:52,773] INFO reaping stray process <SpawnProcess(Dask Worker process (from Nanny), started daemon)>
[2021-10-22 17:58:52,773] INFO reaping stray process <SpawnProcess(Dask Worker process (from Nanny), started daemon)>
[2021-10-22 17:58:52,774] INFO reaping stray process <SpawnProcess(Dask Worker process (from Nanny), started daemon)>
Process Dask Worker process (from Nanny):
Traceback (most recent call last):
  File "/groups/scicompsoft/home/ackermand/miniconda3/envs/multiresolution_mesh_creator/lib/python3.7/site-packages/distributed/nanny.py", line 897, in _run
    loop.run_sync(run)
  File "/groups/scicompsoft/home/ackermand/miniconda3/envs/multiresolution_mesh_creator/lib/python3.7/site-packages/tornado/ioloop.py", line 524, in run_sync
    self.start()
  File "/groups/scicompsoft/home/ackermand/miniconda3/envs/multiresolution_mesh_creator/lib/python3.7/site-packages/tornado/platform/asyncio.py", line 199, in start
    self.asyncio_loop.run_forever()
  File "/groups/scicompsoft/home/ackermand/miniconda3/envs/multiresolution_mesh_creator/lib/python3.7/asyncio/base_events.py", line 541, in run_forever
    self._run_once()
  File "/groups/scicompsoft/home/ackermand/miniconda3/envs/multiresolution_mesh_creator/lib/python3.7/asyncio/base_events.py", line 1750, in _run_once
    event_list = self._selector.select(timeout)
  File "/groups/scicompsoft/home/ackermand/miniconda3/envs/multiresolution_mesh_creator/lib/python3.7/selectors.py", line 468, in select
    fd_event_list = self._selector.poll(timeout, max_ev)
KeyboardInterrupt

During handling of the above exception, another exception occurred:

Traceback (most recent call last):
  File "/groups/scicompsoft/home/ackermand/miniconda3/envs/multiresolution_mesh_creator/lib/python3.7/multiprocessing/process.py", line 297, in _bootstrap
    self.run()
  File "/groups/scicompsoft/home/ackermand/miniconda3/envs/multiresolution_mesh_creator/lib/python3.7/multiprocessing/process.py", line 99, in run
    self._target(*self._args, **self._kwargs)
  File "/groups/scicompsoft/home/ackermand/miniconda3/envs/multiresolution_mesh_creator/lib/python3.7/site-packages/distributed/process.py", line 191, in _run
    target(*args, **kwargs)
  File "/groups/scicompsoft/home/ackermand/miniconda3/envs/multiresolution_mesh_creator/lib/python3.7/site-packages/distributed/nanny.py", line 904, in _run
    loop.run_sync(do_stop)
  File "/groups/scicompsoft/home/ackermand/miniconda3/envs/multiresolution_mesh_creator/lib/python3.7/site-packages/tornado/ioloop.py", line 524, in run_sync
    self.start()
  File "/groups/scicompsoft/home/ackermand/miniconda3/envs/multiresolution_mesh_creator/lib/python3.7/site-packages/tornado/platform/asyncio.py", line 199, in start
    self.asyncio_loop.run_forever()
  File "/groups/scicompsoft/home/ackermand/miniconda3/envs/multiresolution_mesh_creator/lib/python3.7/asyncio/base_events.py", line 541, in run_forever
    self._run_once()
  File "/groups/scicompsoft/home/ackermand/miniconda3/envs/multiresolution_mesh_creator/lib/python3.7/asyncio/base_events.py", line 1786, in _run_once
    handle._run()
  File "/groups/scicompsoft/home/ackermand/miniconda3/envs/multiresolution_mesh_creator/lib/python3.7/asyncio/events.py", line 88, in _run
    self._context.run(self._callback, *self._args)
  File "/groups/scicompsoft/home/ackermand/miniconda3/envs/multiresolution_mesh_creator/lib/python3.7/site-packages/distributed/nanny.py", line 825, in do_stop
    timeout=timeout,
  File "/groups/scicompsoft/home/ackermand/miniconda3/envs/multiresolution_mesh_creator/lib/python3.7/site-packages/distributed/worker.py", line 1238, in close
    logger.info("Closed worker has not yet started: %s", self.status)
  File "/groups/scicompsoft/home/ackermand/miniconda3/envs/multiresolution_mesh_creator/lib/python3.7/logging/__init__.py", line 1378, in info
    self._log(INFO, msg, args, **kwargs)
  File "/groups/scicompsoft/home/ackermand/miniconda3/envs/multiresolution_mesh_creator/lib/python3.7/logging/__init__.py", line 1513, in _log
    exc_info, func, extra, sinfo)
  File "/groups/scicompsoft/home/ackermand/miniconda3/envs/multiresolution_mesh_creator/lib/python3.7/logging/__init__.py", line 1483, in makeRecord
    sinfo)
  File "/groups/scicompsoft/home/ackermand/miniconda3/envs/multiresolution_mesh_creator/lib/python3.7/logging/__init__.py", line 308, in __init__
    if (args and len(args) == 1 and isinstance(args[0], collections.abc.Mapping)
  File "/groups/scicompsoft/home/ackermand/miniconda3/envs/multiresolution_mesh_creator/lib/python3.7/abc.py", line 139, in __instancecheck__
    return _abc_instancecheck(cls, instance)
  File "/groups/scicompsoft/home/ackermand/miniconda3/envs/multiresolution_mesh_creator/lib/python3.7/abc.py", line 143, in __subclasscheck__
    return _abc_subclasscheck(cls, subclass)
  File "/groups/scicompsoft/home/ackermand/miniconda3/envs/multiresolution_mesh_creator/lib/python3.7/abc.py", line 143, in __subclasscheck__
    return _abc_subclasscheck(cls, subclass)
  File "/groups/scicompsoft/home/ackermand/miniconda3/envs/multiresolution_mesh_creator/lib/python3.7/abc.py", line 143, in __subclasscheck__
    return _abc_subclasscheck(cls, subclass)
  [Previous line repeated 1 more time]
KeyboardInterrupt
Process Dask Worker process (from Nanny):
Traceback (most recent call last):
  File "/groups/scicompsoft/home/ackermand/miniconda3/envs/multiresolution_mesh_creator/lib/python3.7/site-packages/distributed/nanny.py", line 897, in _run
    loop.run_sync(run)
  File "/groups/scicompsoft/home/ackermand/miniconda3/envs/multiresolution_mesh_creator/lib/python3.7/site-packages/tornado/ioloop.py", line 524, in run_sync
    self.start()
  File "/groups/scicompsoft/home/ackermand/miniconda3/envs/multiresolution_mesh_creator/lib/python3.7/site-packages/tornado/platform/asyncio.py", line 199, in start
    self.asyncio_loop.run_forever()
  File "/groups/scicompsoft/home/ackermand/miniconda3/envs/multiresolution_mesh_creator/lib/python3.7/asyncio/base_events.py", line 541, in run_forever
    self._run_once()
  File "/groups/scicompsoft/home/ackermand/miniconda3/envs/multiresolution_mesh_creator/lib/python3.7/asyncio/base_events.py", line 1750, in _run_once
    event_list = self._selector.select(timeout)
  File "/groups/scicompsoft/home/ackermand/miniconda3/envs/multiresolution_mesh_creator/lib/python3.7/selectors.py", line 468, in select
    fd_event_list = self._selector.poll(timeout, max_ev)
KeyboardInterrupt

During handling of the above exception, another exception occurred:

Traceback (most recent call last):
  File "/groups/scicompsoft/home/ackermand/miniconda3/envs/multiresolution_mesh_creator/lib/python3.7/multiprocessing/process.py", line 297, in _bootstrap
    self.run()
  File "/groups/scicompsoft/home/ackermand/miniconda3/envs/multiresolution_mesh_creator/lib/python3.7/multiprocessing/process.py", line 99, in run
    self._target(*self._args, **self._kwargs)
  File "/groups/scicompsoft/home/ackermand/miniconda3/envs/multiresolution_mesh_creator/lib/python3.7/site-packages/distributed/process.py", line 191, in _run
    target(*args, **kwargs)
  File "/groups/scicompsoft/home/ackermand/miniconda3/envs/multiresolution_mesh_creator/lib/python3.7/site-packages/distributed/nanny.py", line 904, in _run
    loop.run_sync(do_stop)
  File "/groups/scicompsoft/home/ackermand/miniconda3/envs/multiresolution_mesh_creator/lib/python3.7/site-packages/tornado/ioloop.py", line 524, in run_sync
    self.start()
  File "/groups/scicompsoft/home/ackermand/miniconda3/envs/multiresolution_mesh_creator/lib/python3.7/site-packages/tornado/platform/asyncio.py", line 199, in start
    self.asyncio_loop.run_forever()
  File "/groups/scicompsoft/home/ackermand/miniconda3/envs/multiresolution_mesh_creator/lib/python3.7/asyncio/base_events.py", line 541, in run_forever
    self._run_once()
  File "/groups/scicompsoft/home/ackermand/miniconda3/envs/multiresolution_mesh_creator/lib/python3.7/asyncio/base_events.py", line 1750, in _run_once
    event_list = self._selector.select(timeout)
  File "/groups/scicompsoft/home/ackermand/miniconda3/envs/multiresolution_mesh_creator/lib/python3.7/selectors.py", line 468, in select
    fd_event_list = self._selector.poll(timeout, max_ev)
KeyboardInterrupt
Process Dask Worker process (from Nanny):
Traceback (most recent call last):
  File "/groups/scicompsoft/home/ackermand/miniconda3/envs/multiresolution_mesh_creator/lib/python3.7/site-packages/distributed/nanny.py", line 897, in _run
    loop.run_sync(run)
  File "/groups/scicompsoft/home/ackermand/miniconda3/envs/multiresolution_mesh_creator/lib/python3.7/site-packages/tornado/ioloop.py", line 524, in run_sync
    self.start()
  File "/groups/scicompsoft/home/ackermand/miniconda3/envs/multiresolution_mesh_creator/lib/python3.7/site-packages/tornado/platform/asyncio.py", line 199, in start
    self.asyncio_loop.run_forever()
  File "/groups/scicompsoft/home/ackermand/miniconda3/envs/multiresolution_mesh_creator/lib/python3.7/asyncio/base_events.py", line 541, in run_forever
    self._run_once()
  File "/groups/scicompsoft/home/ackermand/miniconda3/envs/multiresolution_mesh_creator/lib/python3.7/asyncio/base_events.py", line 1750, in _run_once
    event_list = self._selector.select(timeout)
  File "/groups/scicompsoft/home/ackermand/miniconda3/envs/multiresolution_mesh_creator/lib/python3.7/selectors.py", line 468, in select
    fd_event_list = self._selector.poll(timeout, max_ev)
KeyboardInterrupt

During handling of the above exception, another exception occurred:

Traceback (most recent call last):
  File "/groups/scicompsoft/home/ackermand/miniconda3/envs/multiresolution_mesh_creator/lib/python3.7/multiprocessing/process.py", line 297, in _bootstrap
    self.run()
  File "/groups/scicompsoft/home/ackermand/miniconda3/envs/multiresolution_mesh_creator/lib/python3.7/multiprocessing/process.py", line 99, in run
    self._target(*self._args, **self._kwargs)
  File "/groups/scicompsoft/home/ackermand/miniconda3/envs/multiresolution_mesh_creator/lib/python3.7/site-packages/distributed/process.py", line 191, in _run
    target(*args, **kwargs)
  File "/groups/scicompsoft/home/ackermand/miniconda3/envs/multiresolution_mesh_creator/lib/python3.7/site-packages/distributed/nanny.py", line 904, in _run
    loop.run_sync(do_stop)
  File "/groups/scicompsoft/home/ackermand/miniconda3/envs/multiresolution_mesh_creator/lib/python3.7/site-packages/tornado/ioloop.py", line 524, in run_sync
    self.start()
  File "/groups/scicompsoft/home/ackermand/miniconda3/envs/multiresolution_mesh_creator/lib/python3.7/site-packages/tornado/platform/asyncio.py", line 199, in start
    self.asyncio_loop.run_forever()
  File "/groups/scicompsoft/home/ackermand/miniconda3/envs/multiresolution_mesh_creator/lib/python3.7/asyncio/base_events.py", line 541, in run_forever
    self._run_once()
  File "/groups/scicompsoft/home/ackermand/miniconda3/envs/multiresolution_mesh_creator/lib/python3.7/asyncio/base_events.py", line 1786, in _run_once
    handle._run()
  File "/groups/scicompsoft/home/ackermand/miniconda3/envs/multiresolution_mesh_creator/lib/python3.7/asyncio/events.py", line 88, in _run
    self._context.run(self._callback, *self._args)
  File "/groups/scicompsoft/home/ackermand/miniconda3/envs/multiresolution_mesh_creator/lib/python3.7/site-packages/distributed/nanny.py", line 825, in do_stop
    timeout=timeout,
  File "/groups/scicompsoft/home/ackermand/miniconda3/envs/multiresolution_mesh_creator/lib/python3.7/site-packages/distributed/worker.py", line 1234, in close
    logger.info("Stopping worker at %s", self.address)
  File "/groups/scicompsoft/home/ackermand/miniconda3/envs/multiresolution_mesh_creator/lib/python3.7/logging/__init__.py", line 1378, in info
    self._log(INFO, msg, args, **kwargs)
  File "/groups/scicompsoft/home/ackermand/miniconda3/envs/multiresolution_mesh_creator/lib/python3.7/logging/__init__.py", line 1513, in _log
    exc_info, func, extra, sinfo)
  File "/groups/scicompsoft/home/ackermand/miniconda3/envs/multiresolution_mesh_creator/lib/python3.7/logging/__init__.py", line 1483, in makeRecord
    sinfo)
  File "/groups/scicompsoft/home/ackermand/miniconda3/envs/multiresolution_mesh_creator/lib/python3.7/logging/__init__.py", line 350, in __init__
    self.process = os.getpid()
KeyboardInterrupt
Process Dask Worker process (from Nanny):
Traceback (most recent call last):
  File "/groups/scicompsoft/home/ackermand/miniconda3/envs/multiresolution_mesh_creator/lib/python3.7/site-packages/distributed/nanny.py", line 897, in _run
    loop.run_sync(run)
  File "/groups/scicompsoft/home/ackermand/miniconda3/envs/multiresolution_mesh_creator/lib/python3.7/site-packages/tornado/ioloop.py", line 524, in run_sync
    self.start()
  File "/groups/scicompsoft/home/ackermand/miniconda3/envs/multiresolution_mesh_creator/lib/python3.7/site-packages/tornado/platform/asyncio.py", line 199, in start
    self.asyncio_loop.run_forever()
  File "/groups/scicompsoft/home/ackermand/miniconda3/envs/multiresolution_mesh_creator/lib/python3.7/asyncio/base_events.py", line 541, in run_forever
    self._run_once()
  File "/groups/scicompsoft/home/ackermand/miniconda3/envs/multiresolution_mesh_creator/lib/python3.7/asyncio/base_events.py", line 1750, in _run_once
    event_list = self._selector.select(timeout)
  File "/groups/scicompsoft/home/ackermand/miniconda3/envs/multiresolution_mesh_creator/lib/python3.7/selectors.py", line 468, in select
    fd_event_list = self._selector.poll(timeout, max_ev)
KeyboardInterrupt

During handling of the above exception, another exception occurred:

Traceback (most recent call last):
  File "/groups/scicompsoft/home/ackermand/miniconda3/envs/multiresolution_mesh_creator/lib/python3.7/multiprocessing/process.py", line 297, in _bootstrap
    self.run()
  File "/groups/scicompsoft/home/ackermand/miniconda3/envs/multiresolution_mesh_creator/lib/python3.7/multiprocessing/process.py", line 99, in run
    self._target(*self._args, **self._kwargs)
  File "/groups/scicompsoft/home/ackermand/miniconda3/envs/multiresolution_mesh_creator/lib/python3.7/site-packages/distributed/process.py", line 191, in _run
    target(*args, **kwargs)
  File "/groups/scicompsoft/home/ackermand/miniconda3/envs/multiresolution_mesh_creator/lib/python3.7/site-packages/distributed/nanny.py", line 904, in _run
    loop.run_sync(do_stop)
  File "/groups/scicompsoft/home/ackermand/miniconda3/envs/multiresolution_mesh_creator/lib/python3.7/site-packages/tornado/ioloop.py", line 524, in run_sync
    self.start()
  File "/groups/scicompsoft/home/ackermand/miniconda3/envs/multiresolution_mesh_creator/lib/python3.7/site-packages/tornado/platform/asyncio.py", line 199, in start
    self.asyncio_loop.run_forever()
  File "/groups/scicompsoft/home/ackermand/miniconda3/envs/multiresolution_mesh_creator/lib/python3.7/asyncio/base_events.py", line 541, in run_forever
    self._run_once()
  File "/groups/scicompsoft/home/ackermand/miniconda3/envs/multiresolution_mesh_creator/lib/python3.7/asyncio/base_events.py", line 1786, in _run_once
    handle._run()
  File "/groups/scicompsoft/home/ackermand/miniconda3/envs/multiresolution_mesh_creator/lib/python3.7/asyncio/events.py", line 88, in _run
    self._context.run(self._callback, *self._args)
  File "/groups/scicompsoft/home/ackermand/miniconda3/envs/multiresolution_mesh_creator/lib/python3.7/site-packages/distributed/comm/tcp.py", line 392, in connect
    ip, port, max_buffer_size=MAX_BUFFER_SIZE, **kwargs
  File "/groups/scicompsoft/home/ackermand/miniconda3/envs/multiresolution_mesh_creator/lib/python3.7/site-packages/tornado/tcpclient.py", line 265, in connect
    addrinfo = await self.resolver.resolve(host, port, af)
  File "/groups/scicompsoft/home/ackermand/miniconda3/envs/multiresolution_mesh_creator/lib/python3.7/site-packages/tornado/concurrent.py", line 123, in wrapper
    chain_future(conc_future, async_future)
  File "/groups/scicompsoft/home/ackermand/miniconda3/envs/multiresolution_mesh_creator/lib/python3.7/site-packages/tornado/concurrent.py", line 170, in chain_future
    IOLoop.current().add_future(a, copy)
  File "/groups/scicompsoft/home/ackermand/miniconda3/envs/multiresolution_mesh_creator/lib/python3.7/site-packages/tornado/ioloop.py", line 691, in add_future
    assert is_future(future)
  File "/groups/scicompsoft/home/ackermand/miniconda3/envs/multiresolution_mesh_creator/lib/python3.7/site-packages/tornado/concurrent.py", line 53, in is_future
    return isinstance(x, FUTURES)
KeyboardInterrupt
Process Dask Worker process (from Nanny):
Traceback (most recent call last):
  File "/groups/scicompsoft/home/ackermand/miniconda3/envs/multiresolution_mesh_creator/lib/python3.7/site-packages/distributed/nanny.py", line 897, in _run
    loop.run_sync(run)
  File "/groups/scicompsoft/home/ackermand/miniconda3/envs/multiresolution_mesh_creator/lib/python3.7/site-packages/tornado/ioloop.py", line 524, in run_sync
    self.start()
  File "/groups/scicompsoft/home/ackermand/miniconda3/envs/multiresolution_mesh_creator/lib/python3.7/site-packages/tornado/platform/asyncio.py", line 199, in start
    self.asyncio_loop.run_forever()
  File "/groups/scicompsoft/home/ackermand/miniconda3/envs/multiresolution_mesh_creator/lib/python3.7/asyncio/base_events.py", line 541, in run_forever
    self._run_once()
  File "/groups/scicompsoft/home/ackermand/miniconda3/envs/multiresolution_mesh_creator/lib/python3.7/asyncio/base_events.py", line 1750, in _run_once
    event_list = self._selector.select(timeout)
  File "/groups/scicompsoft/home/ackermand/miniconda3/envs/multiresolution_mesh_creator/lib/python3.7/selectors.py", line 468, in select
    fd_event_list = self._selector.poll(timeout, max_ev)
KeyboardInterrupt

During handling of the above exception, another exception occurred:

Traceback (most recent call last):
  File "/groups/scicompsoft/home/ackermand/miniconda3/envs/multiresolution_mesh_creator/lib/python3.7/multiprocessing/process.py", line 297, in _bootstrap
    self.run()
  File "/groups/scicompsoft/home/ackermand/miniconda3/envs/multiresolution_mesh_creator/lib/python3.7/multiprocessing/process.py", line 99, in run
    self._target(*self._args, **self._kwargs)
  File "/groups/scicompsoft/home/ackermand/miniconda3/envs/multiresolution_mesh_creator/lib/python3.7/site-packages/distributed/process.py", line 191, in _run
    target(*args, **kwargs)
  File "/groups/scicompsoft/home/ackermand/miniconda3/envs/multiresolution_mesh_creator/lib/python3.7/site-packages/distributed/nanny.py", line 904, in _run
    loop.run_sync(do_stop)
  File "/groups/scicompsoft/home/ackermand/miniconda3/envs/multiresolution_mesh_creator/lib/python3.7/site-packages/tornado/ioloop.py", line 524, in run_sync
    self.start()
  File "/groups/scicompsoft/home/ackermand/miniconda3/envs/multiresolution_mesh_creator/lib/python3.7/site-packages/tornado/platform/asyncio.py", line 199, in start
    self.asyncio_loop.run_forever()
  File "/groups/scicompsoft/home/ackermand/miniconda3/envs/multiresolution_mesh_creator/lib/python3.7/asyncio/base_events.py", line 541, in run_forever
    self._run_once()
  File "/groups/scicompsoft/home/ackermand/miniconda3/envs/multiresolution_mesh_creator/lib/python3.7/asyncio/base_events.py", line 1786, in _run_once
    handle._run()
  File "/groups/scicompsoft/home/ackermand/miniconda3/envs/multiresolution_mesh_creator/lib/python3.7/asyncio/events.py", line 88, in _run
    self._context.run(self._callback, *self._args)
  File "/groups/scicompsoft/home/ackermand/miniconda3/envs/multiresolution_mesh_creator/lib/python3.7/site-packages/distributed/nanny.py", line 825, in do_stop
    timeout=timeout,
  File "/groups/scicompsoft/home/ackermand/miniconda3/envs/multiresolution_mesh_creator/lib/python3.7/site-packages/distributed/worker.py", line 1234, in close
    logger.info("Stopping worker at %s", self.address)
  File "/groups/scicompsoft/home/ackermand/miniconda3/envs/multiresolution_mesh_creator/lib/python3.7/logging/__init__.py", line 1378, in info
    self._log(INFO, msg, args, **kwargs)
KeyboardInterrupt
Process Dask Worker process (from Nanny):
Traceback (most recent call last):
  File "/groups/scicompsoft/home/ackermand/miniconda3/envs/multiresolution_mesh_creator/lib/python3.7/site-packages/distributed/nanny.py", line 897, in _run
    loop.run_sync(run)
  File "/groups/scicompsoft/home/ackermand/miniconda3/envs/multiresolution_mesh_creator/lib/python3.7/site-packages/tornado/ioloop.py", line 524, in run_sync
    self.start()
  File "/groups/scicompsoft/home/ackermand/miniconda3/envs/multiresolution_mesh_creator/lib/python3.7/site-packages/tornado/platform/asyncio.py", line 199, in start
    self.asyncio_loop.run_forever()
  File "/groups/scicompsoft/home/ackermand/miniconda3/envs/multiresolution_mesh_creator/lib/python3.7/asyncio/base_events.py", line 541, in run_forever
    self._run_once()
  File "/groups/scicompsoft/home/ackermand/miniconda3/envs/multiresolution_mesh_creator/lib/python3.7/asyncio/base_events.py", line 1750, in _run_once
    event_list = self._selector.select(timeout)
  File "/groups/scicompsoft/home/ackermand/miniconda3/envs/multiresolution_mesh_creator/lib/python3.7/selectors.py", line 468, in select
    fd_event_list = self._selector.poll(timeout, max_ev)
KeyboardInterrupt

During handling of the above exception, another exception occurred:

Traceback (most recent call last):
  File "/groups/scicompsoft/home/ackermand/miniconda3/envs/multiresolution_mesh_creator/lib/python3.7/multiprocessing/process.py", line 297, in _bootstrap
    self.run()
  File "/groups/scicompsoft/home/ackermand/miniconda3/envs/multiresolution_mesh_creator/lib/python3.7/multiprocessing/process.py", line 99, in run
    self._target(*self._args, **self._kwargs)
  File "/groups/scicompsoft/home/ackermand/miniconda3/envs/multiresolution_mesh_creator/lib/python3.7/site-packages/distributed/process.py", line 191, in _run
    target(*args, **kwargs)
  File "/groups/scicompsoft/home/ackermand/miniconda3/envs/multiresolution_mesh_creator/lib/python3.7/site-packages/distributed/nanny.py", line 904, in _run
    loop.run_sync(do_stop)
  File "/groups/scicompsoft/home/ackermand/miniconda3/envs/multiresolution_mesh_creator/lib/python3.7/site-packages/tornado/ioloop.py", line 524, in run_sync
    self.start()
  File "/groups/scicompsoft/home/ackermand/miniconda3/envs/multiresolution_mesh_creator/lib/python3.7/site-packages/tornado/platform/asyncio.py", line 199, in start
    self.asyncio_loop.run_forever()
  File "/groups/scicompsoft/home/ackermand/miniconda3/envs/multiresolution_mesh_creator/lib/python3.7/asyncio/base_events.py", line 541, in run_forever
    self._run_once()
  File "/groups/scicompsoft/home/ackermand/miniconda3/envs/multiresolution_mesh_creator/lib/python3.7/asyncio/base_events.py", line 1786, in _run_once
    handle._run()
  File "/groups/scicompsoft/home/ackermand/miniconda3/envs/multiresolution_mesh_creator/lib/python3.7/asyncio/events.py", line 88, in _run
    self._context.run(self._callback, *self._args)
  File "/groups/scicompsoft/home/ackermand/miniconda3/envs/multiresolution_mesh_creator/lib/python3.7/site-packages/distributed/nanny.py", line 825, in do_stop
    timeout=timeout,
  File "/groups/scicompsoft/home/ackermand/miniconda3/envs/multiresolution_mesh_creator/lib/python3.7/site-packages/distributed/worker.py", line 1234, in close
    logger.info("Stopping worker at %s", self.address)
  File "/groups/scicompsoft/home/ackermand/miniconda3/envs/multiresolution_mesh_creator/lib/python3.7/logging/__init__.py", line 1378, in info
    self._log(INFO, msg, args, **kwargs)
  File "/groups/scicompsoft/home/ackermand/miniconda3/envs/multiresolution_mesh_creator/lib/python3.7/logging/__init__.py", line 1514, in _log
    self.handle(record)
  File "/groups/scicompsoft/home/ackermand/miniconda3/envs/multiresolution_mesh_creator/lib/python3.7/logging/__init__.py", line 1524, in handle
    self.callHandlers(record)
  File "/groups/scicompsoft/home/ackermand/miniconda3/envs/multiresolution_mesh_creator/lib/python3.7/logging/__init__.py", line 1586, in callHandlers
    hdlr.handle(record)
  File "/groups/scicompsoft/home/ackermand/miniconda3/envs/multiresolution_mesh_creator/lib/python3.7/logging/__init__.py", line 894, in handle
    self.emit(record)
  File "/groups/scicompsoft/home/ackermand/miniconda3/envs/multiresolution_mesh_creator/lib/python3.7/logging/__init__.py", line 1026, in emit
    stream = self.stream
KeyboardInterrupt
Process Dask Worker process (from Nanny):
Traceback (most recent call last):
  File "/groups/scicompsoft/home/ackermand/miniconda3/envs/multiresolution_mesh_creator/lib/python3.7/site-packages/distributed/nanny.py", line 897, in _run
    loop.run_sync(run)
  File "/groups/scicompsoft/home/ackermand/miniconda3/envs/multiresolution_mesh_creator/lib/python3.7/site-packages/tornado/ioloop.py", line 524, in run_sync
    self.start()
  File "/groups/scicompsoft/home/ackermand/miniconda3/envs/multiresolution_mesh_creator/lib/python3.7/site-packages/tornado/platform/asyncio.py", line 199, in start
    self.asyncio_loop.run_forever()
  File "/groups/scicompsoft/home/ackermand/miniconda3/envs/multiresolution_mesh_creator/lib/python3.7/asyncio/base_events.py", line 541, in run_forever
    self._run_once()
  File "/groups/scicompsoft/home/ackermand/miniconda3/envs/multiresolution_mesh_creator/lib/python3.7/asyncio/base_events.py", line 1750, in _run_once
    event_list = self._selector.select(timeout)
  File "/groups/scicompsoft/home/ackermand/miniconda3/envs/multiresolution_mesh_creator/lib/python3.7/selectors.py", line 468, in select
    fd_event_list = self._selector.poll(timeout, max_ev)
KeyboardInterrupt

During handling of the above exception, another exception occurred:

Traceback (most recent call last):
  File "/groups/scicompsoft/home/ackermand/miniconda3/envs/multiresolution_mesh_creator/lib/python3.7/multiprocessing/process.py", line 297, in _bootstrap
    self.run()
  File "/groups/scicompsoft/home/ackermand/miniconda3/envs/multiresolution_mesh_creator/lib/python3.7/multiprocessing/process.py", line 99, in run
    self._target(*self._args, **self._kwargs)
  File "/groups/scicompsoft/home/ackermand/miniconda3/envs/multiresolution_mesh_creator/lib/python3.7/site-packages/distributed/process.py", line 191, in _run
    target(*args, **kwargs)
  File "/groups/scicompsoft/home/ackermand/miniconda3/envs/multiresolution_mesh_creator/lib/python3.7/site-packages/distributed/nanny.py", line 904, in _run
    loop.run_sync(do_stop)
  File "/groups/scicompsoft/home/ackermand/miniconda3/envs/multiresolution_mesh_creator/lib/python3.7/site-packages/tornado/ioloop.py", line 524, in run_sync
    self.start()
  File "/groups/scicompsoft/home/ackermand/miniconda3/envs/multiresolution_mesh_creator/lib/python3.7/site-packages/tornado/platform/asyncio.py", line 199, in start
    self.asyncio_loop.run_forever()
  File "/groups/scicompsoft/home/ackermand/miniconda3/envs/multiresolution_mesh_creator/lib/python3.7/asyncio/base_events.py", line 541, in run_forever
    self._run_once()
  File "/groups/scicompsoft/home/ackermand/miniconda3/envs/multiresolution_mesh_creator/lib/python3.7/asyncio/base_events.py", line 1750, in _run_once
    event_list = self._selector.select(timeout)
  File "/groups/scicompsoft/home/ackermand/miniconda3/envs/multiresolution_mesh_creator/lib/python3.7/selectors.py", line 468, in select
    fd_event_list = self._selector.poll(timeout, max_ev)
KeyboardInterrupt
Process Dask Worker process (from Nanny):
Traceback (most recent call last):
  File "/groups/scicompsoft/home/ackermand/miniconda3/envs/multiresolution_mesh_creator/lib/python3.7/site-packages/distributed/nanny.py", line 897, in _run
    loop.run_sync(run)
  File "/groups/scicompsoft/home/ackermand/miniconda3/envs/multiresolution_mesh_creator/lib/python3.7/site-packages/tornado/ioloop.py", line 524, in run_sync
    self.start()
  File "/groups/scicompsoft/home/ackermand/miniconda3/envs/multiresolution_mesh_creator/lib/python3.7/site-packages/tornado/platform/asyncio.py", line 199, in start
    self.asyncio_loop.run_forever()
  File "/groups/scicompsoft/home/ackermand/miniconda3/envs/multiresolution_mesh_creator/lib/python3.7/asyncio/base_events.py", line 541, in run_forever
    self._run_once()
  File "/groups/scicompsoft/home/ackermand/miniconda3/envs/multiresolution_mesh_creator/lib/python3.7/asyncio/base_events.py", line 1750, in _run_once
    event_list = self._selector.select(timeout)
  File "/groups/scicompsoft/home/ackermand/miniconda3/envs/multiresolution_mesh_creator/lib/python3.7/selectors.py", line 468, in select
    fd_event_list = self._selector.poll(timeout, max_ev)
KeyboardInterrupt

During handling of the above exception, another exception occurred:

Traceback (most recent call last):
  File "/groups/scicompsoft/home/ackermand/miniconda3/envs/multiresolution_mesh_creator/lib/python3.7/multiprocessing/process.py", line 297, in _bootstrap
    self.run()
  File "/groups/scicompsoft/home/ackermand/miniconda3/envs/multiresolution_mesh_creator/lib/python3.7/multiprocessing/process.py", line 99, in run
    self._target(*self._args, **self._kwargs)
  File "/groups/scicompsoft/home/ackermand/miniconda3/envs/multiresolution_mesh_creator/lib/python3.7/site-packages/distributed/process.py", line 191, in _run
    target(*args, **kwargs)
  File "/groups/scicompsoft/home/ackermand/miniconda3/envs/multiresolution_mesh_creator/lib/python3.7/site-packages/distributed/nanny.py", line 904, in _run
    loop.run_sync(do_stop)
  File "/groups/scicompsoft/home/ackermand/miniconda3/envs/multiresolution_mesh_creator/lib/python3.7/site-packages/tornado/ioloop.py", line 524, in run_sync
    self.start()
  File "/groups/scicompsoft/home/ackermand/miniconda3/envs/multiresolution_mesh_creator/lib/python3.7/site-packages/tornado/platform/asyncio.py", line 199, in start
    self.asyncio_loop.run_forever()
  File "/groups/scicompsoft/home/ackermand/miniconda3/envs/multiresolution_mesh_creator/lib/python3.7/asyncio/base_events.py", line 541, in run_forever
    self._run_once()
  File "/groups/scicompsoft/home/ackermand/miniconda3/envs/multiresolution_mesh_creator/lib/python3.7/asyncio/base_events.py", line 1750, in _run_once
    event_list = self._selector.select(timeout)
  File "/groups/scicompsoft/home/ackermand/miniconda3/envs/multiresolution_mesh_creator/lib/python3.7/selectors.py", line 473, in select
    if event & ~select.EPOLLIN:
KeyboardInterrupt
Process Dask Worker process (from Nanny):
Traceback (most recent call last):
  File "/groups/scicompsoft/home/ackermand/miniconda3/envs/multiresolution_mesh_creator/lib/python3.7/site-packages/distributed/nanny.py", line 897, in _run
    loop.run_sync(run)
  File "/groups/scicompsoft/home/ackermand/miniconda3/envs/multiresolution_mesh_creator/lib/python3.7/site-packages/tornado/ioloop.py", line 524, in run_sync
    self.start()
  File "/groups/scicompsoft/home/ackermand/miniconda3/envs/multiresolution_mesh_creator/lib/python3.7/site-packages/tornado/platform/asyncio.py", line 199, in start
    self.asyncio_loop.run_forever()
  File "/groups/scicompsoft/home/ackermand/miniconda3/envs/multiresolution_mesh_creator/lib/python3.7/asyncio/base_events.py", line 541, in run_forever
    self._run_once()
  File "/groups/scicompsoft/home/ackermand/miniconda3/envs/multiresolution_mesh_creator/lib/python3.7/asyncio/base_events.py", line 1750, in _run_once
    event_list = self._selector.select(timeout)
  File "/groups/scicompsoft/home/ackermand/miniconda3/envs/multiresolution_mesh_creator/lib/python3.7/selectors.py", line 468, in select
    fd_event_list = self._selector.poll(timeout, max_ev)
KeyboardInterrupt

During handling of the above exception, another exception occurred:

Traceback (most recent call last):
  File "/groups/scicompsoft/home/ackermand/miniconda3/envs/multiresolution_mesh_creator/lib/python3.7/multiprocessing/process.py", line 297, in _bootstrap
    self.run()
  File "/groups/scicompsoft/home/ackermand/miniconda3/envs/multiresolution_mesh_creator/lib/python3.7/multiprocessing/process.py", line 99, in run
    self._target(*self._args, **self._kwargs)
  File "/groups/scicompsoft/home/ackermand/miniconda3/envs/multiresolution_mesh_creator/lib/python3.7/site-packages/distributed/process.py", line 191, in _run
    target(*args, **kwargs)
  File "/groups/scicompsoft/home/ackermand/miniconda3/envs/multiresolution_mesh_creator/lib/python3.7/site-packages/distributed/nanny.py", line 904, in _run
    loop.run_sync(do_stop)
  File "/groups/scicompsoft/home/ackermand/miniconda3/envs/multiresolution_mesh_creator/lib/python3.7/site-packages/tornado/ioloop.py", line 524, in run_sync
    self.start()
  File "/groups/scicompsoft/home/ackermand/miniconda3/envs/multiresolution_mesh_creator/lib/python3.7/site-packages/tornado/platform/asyncio.py", line 199, in start
    self.asyncio_loop.run_forever()
  File "/groups/scicompsoft/home/ackermand/miniconda3/envs/multiresolution_mesh_creator/lib/python3.7/asyncio/base_events.py", line 541, in run_forever
    self._run_once()
  File "/groups/scicompsoft/home/ackermand/miniconda3/envs/multiresolution_mesh_creator/lib/python3.7/asyncio/base_events.py", line 1786, in _run_once
    handle._run()
  File "/groups/scicompsoft/home/ackermand/miniconda3/envs/multiresolution_mesh_creator/lib/python3.7/asyncio/events.py", line 88, in _run
    self._context.run(self._callback, *self._args)
  File "/groups/scicompsoft/home/ackermand/miniconda3/envs/multiresolution_mesh_creator/lib/python3.7/site-packages/distributed/comm/tcp.py", line 392, in connect
    ip, port, max_buffer_size=MAX_BUFFER_SIZE, **kwargs
  File "/groups/scicompsoft/home/ackermand/miniconda3/envs/multiresolution_mesh_creator/lib/python3.7/site-packages/tornado/tcpclient.py", line 265, in connect
    addrinfo = await self.resolver.resolve(host, port, af)
  File "/groups/scicompsoft/home/ackermand/miniconda3/envs/multiresolution_mesh_creator/lib/python3.7/site-packages/tornado/concurrent.py", line 123, in wrapper
    chain_future(conc_future, async_future)
  File "/groups/scicompsoft/home/ackermand/miniconda3/envs/multiresolution_mesh_creator/lib/python3.7/site-packages/tornado/concurrent.py", line 168, in chain_future
    from tornado.ioloop import IOLoop
  File "<frozen importlib._bootstrap>", line 1019, in _handle_fromlist
KeyboardInterrupt
Process Dask Worker process (from Nanny):
Traceback (most recent call last):
  File "/groups/scicompsoft/home/ackermand/miniconda3/envs/multiresolution_mesh_creator/lib/python3.7/site-packages/distributed/nanny.py", line 897, in _run
    loop.run_sync(run)
  File "/groups/scicompsoft/home/ackermand/miniconda3/envs/multiresolution_mesh_creator/lib/python3.7/site-packages/tornado/ioloop.py", line 524, in run_sync
    self.start()
  File "/groups/scicompsoft/home/ackermand/miniconda3/envs/multiresolution_mesh_creator/lib/python3.7/site-packages/tornado/platform/asyncio.py", line 199, in start
    self.asyncio_loop.run_forever()
  File "/groups/scicompsoft/home/ackermand/miniconda3/envs/multiresolution_mesh_creator/lib/python3.7/asyncio/base_events.py", line 541, in run_forever
    self._run_once()
  File "/groups/scicompsoft/home/ackermand/miniconda3/envs/multiresolution_mesh_creator/lib/python3.7/asyncio/base_events.py", line 1750, in _run_once
    event_list = self._selector.select(timeout)
  File "/groups/scicompsoft/home/ackermand/miniconda3/envs/multiresolution_mesh_creator/lib/python3.7/selectors.py", line 468, in select
    fd_event_list = self._selector.poll(timeout, max_ev)
KeyboardInterrupt

During handling of the above exception, another exception occurred:

Traceback (most recent call last):
  File "/groups/scicompsoft/home/ackermand/miniconda3/envs/multiresolution_mesh_creator/lib/python3.7/multiprocessing/process.py", line 297, in _bootstrap
    self.run()
  File "/groups/scicompsoft/home/ackermand/miniconda3/envs/multiresolution_mesh_creator/lib/python3.7/multiprocessing/process.py", line 99, in run
    self._target(*self._args, **self._kwargs)
  File "/groups/scicompsoft/home/ackermand/miniconda3/envs/multiresolution_mesh_creator/lib/python3.7/site-packages/distributed/process.py", line 191, in _run
    target(*args, **kwargs)
  File "/groups/scicompsoft/home/ackermand/miniconda3/envs/multiresolution_mesh_creator/lib/python3.7/site-packages/distributed/nanny.py", line 904, in _run
    loop.run_sync(do_stop)
  File "/groups/scicompsoft/home/ackermand/miniconda3/envs/multiresolution_mesh_creator/lib/python3.7/site-packages/tornado/ioloop.py", line 524, in run_sync
    self.start()
  File "/groups/scicompsoft/home/ackermand/miniconda3/envs/multiresolution_mesh_creator/lib/python3.7/site-packages/tornado/platform/asyncio.py", line 199, in start
    self.asyncio_loop.run_forever()
  File "/groups/scicompsoft/home/ackermand/miniconda3/envs/multiresolution_mesh_creator/lib/python3.7/asyncio/base_events.py", line 541, in run_forever
    self._run_once()
  File "/groups/scicompsoft/home/ackermand/miniconda3/envs/multiresolution_mesh_creator/lib/python3.7/asyncio/base_events.py", line 1786, in _run_once
    handle._run()
  File "/groups/scicompsoft/home/ackermand/miniconda3/envs/multiresolution_mesh_creator/lib/python3.7/asyncio/events.py", line 88, in _run
    self._context.run(self._callback, *self._args)
  File "/groups/scicompsoft/home/ackermand/miniconda3/envs/multiresolution_mesh_creator/lib/python3.7/site-packages/distributed/comm/core.py", line 253, in connect
    async def connect(
KeyboardInterrupt
Process Dask Worker process (from Nanny):
Traceback (most recent call last):
  File "/groups/scicompsoft/home/ackermand/miniconda3/envs/multiresolution_mesh_creator/lib/python3.7/site-packages/distributed/nanny.py", line 897, in _run
    loop.run_sync(run)
  File "/groups/scicompsoft/home/ackermand/miniconda3/envs/multiresolution_mesh_creator/lib/python3.7/site-packages/tornado/ioloop.py", line 524, in run_sync
    self.start()
  File "/groups/scicompsoft/home/ackermand/miniconda3/envs/multiresolution_mesh_creator/lib/python3.7/site-packages/tornado/platform/asyncio.py", line 199, in start
    self.asyncio_loop.run_forever()
  File "/groups/scicompsoft/home/ackermand/miniconda3/envs/multiresolution_mesh_creator/lib/python3.7/asyncio/base_events.py", line 541, in run_forever
    self._run_once()
  File "/groups/scicompsoft/home/ackermand/miniconda3/envs/multiresolution_mesh_creator/lib/python3.7/asyncio/base_events.py", line 1750, in _run_once
    event_list = self._selector.select(timeout)
  File "/groups/scicompsoft/home/ackermand/miniconda3/envs/multiresolution_mesh_creator/lib/python3.7/selectors.py", line 468, in select
    fd_event_list = self._selector.poll(timeout, max_ev)
KeyboardInterrupt

During handling of the above exception, another exception occurred:

Traceback (most recent call last):
  File "/groups/scicompsoft/home/ackermand/miniconda3/envs/multiresolution_mesh_creator/lib/python3.7/multiprocessing/process.py", line 297, in _bootstrap
    self.run()
  File "/groups/scicompsoft/home/ackermand/miniconda3/envs/multiresolution_mesh_creator/lib/python3.7/multiprocessing/process.py", line 99, in run
    self._target(*self._args, **self._kwargs)
  File "/groups/scicompsoft/home/ackermand/miniconda3/envs/multiresolution_mesh_creator/lib/python3.7/site-packages/distributed/process.py", line 191, in _run
    target(*args, **kwargs)
  File "/groups/scicompsoft/home/ackermand/miniconda3/envs/multiresolution_mesh_creator/lib/python3.7/site-packages/distributed/nanny.py", line 904, in _run
    loop.run_sync(do_stop)
  File "/groups/scicompsoft/home/ackermand/miniconda3/envs/multiresolution_mesh_creator/lib/python3.7/site-packages/tornado/ioloop.py", line 524, in run_sync
    self.start()
  File "/groups/scicompsoft/home/ackermand/miniconda3/envs/multiresolution_mesh_creator/lib/python3.7/site-packages/tornado/platform/asyncio.py", line 199, in start
    self.asyncio_loop.run_forever()
  File "/groups/scicompsoft/home/ackermand/miniconda3/envs/multiresolution_mesh_creator/lib/python3.7/asyncio/base_events.py", line 541, in run_forever
    self._run_once()
  File "/groups/scicompsoft/home/ackermand/miniconda3/envs/multiresolution_mesh_creator/lib/python3.7/asyncio/base_events.py", line 1786, in _run_once
    handle._run()
  File "/groups/scicompsoft/home/ackermand/miniconda3/envs/multiresolution_mesh_creator/lib/python3.7/asyncio/events.py", line 88, in _run
    self._context.run(self._callback, *self._args)
  File "/groups/scicompsoft/home/ackermand/miniconda3/envs/multiresolution_mesh_creator/lib/python3.7/site-packages/distributed/nanny.py", line 825, in do_stop
    timeout=timeout,
  File "/groups/scicompsoft/home/ackermand/miniconda3/envs/multiresolution_mesh_creator/lib/python3.7/site-packages/distributed/worker.py", line 1234, in close
    logger.info("Stopping worker at %s", self.address)
  File "/groups/scicompsoft/home/ackermand/miniconda3/envs/multiresolution_mesh_creator/lib/python3.7/logging/__init__.py", line 1378, in info
    self._log(INFO, msg, args, **kwargs)
  File "/groups/scicompsoft/home/ackermand/miniconda3/envs/multiresolution_mesh_creator/lib/python3.7/logging/__init__.py", line 1514, in _log
    self.handle(record)
  File "/groups/scicompsoft/home/ackermand/miniconda3/envs/multiresolution_mesh_creator/lib/python3.7/logging/__init__.py", line 1524, in handle
    self.callHandlers(record)
  File "/groups/scicompsoft/home/ackermand/miniconda3/envs/multiresolution_mesh_creator/lib/python3.7/logging/__init__.py", line 1586, in callHandlers
    hdlr.handle(record)
  File "/groups/scicompsoft/home/ackermand/miniconda3/envs/multiresolution_mesh_creator/lib/python3.7/logging/__init__.py", line 893, in handle
    try:
KeyboardInterrupt
[2021-10-22 17:58:52,774] INFO reaping stray process <SpawnProcess(Dask Worker process (from Nanny), started daemon)>
Process Dask Worker process (from Nanny):
Traceback (most recent call last):
  File "/groups/scicompsoft/home/ackermand/miniconda3/envs/multiresolution_mesh_creator/lib/python3.7/site-packages/distributed/nanny.py", line 897, in _run
    loop.run_sync(run)
  File "/groups/scicompsoft/home/ackermand/miniconda3/envs/multiresolution_mesh_creator/lib/python3.7/site-packages/tornado/ioloop.py", line 524, in run_sync
    self.start()
  File "/groups/scicompsoft/home/ackermand/miniconda3/envs/multiresolution_mesh_creator/lib/python3.7/site-packages/tornado/platform/asyncio.py", line 199, in start
    self.asyncio_loop.run_forever()
  File "/groups/scicompsoft/home/ackermand/miniconda3/envs/multiresolution_mesh_creator/lib/python3.7/asyncio/base_events.py", line 541, in run_forever
    self._run_once()
  File "/groups/scicompsoft/home/ackermand/miniconda3/envs/multiresolution_mesh_creator/lib/python3.7/asyncio/base_events.py", line 1750, in _run_once
    event_list = self._selector.select(timeout)
  File "/groups/scicompsoft/home/ackermand/miniconda3/envs/multiresolution_mesh_creator/lib/python3.7/selectors.py", line 468, in select
    fd_event_list = self._selector.poll(timeout, max_ev)
KeyboardInterrupt

During handling of the above exception, another exception occurred:

Traceback (most recent call last):
  File "/groups/scicompsoft/home/ackermand/miniconda3/envs/multiresolution_mesh_creator/lib/python3.7/multiprocessing/process.py", line 297, in _bootstrap
    self.run()
  File "/groups/scicompsoft/home/ackermand/miniconda3/envs/multiresolution_mesh_creator/lib/python3.7/multiprocessing/process.py", line 99, in run
    self._target(*self._args, **self._kwargs)
  File "/groups/scicompsoft/home/ackermand/miniconda3/envs/multiresolution_mesh_creator/lib/python3.7/site-packages/distributed/process.py", line 191, in _run
    target(*args, **kwargs)
  File "/groups/scicompsoft/home/ackermand/miniconda3/envs/multiresolution_mesh_creator/lib/python3.7/site-packages/distributed/nanny.py", line 904, in _run
    loop.run_sync(do_stop)
  File "/groups/scicompsoft/home/ackermand/miniconda3/envs/multiresolution_mesh_creator/lib/python3.7/site-packages/tornado/ioloop.py", line 524, in run_sync
    self.start()
  File "/groups/scicompsoft/home/ackermand/miniconda3/envs/multiresolution_mesh_creator/lib/python3.7/site-packages/tornado/platform/asyncio.py", line 199, in start
    self.asyncio_loop.run_forever()
  File "/groups/scicompsoft/home/ackermand/miniconda3/envs/multiresolution_mesh_creator/lib/python3.7/asyncio/base_events.py", line 541, in run_forever
    self._run_once()
  File "/groups/scicompsoft/home/ackermand/miniconda3/envs/multiresolution_mesh_creator/lib/python3.7/asyncio/base_events.py", line 1750, in _run_once
    event_list = self._selector.select(timeout)
  File "/groups/scicompsoft/home/ackermand/miniconda3/envs/multiresolution_mesh_creator/lib/python3.7/selectors.py", line 468, in select
    fd_event_list = self._selector.poll(timeout, max_ev)
KeyboardInterrupt
Process Dask Worker process (from Nanny):
Traceback (most recent call last):
  File "/groups/scicompsoft/home/ackermand/miniconda3/envs/multiresolution_mesh_creator/lib/python3.7/site-packages/distributed/nanny.py", line 897, in _run
    loop.run_sync(run)
  File "/groups/scicompsoft/home/ackermand/miniconda3/envs/multiresolution_mesh_creator/lib/python3.7/site-packages/tornado/ioloop.py", line 524, in run_sync
    self.start()
  File "/groups/scicompsoft/home/ackermand/miniconda3/envs/multiresolution_mesh_creator/lib/python3.7/site-packages/tornado/platform/asyncio.py", line 199, in start
    self.asyncio_loop.run_forever()
  File "/groups/scicompsoft/home/ackermand/miniconda3/envs/multiresolution_mesh_creator/lib/python3.7/asyncio/base_events.py", line 541, in run_forever
    self._run_once()
  File "/groups/scicompsoft/home/ackermand/miniconda3/envs/multiresolution_mesh_creator/lib/python3.7/asyncio/base_events.py", line 1750, in _run_once
    event_list = self._selector.select(timeout)
  File "/groups/scicompsoft/home/ackermand/miniconda3/envs/multiresolution_mesh_creator/lib/python3.7/selectors.py", line 468, in select
    fd_event_list = self._selector.poll(timeout, max_ev)
KeyboardInterrupt

During handling of the above exception, another exception occurred:

Traceback (most recent call last):
  File "/groups/scicompsoft/home/ackermand/miniconda3/envs/multiresolution_mesh_creator/lib/python3.7/multiprocessing/process.py", line 297, in _bootstrap
    self.run()
  File "/groups/scicompsoft/home/ackermand/miniconda3/envs/multiresolution_mesh_creator/lib/python3.7/multiprocessing/process.py", line 99, in run
    self._target(*self._args, **self._kwargs)
  File "/groups/scicompsoft/home/ackermand/miniconda3/envs/multiresolution_mesh_creator/lib/python3.7/site-packages/distributed/process.py", line 191, in _run
    target(*args, **kwargs)
  File "/groups/scicompsoft/home/ackermand/miniconda3/envs/multiresolution_mesh_creator/lib/python3.7/site-packages/distributed/nanny.py", line 904, in _run
    loop.run_sync(do_stop)
  File "/groups/scicompsoft/home/ackermand/miniconda3/envs/multiresolution_mesh_creator/lib/python3.7/site-packages/tornado/ioloop.py", line 524, in run_sync
    self.start()
  File "/groups/scicompsoft/home/ackermand/miniconda3/envs/multiresolution_mesh_creator/lib/python3.7/site-packages/tornado/platform/asyncio.py", line 199, in start
    self.asyncio_loop.run_forever()
  File "/groups/scicompsoft/home/ackermand/miniconda3/envs/multiresolution_mesh_creator/lib/python3.7/asyncio/base_events.py", line 541, in run_forever
    self._run_once()
  File "/groups/scicompsoft/home/ackermand/miniconda3/envs/multiresolution_mesh_creator/lib/python3.7/asyncio/base_events.py", line 1750, in _run_once
    event_list = self._selector.select(timeout)
  File "/groups/scicompsoft/home/ackermand/miniconda3/envs/multiresolution_mesh_creator/lib/python3.7/selectors.py", line 474, in select
    events |= EVENT_WRITE
KeyboardInterrupt
Process Dask Worker process (from Nanny):
Traceback (most recent call last):
  File "/groups/scicompsoft/home/ackermand/miniconda3/envs/multiresolution_mesh_creator/lib/python3.7/site-packages/distributed/nanny.py", line 897, in _run
    loop.run_sync(run)
  File "/groups/scicompsoft/home/ackermand/miniconda3/envs/multiresolution_mesh_creator/lib/python3.7/site-packages/tornado/ioloop.py", line 524, in run_sync
    self.start()
  File "/groups/scicompsoft/home/ackermand/miniconda3/envs/multiresolution_mesh_creator/lib/python3.7/site-packages/tornado/platform/asyncio.py", line 199, in start
    self.asyncio_loop.run_forever()
  File "/groups/scicompsoft/home/ackermand/miniconda3/envs/multiresolution_mesh_creator/lib/python3.7/asyncio/base_events.py", line 541, in run_forever
    self._run_once()
  File "/groups/scicompsoft/home/ackermand/miniconda3/envs/multiresolution_mesh_creator/lib/python3.7/asyncio/base_events.py", line 1750, in _run_once
    event_list = self._selector.select(timeout)
  File "/groups/scicompsoft/home/ackermand/miniconda3/envs/multiresolution_mesh_creator/lib/python3.7/selectors.py", line 468, in select
    fd_event_list = self._selector.poll(timeout, max_ev)
KeyboardInterrupt

During handling of the above exception, another exception occurred:

Traceback (most recent call last):
  File "/groups/scicompsoft/home/ackermand/miniconda3/envs/multiresolution_mesh_creator/lib/python3.7/multiprocessing/process.py", line 297, in _bootstrap
    self.run()
  File "/groups/scicompsoft/home/ackermand/miniconda3/envs/multiresolution_mesh_creator/lib/python3.7/multiprocessing/process.py", line 99, in run
    self._target(*self._args, **self._kwargs)
  File "/groups/scicompsoft/home/ackermand/miniconda3/envs/multiresolution_mesh_creator/lib/python3.7/site-packages/distributed/process.py", line 191, in _run
    target(*args, **kwargs)
  File "/groups/scicompsoft/home/ackermand/miniconda3/envs/multiresolution_mesh_creator/lib/python3.7/site-packages/distributed/nanny.py", line 904, in _run
    loop.run_sync(do_stop)
  File "/groups/scicompsoft/home/ackermand/miniconda3/envs/multiresolution_mesh_creator/lib/python3.7/site-packages/tornado/ioloop.py", line 524, in run_sync
    self.start()
  File "/groups/scicompsoft/home/ackermand/miniconda3/envs/multiresolution_mesh_creator/lib/python3.7/site-packages/tornado/platform/asyncio.py", line 199, in start
    self.asyncio_loop.run_forever()
  File "/groups/scicompsoft/home/ackermand/miniconda3/envs/multiresolution_mesh_creator/lib/python3.7/asyncio/base_events.py", line 541, in run_forever
    self._run_once()
  File "/groups/scicompsoft/home/ackermand/miniconda3/envs/multiresolution_mesh_creator/lib/python3.7/asyncio/base_events.py", line 1786, in _run_once
    handle._run()
  File "/groups/scicompsoft/home/ackermand/miniconda3/envs/multiresolution_mesh_creator/lib/python3.7/asyncio/events.py", line 88, in _run
    self._context.run(self._callback, *self._args)
KeyboardInterrupt
Process Dask Worker process (from Nanny):
Traceback (most recent call last):
  File "/groups/scicompsoft/home/ackermand/miniconda3/envs/multiresolution_mesh_creator/lib/python3.7/site-packages/distributed/nanny.py", line 897, in _run
    loop.run_sync(run)
  File "/groups/scicompsoft/home/ackermand/miniconda3/envs/multiresolution_mesh_creator/lib/python3.7/site-packages/tornado/ioloop.py", line 524, in run_sync
    self.start()
  File "/groups/scicompsoft/home/ackermand/miniconda3/envs/multiresolution_mesh_creator/lib/python3.7/site-packages/tornado/platform/asyncio.py", line 199, in start
    self.asyncio_loop.run_forever()
  File "/groups/scicompsoft/home/ackermand/miniconda3/envs/multiresolution_mesh_creator/lib/python3.7/asyncio/base_events.py", line 541, in run_forever
    self._run_once()
  File "/groups/scicompsoft/home/ackermand/miniconda3/envs/multiresolution_mesh_creator/lib/python3.7/asyncio/base_events.py", line 1750, in _run_once
    event_list = self._selector.select(timeout)
  File "/groups/scicompsoft/home/ackermand/miniconda3/envs/multiresolution_mesh_creator/lib/python3.7/selectors.py", line 468, in select
    fd_event_list = self._selector.poll(timeout, max_ev)
KeyboardInterrupt

During handling of the above exception, another exception occurred:

Traceback (most recent call last):
  File "/groups/scicompsoft/home/ackermand/miniconda3/envs/multiresolution_mesh_creator/lib/python3.7/multiprocessing/process.py", line 297, in _bootstrap
    self.run()
  File "/groups/scicompsoft/home/ackermand/miniconda3/envs/multiresolution_mesh_creator/lib/python3.7/multiprocessing/process.py", line 99, in run
    self._target(*self._args, **self._kwargs)
  File "/groups/scicompsoft/home/ackermand/miniconda3/envs/multiresolution_mesh_creator/lib/python3.7/site-packages/distributed/process.py", line 191, in _run
    target(*args, **kwargs)
  File "/groups/scicompsoft/home/ackermand/miniconda3/envs/multiresolution_mesh_creator/lib/python3.7/site-packages/distributed/nanny.py", line 904, in _run
    loop.run_sync(do_stop)
  File "/groups/scicompsoft/home/ackermand/miniconda3/envs/multiresolution_mesh_creator/lib/python3.7/site-packages/tornado/ioloop.py", line 524, in run_sync
    self.start()
  File "/groups/scicompsoft/home/ackermand/miniconda3/envs/multiresolution_mesh_creator/lib/python3.7/site-packages/tornado/platform/asyncio.py", line 199, in start
    self.asyncio_loop.run_forever()
  File "/groups/scicompsoft/home/ackermand/miniconda3/envs/multiresolution_mesh_creator/lib/python3.7/asyncio/base_events.py", line 541, in run_forever
    self._run_once()
  File "/groups/scicompsoft/home/ackermand/miniconda3/envs/multiresolution_mesh_creator/lib/python3.7/asyncio/base_events.py", line 1750, in _run_once
    event_list = self._selector.select(timeout)
  File "/groups/scicompsoft/home/ackermand/miniconda3/envs/multiresolution_mesh_creator/lib/python3.7/selectors.py", line 468, in select
    fd_event_list = self._selector.poll(timeout, max_ev)
KeyboardInterrupt
Process Dask Worker process (from Nanny):
Traceback (most recent call last):
  File "/groups/scicompsoft/home/ackermand/miniconda3/envs/multiresolution_mesh_creator/lib/python3.7/site-packages/distributed/nanny.py", line 897, in _run
    loop.run_sync(run)
  File "/groups/scicompsoft/home/ackermand/miniconda3/envs/multiresolution_mesh_creator/lib/python3.7/site-packages/tornado/ioloop.py", line 524, in run_sync
    self.start()
  File "/groups/scicompsoft/home/ackermand/miniconda3/envs/multiresolution_mesh_creator/lib/python3.7/site-packages/tornado/platform/asyncio.py", line 199, in start
    self.asyncio_loop.run_forever()
  File "/groups/scicompsoft/home/ackermand/miniconda3/envs/multiresolution_mesh_creator/lib/python3.7/asyncio/base_events.py", line 541, in run_forever
    self._run_once()
  File "/groups/scicompsoft/home/ackermand/miniconda3/envs/multiresolution_mesh_creator/lib/python3.7/asyncio/base_events.py", line 1750, in _run_once
    event_list = self._selector.select(timeout)
  File "/groups/scicompsoft/home/ackermand/miniconda3/envs/multiresolution_mesh_creator/lib/python3.7/selectors.py", line 468, in select
    fd_event_list = self._selector.poll(timeout, max_ev)
KeyboardInterrupt

During handling of the above exception, another exception occurred:

Traceback (most recent call last):
  File "/groups/scicompsoft/home/ackermand/miniconda3/envs/multiresolution_mesh_creator/lib/python3.7/multiprocessing/process.py", line 297, in _bootstrap
    self.run()
  File "/groups/scicompsoft/home/ackermand/miniconda3/envs/multiresolution_mesh_creator/lib/python3.7/multiprocessing/process.py", line 99, in run
    self._target(*self._args, **self._kwargs)
  File "/groups/scicompsoft/home/ackermand/miniconda3/envs/multiresolution_mesh_creator/lib/python3.7/site-packages/distributed/process.py", line 191, in _run
    target(*args, **kwargs)
  File "/groups/scicompsoft/home/ackermand/miniconda3/envs/multiresolution_mesh_creator/lib/python3.7/site-packages/distributed/nanny.py", line 904, in _run
    loop.run_sync(do_stop)
  File "/groups/scicompsoft/home/ackermand/miniconda3/envs/multiresolution_mesh_creator/lib/python3.7/site-packages/tornado/ioloop.py", line 524, in run_sync
    self.start()
  File "/groups/scicompsoft/home/ackermand/miniconda3/envs/multiresolution_mesh_creator/lib/python3.7/site-packages/tornado/platform/asyncio.py", line 199, in start
    self.asyncio_loop.run_forever()
  File "/groups/scicompsoft/home/ackermand/miniconda3/envs/multiresolution_mesh_creator/lib/python3.7/asyncio/base_events.py", line 541, in run_forever
    self._run_once()
  File "/groups/scicompsoft/home/ackermand/miniconda3/envs/multiresolution_mesh_creator/lib/python3.7/asyncio/base_events.py", line 1786, in _run_once
    handle._run()
  File "/groups/scicompsoft/home/ackermand/miniconda3/envs/multiresolution_mesh_creator/lib/python3.7/asyncio/events.py", line 88, in _run
    self._context.run(self._callback, *self._args)
  File "/groups/scicompsoft/home/ackermand/miniconda3/envs/multiresolution_mesh_creator/lib/python3.7/site-packages/distributed/nanny.py", line 825, in do_stop
    timeout=timeout,
  File "/groups/scicompsoft/home/ackermand/miniconda3/envs/multiresolution_mesh_creator/lib/python3.7/site-packages/distributed/worker.py", line 1234, in close
    logger.info("Stopping worker at %s", self.address)
  File "/groups/scicompsoft/home/ackermand/miniconda3/envs/multiresolution_mesh_creator/lib/python3.7/logging/__init__.py", line 1378, in info
    self._log(INFO, msg, args, **kwargs)
  File "/groups/scicompsoft/home/ackermand/miniconda3/envs/multiresolution_mesh_creator/lib/python3.7/logging/__init__.py", line 1513, in _log
    exc_info, func, extra, sinfo)
  File "/groups/scicompsoft/home/ackermand/miniconda3/envs/multiresolution_mesh_creator/lib/python3.7/logging/__init__.py", line 1483, in makeRecord
    sinfo)
  File "/groups/scicompsoft/home/ackermand/miniconda3/envs/multiresolution_mesh_creator/lib/python3.7/logging/__init__.py", line 308, in __init__
    if (args and len(args) == 1 and isinstance(args[0], collections.abc.Mapping)
  File "/groups/scicompsoft/home/ackermand/miniconda3/envs/multiresolution_mesh_creator/lib/python3.7/abc.py", line 137, in __instancecheck__
    def __instancecheck__(cls, instance):
KeyboardInterrupt
Process Dask Worker process (from Nanny):
Traceback (most recent call last):
  File "/groups/scicompsoft/home/ackermand/miniconda3/envs/multiresolution_mesh_creator/lib/python3.7/site-packages/distributed/nanny.py", line 897, in _run
    loop.run_sync(run)
  File "/groups/scicompsoft/home/ackermand/miniconda3/envs/multiresolution_mesh_creator/lib/python3.7/site-packages/tornado/ioloop.py", line 524, in run_sync
    self.start()
  File "/groups/scicompsoft/home/ackermand/miniconda3/envs/multiresolution_mesh_creator/lib/python3.7/site-packages/tornado/platform/asyncio.py", line 199, in start
    self.asyncio_loop.run_forever()
  File "/groups/scicompsoft/home/ackermand/miniconda3/envs/multiresolution_mesh_creator/lib/python3.7/asyncio/base_events.py", line 541, in run_forever
    self._run_once()
  File "/groups/scicompsoft/home/ackermand/miniconda3/envs/multiresolution_mesh_creator/lib/python3.7/asyncio/base_events.py", line 1750, in _run_once
    event_list = self._selector.select(timeout)
  File "/groups/scicompsoft/home/ackermand/miniconda3/envs/multiresolution_mesh_creator/lib/python3.7/selectors.py", line 468, in select
    fd_event_list = self._selector.poll(timeout, max_ev)
KeyboardInterrupt

During handling of the above exception, another exception occurred:

Traceback (most recent call last):
  File "/groups/scicompsoft/home/ackermand/miniconda3/envs/multiresolution_mesh_creator/lib/python3.7/multiprocessing/process.py", line 297, in _bootstrap
    self.run()
  File "/groups/scicompsoft/home/ackermand/miniconda3/envs/multiresolution_mesh_creator/lib/python3.7/multiprocessing/process.py", line 99, in run
    self._target(*self._args, **self._kwargs)
  File "/groups/scicompsoft/home/ackermand/miniconda3/envs/multiresolution_mesh_creator/lib/python3.7/site-packages/distributed/process.py", line 191, in _run
    target(*args, **kwargs)
  File "/groups/scicompsoft/home/ackermand/miniconda3/envs/multiresolution_mesh_creator/lib/python3.7/site-packages/distributed/nanny.py", line 904, in _run
    loop.run_sync(do_stop)
  File "/groups/scicompsoft/home/ackermand/miniconda3/envs/multiresolution_mesh_creator/lib/python3.7/site-packages/tornado/ioloop.py", line 524, in run_sync
    self.start()
  File "/groups/scicompsoft/home/ackermand/miniconda3/envs/multiresolution_mesh_creator/lib/python3.7/site-packages/tornado/platform/asyncio.py", line 199, in start
    self.asyncio_loop.run_forever()
  File "/groups/scicompsoft/home/ackermand/miniconda3/envs/multiresolution_mesh_creator/lib/python3.7/asyncio/base_events.py", line 541, in run_forever
    self._run_once()
  File "/groups/scicompsoft/home/ackermand/miniconda3/envs/multiresolution_mesh_creator/lib/python3.7/asyncio/base_events.py", line 1786, in _run_once
    handle._run()
  File "/groups/scicompsoft/home/ackermand/miniconda3/envs/multiresolution_mesh_creator/lib/python3.7/asyncio/events.py", line 88, in _run
    self._context.run(self._callback, *self._args)
  File "/groups/scicompsoft/home/ackermand/miniconda3/envs/multiresolution_mesh_creator/lib/python3.7/site-packages/distributed/comm/tcp.py", line 392, in connect
    ip, port, max_buffer_size=MAX_BUFFER_SIZE, **kwargs
  File "/groups/scicompsoft/home/ackermand/miniconda3/envs/multiresolution_mesh_creator/lib/python3.7/site-packages/tornado/tcpclient.py", line 275, in connect
    af, addr, stream = await connector.start(connect_timeout=timeout)
  File "/groups/scicompsoft/home/ackermand/miniconda3/envs/multiresolution_mesh_creator/lib/python3.7/site-packages/tornado/tcpclient.py", line 105, in start
    self.try_connect(iter(self.primary_addrs))
  File "/groups/scicompsoft/home/ackermand/miniconda3/envs/multiresolution_mesh_creator/lib/python3.7/site-packages/tornado/tcpclient.py", line 123, in try_connect
    stream, future = self.connect(af, addr)
  File "/groups/scicompsoft/home/ackermand/miniconda3/envs/multiresolution_mesh_creator/lib/python3.7/site-packages/tornado/tcpclient.py", line 312, in _create_stream
    socket_obj = socket.socket(af)
  File "/groups/scicompsoft/home/ackermand/miniconda3/envs/multiresolution_mesh_creator/lib/python3.7/socket.py", line 148, in __init__
    type = SOCK_STREAM
KeyboardInterrupt
Process Dask Worker process (from Nanny):
Traceback (most recent call last):
  File "/groups/scicompsoft/home/ackermand/miniconda3/envs/multiresolution_mesh_creator/lib/python3.7/site-packages/distributed/nanny.py", line 897, in _run
    loop.run_sync(run)
  File "/groups/scicompsoft/home/ackermand/miniconda3/envs/multiresolution_mesh_creator/lib/python3.7/site-packages/tornado/ioloop.py", line 524, in run_sync
    self.start()
  File "/groups/scicompsoft/home/ackermand/miniconda3/envs/multiresolution_mesh_creator/lib/python3.7/site-packages/tornado/platform/asyncio.py", line 199, in start
    self.asyncio_loop.run_forever()
  File "/groups/scicompsoft/home/ackermand/miniconda3/envs/multiresolution_mesh_creator/lib/python3.7/asyncio/base_events.py", line 541, in run_forever
    self._run_once()
  File "/groups/scicompsoft/home/ackermand/miniconda3/envs/multiresolution_mesh_creator/lib/python3.7/asyncio/base_events.py", line 1750, in _run_once
    event_list = self._selector.select(timeout)
  File "/groups/scicompsoft/home/ackermand/miniconda3/envs/multiresolution_mesh_creator/lib/python3.7/selectors.py", line 468, in select
    fd_event_list = self._selector.poll(timeout, max_ev)
KeyboardInterrupt

During handling of the above exception, another exception occurred:

Traceback (most recent call last):
  File "/groups/scicompsoft/home/ackermand/miniconda3/envs/multiresolution_mesh_creator/lib/python3.7/multiprocessing/process.py", line 297, in _bootstrap
    self.run()
  File "/groups/scicompsoft/home/ackermand/miniconda3/envs/multiresolution_mesh_creator/lib/python3.7/multiprocessing/process.py", line 99, in run
    self._target(*self._args, **self._kwargs)
  File "/groups/scicompsoft/home/ackermand/miniconda3/envs/multiresolution_mesh_creator/lib/python3.7/site-packages/distributed/process.py", line 191, in _run
    target(*args, **kwargs)
  File "/groups/scicompsoft/home/ackermand/miniconda3/envs/multiresolution_mesh_creator/lib/python3.7/site-packages/distributed/nanny.py", line 904, in _run
    loop.run_sync(do_stop)
  File "/groups/scicompsoft/home/ackermand/miniconda3/envs/multiresolution_mesh_creator/lib/python3.7/site-packages/tornado/ioloop.py", line 524, in run_sync
    self.start()
  File "/groups/scicompsoft/home/ackermand/miniconda3/envs/multiresolution_mesh_creator/lib/python3.7/site-packages/tornado/platform/asyncio.py", line 199, in start
    self.asyncio_loop.run_forever()
  File "/groups/scicompsoft/home/ackermand/miniconda3/envs/multiresolution_mesh_creator/lib/python3.7/asyncio/base_events.py", line 541, in run_forever
    self._run_once()
  File "/groups/scicompsoft/home/ackermand/miniconda3/envs/multiresolution_mesh_creator/lib/python3.7/asyncio/base_events.py", line 1786, in _run_once
    handle._run()
  File "/groups/scicompsoft/home/ackermand/miniconda3/envs/multiresolution_mesh_creator/lib/python3.7/asyncio/events.py", line 88, in _run
    self._context.run(self._callback, *self._args)
  File "/groups/scicompsoft/home/ackermand/miniconda3/envs/multiresolution_mesh_creator/lib/python3.7/site-packages/distributed/comm/tcp.py", line 392, in connect
    ip, port, max_buffer_size=MAX_BUFFER_SIZE, **kwargs
  File "/groups/scicompsoft/home/ackermand/miniconda3/envs/multiresolution_mesh_creator/lib/python3.7/site-packages/tornado/tcpclient.py", line 265, in connect
    addrinfo = await self.resolver.resolve(host, port, af)
  File "/groups/scicompsoft/home/ackermand/miniconda3/envs/multiresolution_mesh_creator/lib/python3.7/site-packages/tornado/concurrent.py", line 122, in wrapper
    conc_future = getattr(self, executor).submit(fn, self, *args, **kwargs)
  File "/groups/scicompsoft/home/ackermand/miniconda3/envs/multiresolution_mesh_creator/lib/python3.7/site-packages/distributed/_concurrent_futures_thread.py", line 134, in submit
    self._adjust_thread_count()
  File "/groups/scicompsoft/home/ackermand/miniconda3/envs/multiresolution_mesh_creator/lib/python3.7/site-packages/distributed/threadpoolexecutor.py", line 81, in _adjust_thread_count
    if len(self._threads) < self._max_workers:
KeyboardInterrupt
Process Dask Worker process (from Nanny):
Traceback (most recent call last):
  File "/groups/scicompsoft/home/ackermand/miniconda3/envs/multiresolution_mesh_creator/lib/python3.7/site-packages/distributed/nanny.py", line 897, in _run
    loop.run_sync(run)
  File "/groups/scicompsoft/home/ackermand/miniconda3/envs/multiresolution_mesh_creator/lib/python3.7/site-packages/tornado/ioloop.py", line 524, in run_sync
    self.start()
  File "/groups/scicompsoft/home/ackermand/miniconda3/envs/multiresolution_mesh_creator/lib/python3.7/site-packages/tornado/platform/asyncio.py", line 199, in start
    self.asyncio_loop.run_forever()
  File "/groups/scicompsoft/home/ackermand/miniconda3/envs/multiresolution_mesh_creator/lib/python3.7/asyncio/base_events.py", line 541, in run_forever
    self._run_once()
  File "/groups/scicompsoft/home/ackermand/miniconda3/envs/multiresolution_mesh_creator/lib/python3.7/asyncio/base_events.py", line 1750, in _run_once
    event_list = self._selector.select(timeout)
  File "/groups/scicompsoft/home/ackermand/miniconda3/envs/multiresolution_mesh_creator/lib/python3.7/selectors.py", line 468, in select
    fd_event_list = self._selector.poll(timeout, max_ev)
KeyboardInterrupt

During handling of the above exception, another exception occurred:

Traceback (most recent call last):
  File "/groups/scicompsoft/home/ackermand/miniconda3/envs/multiresolution_mesh_creator/lib/python3.7/multiprocessing/process.py", line 297, in _bootstrap
    self.run()
  File "/groups/scicompsoft/home/ackermand/miniconda3/envs/multiresolution_mesh_creator/lib/python3.7/multiprocessing/process.py", line 99, in run
    self._target(*self._args, **self._kwargs)
  File "/groups/scicompsoft/home/ackermand/miniconda3/envs/multiresolution_mesh_creator/lib/python3.7/site-packages/distributed/process.py", line 191, in _run
    target(*args, **kwargs)
  File "/groups/scicompsoft/home/ackermand/miniconda3/envs/multiresolution_mesh_creator/lib/python3.7/site-packages/distributed/nanny.py", line 904, in _run
    loop.run_sync(do_stop)
  File "/groups/scicompsoft/home/ackermand/miniconda3/envs/multiresolution_mesh_creator/lib/python3.7/site-packages/tornado/ioloop.py", line 524, in run_sync
    self.start()
  File "/groups/scicompsoft/home/ackermand/miniconda3/envs/multiresolution_mesh_creator/lib/python3.7/site-packages/tornado/platform/asyncio.py", line 199, in start
    self.asyncio_loop.run_forever()
  File "/groups/scicompsoft/home/ackermand/miniconda3/envs/multiresolution_mesh_creator/lib/python3.7/asyncio/base_events.py", line 541, in run_forever
    self._run_once()
  File "/groups/scicompsoft/home/ackermand/miniconda3/envs/multiresolution_mesh_creator/lib/python3.7/asyncio/base_events.py", line 1786, in _run_once
    handle._run()
  File "/groups/scicompsoft/home/ackermand/miniconda3/envs/multiresolution_mesh_creator/lib/python3.7/asyncio/events.py", line 88, in _run
    self._context.run(self._callback, *self._args)
  File "/groups/scicompsoft/home/ackermand/miniconda3/envs/multiresolution_mesh_creator/lib/python3.7/site-packages/tornado/platform/asyncio.py", line 188, in _handle_events
    fileobj, handler_func = self.handlers[fd]
KeyboardInterrupt
Process Dask Worker process (from Nanny):
Traceback (most recent call last):
  File "/groups/scicompsoft/home/ackermand/miniconda3/envs/multiresolution_mesh_creator/lib/python3.7/site-packages/distributed/nanny.py", line 897, in _run
    loop.run_sync(run)
  File "/groups/scicompsoft/home/ackermand/miniconda3/envs/multiresolution_mesh_creator/lib/python3.7/site-packages/tornado/ioloop.py", line 524, in run_sync
    self.start()
  File "/groups/scicompsoft/home/ackermand/miniconda3/envs/multiresolution_mesh_creator/lib/python3.7/site-packages/tornado/platform/asyncio.py", line 199, in start
    self.asyncio_loop.run_forever()
  File "/groups/scicompsoft/home/ackermand/miniconda3/envs/multiresolution_mesh_creator/lib/python3.7/asyncio/base_events.py", line 541, in run_forever
    self._run_once()
  File "/groups/scicompsoft/home/ackermand/miniconda3/envs/multiresolution_mesh_creator/lib/python3.7/asyncio/base_events.py", line 1750, in _run_once
    event_list = self._selector.select(timeout)
  File "/groups/scicompsoft/home/ackermand/miniconda3/envs/multiresolution_mesh_creator/lib/python3.7/selectors.py", line 468, in select
    fd_event_list = self._selector.poll(timeout, max_ev)
KeyboardInterrupt

During handling of the above exception, another exception occurred:

Traceback (most recent call last):
  File "/groups/scicompsoft/home/ackermand/miniconda3/envs/multiresolution_mesh_creator/lib/python3.7/multiprocessing/process.py", line 297, in _bootstrap
    self.run()
  File "/groups/scicompsoft/home/ackermand/miniconda3/envs/multiresolution_mesh_creator/lib/python3.7/multiprocessing/process.py", line 99, in run
    self._target(*self._args, **self._kwargs)
  File "/groups/scicompsoft/home/ackermand/miniconda3/envs/multiresolution_mesh_creator/lib/python3.7/site-packages/distributed/process.py", line 191, in _run
    target(*args, **kwargs)
  File "/groups/scicompsoft/home/ackermand/miniconda3/envs/multiresolution_mesh_creator/lib/python3.7/site-packages/distributed/nanny.py", line 904, in _run
    loop.run_sync(do_stop)
  File "/groups/scicompsoft/home/ackermand/miniconda3/envs/multiresolution_mesh_creator/lib/python3.7/site-packages/tornado/ioloop.py", line 524, in run_sync
    self.start()
  File "/groups/scicompsoft/home/ackermand/miniconda3/envs/multiresolution_mesh_creator/lib/python3.7/site-packages/tornado/platform/asyncio.py", line 199, in start
    self.asyncio_loop.run_forever()
  File "/groups/scicompsoft/home/ackermand/miniconda3/envs/multiresolution_mesh_creator/lib/python3.7/asyncio/base_events.py", line 541, in run_forever
    self._run_once()
  File "/groups/scicompsoft/home/ackermand/miniconda3/envs/multiresolution_mesh_creator/lib/python3.7/asyncio/base_events.py", line 1786, in _run_once
    handle._run()
  File "/groups/scicompsoft/home/ackermand/miniconda3/envs/multiresolution_mesh_creator/lib/python3.7/asyncio/events.py", line 88, in _run
    self._context.run(self._callback, *self._args)
  File "/groups/scicompsoft/home/ackermand/miniconda3/envs/multiresolution_mesh_creator/lib/python3.7/site-packages/distributed/nanny.py", line 825, in do_stop
    timeout=timeout,
  File "/groups/scicompsoft/home/ackermand/miniconda3/envs/multiresolution_mesh_creator/lib/python3.7/site-packages/distributed/worker.py", line 1238, in close
    logger.info("Closed worker has not yet started: %s", self.status)
  File "/groups/scicompsoft/home/ackermand/miniconda3/envs/multiresolution_mesh_creator/lib/python3.7/logging/__init__.py", line 1378, in info
    self._log(INFO, msg, args, **kwargs)
  File "/groups/scicompsoft/home/ackermand/miniconda3/envs/multiresolution_mesh_creator/lib/python3.7/logging/__init__.py", line 1514, in _log
    self.handle(record)
  File "/groups/scicompsoft/home/ackermand/miniconda3/envs/multiresolution_mesh_creator/lib/python3.7/logging/__init__.py", line 1524, in handle
    self.callHandlers(record)
  File "/groups/scicompsoft/home/ackermand/miniconda3/envs/multiresolution_mesh_creator/lib/python3.7/logging/__init__.py", line 1586, in callHandlers
    hdlr.handle(record)
  File "/groups/scicompsoft/home/ackermand/miniconda3/envs/multiresolution_mesh_creator/lib/python3.7/logging/__init__.py", line 894, in handle
    self.emit(record)
  File "/groups/scicompsoft/home/ackermand/miniconda3/envs/multiresolution_mesh_creator/lib/python3.7/logging/__init__.py", line 1025, in emit
    msg = self.format(record)
  File "/groups/scicompsoft/home/ackermand/miniconda3/envs/multiresolution_mesh_creator/lib/python3.7/logging/__init__.py", line 869, in format
    return fmt.format(record)
  File "/groups/scicompsoft/home/ackermand/miniconda3/envs/multiresolution_mesh_creator/lib/python3.7/logging/__init__.py", line 610, in format
    record.asctime = self.formatTime(record, self.datefmt)
  File "/groups/scicompsoft/home/ackermand/miniconda3/envs/multiresolution_mesh_creator/lib/python3.7/logging/__init__.py", line 550, in formatTime
    t = time.strftime(self.default_time_format, ct)
KeyboardInterrupt
[2021-10-22 17:58:52,775] INFO reaping stray process <SpawnProcess(Dask Worker process (from Nanny), started daemon)>
Process Dask Worker process (from Nanny):
Traceback (most recent call last):
  File "/groups/scicompsoft/home/ackermand/miniconda3/envs/multiresolution_mesh_creator/lib/python3.7/site-packages/distributed/nanny.py", line 897, in _run
    loop.run_sync(run)
  File "/groups/scicompsoft/home/ackermand/miniconda3/envs/multiresolution_mesh_creator/lib/python3.7/site-packages/tornado/ioloop.py", line 524, in run_sync
    self.start()
  File "/groups/scicompsoft/home/ackermand/miniconda3/envs/multiresolution_mesh_creator/lib/python3.7/site-packages/tornado/platform/asyncio.py", line 199, in start
    self.asyncio_loop.run_forever()
  File "/groups/scicompsoft/home/ackermand/miniconda3/envs/multiresolution_mesh_creator/lib/python3.7/asyncio/base_events.py", line 541, in run_forever
    self._run_once()
  File "/groups/scicompsoft/home/ackermand/miniconda3/envs/multiresolution_mesh_creator/lib/python3.7/asyncio/base_events.py", line 1750, in _run_once
    event_list = self._selector.select(timeout)
  File "/groups/scicompsoft/home/ackermand/miniconda3/envs/multiresolution_mesh_creator/lib/python3.7/selectors.py", line 468, in select
    fd_event_list = self._selector.poll(timeout, max_ev)
KeyboardInterrupt

During handling of the above exception, another exception occurred:

Traceback (most recent call last):
  File "/groups/scicompsoft/home/ackermand/miniconda3/envs/multiresolution_mesh_creator/lib/python3.7/multiprocessing/process.py", line 297, in _bootstrap
    self.run()
  File "/groups/scicompsoft/home/ackermand/miniconda3/envs/multiresolution_mesh_creator/lib/python3.7/multiprocessing/process.py", line 99, in run
    self._target(*self._args, **self._kwargs)
  File "/groups/scicompsoft/home/ackermand/miniconda3/envs/multiresolution_mesh_creator/lib/python3.7/site-packages/distributed/process.py", line 191, in _run
    target(*args, **kwargs)
  File "/groups/scicompsoft/home/ackermand/miniconda3/envs/multiresolution_mesh_creator/lib/python3.7/site-packages/distributed/nanny.py", line 904, in _run
    loop.run_sync(do_stop)
  File "/groups/scicompsoft/home/ackermand/miniconda3/envs/multiresolution_mesh_creator/lib/python3.7/site-packages/tornado/ioloop.py", line 524, in run_sync
    self.start()
  File "/groups/scicompsoft/home/ackermand/miniconda3/envs/multiresolution_mesh_creator/lib/python3.7/site-packages/tornado/platform/asyncio.py", line 199, in start
    self.asyncio_loop.run_forever()
  File "/groups/scicompsoft/home/ackermand/miniconda3/envs/multiresolution_mesh_creator/lib/python3.7/asyncio/base_events.py", line 541, in run_forever
    self._run_once()
  File "/groups/scicompsoft/home/ackermand/miniconda3/envs/multiresolution_mesh_creator/lib/python3.7/asyncio/base_events.py", line 1750, in _run_once
    event_list = self._selector.select(timeout)
  File "/groups/scicompsoft/home/ackermand/miniconda3/envs/multiresolution_mesh_creator/lib/python3.7/selectors.py", line 468, in select
    fd_event_list = self._selector.poll(timeout, max_ev)
KeyboardInterrupt
[2021-10-22 17:58:52,775] INFO reaping stray process <SpawnProcess(Dask Worker process (from Nanny), started daemon)>
[2021-10-22 17:58:52,775] INFO reaping stray process <SpawnProcess(Dask Worker process (from Nanny), started daemon)>
[2021-10-22 17:58:52,776] INFO reaping stray process <SpawnProcess(Dask Worker process (from Nanny), started daemon)>
Process Dask Worker process (from Nanny):
Traceback (most recent call last):
  File "/groups/scicompsoft/home/ackermand/miniconda3/envs/multiresolution_mesh_creator/lib/python3.7/site-packages/distributed/nanny.py", line 897, in _run
    loop.run_sync(run)
  File "/groups/scicompsoft/home/ackermand/miniconda3/envs/multiresolution_mesh_creator/lib/python3.7/site-packages/tornado/ioloop.py", line 524, in run_sync
    self.start()
  File "/groups/scicompsoft/home/ackermand/miniconda3/envs/multiresolution_mesh_creator/lib/python3.7/site-packages/tornado/platform/asyncio.py", line 199, in start
    self.asyncio_loop.run_forever()
  File "/groups/scicompsoft/home/ackermand/miniconda3/envs/multiresolution_mesh_creator/lib/python3.7/asyncio/base_events.py", line 541, in run_forever
    self._run_once()
  File "/groups/scicompsoft/home/ackermand/miniconda3/envs/multiresolution_mesh_creator/lib/python3.7/asyncio/base_events.py", line 1750, in _run_once
    event_list = self._selector.select(timeout)
  File "/groups/scicompsoft/home/ackermand/miniconda3/envs/multiresolution_mesh_creator/lib/python3.7/selectors.py", line 468, in select
    fd_event_list = self._selector.poll(timeout, max_ev)
KeyboardInterrupt

During handling of the above exception, another exception occurred:

Traceback (most recent call last):
  File "/groups/scicompsoft/home/ackermand/miniconda3/envs/multiresolution_mesh_creator/lib/python3.7/multiprocessing/process.py", line 297, in _bootstrap
    self.run()
  File "/groups/scicompsoft/home/ackermand/miniconda3/envs/multiresolution_mesh_creator/lib/python3.7/multiprocessing/process.py", line 99, in run
    self._target(*self._args, **self._kwargs)
  File "/groups/scicompsoft/home/ackermand/miniconda3/envs/multiresolution_mesh_creator/lib/python3.7/site-packages/distributed/process.py", line 191, in _run
    target(*args, **kwargs)
  File "/groups/scicompsoft/home/ackermand/miniconda3/envs/multiresolution_mesh_creator/lib/python3.7/site-packages/distributed/nanny.py", line 904, in _run
    loop.run_sync(do_stop)
  File "/groups/scicompsoft/home/ackermand/miniconda3/envs/multiresolution_mesh_creator/lib/python3.7/site-packages/tornado/ioloop.py", line 524, in run_sync
    self.start()
  File "/groups/scicompsoft/home/ackermand/miniconda3/envs/multiresolution_mesh_creator/lib/python3.7/site-packages/tornado/platform/asyncio.py", line 199, in start
    self.asyncio_loop.run_forever()
  File "/groups/scicompsoft/home/ackermand/miniconda3/envs/multiresolution_mesh_creator/lib/python3.7/asyncio/base_events.py", line 541, in run_forever
    self._run_once()
  File "/groups/scicompsoft/home/ackermand/miniconda3/envs/multiresolution_mesh_creator/lib/python3.7/asyncio/base_events.py", line 1786, in _run_once
    handle._run()
  File "/groups/scicompsoft/home/ackermand/miniconda3/envs/multiresolution_mesh_creator/lib/python3.7/asyncio/events.py", line 88, in _run
    self._context.run(self._callback, *self._args)
  File "/groups/scicompsoft/home/ackermand/miniconda3/envs/multiresolution_mesh_creator/lib/python3.7/site-packages/distributed/nanny.py", line 825, in do_stop
    timeout=timeout,
  File "/groups/scicompsoft/home/ackermand/miniconda3/envs/multiresolution_mesh_creator/lib/python3.7/site-packages/distributed/worker.py", line 1238, in close
    logger.info("Closed worker has not yet started: %s", self.status)
  File "/groups/scicompsoft/home/ackermand/miniconda3/envs/multiresolution_mesh_creator/lib/python3.7/logging/__init__.py", line 1378, in info
    self._log(INFO, msg, args, **kwargs)
  File "/groups/scicompsoft/home/ackermand/miniconda3/envs/multiresolution_mesh_creator/lib/python3.7/logging/__init__.py", line 1513, in _log
    exc_info, func, extra, sinfo)
  File "/groups/scicompsoft/home/ackermand/miniconda3/envs/multiresolution_mesh_creator/lib/python3.7/logging/__init__.py", line 1483, in makeRecord
    sinfo)
  File "/groups/scicompsoft/home/ackermand/miniconda3/envs/multiresolution_mesh_creator/lib/python3.7/logging/__init__.py", line 308, in __init__
    if (args and len(args) == 1 and isinstance(args[0], collections.abc.Mapping)
  File "/groups/scicompsoft/home/ackermand/miniconda3/envs/multiresolution_mesh_creator/lib/python3.7/abc.py", line 139, in __instancecheck__
    return _abc_instancecheck(cls, instance)
  File "/groups/scicompsoft/home/ackermand/miniconda3/envs/multiresolution_mesh_creator/lib/python3.7/abc.py", line 143, in __subclasscheck__
    return _abc_subclasscheck(cls, subclass)
  File "/groups/scicompsoft/home/ackermand/miniconda3/envs/multiresolution_mesh_creator/lib/python3.7/abc.py", line 143, in __subclasscheck__
    return _abc_subclasscheck(cls, subclass)
  File "/groups/scicompsoft/home/ackermand/miniconda3/envs/multiresolution_mesh_creator/lib/python3.7/_collections_abc.py", line 392, in __subclasshook__
    @classmethod
KeyboardInterrupt
Process Dask Worker process (from Nanny):
Traceback (most recent call last):
  File "/groups/scicompsoft/home/ackermand/miniconda3/envs/multiresolution_mesh_creator/lib/python3.7/site-packages/distributed/nanny.py", line 897, in _run
    loop.run_sync(run)
  File "/groups/scicompsoft/home/ackermand/miniconda3/envs/multiresolution_mesh_creator/lib/python3.7/site-packages/tornado/ioloop.py", line 524, in run_sync
    self.start()
  File "/groups/scicompsoft/home/ackermand/miniconda3/envs/multiresolution_mesh_creator/lib/python3.7/site-packages/tornado/platform/asyncio.py", line 199, in start
    self.asyncio_loop.run_forever()
  File "/groups/scicompsoft/home/ackermand/miniconda3/envs/multiresolution_mesh_creator/lib/python3.7/asyncio/base_events.py", line 541, in run_forever
    self._run_once()
  File "/groups/scicompsoft/home/ackermand/miniconda3/envs/multiresolution_mesh_creator/lib/python3.7/asyncio/base_events.py", line 1750, in _run_once
    event_list = self._selector.select(timeout)
  File "/groups/scicompsoft/home/ackermand/miniconda3/envs/multiresolution_mesh_creator/lib/python3.7/selectors.py", line 468, in select
    fd_event_list = self._selector.poll(timeout, max_ev)
KeyboardInterrupt

During handling of the above exception, another exception occurred:

Traceback (most recent call last):
  File "/groups/scicompsoft/home/ackermand/miniconda3/envs/multiresolution_mesh_creator/lib/python3.7/multiprocessing/process.py", line 297, in _bootstrap
    self.run()
  File "/groups/scicompsoft/home/ackermand/miniconda3/envs/multiresolution_mesh_creator/lib/python3.7/multiprocessing/process.py", line 99, in run
    self._target(*self._args, **self._kwargs)
  File "/groups/scicompsoft/home/ackermand/miniconda3/envs/multiresolution_mesh_creator/lib/python3.7/site-packages/distributed/process.py", line 191, in _run
    target(*args, **kwargs)
  File "/groups/scicompsoft/home/ackermand/miniconda3/envs/multiresolution_mesh_creator/lib/python3.7/site-packages/distributed/nanny.py", line 904, in _run
    loop.run_sync(do_stop)
  File "/groups/scicompsoft/home/ackermand/miniconda3/envs/multiresolution_mesh_creator/lib/python3.7/site-packages/tornado/ioloop.py", line 524, in run_sync
    self.start()
  File "/groups/scicompsoft/home/ackermand/miniconda3/envs/multiresolution_mesh_creator/lib/python3.7/site-packages/tornado/platform/asyncio.py", line 199, in start
    self.asyncio_loop.run_forever()
  File "/groups/scicompsoft/home/ackermand/miniconda3/envs/multiresolution_mesh_creator/lib/python3.7/asyncio/base_events.py", line 541, in run_forever
    self._run_once()
  File "/groups/scicompsoft/home/ackermand/miniconda3/envs/multiresolution_mesh_creator/lib/python3.7/asyncio/base_events.py", line 1786, in _run_once
    handle._run()
  File "/groups/scicompsoft/home/ackermand/miniconda3/envs/multiresolution_mesh_creator/lib/python3.7/asyncio/events.py", line 88, in _run
    self._context.run(self._callback, *self._args)
  File "/groups/scicompsoft/home/ackermand/miniconda3/envs/multiresolution_mesh_creator/lib/python3.7/site-packages/tornado/platform/asyncio.py", line 189, in _handle_events
    handler_func(fileobj, events)
  File "/groups/scicompsoft/home/ackermand/miniconda3/envs/multiresolution_mesh_creator/lib/python3.7/site-packages/tornado/iostream.py", line 692, in _handle_events
    self._handle_connect()
  File "/groups/scicompsoft/home/ackermand/miniconda3/envs/multiresolution_mesh_creator/lib/python3.7/site-packages/tornado/iostream.py", line 1318, in _handle_connect
    self.close()
  File "/groups/scicompsoft/home/ackermand/miniconda3/envs/multiresolution_mesh_creator/lib/python3.7/site-packages/tornado/iostream.py", line 607, in close
    self.io_loop.remove_handler(self.fileno())
  File "/groups/scicompsoft/home/ackermand/miniconda3/envs/multiresolution_mesh_creator/lib/python3.7/site-packages/tornado/platform/asyncio.py", line 183, in remove_handler
    self.selector_loop.remove_writer(fd)
  File "/groups/scicompsoft/home/ackermand/miniconda3/envs/multiresolution_mesh_creator/lib/python3.7/asyncio/selector_events.py", line 344, in remove_writer
    return self._remove_writer(fd)
  File "/groups/scicompsoft/home/ackermand/miniconda3/envs/multiresolution_mesh_creator/lib/python3.7/asyncio/selector_events.py", line 305, in _remove_writer
    if self.is_closed():
  File "/groups/scicompsoft/home/ackermand/miniconda3/envs/multiresolution_mesh_creator/lib/python3.7/asyncio/base_events.py", line 619, in is_closed
    def is_closed(self):
KeyboardInterrupt
[2021-10-22 17:58:52,776] INFO reaping stray process <SpawnProcess(Dask Worker process (from Nanny), started daemon)>
[2021-10-22 17:58:52,777] INFO reaping stray process <SpawnProcess(Dask Worker process (from Nanny), started daemon)>
Process Dask Worker process (from Nanny):
Traceback (most recent call last):
  File "/groups/scicompsoft/home/ackermand/miniconda3/envs/multiresolution_mesh_creator/lib/python3.7/site-packages/distributed/nanny.py", line 897, in _run
    loop.run_sync(run)
  File "/groups/scicompsoft/home/ackermand/miniconda3/envs/multiresolution_mesh_creator/lib/python3.7/site-packages/tornado/ioloop.py", line 524, in run_sync
    self.start()
  File "/groups/scicompsoft/home/ackermand/miniconda3/envs/multiresolution_mesh_creator/lib/python3.7/site-packages/tornado/platform/asyncio.py", line 199, in start
    self.asyncio_loop.run_forever()
  File "/groups/scicompsoft/home/ackermand/miniconda3/envs/multiresolution_mesh_creator/lib/python3.7/asyncio/base_events.py", line 541, in run_forever
    self._run_once()
  File "/groups/scicompsoft/home/ackermand/miniconda3/envs/multiresolution_mesh_creator/lib/python3.7/asyncio/base_events.py", line 1750, in _run_once
    event_list = self._selector.select(timeout)
  File "/groups/scicompsoft/home/ackermand/miniconda3/envs/multiresolution_mesh_creator/lib/python3.7/selectors.py", line 468, in select
    fd_event_list = self._selector.poll(timeout, max_ev)
KeyboardInterrupt

During handling of the above exception, another exception occurred:

Traceback (most recent call last):
  File "/groups/scicompsoft/home/ackermand/miniconda3/envs/multiresolution_mesh_creator/lib/python3.7/multiprocessing/process.py", line 297, in _bootstrap
    self.run()
  File "/groups/scicompsoft/home/ackermand/miniconda3/envs/multiresolution_mesh_creator/lib/python3.7/multiprocessing/process.py", line 99, in run
    self._target(*self._args, **self._kwargs)
  File "/groups/scicompsoft/home/ackermand/miniconda3/envs/multiresolution_mesh_creator/lib/python3.7/site-packages/distributed/process.py", line 191, in _run
    target(*args, **kwargs)
  File "/groups/scicompsoft/home/ackermand/miniconda3/envs/multiresolution_mesh_creator/lib/python3.7/site-packages/distributed/nanny.py", line 904, in _run
    loop.run_sync(do_stop)
  File "/groups/scicompsoft/home/ackermand/miniconda3/envs/multiresolution_mesh_creator/lib/python3.7/site-packages/tornado/ioloop.py", line 524, in run_sync
    self.start()
  File "/groups/scicompsoft/home/ackermand/miniconda3/envs/multiresolution_mesh_creator/lib/python3.7/site-packages/tornado/platform/asyncio.py", line 199, in start
    self.asyncio_loop.run_forever()
  File "/groups/scicompsoft/home/ackermand/miniconda3/envs/multiresolution_mesh_creator/lib/python3.7/asyncio/base_events.py", line 541, in run_forever
    self._run_once()
  File "/groups/scicompsoft/home/ackermand/miniconda3/envs/multiresolution_mesh_creator/lib/python3.7/asyncio/base_events.py", line 1786, in _run_once
    handle._run()
  File "/groups/scicompsoft/home/ackermand/miniconda3/envs/multiresolution_mesh_creator/lib/python3.7/asyncio/events.py", line 88, in _run
    self._context.run(self._callback, *self._args)
  File "/groups/scicompsoft/home/ackermand/miniconda3/envs/multiresolution_mesh_creator/lib/python3.7/site-packages/distributed/nanny.py", line 825, in do_stop
    timeout=timeout,
  File "/groups/scicompsoft/home/ackermand/miniconda3/envs/multiresolution_mesh_creator/lib/python3.7/site-packages/distributed/worker.py", line 1238, in close
    logger.info("Closed worker has not yet started: %s", self.status)
  File "/groups/scicompsoft/home/ackermand/miniconda3/envs/multiresolution_mesh_creator/lib/python3.7/logging/__init__.py", line 1378, in info
    self._log(INFO, msg, args, **kwargs)
  File "/groups/scicompsoft/home/ackermand/miniconda3/envs/multiresolution_mesh_creator/lib/python3.7/logging/__init__.py", line 1513, in _log
    exc_info, func, extra, sinfo)
  File "/groups/scicompsoft/home/ackermand/miniconda3/envs/multiresolution_mesh_creator/lib/python3.7/logging/__init__.py", line 1483, in makeRecord
    sinfo)
  File "/groups/scicompsoft/home/ackermand/miniconda3/envs/multiresolution_mesh_creator/lib/python3.7/logging/__init__.py", line 308, in __init__
    if (args and len(args) == 1 and isinstance(args[0], collections.abc.Mapping)
  File "/groups/scicompsoft/home/ackermand/miniconda3/envs/multiresolution_mesh_creator/lib/python3.7/abc.py", line 139, in __instancecheck__
    return _abc_instancecheck(cls, instance)
  File "/groups/scicompsoft/home/ackermand/miniconda3/envs/multiresolution_mesh_creator/lib/python3.7/abc.py", line 143, in __subclasscheck__
    return _abc_subclasscheck(cls, subclass)
  File "/groups/scicompsoft/home/ackermand/miniconda3/envs/multiresolution_mesh_creator/lib/python3.7/abc.py", line 143, in __subclasscheck__
    return _abc_subclasscheck(cls, subclass)
  File "/groups/scicompsoft/home/ackermand/miniconda3/envs/multiresolution_mesh_creator/lib/python3.7/abc.py", line 143, in __subclasscheck__
    return _abc_subclasscheck(cls, subclass)
  [Previous line repeated 1 more time]
  File "/groups/scicompsoft/home/ackermand/miniconda3/envs/multiresolution_mesh_creator/lib/python3.7/_collections_abc.py", line 392, in __subclasshook__
    @classmethod
KeyboardInterrupt
[2021-10-22 17:58:52,777] INFO reaping stray process <SpawnProcess(Dask Worker process (from Nanny), started daemon)>
[2021-10-22 17:58:52,778] INFO reaping stray process <SpawnProcess(Dask Worker process (from Nanny), started daemon)>
[2021-10-22 17:58:52,778] INFO reaping stray process <SpawnProcess(Dask Worker process (from Nanny), started daemon)>
[2021-10-22 17:58:52,778] INFO reaping stray process <SpawnProcess(Dask Worker process (from Nanny), started daemon)>
[2021-10-22 17:58:52,779] INFO reaping stray process <SpawnProcess(Dask Worker process (from Nanny), started daemon)>
[2021-10-22 17:58:52,779] INFO reaping stray process <SpawnProcess(Dask Worker process (from Nanny), started daemon)>
[2021-10-22 17:58:52,779] INFO reaping stray process <SpawnProcess(Dask Worker process (from Nanny), started daemon)>
[2021-10-22 17:58:52,779] INFO reaping stray process <SpawnProcess(Dask Worker process (from Nanny), started daemon)>
[2021-10-22 17:58:52,780] INFO reaping stray process <SpawnProcess(Dask Worker process (from Nanny), started daemon)>
[2021-10-22 17:58:52,781] INFO reaping stray process <SpawnProcess(Dask Worker process (from Nanny), started daemon)>
[2021-10-22 17:58:52,781] INFO reaping stray process <SpawnProcess(Dask Worker process (from Nanny), started daemon)>
[2021-10-22 17:58:52,782] INFO reaping stray process <SpawnProcess(Dask Worker process (from Nanny), started daemon)>
[2021-10-22 17:58:52,782] INFO reaping stray process <SpawnProcess(Dask Worker process (from Nanny), started daemon)>
[2021-10-22 17:58:52,782] INFO reaping stray process <SpawnProcess(Dask Worker process (from Nanny), started daemon)>
[2021-10-22 17:58:52,783] INFO reaping stray process <SpawnProcess(Dask Worker process (from Nanny), started daemon)>
Process Dask Worker process (from Nanny):
ConnectionRefusedError: [Errno 111] Connection refused

The above exception was the direct cause of the following exception:

Traceback (most recent call last):
  File "/groups/scicompsoft/home/ackermand/miniconda3/envs/multiresolution_mesh_creator/lib/python3.7/site-packages/distributed/comm/core.py", line 288, in connect
    timeout=min(intermediate_cap, time_left()),
  File "/groups/scicompsoft/home/ackermand/miniconda3/envs/multiresolution_mesh_creator/lib/python3.7/asyncio/tasks.py", line 442, in wait_for
    return fut.result()
  File "/groups/scicompsoft/home/ackermand/miniconda3/envs/multiresolution_mesh_creator/lib/python3.7/site-packages/distributed/comm/tcp.py", line 403, in connect
    convert_stream_closed_error(self, e)
  File "/groups/scicompsoft/home/ackermand/miniconda3/envs/multiresolution_mesh_creator/lib/python3.7/site-packages/distributed/comm/tcp.py", line 126, in convert_stream_closed_error
    raise CommClosedError(f"in {obj}: {exc.__class__.__name__}: {exc}") from exc
distributed.comm.core.CommClosedError: in <distributed.comm.tcp.TCPConnector object at 0x14d0fbc4f090>: ConnectionRefusedError: [Errno 111] Connection refused

During handling of the above exception, another exception occurred:

Traceback (most recent call last):
  File "/groups/scicompsoft/home/ackermand/miniconda3/envs/multiresolution_mesh_creator/lib/python3.7/multiprocessing/process.py", line 297, in _bootstrap
    self.run()
  File "/groups/scicompsoft/home/ackermand/miniconda3/envs/multiresolution_mesh_creator/lib/python3.7/multiprocessing/process.py", line 99, in run
    self._target(*self._args, **self._kwargs)
  File "/groups/scicompsoft/home/ackermand/miniconda3/envs/multiresolution_mesh_creator/lib/python3.7/site-packages/distributed/process.py", line 191, in _run
    target(*args, **kwargs)
  File "/groups/scicompsoft/home/ackermand/miniconda3/envs/multiresolution_mesh_creator/lib/python3.7/site-packages/distributed/nanny.py", line 904, in _run
    loop.run_sync(do_stop)
  File "/groups/scicompsoft/home/ackermand/miniconda3/envs/multiresolution_mesh_creator/lib/python3.7/site-packages/tornado/ioloop.py", line 524, in run_sync
    self.start()
  File "/groups/scicompsoft/home/ackermand/miniconda3/envs/multiresolution_mesh_creator/lib/python3.7/site-packages/tornado/platform/asyncio.py", line 199, in start
    self.asyncio_loop.run_forever()
  File "/groups/scicompsoft/home/ackermand/miniconda3/envs/multiresolution_mesh_creator/lib/python3.7/asyncio/base_events.py", line 541, in run_forever
    self._run_once()
  File "/groups/scicompsoft/home/ackermand/miniconda3/envs/multiresolution_mesh_creator/lib/python3.7/asyncio/base_events.py", line 1786, in _run_once
    handle._run()
  File "/groups/scicompsoft/home/ackermand/miniconda3/envs/multiresolution_mesh_creator/lib/python3.7/asyncio/events.py", line 88, in _run
    self._context.run(self._callback, *self._args)
  File "/groups/scicompsoft/home/ackermand/miniconda3/envs/multiresolution_mesh_creator/lib/python3.7/site-packages/distributed/comm/core.py", line 308, in connect
    await asyncio.sleep(backoff)
  File "/groups/scicompsoft/home/ackermand/miniconda3/envs/multiresolution_mesh_creator/lib/python3.7/asyncio/tasks.py", line 593, in sleep
    future, result)
  File "/groups/scicompsoft/home/ackermand/miniconda3/envs/multiresolution_mesh_creator/lib/python3.7/asyncio/base_events.py", line 659, in call_later
    timer = self.call_at(self.time() + delay, callback, *args,
  File "/groups/scicompsoft/home/ackermand/miniconda3/envs/multiresolution_mesh_creator/lib/python3.7/asyncio/base_events.py", line 641, in time
    return time.monotonic()
KeyboardInterrupt
[2021-10-22 17:58:52,783] INFO reaping stray process <SpawnProcess(Dask Worker process (from Nanny), started daemon)>
[2021-10-22 17:58:52,783] INFO reaping stray process <SpawnProcess(Dask Worker process (from Nanny), started daemon)>
[2021-10-22 17:58:52,783] INFO reaping stray process <SpawnProcess(Dask Worker process (from Nanny), started daemon)>
[2021-10-22 17:58:52,784] INFO reaping stray process <SpawnProcess(Dask Worker process (from Nanny), started daemon)>
[2021-10-22 17:58:52,784] INFO reaping stray process <SpawnProcess(Dask Worker process (from Nanny), started daemon)>
[2021-10-22 17:58:52,785] INFO reaping stray process <SpawnProcess(Dask Worker process (from Nanny), started daemon)>
[2021-10-22 17:58:52,785] INFO reaping stray process <SpawnProcess(Dask Worker process (from Nanny), started daemon)>
[2021-10-22 17:58:52,787] INFO reaping stray process <SpawnProcess(Dask Worker process (from Nanny), started daemon)>
Error in atexit._run_exitfuncs:
Traceback (most recent call last):
  File "/groups/scicompsoft/home/ackermand/miniconda3/envs/multiresolution_mesh_creator/lib/python3.7/multiprocessing/util.py", line 300, in _run_finalizers
  File "/groups/scicompsoft/home/ackermand/miniconda3/envs/multiresolution_mesh_creator/lib/python3.7/multiprocessing/util.py", line 224, in __call__
    res = self._callback(*self._args, **self._kwargs)
  File "/groups/scicompsoft/home/ackermand/miniconda3/envs/multiresolution_mesh_creator/lib/python3.7/multiprocessing/synchronize.py", line 87, in _cleanup
    sem_unlink(name)
KeyboardInterrupt
/groups/scicompsoft/home/ackermand/miniconda3/envs/multiresolution_mesh_creator/lib/python3.7/multiprocessing/semaphore_tracker.py:144: UserWarning: semaphore_tracker: There appear to be 217 leaked semaphores to clean up at shutdown
  len(cache))
/groups/scicompsoft/home/ackermand/miniconda3/envs/multiresolution_mesh_creator/lib/python3.7/multiprocessing/semaphore_tracker.py:156: UserWarning: semaphore_tracker: '/mp-pg4swhr3': [Errno 2] No such file or directory
  warnings.warn('semaphore_tracker: %r: %s' % (name, e))
