[2021-10-22 17:34:35,497] INFO         Start Nanny at: 'tcp://10.36.107.25:31661'
[2021-10-22 17:34:35,497] INFO         Start Nanny at: 'tcp://10.36.107.25:29651'
[2021-10-22 17:34:35,498] INFO         Start Nanny at: 'tcp://10.36.107.25:29607'
[2021-10-22 17:34:35,498] INFO         Start Nanny at: 'tcp://10.36.107.25:30621'
[2021-10-22 17:34:35,498] INFO         Start Nanny at: 'tcp://10.36.107.25:34497'
[2021-10-22 17:34:35,498] INFO         Start Nanny at: 'tcp://10.36.107.25:36379'
[2021-10-22 17:34:35,498] INFO         Start Nanny at: 'tcp://10.36.107.25:38629'
[2021-10-22 17:34:35,546] INFO         Start Nanny at: 'tcp://10.36.107.25:24669'
[2021-10-22 17:34:35,546] INFO         Start Nanny at: 'tcp://10.36.107.25:38945'
[2021-10-22 17:34:35,547] INFO         Start Nanny at: 'tcp://10.36.107.25:32571'
[2021-10-22 17:34:35,547] INFO         Start Nanny at: 'tcp://10.36.107.25:25567'
[2021-10-22 17:34:35,547] INFO         Start Nanny at: 'tcp://10.36.107.25:27807'
[2021-10-22 17:34:35,547] INFO         Start Nanny at: 'tcp://10.36.107.25:33857'
[2021-10-22 17:34:35,547] INFO         Start Nanny at: 'tcp://10.36.107.25:18963'
[2021-10-22 17:34:35,547] INFO         Start Nanny at: 'tcp://10.36.107.25:23397'
[2021-10-22 17:34:35,592] INFO         Start Nanny at: 'tcp://10.36.107.25:24609'
[2021-10-22 17:34:35,593] INFO         Start Nanny at: 'tcp://10.36.107.25:24635'
[2021-10-22 17:34:35,594] INFO         Start Nanny at: 'tcp://10.36.107.25:36725'
[2021-10-22 17:34:35,597] INFO         Start Nanny at: 'tcp://10.36.107.25:18707'
[2021-10-22 17:34:35,598] INFO         Start Nanny at: 'tcp://10.36.107.25:25103'
[2021-10-22 17:34:35,599] INFO         Start Nanny at: 'tcp://10.36.107.25:21759'
[2021-10-22 17:34:35,599] INFO         Start Nanny at: 'tcp://10.36.107.25:29685'
[2021-10-22 17:34:35,599] INFO         Start Nanny at: 'tcp://10.36.107.25:29705'
[2021-10-22 17:34:35,599] INFO         Start Nanny at: 'tcp://10.36.107.25:26399'
[2021-10-22 17:34:35,599] INFO         Start Nanny at: 'tcp://10.36.107.25:30451'
[2021-10-22 17:34:35,599] INFO         Start Nanny at: 'tcp://10.36.107.25:29657'
[2021-10-22 17:34:35,599] INFO         Start Nanny at: 'tcp://10.36.107.25:31407'
[2021-10-22 17:34:35,600] INFO         Start Nanny at: 'tcp://10.36.107.25:34271'
[2021-10-22 17:34:35,600] INFO         Start Nanny at: 'tcp://10.36.107.25:39769'
[2021-10-22 17:34:35,600] INFO         Start Nanny at: 'tcp://10.36.107.25:25345'
[2021-10-22 17:34:35,600] INFO         Start Nanny at: 'tcp://10.36.107.25:18727'
[2021-10-22 17:34:35,600] INFO         Start Nanny at: 'tcp://10.36.107.25:15769'
[2021-10-22 17:34:35,600] INFO         Start Nanny at: 'tcp://10.36.107.25:39335'
[2021-10-22 17:34:35,725] INFO         Start Nanny at: 'tcp://10.36.107.25:18541'
[2021-10-22 17:34:35,725] INFO         Start Nanny at: 'tcp://10.36.107.25:21219'
[2021-10-22 17:34:35,726] INFO         Start Nanny at: 'tcp://10.36.107.25:23551'
[2021-10-22 17:34:35,726] INFO         Start Nanny at: 'tcp://10.36.107.25:29287'
[2021-10-22 17:34:35,731] INFO         Start Nanny at: 'tcp://10.36.107.25:26727'
[2021-10-22 17:34:35,738] INFO         Start Nanny at: 'tcp://10.36.107.25:25311'
[2021-10-22 17:34:35,740] INFO         Start Nanny at: 'tcp://10.36.107.25:29597'
[2021-10-22 17:34:37,301] INFO Found stale lock file and directory '/groups/scicompsoft/home/ackermand/Programming/multiresolution-mesh-creator/dask-worker-space/worker-s2yjak26', purging
[2021-10-22 17:34:37,307] INFO Found stale lock file and directory '/groups/scicompsoft/home/ackermand/Programming/multiresolution-mesh-creator/dask-worker-space/worker-7vppgk31', purging
[2021-10-22 17:34:37,317] INFO Found stale lock file and directory '/groups/scicompsoft/home/ackermand/Programming/multiresolution-mesh-creator/dask-worker-space/worker-qtg0ic1a', purging
[2021-10-22 17:34:37,327] INFO Found stale lock file and directory '/groups/scicompsoft/home/ackermand/Programming/multiresolution-mesh-creator/dask-worker-space/worker-y8d49k2l', purging
[2021-10-22 17:34:37,339] INFO Found stale lock file and directory '/groups/scicompsoft/home/ackermand/Programming/multiresolution-mesh-creator/dask-worker-space/worker-dogxmppm', purging
[2021-10-22 17:34:37,348] INFO Found stale lock file and directory '/groups/scicompsoft/home/ackermand/Programming/multiresolution-mesh-creator/dask-worker-space/worker-e8l1ikka', purging
[2021-10-22 17:34:37,362] INFO Found stale lock file and directory '/groups/scicompsoft/home/ackermand/Programming/multiresolution-mesh-creator/dask-worker-space/worker-3lnisuds', purging
[2021-10-22 17:34:37,375] INFO Found stale lock file and directory '/groups/scicompsoft/home/ackermand/Programming/multiresolution-mesh-creator/dask-worker-space/worker-l51anva3', purging
[2021-10-22 17:34:37,384] INFO Found stale lock file and directory '/groups/scicompsoft/home/ackermand/Programming/multiresolution-mesh-creator/dask-worker-space/worker-x_24lm46', purging
[2021-10-22 17:34:37,393] INFO Found stale lock file and directory '/groups/scicompsoft/home/ackermand/Programming/multiresolution-mesh-creator/dask-worker-space/worker-uv_8xwt8', purging
[2021-10-22 17:34:37,401] INFO Found stale lock file and directory '/groups/scicompsoft/home/ackermand/Programming/multiresolution-mesh-creator/dask-worker-space/worker-m3r9xa39', purging
[2021-10-22 17:34:37,407] INFO Found stale lock file and directory '/groups/scicompsoft/home/ackermand/Programming/multiresolution-mesh-creator/dask-worker-space/worker-c2df5brd', purging
[2021-10-22 17:34:37,418] INFO Found stale lock file and directory '/groups/scicompsoft/home/ackermand/Programming/multiresolution-mesh-creator/dask-worker-space/worker-cp4bf80s', purging
[2021-10-22 17:34:37,434] INFO Found stale lock file and directory '/groups/scicompsoft/home/ackermand/Programming/multiresolution-mesh-creator/dask-worker-space/worker-vpuzpaos', purging
[2021-10-22 17:34:37,453] INFO Found stale lock file and directory '/groups/scicompsoft/home/ackermand/Programming/multiresolution-mesh-creator/dask-worker-space/worker-9gxbnyk4', purging
[2021-10-22 17:34:37,459] INFO Found stale lock file and directory '/groups/scicompsoft/home/ackermand/Programming/multiresolution-mesh-creator/dask-worker-space/worker-x9chi78d', purging
[2021-10-22 17:34:37,475] INFO Found stale lock file and directory '/groups/scicompsoft/home/ackermand/Programming/multiresolution-mesh-creator/dask-worker-space/worker-5z22sl_j', purging
[2021-10-22 17:34:37,492] INFO Found stale lock file and directory '/groups/scicompsoft/home/ackermand/Programming/multiresolution-mesh-creator/dask-worker-space/worker-w9tkyhwa', purging
[2021-10-22 17:34:37,503] INFO Found stale lock file and directory '/groups/scicompsoft/home/ackermand/Programming/multiresolution-mesh-creator/dask-worker-space/worker-qq5co9v2', purging
[2021-10-22 17:34:37,512] INFO Found stale lock file and directory '/groups/scicompsoft/home/ackermand/Programming/multiresolution-mesh-creator/dask-worker-space/worker-w6ynbtwq', purging
[2021-10-22 17:34:37,521] INFO Found stale lock file and directory '/groups/scicompsoft/home/ackermand/Programming/multiresolution-mesh-creator/dask-worker-space/worker-8f9kerss', purging
[2021-10-22 17:34:37,532] INFO Found stale lock file and directory '/groups/scicompsoft/home/ackermand/Programming/multiresolution-mesh-creator/dask-worker-space/worker-p4dwfs3z', purging
[2021-10-22 17:34:37,542] INFO Found stale lock file and directory '/groups/scicompsoft/home/ackermand/Programming/multiresolution-mesh-creator/dask-worker-space/worker-qrtks6aa', purging
[2021-10-22 17:34:37,549] INFO Found stale lock file and directory '/groups/scicompsoft/home/ackermand/Programming/multiresolution-mesh-creator/dask-worker-space/worker-7vjnwqru', purging
[2021-10-22 17:34:37,557] INFO Found stale lock file and directory '/groups/scicompsoft/home/ackermand/Programming/multiresolution-mesh-creator/dask-worker-space/worker-yvqus3cj', purging
[2021-10-22 17:34:37,566] INFO Found stale lock file and directory '/groups/scicompsoft/home/ackermand/Programming/multiresolution-mesh-creator/dask-worker-space/worker-262g21zm', purging
[2021-10-22 17:34:37,587] INFO Found stale lock file and directory '/groups/scicompsoft/home/ackermand/Programming/multiresolution-mesh-creator/dask-worker-space/worker-cvrcgck8', purging
[2021-10-22 17:34:37,597] INFO Found stale lock file and directory '/groups/scicompsoft/home/ackermand/Programming/multiresolution-mesh-creator/dask-worker-space/worker-qfvui1kl', purging
[2021-10-22 17:34:37,605] INFO Found stale lock file and directory '/groups/scicompsoft/home/ackermand/Programming/multiresolution-mesh-creator/dask-worker-space/worker-pvuc1so8', purging
[2021-10-22 17:34:37,614] INFO Found stale lock file and directory '/groups/scicompsoft/home/ackermand/Programming/multiresolution-mesh-creator/dask-worker-space/worker-mt6ly2se', purging
[2021-10-22 17:34:37,632] INFO Found stale lock file and directory '/groups/scicompsoft/home/ackermand/Programming/multiresolution-mesh-creator/dask-worker-space/worker-73ynfors', purging
[2021-10-22 17:34:37,641] INFO Found stale lock file and directory '/groups/scicompsoft/home/ackermand/Programming/multiresolution-mesh-creator/dask-worker-space/worker-_fufslod', purging
[2021-10-22 17:34:37,649] INFO Found stale lock file and directory '/groups/scicompsoft/home/ackermand/Programming/multiresolution-mesh-creator/dask-worker-space/worker-070w0rvc', purging
[2021-10-22 17:34:37,657] INFO Found stale lock file and directory '/groups/scicompsoft/home/ackermand/Programming/multiresolution-mesh-creator/dask-worker-space/worker-sfhilj5c', purging
[2021-10-22 17:34:37,668] INFO Found stale lock file and directory '/groups/scicompsoft/home/ackermand/Programming/multiresolution-mesh-creator/dask-worker-space/worker-_9pzpqr9', purging
[2021-10-22 17:34:37,679] INFO Found stale lock file and directory '/groups/scicompsoft/home/ackermand/Programming/multiresolution-mesh-creator/dask-worker-space/worker-0krme6gb', purging
[2021-10-22 17:34:37,688] INFO Found stale lock file and directory '/groups/scicompsoft/home/ackermand/Programming/multiresolution-mesh-creator/dask-worker-space/worker-7q18_oex', purging
[2021-10-22 17:34:37,697] INFO Found stale lock file and directory '/groups/scicompsoft/home/ackermand/Programming/multiresolution-mesh-creator/dask-worker-space/worker-fvc7olxt', purging
[2021-10-22 17:34:37,708] INFO Found stale lock file and directory '/groups/scicompsoft/home/ackermand/Programming/multiresolution-mesh-creator/dask-worker-space/worker-5sn0b12v', purging
[2021-10-22 17:34:37,721] INFO Found stale lock file and directory '/groups/scicompsoft/home/ackermand/Programming/multiresolution-mesh-creator/dask-worker-space/worker-cdwrs3wo', purging
[2021-10-22 17:34:38,051] INFO       Start worker at:   tcp://10.36.107.25:18823
[2021-10-22 17:34:38,051] INFO          Listening to:   tcp://10.36.107.25:18823
[2021-10-22 17:34:38,051] INFO          dashboard at:         10.36.107.25:15499
[2021-10-22 17:34:38,051] INFO Waiting to connect to:    tcp://10.36.60.11:33171
[2021-10-22 17:34:38,051] INFO -------------------------------------------------
[2021-10-22 17:34:38,051] INFO       Start worker at:   tcp://10.36.107.25:25289
[2021-10-22 17:34:38,051] INFO       Start worker at:   tcp://10.36.107.25:22787
[2021-10-22 17:34:38,051] INFO          Listening to:   tcp://10.36.107.25:25289
[2021-10-22 17:34:38,051] INFO          Listening to:   tcp://10.36.107.25:22787
[2021-10-22 17:34:38,051] INFO       Start worker at:   tcp://10.36.107.25:31471
[2021-10-22 17:34:38,051] INFO          dashboard at:         10.36.107.25:24339
[2021-10-22 17:34:38,051] INFO          dashboard at:         10.36.107.25:36953
[2021-10-22 17:34:38,051] INFO          Listening to:   tcp://10.36.107.25:31471
[2021-10-22 17:34:38,051] INFO       Start worker at:   tcp://10.36.107.25:15957
[2021-10-22 17:34:38,051] INFO Waiting to connect to:    tcp://10.36.60.11:33171
[2021-10-22 17:34:38,051] INFO Waiting to connect to:    tcp://10.36.60.11:33171
[2021-10-22 17:34:38,051] INFO -------------------------------------------------
[2021-10-22 17:34:38,051] INFO -------------------------------------------------
[2021-10-22 17:34:38,051] INFO          dashboard at:         10.36.107.25:29319
[2021-10-22 17:34:38,051] INFO          Listening to:   tcp://10.36.107.25:15957
[2021-10-22 17:34:38,051] INFO       Start worker at:   tcp://10.36.107.25:33263
[2021-10-22 17:34:38,051] INFO Waiting to connect to:    tcp://10.36.60.11:33171
[2021-10-22 17:34:38,051] INFO          dashboard at:         10.36.107.25:22113
[2021-10-22 17:34:38,051] INFO               Threads:                          1
[2021-10-22 17:34:38,051] INFO               Threads:                          1
[2021-10-22 17:34:38,051] INFO -------------------------------------------------
[2021-10-22 17:34:38,051] INFO Waiting to connect to:    tcp://10.36.60.11:33171
[2021-10-22 17:34:38,051] INFO                Memory:                  16.76 GiB
[2021-10-22 17:34:38,051] INFO                Memory:                  16.76 GiB
[2021-10-22 17:34:38,051] INFO -------------------------------------------------
[2021-10-22 17:34:38,051] INFO       Local Directory: /groups/scicompsoft/home/ackermand/Programming/multiresolution-mesh-creator/dask-worker-space/worker-a9i9y24r
[2021-10-22 17:34:38,051] INFO       Local Directory: /groups/scicompsoft/home/ackermand/Programming/multiresolution-mesh-creator/dask-worker-space/worker-lgtyqfi8
[2021-10-22 17:34:38,051] INFO               Threads:                          1
[2021-10-22 17:34:38,051] INFO                Memory:                  16.76 GiB
[2021-10-22 17:34:38,051] INFO               Threads:                          1
[2021-10-22 17:34:38,051] INFO -------------------------------------------------
[2021-10-22 17:34:38,051] INFO -------------------------------------------------
[2021-10-22 17:34:38,051] INFO          Listening to:   tcp://10.36.107.25:33263
[2021-10-22 17:34:38,051] INFO       Local Directory: /groups/scicompsoft/home/ackermand/Programming/multiresolution-mesh-creator/dask-worker-space/worker-5m_h0bgl
[2021-10-22 17:34:38,051] INFO                Memory:                  16.76 GiB
[2021-10-22 17:34:38,051] INFO       Local Directory: /groups/scicompsoft/home/ackermand/Programming/multiresolution-mesh-creator/dask-worker-space/worker-l4juk51b
[2021-10-22 17:34:38,051] INFO          dashboard at:         10.36.107.25:33363
[2021-10-22 17:34:38,051] INFO -------------------------------------------------
[2021-10-22 17:34:38,051] INFO Waiting to connect to:    tcp://10.36.60.11:33171
[2021-10-22 17:34:38,051] INFO -------------------------------------------------
[2021-10-22 17:34:38,051] INFO -------------------------------------------------
[2021-10-22 17:34:38,051] INFO       Start worker at:   tcp://10.36.107.25:18629
[2021-10-22 17:34:38,051] INFO               Threads:                          1
[2021-10-22 17:34:38,051] INFO                Memory:                  16.76 GiB
[2021-10-22 17:34:38,051] INFO          Listening to:   tcp://10.36.107.25:18629
[2021-10-22 17:34:38,051] INFO       Local Directory: /groups/scicompsoft/home/ackermand/Programming/multiresolution-mesh-creator/dask-worker-space/worker-a6g3pw9q
[2021-10-22 17:34:38,051] INFO          dashboard at:         10.36.107.25:16741
[2021-10-22 17:34:38,051] INFO Waiting to connect to:    tcp://10.36.60.11:33171
[2021-10-22 17:34:38,051] INFO -------------------------------------------------
[2021-10-22 17:34:38,052] INFO -------------------------------------------------
[2021-10-22 17:34:38,052] INFO               Threads:                          1
[2021-10-22 17:34:38,052] INFO                Memory:                  16.76 GiB
[2021-10-22 17:34:38,052] INFO       Local Directory: /groups/scicompsoft/home/ackermand/Programming/multiresolution-mesh-creator/dask-worker-space/worker-o3mqg_x2
[2021-10-22 17:34:38,051] INFO       Start worker at:   tcp://10.36.107.25:36005
[2021-10-22 17:34:38,052] INFO -------------------------------------------------
[2021-10-22 17:34:38,052] INFO       Start worker at:   tcp://10.36.107.25:33711
[2021-10-22 17:34:38,052] INFO          Listening to:   tcp://10.36.107.25:33711
[2021-10-22 17:34:38,052] INFO          dashboard at:         10.36.107.25:37623
[2021-10-22 17:34:38,052] INFO          Listening to:   tcp://10.36.107.25:36005
[2021-10-22 17:34:38,052] INFO Waiting to connect to:    tcp://10.36.60.11:33171
[2021-10-22 17:34:38,052] INFO -------------------------------------------------
[2021-10-22 17:34:38,052] INFO          dashboard at:         10.36.107.25:22783
[2021-10-22 17:34:38,052] INFO       Start worker at:   tcp://10.36.107.25:16205
[2021-10-22 17:34:38,052] INFO Waiting to connect to:    tcp://10.36.60.11:33171
[2021-10-22 17:34:38,052] INFO          Listening to:   tcp://10.36.107.25:16205
[2021-10-22 17:34:38,052] INFO -------------------------------------------------
[2021-10-22 17:34:38,052] INFO          dashboard at:         10.36.107.25:39793
[2021-10-22 17:34:38,052] INFO               Threads:                          1
[2021-10-22 17:34:38,052] INFO Waiting to connect to:    tcp://10.36.60.11:33171
[2021-10-22 17:34:38,052] INFO -------------------------------------------------
[2021-10-22 17:34:38,052] INFO                Memory:                  16.76 GiB
[2021-10-22 17:34:38,052] INFO               Threads:                          1
[2021-10-22 17:34:38,052] INFO       Local Directory: /groups/scicompsoft/home/ackermand/Programming/multiresolution-mesh-creator/dask-worker-space/worker-q7nrntdg
[2021-10-22 17:34:38,052] INFO               Threads:                          1
[2021-10-22 17:34:38,052] INFO                Memory:                  16.76 GiB
[2021-10-22 17:34:38,052] INFO                Memory:                  16.76 GiB
[2021-10-22 17:34:38,052] INFO       Local Directory: /groups/scicompsoft/home/ackermand/Programming/multiresolution-mesh-creator/dask-worker-space/worker-4qc10fux
[2021-10-22 17:34:38,052] INFO       Local Directory: /groups/scicompsoft/home/ackermand/Programming/multiresolution-mesh-creator/dask-worker-space/worker-2hg_fxpt
[2021-10-22 17:34:38,052] INFO -------------------------------------------------
[2021-10-22 17:34:38,052] INFO -------------------------------------------------
[2021-10-22 17:34:38,052] INFO -------------------------------------------------
[2021-10-22 17:34:38,051] INFO               Threads:                          1
[2021-10-22 17:34:38,053] INFO                Memory:                  16.76 GiB
[2021-10-22 17:34:38,051] INFO       Start worker at:   tcp://10.36.107.25:33393
[2021-10-22 17:34:38,053] INFO       Local Directory: /groups/scicompsoft/home/ackermand/Programming/multiresolution-mesh-creator/dask-worker-space/worker-867023hz
[2021-10-22 17:34:38,053] INFO          Listening to:   tcp://10.36.107.25:33393
[2021-10-22 17:34:38,053] INFO -------------------------------------------------
[2021-10-22 17:34:38,053] INFO          dashboard at:         10.36.107.25:26461
[2021-10-22 17:34:38,052] INFO       Start worker at:   tcp://10.36.107.25:26501
[2021-10-22 17:34:38,053] INFO Waiting to connect to:    tcp://10.36.60.11:33171
[2021-10-22 17:34:38,053] INFO -------------------------------------------------
[2021-10-22 17:34:38,053] INFO               Threads:                          1
[2021-10-22 17:34:38,053] INFO                Memory:                  16.76 GiB
[2021-10-22 17:34:38,053] INFO       Local Directory: /groups/scicompsoft/home/ackermand/Programming/multiresolution-mesh-creator/dask-worker-space/worker-zmd16rzl
[2021-10-22 17:34:38,053] INFO          Listening to:   tcp://10.36.107.25:26501
[2021-10-22 17:34:38,053] INFO -------------------------------------------------
[2021-10-22 17:34:38,053] INFO          dashboard at:         10.36.107.25:27941
[2021-10-22 17:34:38,053] INFO Waiting to connect to:    tcp://10.36.60.11:33171
[2021-10-22 17:34:38,053] INFO -------------------------------------------------
[2021-10-22 17:34:38,053] INFO               Threads:                          1
[2021-10-22 17:34:38,053] INFO                Memory:                  16.76 GiB
[2021-10-22 17:34:38,053] INFO       Local Directory: /groups/scicompsoft/home/ackermand/Programming/multiresolution-mesh-creator/dask-worker-space/worker-c1ba5bm5
[2021-10-22 17:34:38,053] INFO -------------------------------------------------
[2021-10-22 17:34:38,053] INFO       Start worker at:   tcp://10.36.107.25:34109
[2021-10-22 17:34:38,053] INFO          Listening to:   tcp://10.36.107.25:34109
[2021-10-22 17:34:38,053] INFO          dashboard at:         10.36.107.25:23307
[2021-10-22 17:34:38,054] INFO Waiting to connect to:    tcp://10.36.60.11:33171
[2021-10-22 17:34:38,054] INFO -------------------------------------------------
[2021-10-22 17:34:38,054] INFO               Threads:                          1
[2021-10-22 17:34:38,054] INFO                Memory:                  16.76 GiB
[2021-10-22 17:34:38,054] INFO       Local Directory: /groups/scicompsoft/home/ackermand/Programming/multiresolution-mesh-creator/dask-worker-space/worker-0dsiex_w
[2021-10-22 17:34:38,054] INFO       Start worker at:   tcp://10.36.107.25:38957
[2021-10-22 17:34:38,054] INFO -------------------------------------------------
[2021-10-22 17:34:38,054] INFO          Listening to:   tcp://10.36.107.25:38957
[2021-10-22 17:34:38,054] INFO          dashboard at:         10.36.107.25:20251
[2021-10-22 17:34:38,054] INFO       Start worker at:   tcp://10.36.107.25:25495
[2021-10-22 17:34:38,054] INFO Waiting to connect to:    tcp://10.36.60.11:33171
[2021-10-22 17:34:38,054] INFO -------------------------------------------------
[2021-10-22 17:34:38,054] INFO       Start worker at:   tcp://10.36.107.25:32841
[2021-10-22 17:34:38,054] INFO               Threads:                          1
[2021-10-22 17:34:38,054] INFO          Listening to:   tcp://10.36.107.25:25495
[2021-10-22 17:34:38,054] INFO          dashboard at:         10.36.107.25:30551
[2021-10-22 17:34:38,054] INFO                Memory:                  16.76 GiB
[2021-10-22 17:34:38,054] INFO Waiting to connect to:    tcp://10.36.60.11:33171
[2021-10-22 17:34:38,054] INFO       Local Directory: /groups/scicompsoft/home/ackermand/Programming/multiresolution-mesh-creator/dask-worker-space/worker-5768qnl5
[2021-10-22 17:34:38,054] INFO -------------------------------------------------
[2021-10-22 17:34:38,054] INFO               Threads:                          1
[2021-10-22 17:34:38,054] INFO -------------------------------------------------
[2021-10-22 17:34:38,054] INFO                Memory:                  16.76 GiB
[2021-10-22 17:34:38,054] INFO          Listening to:   tcp://10.36.107.25:32841
[2021-10-22 17:34:38,054] INFO       Local Directory: /groups/scicompsoft/home/ackermand/Programming/multiresolution-mesh-creator/dask-worker-space/worker-977n_nua
[2021-10-22 17:34:38,054] INFO          dashboard at:         10.36.107.25:28143
[2021-10-22 17:34:38,054] INFO -------------------------------------------------
[2021-10-22 17:34:38,054] INFO Waiting to connect to:    tcp://10.36.60.11:33171
[2021-10-22 17:34:38,054] INFO -------------------------------------------------
[2021-10-22 17:34:38,054] INFO               Threads:                          1
[2021-10-22 17:34:38,055] INFO                Memory:                  16.76 GiB
[2021-10-22 17:34:38,055] INFO       Local Directory: /groups/scicompsoft/home/ackermand/Programming/multiresolution-mesh-creator/dask-worker-space/worker-2livam40
[2021-10-22 17:34:38,055] INFO -------------------------------------------------
[2021-10-22 17:34:38,066] INFO       Start worker at:   tcp://10.36.107.25:34775
[2021-10-22 17:34:38,066] INFO          Listening to:   tcp://10.36.107.25:34775
[2021-10-22 17:34:38,066] INFO          dashboard at:         10.36.107.25:15265
[2021-10-22 17:34:38,066] INFO Waiting to connect to:    tcp://10.36.60.11:33171
[2021-10-22 17:34:38,066] INFO -------------------------------------------------
[2021-10-22 17:34:38,066] INFO               Threads:                          1
[2021-10-22 17:34:38,066] INFO                Memory:                  16.76 GiB
[2021-10-22 17:34:38,066] INFO       Local Directory: /groups/scicompsoft/home/ackermand/Programming/multiresolution-mesh-creator/dask-worker-space/worker-8kw1lk4v
[2021-10-22 17:34:38,066] INFO -------------------------------------------------
[2021-10-22 17:34:38,095] INFO       Start worker at:   tcp://10.36.107.25:29577
[2021-10-22 17:34:38,096] INFO          Listening to:   tcp://10.36.107.25:29577
[2021-10-22 17:34:38,097] INFO          dashboard at:         10.36.107.25:27837
[2021-10-22 17:34:38,097] INFO Waiting to connect to:    tcp://10.36.60.11:33171
[2021-10-22 17:34:38,097] INFO -------------------------------------------------
[2021-10-22 17:34:38,097] INFO               Threads:                          1
[2021-10-22 17:34:38,097] INFO                Memory:                  16.76 GiB
[2021-10-22 17:34:38,097] INFO       Local Directory: /groups/scicompsoft/home/ackermand/Programming/multiresolution-mesh-creator/dask-worker-space/worker-xsuwzskp
[2021-10-22 17:34:38,097] INFO -------------------------------------------------
[2021-10-22 17:34:38,120] INFO       Start worker at:   tcp://10.36.107.25:16537
[2021-10-22 17:34:38,120] INFO          Listening to:   tcp://10.36.107.25:16537
[2021-10-22 17:34:38,120] INFO          dashboard at:         10.36.107.25:21033
[2021-10-22 17:34:38,120] INFO Waiting to connect to:    tcp://10.36.60.11:33171
[2021-10-22 17:34:38,120] INFO -------------------------------------------------
[2021-10-22 17:34:38,120] INFO               Threads:                          1
[2021-10-22 17:34:38,120] INFO                Memory:                  16.76 GiB
[2021-10-22 17:34:38,121] INFO       Local Directory: /groups/scicompsoft/home/ackermand/Programming/multiresolution-mesh-creator/dask-worker-space/worker-n9r0eg92
[2021-10-22 17:34:38,121] INFO -------------------------------------------------
[2021-10-22 17:34:38,120] INFO       Start worker at:   tcp://10.36.107.25:34627
[2021-10-22 17:34:38,121] INFO          Listening to:   tcp://10.36.107.25:34627
[2021-10-22 17:34:38,121] INFO          dashboard at:         10.36.107.25:25347
[2021-10-22 17:34:38,121] INFO Waiting to connect to:    tcp://10.36.60.11:33171
[2021-10-22 17:34:38,121] INFO -------------------------------------------------
[2021-10-22 17:34:38,121] INFO               Threads:                          1
[2021-10-22 17:34:38,121] INFO                Memory:                  16.76 GiB
[2021-10-22 17:34:38,121] INFO       Local Directory: /groups/scicompsoft/home/ackermand/Programming/multiresolution-mesh-creator/dask-worker-space/worker-krcqq_bj
[2021-10-22 17:34:38,121] INFO -------------------------------------------------
[2021-10-22 17:34:38,121] INFO       Start worker at:   tcp://10.36.107.25:35575
[2021-10-22 17:34:38,122] INFO          Listening to:   tcp://10.36.107.25:35575
[2021-10-22 17:34:38,122] INFO          dashboard at:         10.36.107.25:27405
[2021-10-22 17:34:38,122] INFO Waiting to connect to:    tcp://10.36.60.11:33171
[2021-10-22 17:34:38,122] INFO -------------------------------------------------
[2021-10-22 17:34:38,122] INFO               Threads:                          1
[2021-10-22 17:34:38,122] INFO                Memory:                  16.76 GiB
[2021-10-22 17:34:38,122] INFO       Local Directory: /groups/scicompsoft/home/ackermand/Programming/multiresolution-mesh-creator/dask-worker-space/worker-guo86y07
[2021-10-22 17:34:38,122] INFO -------------------------------------------------
[2021-10-22 17:34:38,131] INFO       Start worker at:   tcp://10.36.107.25:36529
[2021-10-22 17:34:38,132] INFO          Listening to:   tcp://10.36.107.25:36529
[2021-10-22 17:34:38,132] INFO          dashboard at:         10.36.107.25:24043
[2021-10-22 17:34:38,132] INFO Waiting to connect to:    tcp://10.36.60.11:33171
[2021-10-22 17:34:38,132] INFO -------------------------------------------------
[2021-10-22 17:34:38,132] INFO               Threads:                          1
[2021-10-22 17:34:38,132] INFO                Memory:                  16.76 GiB
[2021-10-22 17:34:38,132] INFO       Local Directory: /groups/scicompsoft/home/ackermand/Programming/multiresolution-mesh-creator/dask-worker-space/worker-iue0nc4b
[2021-10-22 17:34:38,132] INFO -------------------------------------------------
[2021-10-22 17:34:38,133] INFO       Start worker at:   tcp://10.36.107.25:17065
[2021-10-22 17:34:38,133] INFO          Listening to:   tcp://10.36.107.25:17065
[2021-10-22 17:34:38,133] INFO          dashboard at:         10.36.107.25:30253
[2021-10-22 17:34:38,133] INFO Waiting to connect to:    tcp://10.36.60.11:33171
[2021-10-22 17:34:38,133] INFO -------------------------------------------------
[2021-10-22 17:34:38,133] INFO               Threads:                          1
[2021-10-22 17:34:38,134] INFO                Memory:                  16.76 GiB
[2021-10-22 17:34:38,134] INFO       Local Directory: /groups/scicompsoft/home/ackermand/Programming/multiresolution-mesh-creator/dask-worker-space/worker-r97kvyvt
[2021-10-22 17:34:38,134] INFO -------------------------------------------------
[2021-10-22 17:34:38,137] INFO       Start worker at:   tcp://10.36.107.25:24227
[2021-10-22 17:34:38,137] INFO          Listening to:   tcp://10.36.107.25:24227
[2021-10-22 17:34:38,137] INFO          dashboard at:         10.36.107.25:21287
[2021-10-22 17:34:38,137] INFO Waiting to connect to:    tcp://10.36.60.11:33171
[2021-10-22 17:34:38,137] INFO -------------------------------------------------
[2021-10-22 17:34:38,137] INFO               Threads:                          1
[2021-10-22 17:34:38,138] INFO                Memory:                  16.76 GiB
[2021-10-22 17:34:38,138] INFO       Local Directory: /groups/scicompsoft/home/ackermand/Programming/multiresolution-mesh-creator/dask-worker-space/worker-329ae5u3
[2021-10-22 17:34:38,138] INFO -------------------------------------------------
[2021-10-22 17:34:38,162] INFO       Start worker at:   tcp://10.36.107.25:18347
[2021-10-22 17:34:38,163] INFO          Listening to:   tcp://10.36.107.25:18347
[2021-10-22 17:34:38,163] INFO          dashboard at:         10.36.107.25:38771
[2021-10-22 17:34:38,163] INFO Waiting to connect to:    tcp://10.36.60.11:33171
[2021-10-22 17:34:38,163] INFO -------------------------------------------------
[2021-10-22 17:34:38,163] INFO               Threads:                          1
[2021-10-22 17:34:38,163] INFO                Memory:                  16.76 GiB
[2021-10-22 17:34:38,163] INFO       Local Directory: /groups/scicompsoft/home/ackermand/Programming/multiresolution-mesh-creator/dask-worker-space/worker-rwyjonnn
[2021-10-22 17:34:38,163] INFO -------------------------------------------------
[2021-10-22 17:34:38,165] INFO         Registered to:    tcp://10.36.60.11:33171
[2021-10-22 17:34:38,165] INFO -------------------------------------------------
[2021-10-22 17:34:38,165] INFO Starting established connection
[2021-10-22 17:34:38,171] INFO       Start worker at:   tcp://10.36.107.25:26413
[2021-10-22 17:34:38,171] INFO          Listening to:   tcp://10.36.107.25:26413
[2021-10-22 17:34:38,171] INFO          dashboard at:         10.36.107.25:29713
[2021-10-22 17:34:38,171] INFO Waiting to connect to:    tcp://10.36.60.11:33171
[2021-10-22 17:34:38,171] INFO -------------------------------------------------
[2021-10-22 17:34:38,171] INFO               Threads:                          1
[2021-10-22 17:34:38,171] INFO                Memory:                  16.76 GiB
[2021-10-22 17:34:38,171] INFO       Local Directory: /groups/scicompsoft/home/ackermand/Programming/multiresolution-mesh-creator/dask-worker-space/worker-xg8ddh37
[2021-10-22 17:34:38,171] INFO -------------------------------------------------
[2021-10-22 17:34:38,172] INFO         Registered to:    tcp://10.36.60.11:33171
[2021-10-22 17:34:38,172] INFO -------------------------------------------------
[2021-10-22 17:34:38,173] INFO Starting established connection
[2021-10-22 17:34:38,178] INFO       Start worker at:   tcp://10.36.107.25:21379
[2021-10-22 17:34:38,179] INFO          Listening to:   tcp://10.36.107.25:21379
[2021-10-22 17:34:38,179] INFO          dashboard at:         10.36.107.25:27769
[2021-10-22 17:34:38,179] INFO Waiting to connect to:    tcp://10.36.60.11:33171
[2021-10-22 17:34:38,179] INFO -------------------------------------------------
[2021-10-22 17:34:38,179] INFO               Threads:                          1
[2021-10-22 17:34:38,179] INFO                Memory:                  16.76 GiB
[2021-10-22 17:34:38,179] INFO       Local Directory: /groups/scicompsoft/home/ackermand/Programming/multiresolution-mesh-creator/dask-worker-space/worker-zw66ir6j
[2021-10-22 17:34:38,179] INFO -------------------------------------------------
[2021-10-22 17:34:38,192] INFO       Start worker at:   tcp://10.36.107.25:25025
[2021-10-22 17:34:38,192] INFO          Listening to:   tcp://10.36.107.25:25025
[2021-10-22 17:34:38,192] INFO          dashboard at:         10.36.107.25:15773
[2021-10-22 17:34:38,192] INFO Waiting to connect to:    tcp://10.36.60.11:33171
[2021-10-22 17:34:38,192] INFO       Start worker at:   tcp://10.36.107.25:26197
[2021-10-22 17:34:38,192] INFO -------------------------------------------------
[2021-10-22 17:34:38,192] INFO               Threads:                          1
[2021-10-22 17:34:38,193] INFO                Memory:                  16.76 GiB
[2021-10-22 17:34:38,193] INFO       Local Directory: /groups/scicompsoft/home/ackermand/Programming/multiresolution-mesh-creator/dask-worker-space/worker-ocw_0ss0
[2021-10-22 17:34:38,193] INFO          Listening to:   tcp://10.36.107.25:26197
[2021-10-22 17:34:38,193] INFO          dashboard at:         10.36.107.25:17989
[2021-10-22 17:34:38,193] INFO -------------------------------------------------
[2021-10-22 17:34:38,193] INFO Waiting to connect to:    tcp://10.36.60.11:33171
[2021-10-22 17:34:38,193] INFO -------------------------------------------------
[2021-10-22 17:34:38,193] INFO               Threads:                          1
[2021-10-22 17:34:38,193] INFO                Memory:                  16.76 GiB
[2021-10-22 17:34:38,193] INFO       Local Directory: /groups/scicompsoft/home/ackermand/Programming/multiresolution-mesh-creator/dask-worker-space/worker-817nlr66
[2021-10-22 17:34:38,193] INFO -------------------------------------------------
[2021-10-22 17:34:38,193] INFO       Start worker at:   tcp://10.36.107.25:21049
[2021-10-22 17:34:38,193] INFO          Listening to:   tcp://10.36.107.25:21049
[2021-10-22 17:34:38,193] INFO          dashboard at:         10.36.107.25:36881
[2021-10-22 17:34:38,193] INFO Waiting to connect to:    tcp://10.36.60.11:33171
[2021-10-22 17:34:38,193] INFO -------------------------------------------------
[2021-10-22 17:34:38,193] INFO               Threads:                          1
[2021-10-22 17:34:38,193] INFO                Memory:                  16.76 GiB
[2021-10-22 17:34:38,193] INFO       Local Directory: /groups/scicompsoft/home/ackermand/Programming/multiresolution-mesh-creator/dask-worker-space/worker-w8zlwy4n
[2021-10-22 17:34:38,193] INFO -------------------------------------------------
[2021-10-22 17:34:38,194] INFO       Start worker at:   tcp://10.36.107.25:39193
[2021-10-22 17:34:38,195] INFO          Listening to:   tcp://10.36.107.25:39193
[2021-10-22 17:34:38,195] INFO          dashboard at:         10.36.107.25:24863
[2021-10-22 17:34:38,195] INFO Waiting to connect to:    tcp://10.36.60.11:33171
[2021-10-22 17:34:38,195] INFO -------------------------------------------------
[2021-10-22 17:34:38,195] INFO               Threads:                          1
[2021-10-22 17:34:38,195] INFO                Memory:                  16.76 GiB
[2021-10-22 17:34:38,195] INFO       Local Directory: /groups/scicompsoft/home/ackermand/Programming/multiresolution-mesh-creator/dask-worker-space/worker-4c_m5bl6
[2021-10-22 17:34:38,195] INFO -------------------------------------------------
[2021-10-22 17:34:38,195] INFO       Start worker at:   tcp://10.36.107.25:35305
[2021-10-22 17:34:38,195] INFO          Listening to:   tcp://10.36.107.25:35305
[2021-10-22 17:34:38,195] INFO          dashboard at:         10.36.107.25:36333
[2021-10-22 17:34:38,195] INFO Waiting to connect to:    tcp://10.36.60.11:33171
[2021-10-22 17:34:38,195] INFO -------------------------------------------------
[2021-10-22 17:34:38,195] INFO               Threads:                          1
[2021-10-22 17:34:38,196] INFO                Memory:                  16.76 GiB
[2021-10-22 17:34:38,196] INFO       Local Directory: /groups/scicompsoft/home/ackermand/Programming/multiresolution-mesh-creator/dask-worker-space/worker-t6ah7fql
[2021-10-22 17:34:38,196] INFO -------------------------------------------------
[2021-10-22 17:34:38,196] INFO       Start worker at:   tcp://10.36.107.25:19339
[2021-10-22 17:34:38,206] INFO          Listening to:   tcp://10.36.107.25:19339
[2021-10-22 17:34:38,206] INFO          dashboard at:         10.36.107.25:35059
[2021-10-22 17:34:38,206] INFO Waiting to connect to:    tcp://10.36.60.11:33171
[2021-10-22 17:34:38,206] INFO -------------------------------------------------
[2021-10-22 17:34:38,206] INFO               Threads:                          1
[2021-10-22 17:34:38,206] INFO                Memory:                  16.76 GiB
[2021-10-22 17:34:38,206] INFO       Local Directory: /groups/scicompsoft/home/ackermand/Programming/multiresolution-mesh-creator/dask-worker-space/worker-8k5ricu8
[2021-10-22 17:34:38,206] INFO -------------------------------------------------
[2021-10-22 17:34:38,209] INFO         Registered to:    tcp://10.36.60.11:33171
[2021-10-22 17:34:38,209] INFO -------------------------------------------------
[2021-10-22 17:34:38,210] INFO Starting established connection
[2021-10-22 17:34:38,212] INFO       Start worker at:   tcp://10.36.107.25:27379
[2021-10-22 17:34:38,213] INFO          Listening to:   tcp://10.36.107.25:27379
[2021-10-22 17:34:38,213] INFO          dashboard at:         10.36.107.25:23299
[2021-10-22 17:34:38,213] INFO Waiting to connect to:    tcp://10.36.60.11:33171
[2021-10-22 17:34:38,213] INFO -------------------------------------------------
[2021-10-22 17:34:38,213] INFO               Threads:                          1
[2021-10-22 17:34:38,213] INFO                Memory:                  16.76 GiB
[2021-10-22 17:34:38,213] INFO       Local Directory: /groups/scicompsoft/home/ackermand/Programming/multiresolution-mesh-creator/dask-worker-space/worker-wf3voq_i
[2021-10-22 17:34:38,213] INFO -------------------------------------------------
[2021-10-22 17:34:38,222] INFO         Registered to:    tcp://10.36.60.11:33171
[2021-10-22 17:34:38,222] INFO -------------------------------------------------
[2021-10-22 17:34:38,225] INFO Starting established connection
[2021-10-22 17:34:38,227] INFO         Registered to:    tcp://10.36.60.11:33171
[2021-10-22 17:34:38,228] INFO -------------------------------------------------
[2021-10-22 17:34:38,228] INFO Starting established connection
[2021-10-22 17:34:38,228] INFO         Registered to:    tcp://10.36.60.11:33171
[2021-10-22 17:34:38,229] INFO -------------------------------------------------
[2021-10-22 17:34:38,229] INFO Starting established connection
[2021-10-22 17:34:38,236] INFO         Registered to:    tcp://10.36.60.11:33171
[2021-10-22 17:34:38,236] INFO -------------------------------------------------
[2021-10-22 17:34:38,237] INFO Starting established connection
[2021-10-22 17:34:38,237] INFO         Registered to:    tcp://10.36.60.11:33171
[2021-10-22 17:34:38,237] INFO -------------------------------------------------
[2021-10-22 17:34:38,238] INFO Starting established connection
[2021-10-22 17:34:38,240] INFO       Start worker at:   tcp://10.36.107.25:28191
[2021-10-22 17:34:38,240] INFO          Listening to:   tcp://10.36.107.25:28191
[2021-10-22 17:34:38,240] INFO          dashboard at:         10.36.107.25:20417
[2021-10-22 17:34:38,240] INFO Waiting to connect to:    tcp://10.36.60.11:33171
[2021-10-22 17:34:38,240] INFO -------------------------------------------------
[2021-10-22 17:34:38,240] INFO               Threads:                          1
[2021-10-22 17:34:38,241] INFO                Memory:                  16.76 GiB
[2021-10-22 17:34:38,241] INFO       Local Directory: /groups/scicompsoft/home/ackermand/Programming/multiresolution-mesh-creator/dask-worker-space/worker-rnvngf8r
[2021-10-22 17:34:38,241] INFO -------------------------------------------------
[2021-10-22 17:34:38,246] INFO         Registered to:    tcp://10.36.60.11:33171
[2021-10-22 17:34:38,247] INFO -------------------------------------------------
[2021-10-22 17:34:38,247] INFO Starting established connection
[2021-10-22 17:34:38,254] INFO       Start worker at:   tcp://10.36.107.25:21121
[2021-10-22 17:34:38,254] INFO          Listening to:   tcp://10.36.107.25:21121
[2021-10-22 17:34:38,255] INFO          dashboard at:         10.36.107.25:21767
[2021-10-22 17:34:38,255] INFO Waiting to connect to:    tcp://10.36.60.11:33171
[2021-10-22 17:34:38,255] INFO -------------------------------------------------
[2021-10-22 17:34:38,255] INFO               Threads:                          1
[2021-10-22 17:34:38,255] INFO                Memory:                  16.76 GiB
[2021-10-22 17:34:38,255] INFO       Local Directory: /groups/scicompsoft/home/ackermand/Programming/multiresolution-mesh-creator/dask-worker-space/worker-ork9nscp
[2021-10-22 17:34:38,255] INFO -------------------------------------------------
[2021-10-22 17:34:38,258] INFO         Registered to:    tcp://10.36.60.11:33171
[2021-10-22 17:34:38,258] INFO -------------------------------------------------
[2021-10-22 17:34:38,259] INFO Starting established connection
[2021-10-22 17:34:38,259] INFO         Registered to:    tcp://10.36.60.11:33171
[2021-10-22 17:34:38,259] INFO -------------------------------------------------
[2021-10-22 17:34:38,260] INFO Starting established connection
[2021-10-22 17:34:38,260] INFO       Start worker at:   tcp://10.36.107.25:22431
[2021-10-22 17:34:38,261] INFO          Listening to:   tcp://10.36.107.25:22431
[2021-10-22 17:34:38,261] INFO          dashboard at:         10.36.107.25:17533
[2021-10-22 17:34:38,261] INFO Waiting to connect to:    tcp://10.36.60.11:33171
[2021-10-22 17:34:38,261] INFO -------------------------------------------------
[2021-10-22 17:34:38,261] INFO               Threads:                          1
[2021-10-22 17:34:38,261] INFO                Memory:                  16.76 GiB
[2021-10-22 17:34:38,261] INFO       Local Directory: /groups/scicompsoft/home/ackermand/Programming/multiresolution-mesh-creator/dask-worker-space/worker-y0cgh2cz
[2021-10-22 17:34:38,261] INFO -------------------------------------------------
[2021-10-22 17:34:38,265] INFO         Registered to:    tcp://10.36.60.11:33171
[2021-10-22 17:34:38,265] INFO -------------------------------------------------
[2021-10-22 17:34:38,265] INFO Starting established connection
[2021-10-22 17:34:38,274] INFO         Registered to:    tcp://10.36.60.11:33171
[2021-10-22 17:34:38,274] INFO -------------------------------------------------
[2021-10-22 17:34:38,274] INFO Starting established connection
[2021-10-22 17:34:38,275] INFO         Registered to:    tcp://10.36.60.11:33171
[2021-10-22 17:34:38,275] INFO -------------------------------------------------
[2021-10-22 17:34:38,275] INFO Starting established connection
[2021-10-22 17:34:38,275] INFO         Registered to:    tcp://10.36.60.11:33171
[2021-10-22 17:34:38,275] INFO -------------------------------------------------
[2021-10-22 17:34:38,276] INFO Starting established connection
[2021-10-22 17:34:38,282] INFO         Registered to:    tcp://10.36.60.11:33171
[2021-10-22 17:34:38,282] INFO -------------------------------------------------
[2021-10-22 17:34:38,282] INFO Starting established connection
[2021-10-22 17:34:38,283] INFO         Registered to:    tcp://10.36.60.11:33171
[2021-10-22 17:34:38,283] INFO -------------------------------------------------
[2021-10-22 17:34:38,284] INFO Starting established connection
[2021-10-22 17:34:38,287] INFO       Start worker at:   tcp://10.36.107.25:18169
[2021-10-22 17:34:38,287] INFO          Listening to:   tcp://10.36.107.25:18169
[2021-10-22 17:34:38,287] INFO          dashboard at:         10.36.107.25:27231
[2021-10-22 17:34:38,287] INFO Waiting to connect to:    tcp://10.36.60.11:33171
[2021-10-22 17:34:38,287] INFO -------------------------------------------------
[2021-10-22 17:34:38,287] INFO               Threads:                          1
[2021-10-22 17:34:38,287] INFO                Memory:                  16.76 GiB
[2021-10-22 17:34:38,287] INFO       Local Directory: /groups/scicompsoft/home/ackermand/Programming/multiresolution-mesh-creator/dask-worker-space/worker-whffv34_
[2021-10-22 17:34:38,287] INFO -------------------------------------------------
[2021-10-22 17:34:38,293] INFO       Start worker at:   tcp://10.36.107.25:17369
[2021-10-22 17:34:38,293] INFO          Listening to:   tcp://10.36.107.25:17369
[2021-10-22 17:34:38,293] INFO          dashboard at:         10.36.107.25:33587
[2021-10-22 17:34:38,293] INFO Waiting to connect to:    tcp://10.36.60.11:33171
[2021-10-22 17:34:38,293] INFO -------------------------------------------------
[2021-10-22 17:34:38,293] INFO               Threads:                          1
[2021-10-22 17:34:38,293] INFO                Memory:                  16.76 GiB
[2021-10-22 17:34:38,293] INFO       Local Directory: /groups/scicompsoft/home/ackermand/Programming/multiresolution-mesh-creator/dask-worker-space/worker-xrdnx5b1
[2021-10-22 17:34:38,293] INFO -------------------------------------------------
[2021-10-22 17:34:38,294] INFO         Registered to:    tcp://10.36.60.11:33171
[2021-10-22 17:34:38,294] INFO -------------------------------------------------
[2021-10-22 17:34:38,295] INFO Starting established connection
[2021-10-22 17:34:38,295] INFO         Registered to:    tcp://10.36.60.11:33171
[2021-10-22 17:34:38,295] INFO -------------------------------------------------
[2021-10-22 17:34:38,296] INFO Starting established connection
[2021-10-22 17:34:38,303] INFO         Registered to:    tcp://10.36.60.11:33171
[2021-10-22 17:34:38,303] INFO -------------------------------------------------
[2021-10-22 17:34:38,304] INFO         Registered to:    tcp://10.36.60.11:33171
[2021-10-22 17:34:38,304] INFO -------------------------------------------------
[2021-10-22 17:34:38,305] INFO Starting established connection
[2021-10-22 17:34:38,305] INFO         Registered to:    tcp://10.36.60.11:33171
[2021-10-22 17:34:38,305] INFO -------------------------------------------------
[2021-10-22 17:34:38,306] INFO Starting established connection
[2021-10-22 17:34:38,308] INFO Starting established connection
[2021-10-22 17:34:38,310] INFO         Registered to:    tcp://10.36.60.11:33171
[2021-10-22 17:34:38,311] INFO -------------------------------------------------
[2021-10-22 17:34:38,313] INFO Starting established connection
[2021-10-22 17:34:38,314] INFO         Registered to:    tcp://10.36.60.11:33171
[2021-10-22 17:34:38,314] INFO -------------------------------------------------
[2021-10-22 17:34:38,314] INFO Starting established connection
[2021-10-22 17:34:38,318] INFO         Registered to:    tcp://10.36.60.11:33171
[2021-10-22 17:34:38,318] INFO -------------------------------------------------
[2021-10-22 17:34:38,319] INFO Starting established connection
[2021-10-22 17:34:38,337] INFO         Registered to:    tcp://10.36.60.11:33171
[2021-10-22 17:34:38,338] INFO -------------------------------------------------
[2021-10-22 17:34:38,338] INFO Starting established connection
[2021-10-22 17:34:38,338] INFO         Registered to:    tcp://10.36.60.11:33171
[2021-10-22 17:34:38,339] INFO -------------------------------------------------
[2021-10-22 17:34:38,339] INFO Starting established connection
[2021-10-22 17:34:38,342] INFO         Registered to:    tcp://10.36.60.11:33171
[2021-10-22 17:34:38,342] INFO -------------------------------------------------
[2021-10-22 17:34:38,343] INFO Starting established connection
[2021-10-22 17:34:38,346] INFO         Registered to:    tcp://10.36.60.11:33171
[2021-10-22 17:34:38,346] INFO -------------------------------------------------
[2021-10-22 17:34:38,347] INFO Starting established connection
[2021-10-22 17:34:38,352] INFO         Registered to:    tcp://10.36.60.11:33171
[2021-10-22 17:34:38,352] INFO -------------------------------------------------
[2021-10-22 17:34:38,353] INFO Starting established connection
[2021-10-22 17:34:38,353] INFO         Registered to:    tcp://10.36.60.11:33171
[2021-10-22 17:34:38,353] INFO -------------------------------------------------
[2021-10-22 17:34:38,353] INFO Starting established connection
[2021-10-22 17:34:38,354] INFO         Registered to:    tcp://10.36.60.11:33171
[2021-10-22 17:34:38,354] INFO -------------------------------------------------
[2021-10-22 17:34:38,355] INFO Starting established connection
[2021-10-22 17:34:38,357] INFO       Start worker at:   tcp://10.36.107.25:25081
[2021-10-22 17:34:38,357] INFO          Listening to:   tcp://10.36.107.25:25081
[2021-10-22 17:34:38,358] INFO          dashboard at:         10.36.107.25:19589
[2021-10-22 17:34:38,358] INFO Waiting to connect to:    tcp://10.36.60.11:33171
[2021-10-22 17:34:38,358] INFO -------------------------------------------------
[2021-10-22 17:34:38,358] INFO               Threads:                          1
[2021-10-22 17:34:38,358] INFO                Memory:                  16.76 GiB
[2021-10-22 17:34:38,358] INFO       Local Directory: /groups/scicompsoft/home/ackermand/Programming/multiresolution-mesh-creator/dask-worker-space/worker-dgm7hkmw
[2021-10-22 17:34:38,358] INFO -------------------------------------------------
[2021-10-22 17:34:38,358] INFO         Registered to:    tcp://10.36.60.11:33171
[2021-10-22 17:34:38,359] INFO -------------------------------------------------
[2021-10-22 17:34:38,359] INFO Starting established connection
[2021-10-22 17:34:38,360] INFO         Registered to:    tcp://10.36.60.11:33171
[2021-10-22 17:34:38,361] INFO -------------------------------------------------
[2021-10-22 17:34:38,361] INFO Starting established connection
[2021-10-22 17:34:38,361] INFO         Registered to:    tcp://10.36.60.11:33171
[2021-10-22 17:34:38,361] INFO -------------------------------------------------
[2021-10-22 17:34:38,362] INFO Starting established connection
[2021-10-22 17:34:38,363] INFO         Registered to:    tcp://10.36.60.11:33171
[2021-10-22 17:34:38,364] INFO -------------------------------------------------
[2021-10-22 17:34:38,364] INFO Starting established connection
[2021-10-22 17:34:38,368] INFO         Registered to:    tcp://10.36.60.11:33171
[2021-10-22 17:34:38,368] INFO -------------------------------------------------
[2021-10-22 17:34:38,368] INFO Starting established connection
[2021-10-22 17:34:38,369] INFO         Registered to:    tcp://10.36.60.11:33171
[2021-10-22 17:34:38,369] INFO -------------------------------------------------
[2021-10-22 17:34:38,370] INFO Starting established connection
[2021-10-22 17:34:38,372] INFO         Registered to:    tcp://10.36.60.11:33171
[2021-10-22 17:34:38,372] INFO -------------------------------------------------
[2021-10-22 17:34:38,372] INFO Starting established connection
[2021-10-22 17:34:38,393] INFO         Registered to:    tcp://10.36.60.11:33171
[2021-10-22 17:34:38,393] INFO -------------------------------------------------
[2021-10-22 17:34:38,394] INFO Starting established connection
[2021-10-22 17:34:44,139] INFO full garbage collection released 11.76 MiB from 0 reference cycles (threshold: 9.54 MiB)
[2021-10-22 17:34:46,237] WARNING Compute Failed
Function:  generate_neuroglancer_multires_mesh
args:      ('/groups/cosem/cosem/ackermand/meshesForWebsite/res1decimation0p05/jrc_hela-1/test_simpler_multires/er_seg_d4_a10', 96, '118', [0, 1, 2, 3, 4, 5], '.obj', 256)
kwargs:    {}
Exception: ValueError('not enough values to unpack (expected 2, got 0)')

Process Dask Worker process (from Nanny):
Traceback (most recent call last):
  File "/groups/scicompsoft/home/ackermand/miniconda3/envs/multiresolution_mesh_creator/lib/python3.7/site-packages/distributed/nanny.py", line 897, in _run
    loop.run_sync(run)
  File "/groups/scicompsoft/home/ackermand/miniconda3/envs/multiresolution_mesh_creator/lib/python3.7/site-packages/tornado/ioloop.py", line 524, in run_sync
    self.start()
  File "/groups/scicompsoft/home/ackermand/miniconda3/envs/multiresolution_mesh_creator/lib/python3.7/site-packages/tornado/platform/asyncio.py", line 199, in start
    self.asyncio_loop.run_forever()
  File "/groups/scicompsoft/home/ackermand/miniconda3/envs/multiresolution_mesh_creator/lib/python3.7/asyncio/base_events.py", line 541, in run_forever
    self._run_once()
  File "/groups/scicompsoft/home/ackermand/miniconda3/envs/multiresolution_mesh_creator/lib/python3.7/asyncio/base_events.py", line 1750, in _run_once
    event_list = self._selector.select(timeout)
  File "/groups/scicompsoft/home/ackermand/miniconda3/envs/multiresolution_mesh_creator/lib/python3.7/selectors.py", line 468, in select
    fd_event_list = self._selector.poll(timeout, max_ev)
KeyboardInterrupt

During handling of the above exception, another exception occurred:

Traceback (most recent call last):
  File "/groups/scicompsoft/home/ackermand/miniconda3/envs/multiresolution_mesh_creator/lib/python3.7/multiprocessing/process.py", line 297, in _bootstrap
    self.run()
  File "/groups/scicompsoft/home/ackermand/miniconda3/envs/multiresolution_mesh_creator/lib/python3.7/multiprocessing/process.py", line 99, in run
    self._target(*self._args, **self._kwargs)
  File "/groups/scicompsoft/home/ackermand/miniconda3/envs/multiresolution_mesh_creator/lib/python3.7/site-packages/distributed/process.py", line 191, in _run
    target(*args, **kwargs)
  File "/groups/scicompsoft/home/ackermand/miniconda3/envs/multiresolution_mesh_creator/lib/python3.7/site-packages/distributed/nanny.py", line 904, in _run
    loop.run_sync(do_stop)
  File "/groups/scicompsoft/home/ackermand/miniconda3/envs/multiresolution_mesh_creator/lib/python3.7/site-packages/tornado/ioloop.py", line 524, in run_sync
    self.start()
  File "/groups/scicompsoft/home/ackermand/miniconda3/envs/multiresolution_mesh_creator/lib/python3.7/site-packages/tornado/platform/asyncio.py", line 199, in start
    self.asyncio_loop.run_forever()
  File "/groups/scicompsoft/home/ackermand/miniconda3/envs/multiresolution_mesh_creator/lib/python3.7/asyncio/base_events.py", line 541, in run_forever
    self._run_once()
  File "/groups/scicompsoft/home/ackermand/miniconda3/envs/multiresolution_mesh_creator/lib/python3.7/asyncio/base_events.py", line 1786, in _run_once
    handle._run()
  File "/groups/scicompsoft/home/ackermand/miniconda3/envs/multiresolution_mesh_creator/lib/python3.7/asyncio/events.py", line 88, in _run
    self._context.run(self._callback, *self._args)
  File "/groups/scicompsoft/home/ackermand/miniconda3/envs/multiresolution_mesh_creator/lib/python3.7/site-packages/tornado/ioloop.py", line 741, in _run_callback
    ret = callback()
  File "/groups/scicompsoft/home/ackermand/miniconda3/envs/multiresolution_mesh_creator/lib/python3.7/site-packages/tornado/ioloop.py", line 509, in run
    self.add_future(future_cell[0], lambda future: self.stop())
KeyboardInterrupt
Process Dask Worker process (from Nanny):
Traceback (most recent call last):
  File "/groups/scicompsoft/home/ackermand/miniconda3/envs/multiresolution_mesh_creator/lib/python3.7/site-packages/distributed/nanny.py", line 897, in _run
    loop.run_sync(run)
  File "/groups/scicompsoft/home/ackermand/miniconda3/envs/multiresolution_mesh_creator/lib/python3.7/site-packages/tornado/ioloop.py", line 524, in run_sync
    self.start()
  File "/groups/scicompsoft/home/ackermand/miniconda3/envs/multiresolution_mesh_creator/lib/python3.7/site-packages/tornado/platform/asyncio.py", line 199, in start
    self.asyncio_loop.run_forever()
  File "/groups/scicompsoft/home/ackermand/miniconda3/envs/multiresolution_mesh_creator/lib/python3.7/asyncio/base_events.py", line 541, in run_forever
    self._run_once()
  File "/groups/scicompsoft/home/ackermand/miniconda3/envs/multiresolution_mesh_creator/lib/python3.7/asyncio/base_events.py", line 1750, in _run_once
    event_list = self._selector.select(timeout)
  File "/groups/scicompsoft/home/ackermand/miniconda3/envs/multiresolution_mesh_creator/lib/python3.7/selectors.py", line 468, in select
    fd_event_list = self._selector.poll(timeout, max_ev)
KeyboardInterrupt

During handling of the above exception, another exception occurred:

Traceback (most recent call last):
  File "/groups/scicompsoft/home/ackermand/miniconda3/envs/multiresolution_mesh_creator/lib/python3.7/multiprocessing/process.py", line 297, in _bootstrap
    self.run()
  File "/groups/scicompsoft/home/ackermand/miniconda3/envs/multiresolution_mesh_creator/lib/python3.7/multiprocessing/process.py", line 99, in run
    self._target(*self._args, **self._kwargs)
  File "/groups/scicompsoft/home/ackermand/miniconda3/envs/multiresolution_mesh_creator/lib/python3.7/site-packages/distributed/process.py", line 191, in _run
    target(*args, **kwargs)
  File "/groups/scicompsoft/home/ackermand/miniconda3/envs/multiresolution_mesh_creator/lib/python3.7/site-packages/distributed/nanny.py", line 904, in _run
    loop.run_sync(do_stop)
  File "/groups/scicompsoft/home/ackermand/miniconda3/envs/multiresolution_mesh_creator/lib/python3.7/site-packages/tornado/ioloop.py", line 524, in run_sync
    self.start()
  File "/groups/scicompsoft/home/ackermand/miniconda3/envs/multiresolution_mesh_creator/lib/python3.7/site-packages/tornado/platform/asyncio.py", line 199, in start
    self.asyncio_loop.run_forever()
  File "/groups/scicompsoft/home/ackermand/miniconda3/envs/multiresolution_mesh_creator/lib/python3.7/asyncio/base_events.py", line 541, in run_forever
    self._run_once()
  File "/groups/scicompsoft/home/ackermand/miniconda3/envs/multiresolution_mesh_creator/lib/python3.7/asyncio/base_events.py", line 1786, in _run_once
    handle._run()
  File "/groups/scicompsoft/home/ackermand/miniconda3/envs/multiresolution_mesh_creator/lib/python3.7/asyncio/events.py", line 88, in _run
    self._context.run(self._callback, *self._args)
  File "/groups/scicompsoft/home/ackermand/miniconda3/envs/multiresolution_mesh_creator/lib/python3.7/site-packages/distributed/nanny.py", line 825, in do_stop
    timeout=timeout,
  File "/groups/scicompsoft/home/ackermand/miniconda3/envs/multiresolution_mesh_creator/lib/python3.7/site-packages/distributed/worker.py", line 1234, in close
    logger.info("Stopping worker at %s", self.address)
  File "/groups/scicompsoft/home/ackermand/miniconda3/envs/multiresolution_mesh_creator/lib/python3.7/site-packages/distributed/core.py", line 350, in address
    @property
KeyboardInterrupt
Process Dask Worker process (from Nanny):
Traceback (most recent call last):
  File "/groups/scicompsoft/home/ackermand/miniconda3/envs/multiresolution_mesh_creator/lib/python3.7/site-packages/distributed/nanny.py", line 897, in _run
    loop.run_sync(run)
  File "/groups/scicompsoft/home/ackermand/miniconda3/envs/multiresolution_mesh_creator/lib/python3.7/site-packages/tornado/ioloop.py", line 524, in run_sync
    self.start()
  File "/groups/scicompsoft/home/ackermand/miniconda3/envs/multiresolution_mesh_creator/lib/python3.7/site-packages/tornado/platform/asyncio.py", line 199, in start
    self.asyncio_loop.run_forever()
  File "/groups/scicompsoft/home/ackermand/miniconda3/envs/multiresolution_mesh_creator/lib/python3.7/asyncio/base_events.py", line 541, in run_forever
    self._run_once()
  File "/groups/scicompsoft/home/ackermand/miniconda3/envs/multiresolution_mesh_creator/lib/python3.7/asyncio/base_events.py", line 1750, in _run_once
    event_list = self._selector.select(timeout)
  File "/groups/scicompsoft/home/ackermand/miniconda3/envs/multiresolution_mesh_creator/lib/python3.7/selectors.py", line 468, in select
    fd_event_list = self._selector.poll(timeout, max_ev)
KeyboardInterrupt

During handling of the above exception, another exception occurred:

Traceback (most recent call last):
  File "/groups/scicompsoft/home/ackermand/miniconda3/envs/multiresolution_mesh_creator/lib/python3.7/multiprocessing/process.py", line 297, in _bootstrap
    self.run()
  File "/groups/scicompsoft/home/ackermand/miniconda3/envs/multiresolution_mesh_creator/lib/python3.7/multiprocessing/process.py", line 99, in run
    self._target(*self._args, **self._kwargs)
  File "/groups/scicompsoft/home/ackermand/miniconda3/envs/multiresolution_mesh_creator/lib/python3.7/site-packages/distributed/process.py", line 191, in _run
    target(*args, **kwargs)
  File "/groups/scicompsoft/home/ackermand/miniconda3/envs/multiresolution_mesh_creator/lib/python3.7/site-packages/distributed/nanny.py", line 904, in _run
    loop.run_sync(do_stop)
  File "/groups/scicompsoft/home/ackermand/miniconda3/envs/multiresolution_mesh_creator/lib/python3.7/site-packages/tornado/ioloop.py", line 524, in run_sync
    self.start()
  File "/groups/scicompsoft/home/ackermand/miniconda3/envs/multiresolution_mesh_creator/lib/python3.7/site-packages/tornado/platform/asyncio.py", line 199, in start
    self.asyncio_loop.run_forever()
  File "/groups/scicompsoft/home/ackermand/miniconda3/envs/multiresolution_mesh_creator/lib/python3.7/asyncio/base_events.py", line 541, in run_forever
    self._run_once()
  File "/groups/scicompsoft/home/ackermand/miniconda3/envs/multiresolution_mesh_creator/lib/python3.7/asyncio/base_events.py", line 1786, in _run_once
    handle._run()
  File "/groups/scicompsoft/home/ackermand/miniconda3/envs/multiresolution_mesh_creator/lib/python3.7/asyncio/events.py", line 88, in _run
    self._context.run(self._callback, *self._args)
  File "/groups/scicompsoft/home/ackermand/miniconda3/envs/multiresolution_mesh_creator/lib/python3.7/site-packages/tornado/ioloop.py", line 741, in _run_callback
    ret = callback()
  File "/groups/scicompsoft/home/ackermand/miniconda3/envs/multiresolution_mesh_creator/lib/python3.7/site-packages/tornado/ioloop.py", line 496, in run
    result = convert_yielded(result)
  File "/groups/scicompsoft/home/ackermand/miniconda3/envs/multiresolution_mesh_creator/lib/python3.7/functools.py", line 840, in wrapper
    return dispatch(args[0].__class__)(*args, **kw)
  File "/groups/scicompsoft/home/ackermand/miniconda3/envs/multiresolution_mesh_creator/lib/python3.7/site-packages/tornado/gen.py", line 867, in convert_yielded
    return _wrap_awaitable(yielded)  # type: ignore
  File "/groups/scicompsoft/home/ackermand/miniconda3/envs/multiresolution_mesh_creator/lib/python3.7/asyncio/tasks.py", line 605, in ensure_future
    if coroutines.iscoroutine(coro_or_future):
KeyboardInterrupt
/groups/scicompsoft/home/ackermand/miniconda3/envs/multiresolution_mesh_creator/lib/python3.7/multiprocessing/process.py:313: RuntimeWarning: coroutine 'WorkerProcess._run.<locals>.do_stop' was never awaited
  traceback.print_exc()
Process Dask Worker process (from Nanny):
Traceback (most recent call last):
  File "/groups/scicompsoft/home/ackermand/miniconda3/envs/multiresolution_mesh_creator/lib/python3.7/site-packages/distributed/nanny.py", line 897, in _run
    loop.run_sync(run)
  File "/groups/scicompsoft/home/ackermand/miniconda3/envs/multiresolution_mesh_creator/lib/python3.7/site-packages/tornado/ioloop.py", line 524, in run_sync
    self.start()
  File "/groups/scicompsoft/home/ackermand/miniconda3/envs/multiresolution_mesh_creator/lib/python3.7/site-packages/tornado/platform/asyncio.py", line 199, in start
    self.asyncio_loop.run_forever()
  File "/groups/scicompsoft/home/ackermand/miniconda3/envs/multiresolution_mesh_creator/lib/python3.7/asyncio/base_events.py", line 541, in run_forever
    self._run_once()
  File "/groups/scicompsoft/home/ackermand/miniconda3/envs/multiresolution_mesh_creator/lib/python3.7/asyncio/base_events.py", line 1750, in _run_once
    event_list = self._selector.select(timeout)
  File "/groups/scicompsoft/home/ackermand/miniconda3/envs/multiresolution_mesh_creator/lib/python3.7/selectors.py", line 468, in select
    fd_event_list = self._selector.poll(timeout, max_ev)
KeyboardInterrupt

During handling of the above exception, another exception occurred:

Traceback (most recent call last):
  File "/groups/scicompsoft/home/ackermand/miniconda3/envs/multiresolution_mesh_creator/lib/python3.7/multiprocessing/process.py", line 297, in _bootstrap
    self.run()
  File "/groups/scicompsoft/home/ackermand/miniconda3/envs/multiresolution_mesh_creator/lib/python3.7/multiprocessing/process.py", line 99, in run
    self._target(*self._args, **self._kwargs)
  File "/groups/scicompsoft/home/ackermand/miniconda3/envs/multiresolution_mesh_creator/lib/python3.7/site-packages/distributed/process.py", line 191, in _run
    target(*args, **kwargs)
  File "/groups/scicompsoft/home/ackermand/miniconda3/envs/multiresolution_mesh_creator/lib/python3.7/site-packages/distributed/nanny.py", line 904, in _run
    loop.run_sync(do_stop)
  File "/groups/scicompsoft/home/ackermand/miniconda3/envs/multiresolution_mesh_creator/lib/python3.7/site-packages/tornado/ioloop.py", line 524, in run_sync
    self.start()
  File "/groups/scicompsoft/home/ackermand/miniconda3/envs/multiresolution_mesh_creator/lib/python3.7/site-packages/tornado/platform/asyncio.py", line 199, in start
    self.asyncio_loop.run_forever()
  File "/groups/scicompsoft/home/ackermand/miniconda3/envs/multiresolution_mesh_creator/lib/python3.7/asyncio/base_events.py", line 541, in run_forever
    self._run_once()
  File "/groups/scicompsoft/home/ackermand/miniconda3/envs/multiresolution_mesh_creator/lib/python3.7/asyncio/base_events.py", line 1786, in _run_once
    handle._run()
  File "/groups/scicompsoft/home/ackermand/miniconda3/envs/multiresolution_mesh_creator/lib/python3.7/asyncio/events.py", line 88, in _run
    self._context.run(self._callback, *self._args)
  File "/groups/scicompsoft/home/ackermand/miniconda3/envs/multiresolution_mesh_creator/lib/python3.7/site-packages/tornado/ioloop.py", line 741, in _run_callback
    ret = callback()
  File "/groups/scicompsoft/home/ackermand/miniconda3/envs/multiresolution_mesh_creator/lib/python3.7/site-packages/tornado/ioloop.py", line 496, in run
    result = convert_yielded(result)
  File "/groups/scicompsoft/home/ackermand/miniconda3/envs/multiresolution_mesh_creator/lib/python3.7/functools.py", line 840, in wrapper
    return dispatch(args[0].__class__)(*args, **kw)
  File "/groups/scicompsoft/home/ackermand/miniconda3/envs/multiresolution_mesh_creator/lib/python3.7/site-packages/tornado/gen.py", line 867, in convert_yielded
    return _wrap_awaitable(yielded)  # type: ignore
  File "/groups/scicompsoft/home/ackermand/miniconda3/envs/multiresolution_mesh_creator/lib/python3.7/asyncio/tasks.py", line 605, in ensure_future
    if coroutines.iscoroutine(coro_or_future):
KeyboardInterrupt
/groups/scicompsoft/home/ackermand/miniconda3/envs/multiresolution_mesh_creator/lib/python3.7/multiprocessing/process.py:313: RuntimeWarning: coroutine 'WorkerProcess._run.<locals>.do_stop' was never awaited
  traceback.print_exc()
/groups/scicompsoft/home/ackermand/miniconda3/envs/multiresolution_mesh_creator/lib/python3.7/site-packages/distributed/cli/dask_worker.py:430: RuntimeWarning: coroutine 'Nanny.close' was never awaited
  await asyncio.gather(*[n.close(timeout=2) for n in nannies])
RuntimeWarning: Enable tracemalloc to get the object allocation traceback
[2021-10-22 17:34:46,353] INFO End worker
[2021-10-22 17:34:46,354] INFO reaping stray process <SpawnProcess(Dask Worker process (from Nanny), started daemon)>
[2021-10-22 17:34:46,355] INFO reaping stray process <SpawnProcess(Dask Worker process (from Nanny), started daemon)>
[2021-10-22 17:34:46,356] INFO reaping stray process <SpawnProcess(Dask Worker process (from Nanny), started daemon)>
[2021-10-22 17:34:46,356] INFO reaping stray process <SpawnProcess(Dask Worker process (from Nanny), started daemon)>
[2021-10-22 17:34:46,356] INFO reaping stray process <SpawnProcess(Dask Worker process (from Nanny), started daemon)>
[2021-10-22 17:34:46,356] INFO reaping stray process <SpawnProcess(Dask Worker process (from Nanny), started daemon)>
[2021-10-22 17:34:46,356] INFO reaping stray process <SpawnProcess(Dask Worker process (from Nanny), started daemon)>
[2021-10-22 17:34:46,356] INFO reaping stray process <SpawnProcess(Dask Worker process (from Nanny), started daemon)>
[2021-10-22 17:34:46,357] INFO reaping stray process <SpawnProcess(Dask Worker process (from Nanny), started daemon)>
[2021-10-22 17:34:46,357] INFO reaping stray process <SpawnProcess(Dask Worker process (from Nanny), started daemon)>
[2021-10-22 17:34:46,357] INFO reaping stray process <SpawnProcess(Dask Worker process (from Nanny), started daemon)>
[2021-10-22 17:34:46,357] INFO reaping stray process <SpawnProcess(Dask Worker process (from Nanny), started daemon)>
[2021-10-22 17:34:46,357] INFO reaping stray process <SpawnProcess(Dask Worker process (from Nanny), started daemon)>
[2021-10-22 17:34:46,357] INFO reaping stray process <SpawnProcess(Dask Worker process (from Nanny), started daemon)>
[2021-10-22 17:34:46,357] INFO reaping stray process <SpawnProcess(Dask Worker process (from Nanny), started daemon)>
[2021-10-22 17:34:46,357] INFO reaping stray process <SpawnProcess(Dask Worker process (from Nanny), started daemon)>
[2021-10-22 17:34:46,357] INFO reaping stray process <SpawnProcess(Dask Worker process (from Nanny), started daemon)>
[2021-10-22 17:34:46,357] INFO reaping stray process <SpawnProcess(Dask Worker process (from Nanny), started daemon)>
[2021-10-22 17:34:46,357] INFO reaping stray process <SpawnProcess(Dask Worker process (from Nanny), started daemon)>
[2021-10-22 17:34:46,358] INFO reaping stray process <SpawnProcess(Dask Worker process (from Nanny), started daemon)>
[2021-10-22 17:34:46,358] INFO reaping stray process <SpawnProcess(Dask Worker process (from Nanny), started daemon)>
[2021-10-22 17:34:46,358] INFO reaping stray process <SpawnProcess(Dask Worker process (from Nanny), started daemon)>
[2021-10-22 17:34:46,358] INFO reaping stray process <SpawnProcess(Dask Worker process (from Nanny), started daemon)>
[2021-10-22 17:34:46,358] INFO reaping stray process <SpawnProcess(Dask Worker process (from Nanny), started daemon)>
[2021-10-22 17:34:46,358] INFO reaping stray process <SpawnProcess(Dask Worker process (from Nanny), started daemon)>
[2021-10-22 17:34:46,358] INFO reaping stray process <SpawnProcess(Dask Worker process (from Nanny), started daemon)>
[2021-10-22 17:34:46,358] INFO reaping stray process <SpawnProcess(Dask Worker process (from Nanny), started daemon)>
[2021-10-22 17:34:46,358] INFO reaping stray process <SpawnProcess(Dask Worker process (from Nanny), started daemon)>
[2021-10-22 17:34:46,358] INFO reaping stray process <SpawnProcess(Dask Worker process (from Nanny), started daemon)>
[2021-10-22 17:34:46,358] INFO reaping stray process <SpawnProcess(Dask Worker process (from Nanny), started daemon)>
[2021-10-22 17:34:46,359] INFO reaping stray process <SpawnProcess(Dask Worker process (from Nanny), started daemon)>
[2021-10-22 17:34:46,359] INFO reaping stray process <SpawnProcess(Dask Worker process (from Nanny), started daemon)>
[2021-10-22 17:34:46,359] INFO reaping stray process <SpawnProcess(Dask Worker process (from Nanny), started daemon)>
[2021-10-22 17:34:46,359] INFO reaping stray process <SpawnProcess(Dask Worker process (from Nanny), started daemon)>
[2021-10-22 17:34:46,359] INFO reaping stray process <SpawnProcess(Dask Worker process (from Nanny), started daemon)>
[2021-10-22 17:34:46,359] INFO reaping stray process <SpawnProcess(Dask Worker process (from Nanny), started daemon)>
[2021-10-22 17:34:46,359] INFO reaping stray process <SpawnProcess(Dask Worker process (from Nanny), started daemon)>
[2021-10-22 17:34:46,359] INFO reaping stray process <SpawnProcess(Dask Worker process (from Nanny), started daemon)>
[2021-10-22 17:34:46,359] INFO reaping stray process <SpawnProcess(Dask Worker process (from Nanny), started daemon)>
[2021-10-22 17:34:46,360] INFO reaping stray process <SpawnProcess(Dask Worker process (from Nanny), started daemon)>
Error in atexit._run_exitfuncs:
Traceback (most recent call last):
  File "/groups/scicompsoft/home/ackermand/miniconda3/envs/multiresolution_mesh_creator/lib/python3.7/multiprocessing/popen_fork.py", line 28, in poll
KeyboardInterrupt
