[2021-10-22 18:02:34,702] INFO Closing Nanny at 'tcp://10.36.60.15:18231'
[2021-10-22 18:02:34,703] INFO Closing Nanny at 'tcp://10.36.60.15:27367'
[2021-10-22 18:02:34,703] INFO Closing Nanny at 'tcp://10.36.60.15:36217'
[2021-10-22 18:02:34,703] INFO Closing Nanny at 'tcp://10.36.60.15:31185'
[2021-10-22 18:02:34,703] INFO Closing Nanny at 'tcp://10.36.60.15:16727'
[2021-10-22 18:02:34,704] INFO Closing Nanny at 'tcp://10.36.60.15:28065'
[2021-10-22 18:02:34,704] INFO Closing Nanny at 'tcp://10.36.60.15:16557'
[2021-10-22 18:02:34,704] INFO Closing Nanny at 'tcp://10.36.60.15:18107'
[2021-10-22 18:02:34,704] INFO Closing Nanny at 'tcp://10.36.60.15:36133'
[2021-10-22 18:02:34,704] INFO Closing Nanny at 'tcp://10.36.60.15:32851'
[2021-10-22 18:02:34,704] INFO Closing Nanny at 'tcp://10.36.60.15:36419'
[2021-10-22 18:02:34,704] INFO Closing Nanny at 'tcp://10.36.60.15:18957'
[2021-10-22 18:02:34,705] INFO Closing Nanny at 'tcp://10.36.60.15:24489'
[2021-10-22 18:02:34,705] INFO Closing Nanny at 'tcp://10.36.60.15:23437'
[2021-10-22 18:02:34,705] INFO Closing Nanny at 'tcp://10.36.60.15:25473'
[2021-10-22 18:02:34,705] INFO Closing Nanny at 'tcp://10.36.60.15:25045'
[2021-10-22 18:02:34,705] INFO Closing Nanny at 'tcp://10.36.60.15:35371'
[2021-10-22 18:02:34,705] INFO Closing Nanny at 'tcp://10.36.60.15:30871'
[2021-10-22 18:02:34,705] INFO Closing Nanny at 'tcp://10.36.60.15:39741'
[2021-10-22 18:02:34,706] INFO Closing Nanny at 'tcp://10.36.60.15:31275'
[2021-10-22 18:02:34,706] INFO Closing Nanny at 'tcp://10.36.60.15:32889'
[2021-10-22 18:02:34,706] INFO Closing Nanny at 'tcp://10.36.60.15:36849'
[2021-10-22 18:02:34,706] INFO Closing Nanny at 'tcp://10.36.60.15:16469'
[2021-10-22 18:02:34,706] INFO Closing Nanny at 'tcp://10.36.60.15:39923'
[2021-10-22 18:02:34,706] INFO Closing Nanny at 'tcp://10.36.60.15:31111'
[2021-10-22 18:02:34,706] INFO Closing Nanny at 'tcp://10.36.60.15:26079'
[2021-10-22 18:02:34,707] INFO Closing Nanny at 'tcp://10.36.60.15:21803'
[2021-10-22 18:02:34,707] INFO Closing Nanny at 'tcp://10.36.60.15:23213'
[2021-10-22 18:02:34,707] INFO Closing Nanny at 'tcp://10.36.60.15:36413'
[2021-10-22 18:02:34,707] INFO Closing Nanny at 'tcp://10.36.60.15:27037'
[2021-10-22 18:02:34,707] INFO Closing Nanny at 'tcp://10.36.60.15:37101'
[2021-10-22 18:02:34,707] INFO Closing Nanny at 'tcp://10.36.60.15:23741'
[2021-10-22 18:02:34,707] INFO Closing Nanny at 'tcp://10.36.60.15:17699'
[2021-10-22 18:02:34,708] INFO Closing Nanny at 'tcp://10.36.60.15:26489'
[2021-10-22 18:02:34,708] INFO Closing Nanny at 'tcp://10.36.60.15:32981'
[2021-10-22 18:02:34,708] INFO Closing Nanny at 'tcp://10.36.60.15:28217'
[2021-10-22 18:02:34,708] INFO Closing Nanny at 'tcp://10.36.60.15:38967'
[2021-10-22 18:02:34,708] INFO Closing Nanny at 'tcp://10.36.60.15:39413'
[2021-10-22 18:02:34,708] INFO Closing Nanny at 'tcp://10.36.60.15:34305'
[2021-10-22 18:02:34,708] INFO Closing Nanny at 'tcp://10.36.60.15:18159'
[2021-10-22 18:02:34,709] INFO End worker
Traceback (most recent call last):
  File "/groups/scicompsoft/home/ackermand/miniconda3/envs/multiresolution_mesh_creator/lib/python3.7/site-packages/distributed/comm/core.py", line 321, in connect
    handshake = await asyncio.wait_for(comm.read(), time_left())
  File "/groups/scicompsoft/home/ackermand/miniconda3/envs/multiresolution_mesh_creator/lib/python3.7/asyncio/tasks.py", line 449, in wait_for
    raise futures.TimeoutError()
concurrent.futures._base.TimeoutError

The above exception was the direct cause of the following exception:

Traceback (most recent call last):
  File "/groups/scicompsoft/home/ackermand/miniconda3/envs/multiresolution_mesh_creator/lib/python3.7/site-packages/distributed/core.py", line 273, in _
    await asyncio.wait_for(self.start(), timeout=timeout)
  File "/groups/scicompsoft/home/ackermand/miniconda3/envs/multiresolution_mesh_creator/lib/python3.7/asyncio/tasks.py", line 442, in wait_for
    return fut.result()
  File "/groups/scicompsoft/home/ackermand/miniconda3/envs/multiresolution_mesh_creator/lib/python3.7/site-packages/distributed/nanny.py", line 311, in start
    msg = await self.scheduler.register_nanny()
  File "/groups/scicompsoft/home/ackermand/miniconda3/envs/multiresolution_mesh_creator/lib/python3.7/site-packages/distributed/core.py", line 863, in send_recv_from_rpc
    comm = await self.pool.connect(self.addr)
  File "/groups/scicompsoft/home/ackermand/miniconda3/envs/multiresolution_mesh_creator/lib/python3.7/site-packages/distributed/core.py", line 1051, in connect
    raise exc
  File "/groups/scicompsoft/home/ackermand/miniconda3/envs/multiresolution_mesh_creator/lib/python3.7/site-packages/distributed/core.py", line 1035, in connect
    comm = await fut
  File "/groups/scicompsoft/home/ackermand/miniconda3/envs/multiresolution_mesh_creator/lib/python3.7/site-packages/distributed/comm/core.py", line 328, in connect
    ) from exc
OSError: Timed out during handshake while connecting to tcp://10.36.60.11:31611 after 30 s

During handling of the above exception, another exception occurred:

Traceback (most recent call last):
  File "/groups/scicompsoft/home/ackermand/miniconda3/envs/multiresolution_mesh_creator/lib/python3.7/runpy.py", line 193, in _run_module_as_main
    "__main__", mod_spec)
  File "/groups/scicompsoft/home/ackermand/miniconda3/envs/multiresolution_mesh_creator/lib/python3.7/runpy.py", line 85, in _run_code
    exec(code, run_globals)
  File "/groups/scicompsoft/home/ackermand/miniconda3/envs/multiresolution_mesh_creator/lib/python3.7/site-packages/distributed/cli/dask_worker.py", line 466, in <module>
    go()
  File "/groups/scicompsoft/home/ackermand/miniconda3/envs/multiresolution_mesh_creator/lib/python3.7/site-packages/distributed/cli/dask_worker.py", line 462, in go
    main()
  File "/groups/scicompsoft/home/ackermand/miniconda3/envs/multiresolution_mesh_creator/lib/python3.7/site-packages/click/core.py", line 1137, in __call__
    return self.main(*args, **kwargs)
  File "/groups/scicompsoft/home/ackermand/miniconda3/envs/multiresolution_mesh_creator/lib/python3.7/site-packages/click/core.py", line 1062, in main
    rv = self.invoke(ctx)
  File "/groups/scicompsoft/home/ackermand/miniconda3/envs/multiresolution_mesh_creator/lib/python3.7/site-packages/click/core.py", line 1404, in invoke
    return ctx.invoke(self.callback, **ctx.params)
  File "/groups/scicompsoft/home/ackermand/miniconda3/envs/multiresolution_mesh_creator/lib/python3.7/site-packages/click/core.py", line 763, in invoke
    return __callback(*args, **kwargs)
  File "/groups/scicompsoft/home/ackermand/miniconda3/envs/multiresolution_mesh_creator/lib/python3.7/site-packages/distributed/cli/dask_worker.py", line 448, in main
    loop.run_sync(run)
  File "/groups/scicompsoft/home/ackermand/miniconda3/envs/multiresolution_mesh_creator/lib/python3.7/site-packages/tornado/ioloop.py", line 530, in run_sync
    return future_cell[0].result()
  File "/groups/scicompsoft/home/ackermand/miniconda3/envs/multiresolution_mesh_creator/lib/python3.7/site-packages/distributed/cli/dask_worker.py", line 442, in run
    await asyncio.gather(*nannies)
  File "/groups/scicompsoft/home/ackermand/miniconda3/envs/multiresolution_mesh_creator/lib/python3.7/asyncio/tasks.py", line 630, in _wrap_awaitable
    return (yield from awaitable.__await__())
  File "/groups/scicompsoft/home/ackermand/miniconda3/envs/multiresolution_mesh_creator/lib/python3.7/site-packages/distributed/core.py", line 279, in _
    type(self).__name__, timeout
concurrent.futures._base.TimeoutError: Nanny failed to start in 60 seconds
