[2021-10-22 18:23:26,493] INFO         Start Nanny at: 'tcp://10.36.60.33:26661'
[2021-10-22 18:23:26,509] INFO         Start Nanny at: 'tcp://10.36.60.33:24383'
[2021-10-22 18:23:26,513] INFO         Start Nanny at: 'tcp://10.36.60.33:32921'
[2021-10-22 18:23:26,514] INFO         Start Nanny at: 'tcp://10.36.60.33:23839'
[2021-10-22 18:23:26,514] INFO         Start Nanny at: 'tcp://10.36.60.33:35463'
[2021-10-22 18:23:26,514] INFO         Start Nanny at: 'tcp://10.36.60.33:23257'
[2021-10-22 18:23:26,514] INFO         Start Nanny at: 'tcp://10.36.60.33:16545'
[2021-10-22 18:23:26,514] INFO         Start Nanny at: 'tcp://10.36.60.33:29601'
[2021-10-22 18:23:26,515] INFO         Start Nanny at: 'tcp://10.36.60.33:15881'
[2021-10-22 18:23:26,558] INFO         Start Nanny at: 'tcp://10.36.60.33:22775'
[2021-10-22 18:23:26,559] INFO         Start Nanny at: 'tcp://10.36.60.33:36651'
[2021-10-22 18:23:26,560] INFO         Start Nanny at: 'tcp://10.36.60.33:33715'
[2021-10-22 18:23:26,561] INFO         Start Nanny at: 'tcp://10.36.60.33:27407'
[2021-10-22 18:23:26,561] INFO         Start Nanny at: 'tcp://10.36.60.33:26869'
[2021-10-22 18:23:26,566] INFO         Start Nanny at: 'tcp://10.36.60.33:37299'
[2021-10-22 18:23:26,567] INFO         Start Nanny at: 'tcp://10.36.60.33:23099'
[2021-10-22 18:23:26,567] INFO         Start Nanny at: 'tcp://10.36.60.33:23083'
[2021-10-22 18:23:26,568] INFO         Start Nanny at: 'tcp://10.36.60.33:29567'
[2021-10-22 18:23:26,568] INFO         Start Nanny at: 'tcp://10.36.60.33:33997'
[2021-10-22 18:23:26,568] INFO         Start Nanny at: 'tcp://10.36.60.33:39209'
[2021-10-22 18:23:26,568] INFO         Start Nanny at: 'tcp://10.36.60.33:19883'
[2021-10-22 18:23:26,568] INFO         Start Nanny at: 'tcp://10.36.60.33:17653'
[2021-10-22 18:23:26,568] INFO         Start Nanny at: 'tcp://10.36.60.33:21433'
[2021-10-22 18:23:26,569] INFO         Start Nanny at: 'tcp://10.36.60.33:29519'
[2021-10-22 18:23:26,569] INFO         Start Nanny at: 'tcp://10.36.60.33:34007'
[2021-10-22 18:23:26,569] INFO         Start Nanny at: 'tcp://10.36.60.33:37845'
[2021-10-22 18:23:26,569] INFO         Start Nanny at: 'tcp://10.36.60.33:38667'
[2021-10-22 18:23:26,569] INFO         Start Nanny at: 'tcp://10.36.60.33:20565'
[2021-10-22 18:23:26,569] INFO         Start Nanny at: 'tcp://10.36.60.33:29295'
[2021-10-22 18:23:26,570] INFO         Start Nanny at: 'tcp://10.36.60.33:17837'
[2021-10-22 18:23:26,570] INFO         Start Nanny at: 'tcp://10.36.60.33:17295'
[2021-10-22 18:23:26,570] INFO         Start Nanny at: 'tcp://10.36.60.33:25043'
[2021-10-22 18:23:26,570] INFO         Start Nanny at: 'tcp://10.36.60.33:31469'
[2021-10-22 18:23:26,570] INFO         Start Nanny at: 'tcp://10.36.60.33:36725'
[2021-10-22 18:23:26,570] INFO         Start Nanny at: 'tcp://10.36.60.33:27329'
[2021-10-22 18:23:26,570] INFO         Start Nanny at: 'tcp://10.36.60.33:36233'
[2021-10-22 18:23:26,571] INFO         Start Nanny at: 'tcp://10.36.60.33:32185'
[2021-10-22 18:23:26,571] INFO         Start Nanny at: 'tcp://10.36.60.33:16815'
[2021-10-22 18:23:26,571] INFO         Start Nanny at: 'tcp://10.36.60.33:38969'
[2021-10-22 18:23:26,571] INFO         Start Nanny at: 'tcp://10.36.60.33:25799'
[2021-10-22 18:23:28,398] INFO Found stale lock file and directory '/groups/scicompsoft/home/ackermand/Programming/multiresolution-mesh-creator/dask-worker-space/worker-gezeee5r', purging
[2021-10-22 18:23:28,411] INFO Found stale lock file and directory '/groups/scicompsoft/home/ackermand/Programming/multiresolution-mesh-creator/dask-worker-space/worker-uuc6ycgd', purging
[2021-10-22 18:23:28,422] INFO Found stale lock file and directory '/groups/scicompsoft/home/ackermand/Programming/multiresolution-mesh-creator/dask-worker-space/worker-jzyw8g8h', purging
[2021-10-22 18:23:28,432] INFO Found stale lock file and directory '/groups/scicompsoft/home/ackermand/Programming/multiresolution-mesh-creator/dask-worker-space/worker-gwxyhizp', purging
[2021-10-22 18:23:28,442] INFO Found stale lock file and directory '/groups/scicompsoft/home/ackermand/Programming/multiresolution-mesh-creator/dask-worker-space/worker-wen8dbvg', purging
[2021-10-22 18:23:28,454] INFO Found stale lock file and directory '/groups/scicompsoft/home/ackermand/Programming/multiresolution-mesh-creator/dask-worker-space/worker-cfivp8f7', purging
[2021-10-22 18:23:28,466] INFO Found stale lock file and directory '/groups/scicompsoft/home/ackermand/Programming/multiresolution-mesh-creator/dask-worker-space/worker-1wnowt6e', purging
[2021-10-22 18:23:28,488] INFO Found stale lock file and directory '/groups/scicompsoft/home/ackermand/Programming/multiresolution-mesh-creator/dask-worker-space/worker-lgac0u9q', purging
[2021-10-22 18:23:28,503] INFO Found stale lock file and directory '/groups/scicompsoft/home/ackermand/Programming/multiresolution-mesh-creator/dask-worker-space/worker-5a_eo39d', purging
[2021-10-22 18:23:28,519] INFO Found stale lock file and directory '/groups/scicompsoft/home/ackermand/Programming/multiresolution-mesh-creator/dask-worker-space/worker-xk9pmnb8', purging
[2021-10-22 18:23:28,536] INFO Found stale lock file and directory '/groups/scicompsoft/home/ackermand/Programming/multiresolution-mesh-creator/dask-worker-space/worker-e208lajx', purging
[2021-10-22 18:23:28,554] INFO Found stale lock file and directory '/groups/scicompsoft/home/ackermand/Programming/multiresolution-mesh-creator/dask-worker-space/worker-t1ztxp4p', purging
[2021-10-22 18:23:28,569] INFO Found stale lock file and directory '/groups/scicompsoft/home/ackermand/Programming/multiresolution-mesh-creator/dask-worker-space/worker-pxut39b1', purging
[2021-10-22 18:23:28,585] INFO Found stale lock file and directory '/groups/scicompsoft/home/ackermand/Programming/multiresolution-mesh-creator/dask-worker-space/worker-3rso_odi', purging
[2021-10-22 18:23:28,600] INFO Found stale lock file and directory '/groups/scicompsoft/home/ackermand/Programming/multiresolution-mesh-creator/dask-worker-space/worker-t23v8zed', purging
[2021-10-22 18:23:28,616] INFO Found stale lock file and directory '/groups/scicompsoft/home/ackermand/Programming/multiresolution-mesh-creator/dask-worker-space/worker-ejalkjm1', purging
[2021-10-22 18:23:28,627] INFO Found stale lock file and directory '/groups/scicompsoft/home/ackermand/Programming/multiresolution-mesh-creator/dask-worker-space/worker-u67bfp9q', purging
[2021-10-22 18:23:28,641] INFO Found stale lock file and directory '/groups/scicompsoft/home/ackermand/Programming/multiresolution-mesh-creator/dask-worker-space/worker-esm43tnt', purging
[2021-10-22 18:23:28,656] INFO Found stale lock file and directory '/groups/scicompsoft/home/ackermand/Programming/multiresolution-mesh-creator/dask-worker-space/worker-bxunc23u', purging
[2021-10-22 18:23:28,670] INFO Found stale lock file and directory '/groups/scicompsoft/home/ackermand/Programming/multiresolution-mesh-creator/dask-worker-space/worker-lat76080', purging
[2021-10-22 18:23:28,683] INFO Found stale lock file and directory '/groups/scicompsoft/home/ackermand/Programming/multiresolution-mesh-creator/dask-worker-space/worker-_fpxfmh3', purging
[2021-10-22 18:23:28,703] INFO Found stale lock file and directory '/groups/scicompsoft/home/ackermand/Programming/multiresolution-mesh-creator/dask-worker-space/worker-_so5ph1d', purging
[2021-10-22 18:23:28,724] INFO Found stale lock file and directory '/groups/scicompsoft/home/ackermand/Programming/multiresolution-mesh-creator/dask-worker-space/worker-mqd1g_8y', purging
[2021-10-22 18:23:28,746] INFO Found stale lock file and directory '/groups/scicompsoft/home/ackermand/Programming/multiresolution-mesh-creator/dask-worker-space/worker-mz91ipqv', purging
[2021-10-22 18:23:28,780] INFO Found stale lock file and directory '/groups/scicompsoft/home/ackermand/Programming/multiresolution-mesh-creator/dask-worker-space/worker-h8da95nb', purging
[2021-10-22 18:23:28,799] INFO Found stale lock file and directory '/groups/scicompsoft/home/ackermand/Programming/multiresolution-mesh-creator/dask-worker-space/worker-ztfv6kxq', purging
[2021-10-22 18:23:28,819] INFO Found stale lock file and directory '/groups/scicompsoft/home/ackermand/Programming/multiresolution-mesh-creator/dask-worker-space/worker-p4ex1xvo', purging
[2021-10-22 18:23:28,839] INFO Found stale lock file and directory '/groups/scicompsoft/home/ackermand/Programming/multiresolution-mesh-creator/dask-worker-space/worker-p4cz7e8y', purging
[2021-10-22 18:23:28,855] INFO Found stale lock file and directory '/groups/scicompsoft/home/ackermand/Programming/multiresolution-mesh-creator/dask-worker-space/worker-ke6zvg4x', purging
[2021-10-22 18:23:28,867] INFO Found stale lock file and directory '/groups/scicompsoft/home/ackermand/Programming/multiresolution-mesh-creator/dask-worker-space/worker-_smgnx7k', purging
[2021-10-22 18:23:28,880] INFO Found stale lock file and directory '/groups/scicompsoft/home/ackermand/Programming/multiresolution-mesh-creator/dask-worker-space/worker-lwz3vdac', purging
[2021-10-22 18:23:28,892] INFO Found stale lock file and directory '/groups/scicompsoft/home/ackermand/Programming/multiresolution-mesh-creator/dask-worker-space/worker-2immkgbr', purging
[2021-10-22 18:23:28,908] INFO Found stale lock file and directory '/groups/scicompsoft/home/ackermand/Programming/multiresolution-mesh-creator/dask-worker-space/worker-x8r81pio', purging
[2021-10-22 18:23:28,927] INFO Found stale lock file and directory '/groups/scicompsoft/home/ackermand/Programming/multiresolution-mesh-creator/dask-worker-space/worker-6b18eyfx', purging
[2021-10-22 18:23:28,943] INFO Found stale lock file and directory '/groups/scicompsoft/home/ackermand/Programming/multiresolution-mesh-creator/dask-worker-space/worker-5ze22st0', purging
[2021-10-22 18:23:28,956] INFO Found stale lock file and directory '/groups/scicompsoft/home/ackermand/Programming/multiresolution-mesh-creator/dask-worker-space/worker-1x3soi46', purging
[2021-10-22 18:23:28,969] INFO Found stale lock file and directory '/groups/scicompsoft/home/ackermand/Programming/multiresolution-mesh-creator/dask-worker-space/worker-c37yzbr3', purging
[2021-10-22 18:23:28,982] INFO Found stale lock file and directory '/groups/scicompsoft/home/ackermand/Programming/multiresolution-mesh-creator/dask-worker-space/worker-d_aguw1s', purging
[2021-10-22 18:23:28,996] INFO Found stale lock file and directory '/groups/scicompsoft/home/ackermand/Programming/multiresolution-mesh-creator/dask-worker-space/worker-iu7m6rim', purging
[2021-10-22 18:23:29,007] INFO Found stale lock file and directory '/groups/scicompsoft/home/ackermand/Programming/multiresolution-mesh-creator/dask-worker-space/worker-ddsrho9r', purging
[2021-10-22 18:23:29,414] INFO       Start worker at:    tcp://10.36.60.33:34401
[2021-10-22 18:23:29,414] INFO       Start worker at:    tcp://10.36.60.33:28227
[2021-10-22 18:23:29,414] INFO          Listening to:    tcp://10.36.60.33:34401
[2021-10-22 18:23:29,414] INFO       Start worker at:    tcp://10.36.60.33:32523
[2021-10-22 18:23:29,414] INFO          Listening to:    tcp://10.36.60.33:28227
[2021-10-22 18:23:29,414] INFO          dashboard at:          10.36.60.33:35781
[2021-10-22 18:23:29,414] INFO          dashboard at:          10.36.60.33:39133
[2021-10-22 18:23:29,414] INFO Waiting to connect to:   tcp://10.36.107.34:32071
[2021-10-22 18:23:29,414] INFO          Listening to:    tcp://10.36.60.33:32523
[2021-10-22 18:23:29,414] INFO -------------------------------------------------
[2021-10-22 18:23:29,414] INFO Waiting to connect to:   tcp://10.36.107.34:32071
[2021-10-22 18:23:29,414] INFO          dashboard at:          10.36.60.33:30097
[2021-10-22 18:23:29,414] INFO -------------------------------------------------
[2021-10-22 18:23:29,414] INFO Waiting to connect to:   tcp://10.36.107.34:32071
[2021-10-22 18:23:29,414] INFO               Threads:                          1
[2021-10-22 18:23:29,414] INFO -------------------------------------------------
[2021-10-22 18:23:29,414] INFO               Threads:                          1
[2021-10-22 18:23:29,414] INFO                Memory:                  16.76 GiB
[2021-10-22 18:23:29,414] INFO                Memory:                  16.76 GiB
[2021-10-22 18:23:29,414] INFO       Local Directory: /groups/scicompsoft/home/ackermand/Programming/multiresolution-mesh-creator/dask-worker-space/worker-4x972p54
[2021-10-22 18:23:29,414] INFO               Threads:                          1
[2021-10-22 18:23:29,414] INFO       Local Directory: /groups/scicompsoft/home/ackermand/Programming/multiresolution-mesh-creator/dask-worker-space/worker-5v7s7hrq
[2021-10-22 18:23:29,414] INFO                Memory:                  16.76 GiB
[2021-10-22 18:23:29,414] INFO -------------------------------------------------
[2021-10-22 18:23:29,414] INFO       Local Directory: /groups/scicompsoft/home/ackermand/Programming/multiresolution-mesh-creator/dask-worker-space/worker-71aonxb5
[2021-10-22 18:23:29,414] INFO -------------------------------------------------
[2021-10-22 18:23:29,414] INFO       Start worker at:    tcp://10.36.60.33:17607
[2021-10-22 18:23:29,414] INFO -------------------------------------------------
[2021-10-22 18:23:29,414] INFO          Listening to:    tcp://10.36.60.33:17607
[2021-10-22 18:23:29,414] INFO          dashboard at:          10.36.60.33:38017
[2021-10-22 18:23:29,414] INFO Waiting to connect to:   tcp://10.36.107.34:32071
[2021-10-22 18:23:29,415] INFO -------------------------------------------------
[2021-10-22 18:23:29,415] INFO               Threads:                          1
[2021-10-22 18:23:29,415] INFO                Memory:                  16.76 GiB
[2021-10-22 18:23:29,415] INFO       Local Directory: /groups/scicompsoft/home/ackermand/Programming/multiresolution-mesh-creator/dask-worker-space/worker-ghz4rdwk
[2021-10-22 18:23:29,415] INFO -------------------------------------------------
[2021-10-22 18:23:29,415] INFO       Start worker at:    tcp://10.36.60.33:18039
[2021-10-22 18:23:29,415] INFO       Start worker at:    tcp://10.36.60.33:17185
[2021-10-22 18:23:29,415] INFO          Listening to:    tcp://10.36.60.33:18039
[2021-10-22 18:23:29,415] INFO       Start worker at:    tcp://10.36.60.33:26791
[2021-10-22 18:23:29,415] INFO          dashboard at:          10.36.60.33:19577
[2021-10-22 18:23:29,415] INFO          Listening to:    tcp://10.36.60.33:17185
[2021-10-22 18:23:29,415] INFO          Listening to:    tcp://10.36.60.33:26791
[2021-10-22 18:23:29,415] INFO Waiting to connect to:   tcp://10.36.107.34:32071
[2021-10-22 18:23:29,415] INFO          dashboard at:          10.36.60.33:23517
[2021-10-22 18:23:29,415] INFO -------------------------------------------------
[2021-10-22 18:23:29,415] INFO          dashboard at:          10.36.60.33:15659
[2021-10-22 18:23:29,415] INFO Waiting to connect to:   tcp://10.36.107.34:32071
[2021-10-22 18:23:29,415] INFO Waiting to connect to:   tcp://10.36.107.34:32071
[2021-10-22 18:23:29,415] INFO -------------------------------------------------
[2021-10-22 18:23:29,415] INFO               Threads:                          1
[2021-10-22 18:23:29,415] INFO -------------------------------------------------
[2021-10-22 18:23:29,415] INFO       Start worker at:    tcp://10.36.60.33:23525
[2021-10-22 18:23:29,415] INFO       Start worker at:    tcp://10.36.60.33:16219
[2021-10-22 18:23:29,415] INFO       Start worker at:    tcp://10.36.60.33:27519
[2021-10-22 18:23:29,415] INFO                Memory:                  16.76 GiB
[2021-10-22 18:23:29,415] INFO       Start worker at:    tcp://10.36.60.33:24443
[2021-10-22 18:23:29,415] INFO       Start worker at:    tcp://10.36.60.33:34257
[2021-10-22 18:23:29,415] INFO          Listening to:    tcp://10.36.60.33:23525
[2021-10-22 18:23:29,415] INFO               Threads:                          1
[2021-10-22 18:23:29,415] INFO               Threads:                          1
[2021-10-22 18:23:29,415] INFO       Local Directory: /groups/scicompsoft/home/ackermand/Programming/multiresolution-mesh-creator/dask-worker-space/worker-ek0yfjre
[2021-10-22 18:23:29,415] INFO          Listening to:    tcp://10.36.60.33:16219
[2021-10-22 18:23:29,415] INFO          dashboard at:          10.36.60.33:26187
[2021-10-22 18:23:29,415] INFO                Memory:                  16.76 GiB
[2021-10-22 18:23:29,415] INFO                Memory:                  16.76 GiB
[2021-10-22 18:23:29,415] INFO -------------------------------------------------
[2021-10-22 18:23:29,415] INFO Waiting to connect to:   tcp://10.36.107.34:32071
[2021-10-22 18:23:29,415] INFO       Local Directory: /groups/scicompsoft/home/ackermand/Programming/multiresolution-mesh-creator/dask-worker-space/worker-ef9adqwa
[2021-10-22 18:23:29,415] INFO       Local Directory: /groups/scicompsoft/home/ackermand/Programming/multiresolution-mesh-creator/dask-worker-space/worker-44x4pnd_
[2021-10-22 18:23:29,415] INFO          dashboard at:          10.36.60.33:27881
[2021-10-22 18:23:29,415] INFO -------------------------------------------------
[2021-10-22 18:23:29,415] INFO       Start worker at:    tcp://10.36.60.33:34927
[2021-10-22 18:23:29,415] INFO       Start worker at:    tcp://10.36.60.33:30435
[2021-10-22 18:23:29,415] INFO Waiting to connect to:   tcp://10.36.107.34:32071
[2021-10-22 18:23:29,415] INFO       Start worker at:    tcp://10.36.60.33:35305
[2021-10-22 18:23:29,415] INFO -------------------------------------------------
[2021-10-22 18:23:29,415] INFO -------------------------------------------------
[2021-10-22 18:23:29,415] INFO          Listening to:    tcp://10.36.60.33:34257
[2021-10-22 18:23:29,415] INFO               Threads:                          1
[2021-10-22 18:23:29,415] INFO       Start worker at:    tcp://10.36.60.33:30395
[2021-10-22 18:23:29,415] INFO          Listening to:    tcp://10.36.60.33:34927
[2021-10-22 18:23:29,415] INFO -------------------------------------------------
[2021-10-22 18:23:29,415] INFO          Listening to:    tcp://10.36.60.33:30435
[2021-10-22 18:23:29,416] INFO          Listening to:    tcp://10.36.60.33:35305
[2021-10-22 18:23:29,416] INFO                Memory:                  16.76 GiB
[2021-10-22 18:23:29,416] INFO          Listening to:    tcp://10.36.60.33:27519
[2021-10-22 18:23:29,416] INFO          dashboard at:          10.36.60.33:35515
[2021-10-22 18:23:29,416] INFO          Listening to:    tcp://10.36.60.33:30395
[2021-10-22 18:23:29,416] INFO          dashboard at:          10.36.60.33:24633
[2021-10-22 18:23:29,416] INFO          dashboard at:          10.36.60.33:21305
[2021-10-22 18:23:29,415] INFO       Start worker at:    tcp://10.36.60.33:39599
[2021-10-22 18:23:29,416] INFO       Local Directory: /groups/scicompsoft/home/ackermand/Programming/multiresolution-mesh-creator/dask-worker-space/worker-3wc7ao3d
[2021-10-22 18:23:29,416] INFO          dashboard at:          10.36.60.33:22075
[2021-10-22 18:23:29,416] INFO Waiting to connect to:   tcp://10.36.107.34:32071
[2021-10-22 18:23:29,416] INFO Waiting to connect to:   tcp://10.36.107.34:32071
[2021-10-22 18:23:29,416] INFO Waiting to connect to:   tcp://10.36.107.34:32071
[2021-10-22 18:23:29,416] INFO          dashboard at:          10.36.60.33:37189
[2021-10-22 18:23:29,416] INFO          Listening to:    tcp://10.36.60.33:24443
[2021-10-22 18:23:29,416] INFO -------------------------------------------------
[2021-10-22 18:23:29,416] INFO          dashboard at:          10.36.60.33:25707
[2021-10-22 18:23:29,416] INFO Waiting to connect to:   tcp://10.36.107.34:32071
[2021-10-22 18:23:29,416] INFO -------------------------------------------------
[2021-10-22 18:23:29,416] INFO -------------------------------------------------
[2021-10-22 18:23:29,416] INFO -------------------------------------------------
[2021-10-22 18:23:29,416] INFO               Threads:                          1
[2021-10-22 18:23:29,416] INFO Waiting to connect to:   tcp://10.36.107.34:32071
[2021-10-22 18:23:29,416] INFO -------------------------------------------------
[2021-10-22 18:23:29,416] INFO Waiting to connect to:   tcp://10.36.107.34:32071
[2021-10-22 18:23:29,416] INFO -------------------------------------------------
[2021-10-22 18:23:29,416] INFO                Memory:                  16.76 GiB
[2021-10-22 18:23:29,416] INFO -------------------------------------------------
[2021-10-22 18:23:29,416] INFO               Threads:                          1
[2021-10-22 18:23:29,416] INFO          dashboard at:          10.36.60.33:30871
[2021-10-22 18:23:29,416] INFO               Threads:                          1
[2021-10-22 18:23:29,416] INFO               Threads:                          1
[2021-10-22 18:23:29,416] INFO       Local Directory: /groups/scicompsoft/home/ackermand/Programming/multiresolution-mesh-creator/dask-worker-space/worker-fbv6ok_s
[2021-10-22 18:23:29,416] INFO               Threads:                          1
[2021-10-22 18:23:29,416] INFO               Threads:                          1
[2021-10-22 18:23:29,416] INFO                Memory:                  16.76 GiB
[2021-10-22 18:23:29,416] INFO Waiting to connect to:   tcp://10.36.107.34:32071
[2021-10-22 18:23:29,416] INFO                Memory:                  16.76 GiB
[2021-10-22 18:23:29,416] INFO                Memory:                  16.76 GiB
[2021-10-22 18:23:29,416] INFO                Memory:                  16.76 GiB
[2021-10-22 18:23:29,416] INFO       Local Directory: /groups/scicompsoft/home/ackermand/Programming/multiresolution-mesh-creator/dask-worker-space/worker-ah4mre_t
[2021-10-22 18:23:29,416] INFO -------------------------------------------------
[2021-10-22 18:23:29,416] INFO       Local Directory: /groups/scicompsoft/home/ackermand/Programming/multiresolution-mesh-creator/dask-worker-space/worker-pzwfenem
[2021-10-22 18:23:29,416] INFO                Memory:                  16.76 GiB
[2021-10-22 18:23:29,416] INFO               Threads:                          1
[2021-10-22 18:23:29,416] INFO       Local Directory: /groups/scicompsoft/home/ackermand/Programming/multiresolution-mesh-creator/dask-worker-space/worker-tfz01mvs
[2021-10-22 18:23:29,416] INFO -------------------------------------------------
[2021-10-22 18:23:29,416] INFO       Local Directory: /groups/scicompsoft/home/ackermand/Programming/multiresolution-mesh-creator/dask-worker-space/worker-h7eg1x1s
[2021-10-22 18:23:29,416] INFO       Local Directory: /groups/scicompsoft/home/ackermand/Programming/multiresolution-mesh-creator/dask-worker-space/worker-13twmt0b
[2021-10-22 18:23:29,416] INFO          Listening to:    tcp://10.36.60.33:39599
[2021-10-22 18:23:29,416] INFO                Memory:                  16.76 GiB
[2021-10-22 18:23:29,416] INFO -------------------------------------------------
[2021-10-22 18:23:29,416] INFO -------------------------------------------------
[2021-10-22 18:23:29,416] INFO -------------------------------------------------
[2021-10-22 18:23:29,416] INFO       Local Directory: /groups/scicompsoft/home/ackermand/Programming/multiresolution-mesh-creator/dask-worker-space/worker-i967lgts
[2021-10-22 18:23:29,416] INFO -------------------------------------------------
[2021-10-22 18:23:29,416] INFO               Threads:                          1
[2021-10-22 18:23:29,416] INFO          dashboard at:          10.36.60.33:38035
[2021-10-22 18:23:29,416] INFO -------------------------------------------------
[2021-10-22 18:23:29,416] INFO                Memory:                  16.76 GiB
[2021-10-22 18:23:29,416] INFO -------------------------------------------------
[2021-10-22 18:23:29,416] INFO       Local Directory: /groups/scicompsoft/home/ackermand/Programming/multiresolution-mesh-creator/dask-worker-space/worker-tqo59u6h
[2021-10-22 18:23:29,416] INFO Waiting to connect to:   tcp://10.36.107.34:32071
[2021-10-22 18:23:29,416] INFO -------------------------------------------------
[2021-10-22 18:23:29,416] INFO -------------------------------------------------
[2021-10-22 18:23:29,416] INFO               Threads:                          1
[2021-10-22 18:23:29,416] INFO                Memory:                  16.76 GiB
[2021-10-22 18:23:29,416] INFO       Local Directory: /groups/scicompsoft/home/ackermand/Programming/multiresolution-mesh-creator/dask-worker-space/worker-xjqv4tw6
[2021-10-22 18:23:29,416] INFO -------------------------------------------------
[2021-10-22 18:23:29,416] INFO       Start worker at:    tcp://10.36.60.33:28347
[2021-10-22 18:23:29,416] INFO          Listening to:    tcp://10.36.60.33:28347
[2021-10-22 18:23:29,416] INFO          dashboard at:          10.36.60.33:32899
[2021-10-22 18:23:29,416] INFO Waiting to connect to:   tcp://10.36.107.34:32071
[2021-10-22 18:23:29,417] INFO -------------------------------------------------
[2021-10-22 18:23:29,417] INFO               Threads:                          1
[2021-10-22 18:23:29,417] INFO       Start worker at:    tcp://10.36.60.33:19581
[2021-10-22 18:23:29,417] INFO                Memory:                  16.76 GiB
[2021-10-22 18:23:29,417] INFO       Start worker at:    tcp://10.36.60.33:37529
[2021-10-22 18:23:29,417] INFO       Local Directory: /groups/scicompsoft/home/ackermand/Programming/multiresolution-mesh-creator/dask-worker-space/worker-c0gomylx
[2021-10-22 18:23:29,417] INFO          Listening to:    tcp://10.36.60.33:19581
[2021-10-22 18:23:29,417] INFO          Listening to:    tcp://10.36.60.33:37529
[2021-10-22 18:23:29,417] INFO          dashboard at:          10.36.60.33:21875
[2021-10-22 18:23:29,417] INFO -------------------------------------------------
[2021-10-22 18:23:29,417] INFO          dashboard at:          10.36.60.33:37241
[2021-10-22 18:23:29,417] INFO Waiting to connect to:   tcp://10.36.107.34:32071
[2021-10-22 18:23:29,415] INFO       Start worker at:    tcp://10.36.60.33:36635
[2021-10-22 18:23:29,417] INFO Waiting to connect to:   tcp://10.36.107.34:32071
[2021-10-22 18:23:29,417] INFO -------------------------------------------------
[2021-10-22 18:23:29,417] INFO -------------------------------------------------
[2021-10-22 18:23:29,417] INFO               Threads:                          1
[2021-10-22 18:23:29,417] INFO               Threads:                          1
[2021-10-22 18:23:29,417] INFO       Start worker at:    tcp://10.36.60.33:39259
[2021-10-22 18:23:29,417] INFO                Memory:                  16.76 GiB
[2021-10-22 18:23:29,417] INFO                Memory:                  16.76 GiB
[2021-10-22 18:23:29,417] INFO       Local Directory: /groups/scicompsoft/home/ackermand/Programming/multiresolution-mesh-creator/dask-worker-space/worker-f2n0rhvm
[2021-10-22 18:23:29,417] INFO       Local Directory: /groups/scicompsoft/home/ackermand/Programming/multiresolution-mesh-creator/dask-worker-space/worker-o4itvmhk
[2021-10-22 18:23:29,417] INFO -------------------------------------------------
[2021-10-22 18:23:29,417] INFO          Listening to:    tcp://10.36.60.33:36635
[2021-10-22 18:23:29,417] INFO -------------------------------------------------
[2021-10-22 18:23:29,417] INFO          Listening to:    tcp://10.36.60.33:39259
[2021-10-22 18:23:29,417] INFO          dashboard at:          10.36.60.33:28825
[2021-10-22 18:23:29,417] INFO Waiting to connect to:   tcp://10.36.107.34:32071
[2021-10-22 18:23:29,417] INFO          dashboard at:          10.36.60.33:15785
[2021-10-22 18:23:29,417] INFO -------------------------------------------------
[2021-10-22 18:23:29,417] INFO Waiting to connect to:   tcp://10.36.107.34:32071
[2021-10-22 18:23:29,417] INFO -------------------------------------------------
[2021-10-22 18:23:29,417] INFO               Threads:                          1
[2021-10-22 18:23:29,417] INFO                Memory:                  16.76 GiB
[2021-10-22 18:23:29,417] INFO               Threads:                          1
[2021-10-22 18:23:29,417] INFO       Local Directory: /groups/scicompsoft/home/ackermand/Programming/multiresolution-mesh-creator/dask-worker-space/worker-qx6dy8t7
[2021-10-22 18:23:29,417] INFO                Memory:                  16.76 GiB
[2021-10-22 18:23:29,417] INFO       Local Directory: /groups/scicompsoft/home/ackermand/Programming/multiresolution-mesh-creator/dask-worker-space/worker-lxmkzlyn
[2021-10-22 18:23:29,417] INFO -------------------------------------------------
[2021-10-22 18:23:29,417] INFO -------------------------------------------------
[2021-10-22 18:23:29,417] INFO       Start worker at:    tcp://10.36.60.33:22663
[2021-10-22 18:23:29,418] INFO          Listening to:    tcp://10.36.60.33:22663
[2021-10-22 18:23:29,418] INFO          dashboard at:          10.36.60.33:24673
[2021-10-22 18:23:29,418] INFO Waiting to connect to:   tcp://10.36.107.34:32071
[2021-10-22 18:23:29,418] INFO -------------------------------------------------
[2021-10-22 18:23:29,418] INFO       Start worker at:    tcp://10.36.60.33:27617
[2021-10-22 18:23:29,418] INFO          Listening to:    tcp://10.36.60.33:27617
[2021-10-22 18:23:29,418] INFO               Threads:                          1
[2021-10-22 18:23:29,418] INFO          dashboard at:          10.36.60.33:30791
[2021-10-22 18:23:29,418] INFO                Memory:                  16.76 GiB
[2021-10-22 18:23:29,418] INFO Waiting to connect to:   tcp://10.36.107.34:32071
[2021-10-22 18:23:29,418] INFO -------------------------------------------------
[2021-10-22 18:23:29,418] INFO       Local Directory: /groups/scicompsoft/home/ackermand/Programming/multiresolution-mesh-creator/dask-worker-space/worker-cnxj8byd
[2021-10-22 18:23:29,418] INFO -------------------------------------------------
[2021-10-22 18:23:29,418] INFO               Threads:                          1
[2021-10-22 18:23:29,418] INFO                Memory:                  16.76 GiB
[2021-10-22 18:23:29,418] INFO       Local Directory: /groups/scicompsoft/home/ackermand/Programming/multiresolution-mesh-creator/dask-worker-space/worker-hkwd74qv
[2021-10-22 18:23:29,418] INFO -------------------------------------------------
[2021-10-22 18:23:29,462] INFO       Start worker at:    tcp://10.36.60.33:16415
[2021-10-22 18:23:29,462] INFO          Listening to:    tcp://10.36.60.33:16415
[2021-10-22 18:23:29,462] INFO          dashboard at:          10.36.60.33:24497
[2021-10-22 18:23:29,462] INFO Waiting to connect to:   tcp://10.36.107.34:32071
[2021-10-22 18:23:29,462] INFO -------------------------------------------------
[2021-10-22 18:23:29,462] INFO               Threads:                          1
[2021-10-22 18:23:29,462] INFO                Memory:                  16.76 GiB
[2021-10-22 18:23:29,462] INFO       Local Directory: /groups/scicompsoft/home/ackermand/Programming/multiresolution-mesh-creator/dask-worker-space/worker-ceusf2mm
[2021-10-22 18:23:29,462] INFO -------------------------------------------------
[2021-10-22 18:23:29,468] INFO       Start worker at:    tcp://10.36.60.33:38931
[2021-10-22 18:23:29,468] INFO          Listening to:    tcp://10.36.60.33:38931
[2021-10-22 18:23:29,468] INFO          dashboard at:          10.36.60.33:26525
[2021-10-22 18:23:29,468] INFO Waiting to connect to:   tcp://10.36.107.34:32071
[2021-10-22 18:23:29,468] INFO -------------------------------------------------
[2021-10-22 18:23:29,468] INFO               Threads:                          1
[2021-10-22 18:23:29,468] INFO                Memory:                  16.76 GiB
[2021-10-22 18:23:29,468] INFO       Local Directory: /groups/scicompsoft/home/ackermand/Programming/multiresolution-mesh-creator/dask-worker-space/worker-tumavg9m
[2021-10-22 18:23:29,468] INFO -------------------------------------------------
[2021-10-22 18:23:29,470] INFO       Start worker at:    tcp://10.36.60.33:30211
[2021-10-22 18:23:29,470] INFO          Listening to:    tcp://10.36.60.33:30211
[2021-10-22 18:23:29,470] INFO          dashboard at:          10.36.60.33:36631
[2021-10-22 18:23:29,470] INFO Waiting to connect to:   tcp://10.36.107.34:32071
[2021-10-22 18:23:29,470] INFO -------------------------------------------------
[2021-10-22 18:23:29,470] INFO               Threads:                          1
[2021-10-22 18:23:29,471] INFO                Memory:                  16.76 GiB
[2021-10-22 18:23:29,471] INFO       Local Directory: /groups/scicompsoft/home/ackermand/Programming/multiresolution-mesh-creator/dask-worker-space/worker-zv43pv7a
[2021-10-22 18:23:29,471] INFO -------------------------------------------------
[2021-10-22 18:23:29,472] INFO       Start worker at:    tcp://10.36.60.33:36381
[2021-10-22 18:23:29,472] INFO       Start worker at:    tcp://10.36.60.33:26235
[2021-10-22 18:23:29,473] INFO          Listening to:    tcp://10.36.60.33:26235
[2021-10-22 18:23:29,473] INFO          dashboard at:          10.36.60.33:39269
[2021-10-22 18:23:29,473] INFO Waiting to connect to:   tcp://10.36.107.34:32071
[2021-10-22 18:23:29,473] INFO -------------------------------------------------
[2021-10-22 18:23:29,473] INFO          Listening to:    tcp://10.36.60.33:36381
[2021-10-22 18:23:29,473] INFO               Threads:                          1
[2021-10-22 18:23:29,473] INFO                Memory:                  16.76 GiB
[2021-10-22 18:23:29,473] INFO          dashboard at:          10.36.60.33:31655
[2021-10-22 18:23:29,473] INFO       Local Directory: /groups/scicompsoft/home/ackermand/Programming/multiresolution-mesh-creator/dask-worker-space/worker-k14k0svw
[2021-10-22 18:23:29,473] INFO Waiting to connect to:   tcp://10.36.107.34:32071
[2021-10-22 18:23:29,473] INFO -------------------------------------------------
[2021-10-22 18:23:29,473] INFO -------------------------------------------------
[2021-10-22 18:23:29,473] INFO               Threads:                          1
[2021-10-22 18:23:29,473] INFO                Memory:                  16.76 GiB
[2021-10-22 18:23:29,473] INFO       Local Directory: /groups/scicompsoft/home/ackermand/Programming/multiresolution-mesh-creator/dask-worker-space/worker-5ruupni3
[2021-10-22 18:23:29,473] INFO -------------------------------------------------
[2021-10-22 18:23:29,489] INFO       Start worker at:    tcp://10.36.60.33:25949
[2021-10-22 18:23:29,489] INFO          Listening to:    tcp://10.36.60.33:25949
[2021-10-22 18:23:29,489] INFO          dashboard at:          10.36.60.33:16351
[2021-10-22 18:23:29,489] INFO Waiting to connect to:   tcp://10.36.107.34:32071
[2021-10-22 18:23:29,489] INFO -------------------------------------------------
[2021-10-22 18:23:29,489] INFO               Threads:                          1
[2021-10-22 18:23:29,489] INFO                Memory:                  16.76 GiB
[2021-10-22 18:23:29,489] INFO       Local Directory: /groups/scicompsoft/home/ackermand/Programming/multiresolution-mesh-creator/dask-worker-space/worker-8qaeonp4
[2021-10-22 18:23:29,489] INFO -------------------------------------------------
[2021-10-22 18:23:29,493] INFO       Start worker at:    tcp://10.36.60.33:23861
[2021-10-22 18:23:29,494] INFO          Listening to:    tcp://10.36.60.33:23861
[2021-10-22 18:23:29,494] INFO          dashboard at:          10.36.60.33:25071
[2021-10-22 18:23:29,494] INFO Waiting to connect to:   tcp://10.36.107.34:32071
[2021-10-22 18:23:29,494] INFO -------------------------------------------------
[2021-10-22 18:23:29,494] INFO               Threads:                          1
[2021-10-22 18:23:29,494] INFO                Memory:                  16.76 GiB
[2021-10-22 18:23:29,494] INFO       Local Directory: /groups/scicompsoft/home/ackermand/Programming/multiresolution-mesh-creator/dask-worker-space/worker-wlw26pq4
[2021-10-22 18:23:29,494] INFO -------------------------------------------------
[2021-10-22 18:23:29,498] INFO       Start worker at:    tcp://10.36.60.33:27285
[2021-10-22 18:23:29,498] INFO          Listening to:    tcp://10.36.60.33:27285
[2021-10-22 18:23:29,498] INFO          dashboard at:          10.36.60.33:15993
[2021-10-22 18:23:29,498] INFO Waiting to connect to:   tcp://10.36.107.34:32071
[2021-10-22 18:23:29,498] INFO -------------------------------------------------
[2021-10-22 18:23:29,498] INFO               Threads:                          1
[2021-10-22 18:23:29,498] INFO                Memory:                  16.76 GiB
[2021-10-22 18:23:29,498] INFO       Local Directory: /groups/scicompsoft/home/ackermand/Programming/multiresolution-mesh-creator/dask-worker-space/worker-ww18676h
[2021-10-22 18:23:29,498] INFO -------------------------------------------------
[2021-10-22 18:23:29,500] INFO       Start worker at:    tcp://10.36.60.33:29661
[2021-10-22 18:23:29,500] INFO          Listening to:    tcp://10.36.60.33:29661
[2021-10-22 18:23:29,500] INFO          dashboard at:          10.36.60.33:27715
[2021-10-22 18:23:29,500] INFO Waiting to connect to:   tcp://10.36.107.34:32071
[2021-10-22 18:23:29,500] INFO -------------------------------------------------
[2021-10-22 18:23:29,500] INFO               Threads:                          1
[2021-10-22 18:23:29,501] INFO                Memory:                  16.76 GiB
[2021-10-22 18:23:29,501] INFO       Local Directory: /groups/scicompsoft/home/ackermand/Programming/multiresolution-mesh-creator/dask-worker-space/worker-iibhuafo
[2021-10-22 18:23:29,501] INFO -------------------------------------------------
[2021-10-22 18:23:29,503] INFO       Start worker at:    tcp://10.36.60.33:17699
[2021-10-22 18:23:29,504] INFO          Listening to:    tcp://10.36.60.33:17699
[2021-10-22 18:23:29,504] INFO          dashboard at:          10.36.60.33:36421
[2021-10-22 18:23:29,504] INFO Waiting to connect to:   tcp://10.36.107.34:32071
[2021-10-22 18:23:29,504] INFO -------------------------------------------------
[2021-10-22 18:23:29,504] INFO               Threads:                          1
[2021-10-22 18:23:29,504] INFO                Memory:                  16.76 GiB
[2021-10-22 18:23:29,504] INFO       Local Directory: /groups/scicompsoft/home/ackermand/Programming/multiresolution-mesh-creator/dask-worker-space/worker-4t12ig8v
[2021-10-22 18:23:29,504] INFO -------------------------------------------------
[2021-10-22 18:23:29,504] INFO       Start worker at:    tcp://10.36.60.33:26645
[2021-10-22 18:23:29,504] INFO          Listening to:    tcp://10.36.60.33:26645
[2021-10-22 18:23:29,505] INFO          dashboard at:          10.36.60.33:35823
[2021-10-22 18:23:29,505] INFO Waiting to connect to:   tcp://10.36.107.34:32071
[2021-10-22 18:23:29,505] INFO -------------------------------------------------
[2021-10-22 18:23:29,505] INFO               Threads:                          1
[2021-10-22 18:23:29,505] INFO                Memory:                  16.76 GiB
[2021-10-22 18:23:29,505] INFO       Local Directory: /groups/scicompsoft/home/ackermand/Programming/multiresolution-mesh-creator/dask-worker-space/worker-1hjkveiw
[2021-10-22 18:23:29,505] INFO -------------------------------------------------
[2021-10-22 18:23:29,507] INFO       Start worker at:    tcp://10.36.60.33:26557
[2021-10-22 18:23:29,507] INFO          Listening to:    tcp://10.36.60.33:26557
[2021-10-22 18:23:29,507] INFO          dashboard at:          10.36.60.33:24367
[2021-10-22 18:23:29,507] INFO Waiting to connect to:   tcp://10.36.107.34:32071
[2021-10-22 18:23:29,507] INFO -------------------------------------------------
[2021-10-22 18:23:29,507] INFO               Threads:                          1
[2021-10-22 18:23:29,507] INFO                Memory:                  16.76 GiB
[2021-10-22 18:23:29,507] INFO       Local Directory: /groups/scicompsoft/home/ackermand/Programming/multiresolution-mesh-creator/dask-worker-space/worker-6w3v6n81
[2021-10-22 18:23:29,508] INFO -------------------------------------------------
[2021-10-22 18:23:29,511] INFO       Start worker at:    tcp://10.36.60.33:23941
[2021-10-22 18:23:29,512] INFO          Listening to:    tcp://10.36.60.33:23941
[2021-10-22 18:23:29,512] INFO          dashboard at:          10.36.60.33:24657
[2021-10-22 18:23:29,512] INFO Waiting to connect to:   tcp://10.36.107.34:32071
[2021-10-22 18:23:29,512] INFO -------------------------------------------------
[2021-10-22 18:23:29,512] INFO               Threads:                          1
[2021-10-22 18:23:29,512] INFO                Memory:                  16.76 GiB
[2021-10-22 18:23:29,512] INFO       Local Directory: /groups/scicompsoft/home/ackermand/Programming/multiresolution-mesh-creator/dask-worker-space/worker-imuiuf9u
[2021-10-22 18:23:29,512] INFO -------------------------------------------------
[2021-10-22 18:23:29,530] INFO       Start worker at:    tcp://10.36.60.33:25283
[2021-10-22 18:23:29,530] INFO          Listening to:    tcp://10.36.60.33:25283
[2021-10-22 18:23:29,530] INFO          dashboard at:          10.36.60.33:27753
[2021-10-22 18:23:29,530] INFO Waiting to connect to:   tcp://10.36.107.34:32071
[2021-10-22 18:23:29,530] INFO -------------------------------------------------
[2021-10-22 18:23:29,530] INFO               Threads:                          1
[2021-10-22 18:23:29,530] INFO                Memory:                  16.76 GiB
[2021-10-22 18:23:29,530] INFO       Local Directory: /groups/scicompsoft/home/ackermand/Programming/multiresolution-mesh-creator/dask-worker-space/worker-njvdqjsl
[2021-10-22 18:23:29,530] INFO -------------------------------------------------
[2021-10-22 18:23:29,530] INFO       Start worker at:    tcp://10.36.60.33:22103
[2021-10-22 18:23:29,530] INFO          Listening to:    tcp://10.36.60.33:22103
[2021-10-22 18:23:29,530] INFO          dashboard at:          10.36.60.33:37533
[2021-10-22 18:23:29,530] INFO Waiting to connect to:   tcp://10.36.107.34:32071
[2021-10-22 18:23:29,530] INFO -------------------------------------------------
[2021-10-22 18:23:29,530] INFO               Threads:                          1
[2021-10-22 18:23:29,531] INFO                Memory:                  16.76 GiB
[2021-10-22 18:23:29,531] INFO       Local Directory: /groups/scicompsoft/home/ackermand/Programming/multiresolution-mesh-creator/dask-worker-space/worker-wyd2ox2b
[2021-10-22 18:23:29,531] INFO -------------------------------------------------
[2021-10-22 18:23:29,578] INFO         Registered to:   tcp://10.36.107.34:32071
[2021-10-22 18:23:29,578] INFO -------------------------------------------------
[2021-10-22 18:23:29,581] INFO Starting established connection
[2021-10-22 18:23:29,585] INFO         Registered to:   tcp://10.36.107.34:32071
[2021-10-22 18:23:29,585] INFO -------------------------------------------------
[2021-10-22 18:23:29,586] INFO Starting established connection
[2021-10-22 18:23:29,602] INFO       Start worker at:    tcp://10.36.60.33:34511
[2021-10-22 18:23:29,602] INFO          Listening to:    tcp://10.36.60.33:34511
[2021-10-22 18:23:29,602] INFO          dashboard at:          10.36.60.33:28145
[2021-10-22 18:23:29,602] INFO Waiting to connect to:   tcp://10.36.107.34:32071
[2021-10-22 18:23:29,602] INFO -------------------------------------------------
[2021-10-22 18:23:29,602] INFO               Threads:                          1
[2021-10-22 18:23:29,602] INFO                Memory:                  16.76 GiB
[2021-10-22 18:23:29,602] INFO       Local Directory: /groups/scicompsoft/home/ackermand/Programming/multiresolution-mesh-creator/dask-worker-space/worker-2i2ry14n
[2021-10-22 18:23:29,602] INFO -------------------------------------------------
[2021-10-22 18:23:29,615] INFO         Registered to:   tcp://10.36.107.34:32071
[2021-10-22 18:23:29,615] INFO -------------------------------------------------
[2021-10-22 18:23:29,616] INFO Starting established connection
[2021-10-22 18:23:29,642] INFO         Registered to:   tcp://10.36.107.34:32071
[2021-10-22 18:23:29,642] INFO -------------------------------------------------
[2021-10-22 18:23:29,643] INFO Starting established connection
[2021-10-22 18:23:29,643] INFO         Registered to:   tcp://10.36.107.34:32071
[2021-10-22 18:23:29,644] INFO -------------------------------------------------
[2021-10-22 18:23:29,644] INFO         Registered to:   tcp://10.36.107.34:32071
[2021-10-22 18:23:29,644] INFO -------------------------------------------------
[2021-10-22 18:23:29,645] INFO Starting established connection
[2021-10-22 18:23:29,647] INFO Starting established connection
[2021-10-22 18:23:29,665] INFO         Registered to:   tcp://10.36.107.34:32071
[2021-10-22 18:23:29,665] INFO -------------------------------------------------
[2021-10-22 18:23:29,666] INFO Starting established connection
[2021-10-22 18:23:29,688] INFO         Registered to:   tcp://10.36.107.34:32071
[2021-10-22 18:23:29,688] INFO -------------------------------------------------
[2021-10-22 18:23:29,690] INFO         Registered to:   tcp://10.36.107.34:32071
[2021-10-22 18:23:29,690] INFO -------------------------------------------------
[2021-10-22 18:23:29,691] INFO Starting established connection
[2021-10-22 18:23:29,691] INFO Starting established connection
[2021-10-22 18:23:29,704] INFO         Registered to:   tcp://10.36.107.34:32071
[2021-10-22 18:23:29,704] INFO -------------------------------------------------
[2021-10-22 18:23:29,704] INFO Starting established connection
[2021-10-22 18:23:29,707] INFO         Registered to:   tcp://10.36.107.34:32071
[2021-10-22 18:23:29,707] INFO -------------------------------------------------
[2021-10-22 18:23:29,707] INFO Starting established connection
[2021-10-22 18:23:29,720] INFO         Registered to:   tcp://10.36.107.34:32071
[2021-10-22 18:23:29,720] INFO -------------------------------------------------
[2021-10-22 18:23:29,721] INFO Starting established connection
[2021-10-22 18:23:29,725] INFO         Registered to:   tcp://10.36.107.34:32071
[2021-10-22 18:23:29,725] INFO -------------------------------------------------
[2021-10-22 18:23:29,726] INFO Starting established connection
[2021-10-22 18:23:29,730] INFO         Registered to:   tcp://10.36.107.34:32071
[2021-10-22 18:23:29,730] INFO -------------------------------------------------
[2021-10-22 18:23:29,731] INFO Starting established connection
[2021-10-22 18:23:29,736] INFO         Registered to:   tcp://10.36.107.34:32071
[2021-10-22 18:23:29,736] INFO -------------------------------------------------
[2021-10-22 18:23:29,737] INFO         Registered to:   tcp://10.36.107.34:32071
[2021-10-22 18:23:29,737] INFO -------------------------------------------------
[2021-10-22 18:23:29,737] INFO Starting established connection
[2021-10-22 18:23:29,737] INFO Starting established connection
[2021-10-22 18:23:29,737] INFO         Registered to:   tcp://10.36.107.34:32071
[2021-10-22 18:23:29,738] INFO -------------------------------------------------
[2021-10-22 18:23:29,739] INFO Starting established connection
[2021-10-22 18:23:29,739] INFO         Registered to:   tcp://10.36.107.34:32071
[2021-10-22 18:23:29,739] INFO -------------------------------------------------
[2021-10-22 18:23:29,739] INFO Starting established connection
[2021-10-22 18:23:29,741] INFO         Registered to:   tcp://10.36.107.34:32071
[2021-10-22 18:23:29,741] INFO -------------------------------------------------
[2021-10-22 18:23:29,742] INFO Starting established connection
[2021-10-22 18:23:29,742] INFO         Registered to:   tcp://10.36.107.34:32071
[2021-10-22 18:23:29,743] INFO -------------------------------------------------
[2021-10-22 18:23:29,743] INFO Starting established connection
[2021-10-22 18:23:29,743] INFO         Registered to:   tcp://10.36.107.34:32071
[2021-10-22 18:23:29,743] INFO -------------------------------------------------
[2021-10-22 18:23:29,744] INFO Starting established connection
[2021-10-22 18:23:29,745] INFO         Registered to:   tcp://10.36.107.34:32071
[2021-10-22 18:23:29,745] INFO -------------------------------------------------
[2021-10-22 18:23:29,746] INFO Starting established connection
[2021-10-22 18:23:29,747] INFO         Registered to:   tcp://10.36.107.34:32071
[2021-10-22 18:23:29,748] INFO -------------------------------------------------
[2021-10-22 18:23:29,748] INFO Starting established connection
[2021-10-22 18:23:29,748] INFO         Registered to:   tcp://10.36.107.34:32071
[2021-10-22 18:23:29,749] INFO -------------------------------------------------
[2021-10-22 18:23:29,749] INFO Starting established connection
[2021-10-22 18:23:29,751] INFO         Registered to:   tcp://10.36.107.34:32071
[2021-10-22 18:23:29,751] INFO -------------------------------------------------
[2021-10-22 18:23:29,751] INFO Starting established connection
[2021-10-22 18:23:29,752] INFO         Registered to:   tcp://10.36.107.34:32071
[2021-10-22 18:23:29,752] INFO -------------------------------------------------
[2021-10-22 18:23:29,753] INFO Starting established connection
[2021-10-22 18:23:29,757] INFO         Registered to:   tcp://10.36.107.34:32071
[2021-10-22 18:23:29,757] INFO -------------------------------------------------
[2021-10-22 18:23:29,758] INFO Starting established connection
[2021-10-22 18:23:29,762] INFO         Registered to:   tcp://10.36.107.34:32071
[2021-10-22 18:23:29,762] INFO -------------------------------------------------
[2021-10-22 18:23:29,762] INFO Starting established connection
[2021-10-22 18:23:29,763] INFO         Registered to:   tcp://10.36.107.34:32071
[2021-10-22 18:23:29,765] INFO -------------------------------------------------
[2021-10-22 18:23:29,765] INFO Starting established connection
[2021-10-22 18:23:29,768] INFO         Registered to:   tcp://10.36.107.34:32071
[2021-10-22 18:23:29,768] INFO -------------------------------------------------
[2021-10-22 18:23:29,769] INFO Starting established connection
[2021-10-22 18:23:29,770] INFO         Registered to:   tcp://10.36.107.34:32071
[2021-10-22 18:23:29,770] INFO -------------------------------------------------
[2021-10-22 18:23:29,771] INFO Starting established connection
[2021-10-22 18:23:29,771] INFO         Registered to:   tcp://10.36.107.34:32071
[2021-10-22 18:23:29,771] INFO -------------------------------------------------
[2021-10-22 18:23:29,772] INFO Starting established connection
[2021-10-22 18:23:29,773] INFO         Registered to:   tcp://10.36.107.34:32071
[2021-10-22 18:23:29,773] INFO -------------------------------------------------
[2021-10-22 18:23:29,773] INFO         Registered to:   tcp://10.36.107.34:32071
[2021-10-22 18:23:29,774] INFO -------------------------------------------------
[2021-10-22 18:23:29,774] INFO Starting established connection
[2021-10-22 18:23:29,774] INFO Starting established connection
[2021-10-22 18:23:29,776] INFO         Registered to:   tcp://10.36.107.34:32071
[2021-10-22 18:23:29,776] INFO -------------------------------------------------
[2021-10-22 18:23:29,777] INFO Starting established connection
[2021-10-22 18:23:29,778] INFO         Registered to:   tcp://10.36.107.34:32071
[2021-10-22 18:23:29,778] INFO -------------------------------------------------
[2021-10-22 18:23:29,779] INFO Starting established connection
[2021-10-22 18:23:29,779] INFO         Registered to:   tcp://10.36.107.34:32071
[2021-10-22 18:23:29,779] INFO -------------------------------------------------
[2021-10-22 18:23:29,780] INFO Starting established connection
[2021-10-22 18:23:29,780] INFO         Registered to:   tcp://10.36.107.34:32071
[2021-10-22 18:23:29,780] INFO -------------------------------------------------
[2021-10-22 18:23:29,781] INFO Starting established connection
[2021-10-22 18:23:29,781] INFO         Registered to:   tcp://10.36.107.34:32071
[2021-10-22 18:23:29,781] INFO -------------------------------------------------
[2021-10-22 18:23:29,782] INFO Starting established connection
[2021-10-22 18:23:29,782] INFO         Registered to:   tcp://10.36.107.34:32071
[2021-10-22 18:23:29,782] INFO -------------------------------------------------
[2021-10-22 18:23:29,783] INFO Starting established connection
[2021-10-22 18:25:03,075] INFO full garbage collection released 59.99 MiB from 106 reference cycles (threshold: 9.54 MiB)
[2021-10-22 18:25:03,668] CRITICAL Failed to deserialize
Traceback (most recent call last):
  File "/groups/scicompsoft/home/ackermand/miniconda3/envs/multiresolution_mesh_creator/lib/python3.7/site-packages/distributed/protocol/core.py", line 112, in loads
    frames[0], object_hook=_decode_default, use_list=False, **msgpack_opts
  File "msgpack/_unpacker.pyx", line 195, in msgpack._cmsgpack.unpackb
  File "/groups/scicompsoft/home/ackermand/miniconda3/envs/multiresolution_mesh_creator/lib/python3.7/site-packages/distributed/protocol/core.py", line 104, in _decode_default
    sub_header, sub_frames, deserializers=deserializers
  File "/groups/scicompsoft/home/ackermand/miniconda3/envs/multiresolution_mesh_creator/lib/python3.7/site-packages/distributed/protocol/serialize.py", line 474, in merge_and_deserialize
    return deserialize(header, merged_frames, deserializers=deserializers)
  File "/groups/scicompsoft/home/ackermand/miniconda3/envs/multiresolution_mesh_creator/lib/python3.7/site-packages/distributed/protocol/serialize.py", line 406, in deserialize
    return loads(header, frames)
  File "/groups/scicompsoft/home/ackermand/miniconda3/envs/multiresolution_mesh_creator/lib/python3.7/site-packages/distributed/protocol/serialize.py", line 45, in dask_loads
    loads = dask_deserialize.dispatch(typ)
  File "/groups/scicompsoft/home/ackermand/miniconda3/envs/multiresolution_mesh_creator/lib/python3.7/site-packages/dask/utils.py", line 568, in dispatch
    raise TypeError("No dispatch for {0}".format(cls))
TypeError: No dispatch for <class 'trimesh.caching.TrackedArray'>
[2021-10-22 18:25:03,670] ERROR No dispatch for <class 'trimesh.caching.TrackedArray'>
Traceback (most recent call last):
  File "/groups/scicompsoft/home/ackermand/miniconda3/envs/multiresolution_mesh_creator/lib/python3.7/site-packages/distributed/worker.py", line 2342, in gather_dep
    self.rpc, to_gather_keys, worker, who=self.address
  File "/groups/scicompsoft/home/ackermand/miniconda3/envs/multiresolution_mesh_creator/lib/python3.7/site-packages/distributed/worker.py", line 3674, in get_data_from_worker
    return await retry_operation(_get_data, operation="get_data_from_worker")
  File "/groups/scicompsoft/home/ackermand/miniconda3/envs/multiresolution_mesh_creator/lib/python3.7/site-packages/distributed/utils_comm.py", line 390, in retry_operation
    operation=operation,
  File "/groups/scicompsoft/home/ackermand/miniconda3/envs/multiresolution_mesh_creator/lib/python3.7/site-packages/distributed/utils_comm.py", line 370, in retry
    return await coro()
  File "/groups/scicompsoft/home/ackermand/miniconda3/envs/multiresolution_mesh_creator/lib/python3.7/site-packages/distributed/worker.py", line 3661, in _get_data
    max_connections=max_connections,
  File "/groups/scicompsoft/home/ackermand/miniconda3/envs/multiresolution_mesh_creator/lib/python3.7/site-packages/distributed/core.py", line 651, in send_recv
    response = await comm.read(deserializers=deserializers)
  File "/groups/scicompsoft/home/ackermand/miniconda3/envs/multiresolution_mesh_creator/lib/python3.7/site-packages/distributed/comm/tcp.py", line 230, in read
    allow_offload=self.allow_offload,
  File "/groups/scicompsoft/home/ackermand/miniconda3/envs/multiresolution_mesh_creator/lib/python3.7/site-packages/distributed/comm/utils.py", line 78, in from_frames
    res = _from_frames()
  File "/groups/scicompsoft/home/ackermand/miniconda3/envs/multiresolution_mesh_creator/lib/python3.7/site-packages/distributed/comm/utils.py", line 62, in _from_frames
    frames, deserialize=deserialize, deserializers=deserializers
  File "/groups/scicompsoft/home/ackermand/miniconda3/envs/multiresolution_mesh_creator/lib/python3.7/site-packages/distributed/protocol/core.py", line 112, in loads
    frames[0], object_hook=_decode_default, use_list=False, **msgpack_opts
  File "msgpack/_unpacker.pyx", line 195, in msgpack._cmsgpack.unpackb
  File "/groups/scicompsoft/home/ackermand/miniconda3/envs/multiresolution_mesh_creator/lib/python3.7/site-packages/distributed/protocol/core.py", line 104, in _decode_default
    sub_header, sub_frames, deserializers=deserializers
  File "/groups/scicompsoft/home/ackermand/miniconda3/envs/multiresolution_mesh_creator/lib/python3.7/site-packages/distributed/protocol/serialize.py", line 474, in merge_and_deserialize
    return deserialize(header, merged_frames, deserializers=deserializers)
  File "/groups/scicompsoft/home/ackermand/miniconda3/envs/multiresolution_mesh_creator/lib/python3.7/site-packages/distributed/protocol/serialize.py", line 406, in deserialize
    return loads(header, frames)
  File "/groups/scicompsoft/home/ackermand/miniconda3/envs/multiresolution_mesh_creator/lib/python3.7/site-packages/distributed/protocol/serialize.py", line 45, in dask_loads
    loads = dask_deserialize.dispatch(typ)
  File "/groups/scicompsoft/home/ackermand/miniconda3/envs/multiresolution_mesh_creator/lib/python3.7/site-packages/dask/utils.py", line 568, in dispatch
    raise TypeError("No dispatch for {0}".format(cls))
TypeError: No dispatch for <class 'trimesh.caching.TrackedArray'>
[2021-10-22 18:25:03,670] INFO Task <Task 'TrackedArray-6cba063664be24f6904882ccf6bf44bc' flight> does not know who has
[2021-10-22 18:25:03,671] INFO Task <Task 'ndarray-365a2390d50185f5d0df52e51d35cf7a' flight> does not know who has
[2021-10-22 18:25:03,671] ERROR No dispatch for <class 'trimesh.caching.TrackedArray'>
Traceback (most recent call last):
  File "/groups/scicompsoft/home/ackermand/miniconda3/envs/multiresolution_mesh_creator/lib/python3.7/site-packages/distributed/utils.py", line 638, in log_errors
    yield
  File "/groups/scicompsoft/home/ackermand/miniconda3/envs/multiresolution_mesh_creator/lib/python3.7/site-packages/distributed/worker.py", line 2342, in gather_dep
    self.rpc, to_gather_keys, worker, who=self.address
  File "/groups/scicompsoft/home/ackermand/miniconda3/envs/multiresolution_mesh_creator/lib/python3.7/site-packages/distributed/worker.py", line 3674, in get_data_from_worker
    return await retry_operation(_get_data, operation="get_data_from_worker")
  File "/groups/scicompsoft/home/ackermand/miniconda3/envs/multiresolution_mesh_creator/lib/python3.7/site-packages/distributed/utils_comm.py", line 390, in retry_operation
    operation=operation,
  File "/groups/scicompsoft/home/ackermand/miniconda3/envs/multiresolution_mesh_creator/lib/python3.7/site-packages/distributed/utils_comm.py", line 370, in retry
    return await coro()
  File "/groups/scicompsoft/home/ackermand/miniconda3/envs/multiresolution_mesh_creator/lib/python3.7/site-packages/distributed/worker.py", line 3661, in _get_data
    max_connections=max_connections,
  File "/groups/scicompsoft/home/ackermand/miniconda3/envs/multiresolution_mesh_creator/lib/python3.7/site-packages/distributed/core.py", line 651, in send_recv
    response = await comm.read(deserializers=deserializers)
  File "/groups/scicompsoft/home/ackermand/miniconda3/envs/multiresolution_mesh_creator/lib/python3.7/site-packages/distributed/comm/tcp.py", line 230, in read
    allow_offload=self.allow_offload,
  File "/groups/scicompsoft/home/ackermand/miniconda3/envs/multiresolution_mesh_creator/lib/python3.7/site-packages/distributed/comm/utils.py", line 78, in from_frames
    res = _from_frames()
  File "/groups/scicompsoft/home/ackermand/miniconda3/envs/multiresolution_mesh_creator/lib/python3.7/site-packages/distributed/comm/utils.py", line 62, in _from_frames
    frames, deserialize=deserialize, deserializers=deserializers
  File "/groups/scicompsoft/home/ackermand/miniconda3/envs/multiresolution_mesh_creator/lib/python3.7/site-packages/distributed/protocol/core.py", line 112, in loads
    frames[0], object_hook=_decode_default, use_list=False, **msgpack_opts
  File "msgpack/_unpacker.pyx", line 195, in msgpack._cmsgpack.unpackb
  File "/groups/scicompsoft/home/ackermand/miniconda3/envs/multiresolution_mesh_creator/lib/python3.7/site-packages/distributed/protocol/core.py", line 104, in _decode_default
    sub_header, sub_frames, deserializers=deserializers
  File "/groups/scicompsoft/home/ackermand/miniconda3/envs/multiresolution_mesh_creator/lib/python3.7/site-packages/distributed/protocol/serialize.py", line 474, in merge_and_deserialize
    return deserialize(header, merged_frames, deserializers=deserializers)
  File "/groups/scicompsoft/home/ackermand/miniconda3/envs/multiresolution_mesh_creator/lib/python3.7/site-packages/distributed/protocol/serialize.py", line 406, in deserialize
    return loads(header, frames)
  File "/groups/scicompsoft/home/ackermand/miniconda3/envs/multiresolution_mesh_creator/lib/python3.7/site-packages/distributed/protocol/serialize.py", line 45, in dask_loads
    loads = dask_deserialize.dispatch(typ)
  File "/groups/scicompsoft/home/ackermand/miniconda3/envs/multiresolution_mesh_creator/lib/python3.7/site-packages/dask/utils.py", line 568, in dispatch
    raise TypeError("No dispatch for {0}".format(cls))
TypeError: No dispatch for <class 'trimesh.caching.TrackedArray'>
[2021-10-22 18:25:03,671] ERROR Exception in callback functools.partial(<bound method IOLoop._discard_future_result of <tornado.platform.asyncio.AsyncIOLoop object at 0x14b53f7cae50>>, <Task finished coro=<Worker.gather_dep() done, defined at /groups/scicompsoft/home/ackermand/miniconda3/envs/multiresolution_mesh_creator/lib/python3.7/site-packages/distributed/worker.py:2291> exception=TypeError("No dispatch for <class 'trimesh.caching.TrackedArray'>")>)
Traceback (most recent call last):
  File "/groups/scicompsoft/home/ackermand/miniconda3/envs/multiresolution_mesh_creator/lib/python3.7/site-packages/tornado/ioloop.py", line 741, in _run_callback
    ret = callback()
  File "/groups/scicompsoft/home/ackermand/miniconda3/envs/multiresolution_mesh_creator/lib/python3.7/site-packages/tornado/ioloop.py", line 765, in _discard_future_result
    future.result()
  File "/groups/scicompsoft/home/ackermand/miniconda3/envs/multiresolution_mesh_creator/lib/python3.7/site-packages/distributed/worker.py", line 2342, in gather_dep
    self.rpc, to_gather_keys, worker, who=self.address
  File "/groups/scicompsoft/home/ackermand/miniconda3/envs/multiresolution_mesh_creator/lib/python3.7/site-packages/distributed/worker.py", line 3674, in get_data_from_worker
    return await retry_operation(_get_data, operation="get_data_from_worker")
  File "/groups/scicompsoft/home/ackermand/miniconda3/envs/multiresolution_mesh_creator/lib/python3.7/site-packages/distributed/utils_comm.py", line 390, in retry_operation
    operation=operation,
  File "/groups/scicompsoft/home/ackermand/miniconda3/envs/multiresolution_mesh_creator/lib/python3.7/site-packages/distributed/utils_comm.py", line 370, in retry
    return await coro()
  File "/groups/scicompsoft/home/ackermand/miniconda3/envs/multiresolution_mesh_creator/lib/python3.7/site-packages/distributed/worker.py", line 3661, in _get_data
    max_connections=max_connections,
  File "/groups/scicompsoft/home/ackermand/miniconda3/envs/multiresolution_mesh_creator/lib/python3.7/site-packages/distributed/core.py", line 651, in send_recv
    response = await comm.read(deserializers=deserializers)
  File "/groups/scicompsoft/home/ackermand/miniconda3/envs/multiresolution_mesh_creator/lib/python3.7/site-packages/distributed/comm/tcp.py", line 230, in read
    allow_offload=self.allow_offload,
  File "/groups/scicompsoft/home/ackermand/miniconda3/envs/multiresolution_mesh_creator/lib/python3.7/site-packages/distributed/comm/utils.py", line 78, in from_frames
    res = _from_frames()
  File "/groups/scicompsoft/home/ackermand/miniconda3/envs/multiresolution_mesh_creator/lib/python3.7/site-packages/distributed/comm/utils.py", line 62, in _from_frames
    frames, deserialize=deserialize, deserializers=deserializers
  File "/groups/scicompsoft/home/ackermand/miniconda3/envs/multiresolution_mesh_creator/lib/python3.7/site-packages/distributed/protocol/core.py", line 112, in loads
    frames[0], object_hook=_decode_default, use_list=False, **msgpack_opts
  File "msgpack/_unpacker.pyx", line 195, in msgpack._cmsgpack.unpackb
  File "/groups/scicompsoft/home/ackermand/miniconda3/envs/multiresolution_mesh_creator/lib/python3.7/site-packages/distributed/protocol/core.py", line 104, in _decode_default
    sub_header, sub_frames, deserializers=deserializers
  File "/groups/scicompsoft/home/ackermand/miniconda3/envs/multiresolution_mesh_creator/lib/python3.7/site-packages/distributed/protocol/serialize.py", line 474, in merge_and_deserialize
    return deserialize(header, merged_frames, deserializers=deserializers)
  File "/groups/scicompsoft/home/ackermand/miniconda3/envs/multiresolution_mesh_creator/lib/python3.7/site-packages/distributed/protocol/serialize.py", line 406, in deserialize
    return loads(header, frames)
  File "/groups/scicompsoft/home/ackermand/miniconda3/envs/multiresolution_mesh_creator/lib/python3.7/site-packages/distributed/protocol/serialize.py", line 45, in dask_loads
    loads = dask_deserialize.dispatch(typ)
  File "/groups/scicompsoft/home/ackermand/miniconda3/envs/multiresolution_mesh_creator/lib/python3.7/site-packages/dask/utils.py", line 568, in dispatch
    raise TypeError("No dispatch for {0}".format(cls))
TypeError: No dispatch for <class 'trimesh.caching.TrackedArray'>
[2021-10-22 18:25:03,672] INFO Dependent not found: TrackedArray-6cba063664be24f6904882ccf6bf44bc 0 .  Asking scheduler
[2021-10-22 18:25:03,672] INFO Dependent not found: ndarray-365a2390d50185f5d0df52e51d35cf7a 0 .  Asking scheduler
[2021-10-22 18:25:03,711] INFO No workers found for TrackedArray-6cba063664be24f6904882ccf6bf44bc
[2021-10-22 18:25:03,711] INFO Can't find dependencies {<Task 'TrackedArray-6cba063664be24f6904882ccf6bf44bc' fetch>} for key generate_mesh_decomposition-075d58ff-017b-4b42-9d09-7b12d824e94d
[2021-10-22 18:25:03,711] INFO Dependent not found: TrackedArray-6cba063664be24f6904882ccf6bf44bc 1 .  Asking scheduler
[2021-10-22 18:25:03,795] INFO No workers found for TrackedArray-6cba063664be24f6904882ccf6bf44bc
[2021-10-22 18:25:03,841] INFO No workers found for ndarray-365a2390d50185f5d0df52e51d35cf7a
[2021-10-22 18:25:04,570] INFO Stopping worker at tcp://10.36.60.33:16415
[2021-10-22 18:25:04,570] INFO Stopping worker at tcp://10.36.60.33:25283
[2021-10-22 18:25:04,570] INFO Stopping worker at tcp://10.36.60.33:23525
[2021-10-22 18:25:04,570] INFO Stopping worker at tcp://10.36.60.33:23941
Process Dask Worker process (from Nanny):
Traceback (most recent call last):
  File "/groups/scicompsoft/home/ackermand/miniconda3/envs/multiresolution_mesh_creator/lib/python3.7/site-packages/distributed/nanny.py", line 897, in _run
    loop.run_sync(run)
  File "/groups/scicompsoft/home/ackermand/miniconda3/envs/multiresolution_mesh_creator/lib/python3.7/site-packages/tornado/ioloop.py", line 524, in run_sync
    self.start()
  File "/groups/scicompsoft/home/ackermand/miniconda3/envs/multiresolution_mesh_creator/lib/python3.7/site-packages/tornado/platform/asyncio.py", line 199, in start
    self.asyncio_loop.run_forever()
  File "/groups/scicompsoft/home/ackermand/miniconda3/envs/multiresolution_mesh_creator/lib/python3.7/asyncio/base_events.py", line 541, in run_forever
    self._run_once()
  File "/groups/scicompsoft/home/ackermand/miniconda3/envs/multiresolution_mesh_creator/lib/python3.7/asyncio/base_events.py", line 1750, in _run_once
    event_list = self._selector.select(timeout)
  File "/groups/scicompsoft/home/ackermand/miniconda3/envs/multiresolution_mesh_creator/lib/python3.7/selectors.py", line 468, in select
    fd_event_list = self._selector.poll(timeout, max_ev)
KeyboardInterrupt

During handling of the above exception, another exception occurred:

Traceback (most recent call last):
  File "/groups/scicompsoft/home/ackermand/miniconda3/envs/multiresolution_mesh_creator/lib/python3.7/multiprocessing/process.py", line 297, in _bootstrap
    self.run()
  File "/groups/scicompsoft/home/ackermand/miniconda3/envs/multiresolution_mesh_creator/lib/python3.7/multiprocessing/process.py", line 99, in run
    self._target(*self._args, **self._kwargs)
  File "/groups/scicompsoft/home/ackermand/miniconda3/envs/multiresolution_mesh_creator/lib/python3.7/site-packages/distributed/process.py", line 191, in _run
    target(*args, **kwargs)
  File "/groups/scicompsoft/home/ackermand/miniconda3/envs/multiresolution_mesh_creator/lib/python3.7/site-packages/distributed/nanny.py", line 904, in _run
    loop.run_sync(do_stop)
  File "/groups/scicompsoft/home/ackermand/miniconda3/envs/multiresolution_mesh_creator/lib/python3.7/site-packages/tornado/ioloop.py", line 524, in run_sync
    self.start()
  File "/groups/scicompsoft/home/ackermand/miniconda3/envs/multiresolution_mesh_creator/lib/python3.7/site-packages/tornado/platform/asyncio.py", line 193, in start
    old_loop = asyncio.get_event_loop()
  File "/groups/scicompsoft/home/ackermand/miniconda3/envs/multiresolution_mesh_creator/lib/python3.7/site-packages/distributed/utils.py", line 1060, in get_event_loop
    return super().get_event_loop()
KeyboardInterrupt
[2021-10-22 18:25:04,570] INFO Stopping worker at tcp://10.36.60.33:29661
[2021-10-22 18:25:04,570] INFO Stopping worker at tcp://10.36.60.33:26557
[2021-10-22 18:25:04,570] INFO Stopping worker at tcp://10.36.60.33:17699
[2021-10-22 18:25:04,570] INFO Stopping worker at tcp://10.36.60.33:38931
[2021-10-22 18:25:04,570] INFO Stopping worker at tcp://10.36.60.33:17607
[2021-10-22 18:25:04,570] INFO Stopping worker at tcp://10.36.60.33:23861
[2021-10-22 18:25:04,570] INFO Stopping worker at tcp://10.36.60.33:36635
[2021-10-22 18:25:04,570] INFO Stopping worker at tcp://10.36.60.33:18039
[2021-10-22 18:25:04,570] INFO Stopping worker at tcp://10.36.60.33:24443
[2021-10-22 18:25:04,570] INFO Stopping worker at tcp://10.36.60.33:28227
[2021-10-22 18:25:04,570] INFO Stopping worker at tcp://10.36.60.33:34511
[2021-10-22 18:25:04,571] INFO Stopping worker at tcp://10.36.60.33:27519
[2021-10-22 18:25:04,571] INFO Stopping worker at tcp://10.36.60.33:30395
Process Dask Worker process (from Nanny):
Traceback (most recent call last):
  File "/groups/scicompsoft/home/ackermand/miniconda3/envs/multiresolution_mesh_creator/lib/python3.7/site-packages/distributed/nanny.py", line 897, in _run
    loop.run_sync(run)
  File "/groups/scicompsoft/home/ackermand/miniconda3/envs/multiresolution_mesh_creator/lib/python3.7/site-packages/tornado/ioloop.py", line 524, in run_sync
    self.start()
  File "/groups/scicompsoft/home/ackermand/miniconda3/envs/multiresolution_mesh_creator/lib/python3.7/site-packages/tornado/platform/asyncio.py", line 199, in start
    self.asyncio_loop.run_forever()
  File "/groups/scicompsoft/home/ackermand/miniconda3/envs/multiresolution_mesh_creator/lib/python3.7/asyncio/base_events.py", line 541, in run_forever
    self._run_once()
  File "/groups/scicompsoft/home/ackermand/miniconda3/envs/multiresolution_mesh_creator/lib/python3.7/asyncio/base_events.py", line 1750, in _run_once
    event_list = self._selector.select(timeout)
  File "/groups/scicompsoft/home/ackermand/miniconda3/envs/multiresolution_mesh_creator/lib/python3.7/selectors.py", line 468, in select
    fd_event_list = self._selector.poll(timeout, max_ev)
KeyboardInterrupt

During handling of the above exception, another exception occurred:

Traceback (most recent call last):
  File "/groups/scicompsoft/home/ackermand/miniconda3/envs/multiresolution_mesh_creator/lib/python3.7/multiprocessing/process.py", line 297, in _bootstrap
    self.run()
  File "/groups/scicompsoft/home/ackermand/miniconda3/envs/multiresolution_mesh_creator/lib/python3.7/multiprocessing/process.py", line 99, in run
    self._target(*self._args, **self._kwargs)
  File "/groups/scicompsoft/home/ackermand/miniconda3/envs/multiresolution_mesh_creator/lib/python3.7/site-packages/distributed/process.py", line 191, in _run
    target(*args, **kwargs)
  File "/groups/scicompsoft/home/ackermand/miniconda3/envs/multiresolution_mesh_creator/lib/python3.7/site-packages/distributed/nanny.py", line 901, in _run
    except KeyboardInterrupt:
KeyboardInterrupt
Process Dask Worker process (from Nanny):
Traceback (most recent call last):
  File "/groups/scicompsoft/home/ackermand/miniconda3/envs/multiresolution_mesh_creator/lib/python3.7/site-packages/distributed/nanny.py", line 897, in _run
    loop.run_sync(run)
  File "/groups/scicompsoft/home/ackermand/miniconda3/envs/multiresolution_mesh_creator/lib/python3.7/site-packages/tornado/ioloop.py", line 524, in run_sync
    self.start()
  File "/groups/scicompsoft/home/ackermand/miniconda3/envs/multiresolution_mesh_creator/lib/python3.7/site-packages/tornado/platform/asyncio.py", line 199, in start
    self.asyncio_loop.run_forever()
  File "/groups/scicompsoft/home/ackermand/miniconda3/envs/multiresolution_mesh_creator/lib/python3.7/asyncio/base_events.py", line 541, in run_forever
    self._run_once()
  File "/groups/scicompsoft/home/ackermand/miniconda3/envs/multiresolution_mesh_creator/lib/python3.7/asyncio/base_events.py", line 1750, in _run_once
    event_list = self._selector.select(timeout)
  File "/groups/scicompsoft/home/ackermand/miniconda3/envs/multiresolution_mesh_creator/lib/python3.7/selectors.py", line 468, in select
    fd_event_list = self._selector.poll(timeout, max_ev)
KeyboardInterrupt

During handling of the above exception, another exception occurred:

Traceback (most recent call last):
  File "/groups/scicompsoft/home/ackermand/miniconda3/envs/multiresolution_mesh_creator/lib/python3.7/multiprocessing/process.py", line 297, in _bootstrap
    self.run()
  File "/groups/scicompsoft/home/ackermand/miniconda3/envs/multiresolution_mesh_creator/lib/python3.7/multiprocessing/process.py", line 99, in run
    self._target(*self._args, **self._kwargs)
  File "/groups/scicompsoft/home/ackermand/miniconda3/envs/multiresolution_mesh_creator/lib/python3.7/site-packages/distributed/process.py", line 191, in _run
    target(*args, **kwargs)
  File "/groups/scicompsoft/home/ackermand/miniconda3/envs/multiresolution_mesh_creator/lib/python3.7/site-packages/distributed/nanny.py", line 904, in _run
    loop.run_sync(do_stop)
  File "/groups/scicompsoft/home/ackermand/miniconda3/envs/multiresolution_mesh_creator/lib/python3.7/site-packages/tornado/ioloop.py", line 511, in run_sync
    self.add_callback(run)
  File "/groups/scicompsoft/home/ackermand/miniconda3/envs/multiresolution_mesh_creator/lib/python3.7/site-packages/tornado/platform/asyncio.py", line 227, in add_callback
    call_soon(self._run_callback, functools.partial(callback, *args, **kwargs))
  File "/groups/scicompsoft/home/ackermand/miniconda3/envs/multiresolution_mesh_creator/lib/python3.7/asyncio/base_events.py", line 681, in call_soon
    def call_soon(self, callback, *args, context=None):
KeyboardInterrupt
Process Dask Worker process (from Nanny):
Traceback (most recent call last):
  File "/groups/scicompsoft/home/ackermand/miniconda3/envs/multiresolution_mesh_creator/lib/python3.7/site-packages/distributed/nanny.py", line 897, in _run
    loop.run_sync(run)
  File "/groups/scicompsoft/home/ackermand/miniconda3/envs/multiresolution_mesh_creator/lib/python3.7/site-packages/tornado/ioloop.py", line 524, in run_sync
    self.start()
  File "/groups/scicompsoft/home/ackermand/miniconda3/envs/multiresolution_mesh_creator/lib/python3.7/site-packages/tornado/platform/asyncio.py", line 199, in start
    self.asyncio_loop.run_forever()
  File "/groups/scicompsoft/home/ackermand/miniconda3/envs/multiresolution_mesh_creator/lib/python3.7/asyncio/base_events.py", line 541, in run_forever
    self._run_once()
  File "/groups/scicompsoft/home/ackermand/miniconda3/envs/multiresolution_mesh_creator/lib/python3.7/asyncio/base_events.py", line 1750, in _run_once
    event_list = self._selector.select(timeout)
  File "/groups/scicompsoft/home/ackermand/miniconda3/envs/multiresolution_mesh_creator/lib/python3.7/selectors.py", line 468, in select
    fd_event_list = self._selector.poll(timeout, max_ev)
KeyboardInterrupt

During handling of the above exception, another exception occurred:

Traceback (most recent call last):
  File "/groups/scicompsoft/home/ackermand/miniconda3/envs/multiresolution_mesh_creator/lib/python3.7/multiprocessing/process.py", line 297, in _bootstrap
    self.run()
  File "/groups/scicompsoft/home/ackermand/miniconda3/envs/multiresolution_mesh_creator/lib/python3.7/multiprocessing/process.py", line 99, in run
    self._target(*self._args, **self._kwargs)
  File "/groups/scicompsoft/home/ackermand/miniconda3/envs/multiresolution_mesh_creator/lib/python3.7/site-packages/distributed/process.py", line 191, in _run
    target(*args, **kwargs)
  File "/groups/scicompsoft/home/ackermand/miniconda3/envs/multiresolution_mesh_creator/lib/python3.7/site-packages/distributed/nanny.py", line 897, in _run
    loop.run_sync(run)
KeyboardInterrupt
Process Dask Worker process (from Nanny):
Traceback (most recent call last):
  File "/groups/scicompsoft/home/ackermand/miniconda3/envs/multiresolution_mesh_creator/lib/python3.7/site-packages/distributed/nanny.py", line 897, in _run
    loop.run_sync(run)
  File "/groups/scicompsoft/home/ackermand/miniconda3/envs/multiresolution_mesh_creator/lib/python3.7/site-packages/tornado/ioloop.py", line 524, in run_sync
    self.start()
  File "/groups/scicompsoft/home/ackermand/miniconda3/envs/multiresolution_mesh_creator/lib/python3.7/site-packages/tornado/platform/asyncio.py", line 199, in start
    self.asyncio_loop.run_forever()
  File "/groups/scicompsoft/home/ackermand/miniconda3/envs/multiresolution_mesh_creator/lib/python3.7/asyncio/base_events.py", line 541, in run_forever
    self._run_once()
  File "/groups/scicompsoft/home/ackermand/miniconda3/envs/multiresolution_mesh_creator/lib/python3.7/asyncio/base_events.py", line 1750, in _run_once
    event_list = self._selector.select(timeout)
  File "/groups/scicompsoft/home/ackermand/miniconda3/envs/multiresolution_mesh_creator/lib/python3.7/selectors.py", line 468, in select
    fd_event_list = self._selector.poll(timeout, max_ev)
KeyboardInterrupt

During handling of the above exception, another exception occurred:

Traceback (most recent call last):
  File "/groups/scicompsoft/home/ackermand/miniconda3/envs/multiresolution_mesh_creator/lib/python3.7/multiprocessing/process.py", line 297, in _bootstrap
    self.run()
  File "/groups/scicompsoft/home/ackermand/miniconda3/envs/multiresolution_mesh_creator/lib/python3.7/multiprocessing/process.py", line 99, in run
    self._target(*self._args, **self._kwargs)
  File "/groups/scicompsoft/home/ackermand/miniconda3/envs/multiresolution_mesh_creator/lib/python3.7/site-packages/distributed/process.py", line 191, in _run
    target(*args, **kwargs)
  File "/groups/scicompsoft/home/ackermand/miniconda3/envs/multiresolution_mesh_creator/lib/python3.7/site-packages/distributed/nanny.py", line 904, in _run
    loop.run_sync(do_stop)
  File "/groups/scicompsoft/home/ackermand/miniconda3/envs/multiresolution_mesh_creator/lib/python3.7/site-packages/tornado/ioloop.py", line 524, in run_sync
    self.start()
  File "/groups/scicompsoft/home/ackermand/miniconda3/envs/multiresolution_mesh_creator/lib/python3.7/site-packages/tornado/platform/asyncio.py", line 197, in start
    self._setup_logging()
  File "/groups/scicompsoft/home/ackermand/miniconda3/envs/multiresolution_mesh_creator/lib/python3.7/site-packages/tornado/ioloop.py", line 440, in _setup_logging
    logging.getLogger("tornado.application").handlers,
KeyboardInterrupt
Process Dask Worker process (from Nanny):
Traceback (most recent call last):
  File "/groups/scicompsoft/home/ackermand/miniconda3/envs/multiresolution_mesh_creator/lib/python3.7/site-packages/distributed/nanny.py", line 897, in _run
    loop.run_sync(run)
  File "/groups/scicompsoft/home/ackermand/miniconda3/envs/multiresolution_mesh_creator/lib/python3.7/site-packages/tornado/ioloop.py", line 524, in run_sync
    self.start()
  File "/groups/scicompsoft/home/ackermand/miniconda3/envs/multiresolution_mesh_creator/lib/python3.7/site-packages/tornado/platform/asyncio.py", line 199, in start
    self.asyncio_loop.run_forever()
  File "/groups/scicompsoft/home/ackermand/miniconda3/envs/multiresolution_mesh_creator/lib/python3.7/asyncio/base_events.py", line 541, in run_forever
    self._run_once()
  File "/groups/scicompsoft/home/ackermand/miniconda3/envs/multiresolution_mesh_creator/lib/python3.7/asyncio/base_events.py", line 1750, in _run_once
    event_list = self._selector.select(timeout)
  File "/groups/scicompsoft/home/ackermand/miniconda3/envs/multiresolution_mesh_creator/lib/python3.7/selectors.py", line 468, in select
    fd_event_list = self._selector.poll(timeout, max_ev)
KeyboardInterrupt

During handling of the above exception, another exception occurred:

Traceback (most recent call last):
  File "/groups/scicompsoft/home/ackermand/miniconda3/envs/multiresolution_mesh_creator/lib/python3.7/multiprocessing/process.py", line 297, in _bootstrap
    self.run()
  File "/groups/scicompsoft/home/ackermand/miniconda3/envs/multiresolution_mesh_creator/lib/python3.7/multiprocessing/process.py", line 99, in run
    self._target(*self._args, **self._kwargs)
  File "/groups/scicompsoft/home/ackermand/miniconda3/envs/multiresolution_mesh_creator/lib/python3.7/site-packages/distributed/process.py", line 191, in _run
    target(*args, **kwargs)
  File "/groups/scicompsoft/home/ackermand/miniconda3/envs/multiresolution_mesh_creator/lib/python3.7/site-packages/distributed/nanny.py", line 904, in _run
    loop.run_sync(do_stop)
  File "/groups/scicompsoft/home/ackermand/miniconda3/envs/multiresolution_mesh_creator/lib/python3.7/site-packages/tornado/ioloop.py", line 511, in run_sync
    self.add_callback(run)
  File "/groups/scicompsoft/home/ackermand/miniconda3/envs/multiresolution_mesh_creator/lib/python3.7/site-packages/tornado/platform/asyncio.py", line 221, in add_callback
    def add_callback(self, callback: Callable, *args: Any, **kwargs: Any) -> None:
KeyboardInterrupt
Process Dask Worker process (from Nanny):
Traceback (most recent call last):
  File "/groups/scicompsoft/home/ackermand/miniconda3/envs/multiresolution_mesh_creator/lib/python3.7/site-packages/distributed/nanny.py", line 897, in _run
    loop.run_sync(run)
  File "/groups/scicompsoft/home/ackermand/miniconda3/envs/multiresolution_mesh_creator/lib/python3.7/site-packages/tornado/ioloop.py", line 524, in run_sync
    self.start()
  File "/groups/scicompsoft/home/ackermand/miniconda3/envs/multiresolution_mesh_creator/lib/python3.7/site-packages/tornado/platform/asyncio.py", line 199, in start
    self.asyncio_loop.run_forever()
  File "/groups/scicompsoft/home/ackermand/miniconda3/envs/multiresolution_mesh_creator/lib/python3.7/asyncio/base_events.py", line 541, in run_forever
    self._run_once()
  File "/groups/scicompsoft/home/ackermand/miniconda3/envs/multiresolution_mesh_creator/lib/python3.7/asyncio/base_events.py", line 1750, in _run_once
    event_list = self._selector.select(timeout)
  File "/groups/scicompsoft/home/ackermand/miniconda3/envs/multiresolution_mesh_creator/lib/python3.7/selectors.py", line 468, in select
    fd_event_list = self._selector.poll(timeout, max_ev)
KeyboardInterrupt

During handling of the above exception, another exception occurred:

Traceback (most recent call last):
  File "/groups/scicompsoft/home/ackermand/miniconda3/envs/multiresolution_mesh_creator/lib/python3.7/multiprocessing/process.py", line 297, in _bootstrap
    self.run()
  File "/groups/scicompsoft/home/ackermand/miniconda3/envs/multiresolution_mesh_creator/lib/python3.7/multiprocessing/process.py", line 99, in run
    self._target(*self._args, **self._kwargs)
  File "/groups/scicompsoft/home/ackermand/miniconda3/envs/multiresolution_mesh_creator/lib/python3.7/site-packages/distributed/process.py", line 191, in _run
    target(*args, **kwargs)
  File "/groups/scicompsoft/home/ackermand/miniconda3/envs/multiresolution_mesh_creator/lib/python3.7/site-packages/distributed/nanny.py", line 904, in _run
    loop.run_sync(do_stop)
  File "/groups/scicompsoft/home/ackermand/miniconda3/envs/multiresolution_mesh_creator/lib/python3.7/site-packages/tornado/ioloop.py", line 524, in run_sync
    self.start()
  File "/groups/scicompsoft/home/ackermand/miniconda3/envs/multiresolution_mesh_creator/lib/python3.7/site-packages/tornado/platform/asyncio.py", line 199, in start
    self.asyncio_loop.run_forever()
  File "/groups/scicompsoft/home/ackermand/miniconda3/envs/multiresolution_mesh_creator/lib/python3.7/asyncio/base_events.py", line 541, in run_forever
    self._run_once()
  File "/groups/scicompsoft/home/ackermand/miniconda3/envs/multiresolution_mesh_creator/lib/python3.7/asyncio/base_events.py", line 1769, in _run_once
    ntodo = len(self._ready)
KeyboardInterrupt
/groups/scicompsoft/home/ackermand/miniconda3/envs/multiresolution_mesh_creator/lib/python3.7/site-packages/tornado/ioloop.py:492: RuntimeWarning: coroutine 'WorkerProcess._run.<locals>.do_stop' was never awaited
  result = func()
Process Dask Worker process (from Nanny):
Traceback (most recent call last):
  File "/groups/scicompsoft/home/ackermand/miniconda3/envs/multiresolution_mesh_creator/lib/python3.7/site-packages/distributed/nanny.py", line 897, in _run
    loop.run_sync(run)
  File "/groups/scicompsoft/home/ackermand/miniconda3/envs/multiresolution_mesh_creator/lib/python3.7/site-packages/tornado/ioloop.py", line 524, in run_sync
    self.start()
  File "/groups/scicompsoft/home/ackermand/miniconda3/envs/multiresolution_mesh_creator/lib/python3.7/site-packages/tornado/platform/asyncio.py", line 199, in start
    self.asyncio_loop.run_forever()
  File "/groups/scicompsoft/home/ackermand/miniconda3/envs/multiresolution_mesh_creator/lib/python3.7/asyncio/base_events.py", line 541, in run_forever
    self._run_once()
  File "/groups/scicompsoft/home/ackermand/miniconda3/envs/multiresolution_mesh_creator/lib/python3.7/asyncio/base_events.py", line 1750, in _run_once
    event_list = self._selector.select(timeout)
  File "/groups/scicompsoft/home/ackermand/miniconda3/envs/multiresolution_mesh_creator/lib/python3.7/selectors.py", line 468, in select
    fd_event_list = self._selector.poll(timeout, max_ev)
KeyboardInterrupt

During handling of the above exception, another exception occurred:

Traceback (most recent call last):
  File "/groups/scicompsoft/home/ackermand/miniconda3/envs/multiresolution_mesh_creator/lib/python3.7/multiprocessing/process.py", line 297, in _bootstrap
    self.run()
  File "/groups/scicompsoft/home/ackermand/miniconda3/envs/multiresolution_mesh_creator/lib/python3.7/multiprocessing/process.py", line 99, in run
    self._target(*self._args, **self._kwargs)
  File "/groups/scicompsoft/home/ackermand/miniconda3/envs/multiresolution_mesh_creator/lib/python3.7/site-packages/distributed/process.py", line 191, in _run
    target(*args, **kwargs)
  File "/groups/scicompsoft/home/ackermand/miniconda3/envs/multiresolution_mesh_creator/lib/python3.7/site-packages/distributed/nanny.py", line 904, in _run
    loop.run_sync(do_stop)
  File "/groups/scicompsoft/home/ackermand/miniconda3/envs/multiresolution_mesh_creator/lib/python3.7/site-packages/tornado/ioloop.py", line 524, in run_sync
    self.start()
  File "/groups/scicompsoft/home/ackermand/miniconda3/envs/multiresolution_mesh_creator/lib/python3.7/site-packages/tornado/platform/asyncio.py", line 199, in start
    self.asyncio_loop.run_forever()
  File "/groups/scicompsoft/home/ackermand/miniconda3/envs/multiresolution_mesh_creator/lib/python3.7/asyncio/base_events.py", line 541, in run_forever
    self._run_once()
  File "/groups/scicompsoft/home/ackermand/miniconda3/envs/multiresolution_mesh_creator/lib/python3.7/asyncio/base_events.py", line 1786, in _run_once
    handle._run()
  File "/groups/scicompsoft/home/ackermand/miniconda3/envs/multiresolution_mesh_creator/lib/python3.7/asyncio/events.py", line 88, in _run
    self._context.run(self._callback, *self._args)
  File "/groups/scicompsoft/home/ackermand/miniconda3/envs/multiresolution_mesh_creator/lib/python3.7/site-packages/tornado/ioloop.py", line 741, in _run_callback
    ret = callback()
  File "/groups/scicompsoft/home/ackermand/miniconda3/envs/multiresolution_mesh_creator/lib/python3.7/site-packages/tornado/ioloop.py", line 492, in run
    result = func()
KeyboardInterrupt
Process Dask Worker process (from Nanny):
Traceback (most recent call last):
  File "/groups/scicompsoft/home/ackermand/miniconda3/envs/multiresolution_mesh_creator/lib/python3.7/site-packages/distributed/nanny.py", line 897, in _run
    loop.run_sync(run)
  File "/groups/scicompsoft/home/ackermand/miniconda3/envs/multiresolution_mesh_creator/lib/python3.7/site-packages/tornado/ioloop.py", line 524, in run_sync
    self.start()
  File "/groups/scicompsoft/home/ackermand/miniconda3/envs/multiresolution_mesh_creator/lib/python3.7/site-packages/tornado/platform/asyncio.py", line 199, in start
    self.asyncio_loop.run_forever()
  File "/groups/scicompsoft/home/ackermand/miniconda3/envs/multiresolution_mesh_creator/lib/python3.7/asyncio/base_events.py", line 541, in run_forever
    self._run_once()
  File "/groups/scicompsoft/home/ackermand/miniconda3/envs/multiresolution_mesh_creator/lib/python3.7/asyncio/base_events.py", line 1750, in _run_once
    event_list = self._selector.select(timeout)
  File "/groups/scicompsoft/home/ackermand/miniconda3/envs/multiresolution_mesh_creator/lib/python3.7/selectors.py", line 468, in select
    fd_event_list = self._selector.poll(timeout, max_ev)
KeyboardInterrupt

During handling of the above exception, another exception occurred:

Traceback (most recent call last):
  File "/groups/scicompsoft/home/ackermand/miniconda3/envs/multiresolution_mesh_creator/lib/python3.7/multiprocessing/process.py", line 297, in _bootstrap
    self.run()
  File "/groups/scicompsoft/home/ackermand/miniconda3/envs/multiresolution_mesh_creator/lib/python3.7/multiprocessing/process.py", line 99, in run
    self._target(*self._args, **self._kwargs)
  File "/groups/scicompsoft/home/ackermand/miniconda3/envs/multiresolution_mesh_creator/lib/python3.7/site-packages/distributed/process.py", line 191, in _run
    target(*args, **kwargs)
  File "/groups/scicompsoft/home/ackermand/miniconda3/envs/multiresolution_mesh_creator/lib/python3.7/site-packages/distributed/nanny.py", line 904, in _run
    loop.run_sync(do_stop)
  File "/groups/scicompsoft/home/ackermand/miniconda3/envs/multiresolution_mesh_creator/lib/python3.7/site-packages/tornado/ioloop.py", line 524, in run_sync
    self.start()
  File "/groups/scicompsoft/home/ackermand/miniconda3/envs/multiresolution_mesh_creator/lib/python3.7/site-packages/tornado/platform/asyncio.py", line 199, in start
    self.asyncio_loop.run_forever()
  File "/groups/scicompsoft/home/ackermand/miniconda3/envs/multiresolution_mesh_creator/lib/python3.7/asyncio/base_events.py", line 536, in run_forever
    sys.set_asyncgen_hooks(firstiter=self._asyncgen_firstiter_hook,
KeyboardInterrupt
Process Dask Worker process (from Nanny):
Traceback (most recent call last):
  File "/groups/scicompsoft/home/ackermand/miniconda3/envs/multiresolution_mesh_creator/lib/python3.7/site-packages/distributed/nanny.py", line 897, in _run
    loop.run_sync(run)
  File "/groups/scicompsoft/home/ackermand/miniconda3/envs/multiresolution_mesh_creator/lib/python3.7/site-packages/tornado/ioloop.py", line 524, in run_sync
    self.start()
  File "/groups/scicompsoft/home/ackermand/miniconda3/envs/multiresolution_mesh_creator/lib/python3.7/site-packages/tornado/platform/asyncio.py", line 199, in start
    self.asyncio_loop.run_forever()
  File "/groups/scicompsoft/home/ackermand/miniconda3/envs/multiresolution_mesh_creator/lib/python3.7/asyncio/base_events.py", line 541, in run_forever
    self._run_once()
  File "/groups/scicompsoft/home/ackermand/miniconda3/envs/multiresolution_mesh_creator/lib/python3.7/asyncio/base_events.py", line 1750, in _run_once
    event_list = self._selector.select(timeout)
  File "/groups/scicompsoft/home/ackermand/miniconda3/envs/multiresolution_mesh_creator/lib/python3.7/selectors.py", line 468, in select
    fd_event_list = self._selector.poll(timeout, max_ev)
KeyboardInterrupt

During handling of the above exception, another exception occurred:

Traceback (most recent call last):
  File "/groups/scicompsoft/home/ackermand/miniconda3/envs/multiresolution_mesh_creator/lib/python3.7/multiprocessing/process.py", line 297, in _bootstrap
    self.run()
  File "/groups/scicompsoft/home/ackermand/miniconda3/envs/multiresolution_mesh_creator/lib/python3.7/multiprocessing/process.py", line 99, in run
    self._target(*self._args, **self._kwargs)
  File "/groups/scicompsoft/home/ackermand/miniconda3/envs/multiresolution_mesh_creator/lib/python3.7/site-packages/distributed/process.py", line 191, in _run
    target(*args, **kwargs)
  File "/groups/scicompsoft/home/ackermand/miniconda3/envs/multiresolution_mesh_creator/lib/python3.7/site-packages/distributed/nanny.py", line 904, in _run
    loop.run_sync(do_stop)
KeyboardInterrupt
Process Dask Worker process (from Nanny):
Traceback (most recent call last):
  File "/groups/scicompsoft/home/ackermand/miniconda3/envs/multiresolution_mesh_creator/lib/python3.7/site-packages/distributed/nanny.py", line 897, in _run
    loop.run_sync(run)
  File "/groups/scicompsoft/home/ackermand/miniconda3/envs/multiresolution_mesh_creator/lib/python3.7/site-packages/tornado/ioloop.py", line 524, in run_sync
    self.start()
  File "/groups/scicompsoft/home/ackermand/miniconda3/envs/multiresolution_mesh_creator/lib/python3.7/site-packages/tornado/platform/asyncio.py", line 199, in start
    self.asyncio_loop.run_forever()
  File "/groups/scicompsoft/home/ackermand/miniconda3/envs/multiresolution_mesh_creator/lib/python3.7/asyncio/base_events.py", line 541, in run_forever
    self._run_once()
  File "/groups/scicompsoft/home/ackermand/miniconda3/envs/multiresolution_mesh_creator/lib/python3.7/asyncio/base_events.py", line 1750, in _run_once
    event_list = self._selector.select(timeout)
  File "/groups/scicompsoft/home/ackermand/miniconda3/envs/multiresolution_mesh_creator/lib/python3.7/selectors.py", line 468, in select
    fd_event_list = self._selector.poll(timeout, max_ev)
KeyboardInterrupt

During handling of the above exception, another exception occurred:

Traceback (most recent call last):
  File "/groups/scicompsoft/home/ackermand/miniconda3/envs/multiresolution_mesh_creator/lib/python3.7/multiprocessing/process.py", line 297, in _bootstrap
    self.run()
  File "/groups/scicompsoft/home/ackermand/miniconda3/envs/multiresolution_mesh_creator/lib/python3.7/multiprocessing/process.py", line 99, in run
    self._target(*self._args, **self._kwargs)
  File "/groups/scicompsoft/home/ackermand/miniconda3/envs/multiresolution_mesh_creator/lib/python3.7/site-packages/distributed/process.py", line 191, in _run
    target(*args, **kwargs)
  File "/groups/scicompsoft/home/ackermand/miniconda3/envs/multiresolution_mesh_creator/lib/python3.7/site-packages/distributed/nanny.py", line 904, in _run
    loop.run_sync(do_stop)
  File "/groups/scicompsoft/home/ackermand/miniconda3/envs/multiresolution_mesh_creator/lib/python3.7/site-packages/tornado/ioloop.py", line 524, in run_sync
    self.start()
  File "/groups/scicompsoft/home/ackermand/miniconda3/envs/multiresolution_mesh_creator/lib/python3.7/site-packages/tornado/platform/asyncio.py", line 199, in start
    self.asyncio_loop.run_forever()
  File "/groups/scicompsoft/home/ackermand/miniconda3/envs/multiresolution_mesh_creator/lib/python3.7/asyncio/base_events.py", line 531, in run_forever
    self._check_runnung()
  File "/groups/scicompsoft/home/ackermand/miniconda3/envs/multiresolution_mesh_creator/lib/python3.7/asyncio/base_events.py", line 524, in _check_runnung
    if events._get_running_loop() is not None:
KeyboardInterrupt
Process Dask Worker process (from Nanny):
Traceback (most recent call last):
  File "/groups/scicompsoft/home/ackermand/miniconda3/envs/multiresolution_mesh_creator/lib/python3.7/site-packages/distributed/nanny.py", line 897, in _run
    loop.run_sync(run)
  File "/groups/scicompsoft/home/ackermand/miniconda3/envs/multiresolution_mesh_creator/lib/python3.7/site-packages/tornado/ioloop.py", line 524, in run_sync
    self.start()
  File "/groups/scicompsoft/home/ackermand/miniconda3/envs/multiresolution_mesh_creator/lib/python3.7/site-packages/tornado/platform/asyncio.py", line 199, in start
    self.asyncio_loop.run_forever()
  File "/groups/scicompsoft/home/ackermand/miniconda3/envs/multiresolution_mesh_creator/lib/python3.7/asyncio/base_events.py", line 541, in run_forever
    self._run_once()
  File "/groups/scicompsoft/home/ackermand/miniconda3/envs/multiresolution_mesh_creator/lib/python3.7/asyncio/base_events.py", line 1750, in _run_once
    event_list = self._selector.select(timeout)
  File "/groups/scicompsoft/home/ackermand/miniconda3/envs/multiresolution_mesh_creator/lib/python3.7/selectors.py", line 468, in select
    fd_event_list = self._selector.poll(timeout, max_ev)
KeyboardInterrupt

During handling of the above exception, another exception occurred:

Traceback (most recent call last):
  File "/groups/scicompsoft/home/ackermand/miniconda3/envs/multiresolution_mesh_creator/lib/python3.7/multiprocessing/process.py", line 297, in _bootstrap
    self.run()
  File "/groups/scicompsoft/home/ackermand/miniconda3/envs/multiresolution_mesh_creator/lib/python3.7/multiprocessing/process.py", line 99, in run
    self._target(*self._args, **self._kwargs)
  File "/groups/scicompsoft/home/ackermand/miniconda3/envs/multiresolution_mesh_creator/lib/python3.7/site-packages/distributed/process.py", line 191, in _run
    target(*args, **kwargs)
  File "/groups/scicompsoft/home/ackermand/miniconda3/envs/multiresolution_mesh_creator/lib/python3.7/site-packages/distributed/nanny.py", line 904, in _run
    loop.run_sync(do_stop)
  File "/groups/scicompsoft/home/ackermand/miniconda3/envs/multiresolution_mesh_creator/lib/python3.7/site-packages/tornado/ioloop.py", line 488, in run_sync
    future_cell = [None]  # type: List[Optional[Future]]
KeyboardInterrupt
Process Dask Worker process (from Nanny):
Traceback (most recent call last):
  File "/groups/scicompsoft/home/ackermand/miniconda3/envs/multiresolution_mesh_creator/lib/python3.7/asyncio/base_events.py", line 541, in run_forever
    self._run_once()
  File "/groups/scicompsoft/home/ackermand/miniconda3/envs/multiresolution_mesh_creator/lib/python3.7/asyncio/base_events.py", line 1750, in _run_once
    event_list = self._selector.select(timeout)
  File "/groups/scicompsoft/home/ackermand/miniconda3/envs/multiresolution_mesh_creator/lib/python3.7/selectors.py", line 468, in select
    fd_event_list = self._selector.poll(timeout, max_ev)
KeyboardInterrupt

During handling of the above exception, another exception occurred:

Traceback (most recent call last):
  File "/groups/scicompsoft/home/ackermand/miniconda3/envs/multiresolution_mesh_creator/lib/python3.7/site-packages/distributed/nanny.py", line 897, in _run
    loop.run_sync(run)
  File "/groups/scicompsoft/home/ackermand/miniconda3/envs/multiresolution_mesh_creator/lib/python3.7/site-packages/tornado/ioloop.py", line 524, in run_sync
    self.start()
  File "/groups/scicompsoft/home/ackermand/miniconda3/envs/multiresolution_mesh_creator/lib/python3.7/site-packages/tornado/platform/asyncio.py", line 199, in start
    self.asyncio_loop.run_forever()
  File "/groups/scicompsoft/home/ackermand/miniconda3/envs/multiresolution_mesh_creator/lib/python3.7/asyncio/base_events.py", line 541, in run_forever
    self._run_once()
KeyboardInterrupt

During handling of the above exception, another exception occurred:

Traceback (most recent call last):
  File "/groups/scicompsoft/home/ackermand/miniconda3/envs/multiresolution_mesh_creator/lib/python3.7/multiprocessing/process.py", line 297, in _bootstrap
    self.run()
  File "/groups/scicompsoft/home/ackermand/miniconda3/envs/multiresolution_mesh_creator/lib/python3.7/multiprocessing/process.py", line 99, in run
    self._target(*self._args, **self._kwargs)
  File "/groups/scicompsoft/home/ackermand/miniconda3/envs/multiresolution_mesh_creator/lib/python3.7/site-packages/distributed/process.py", line 191, in _run
    target(*args, **kwargs)
  File "/groups/scicompsoft/home/ackermand/miniconda3/envs/multiresolution_mesh_creator/lib/python3.7/site-packages/distributed/nanny.py", line 904, in _run
    loop.run_sync(do_stop)
  File "/groups/scicompsoft/home/ackermand/miniconda3/envs/multiresolution_mesh_creator/lib/python3.7/site-packages/tornado/ioloop.py", line 524, in run_sync
    self.start()
  File "/groups/scicompsoft/home/ackermand/miniconda3/envs/multiresolution_mesh_creator/lib/python3.7/site-packages/tornado/platform/asyncio.py", line 199, in start
    self.asyncio_loop.run_forever()
  File "/groups/scicompsoft/home/ackermand/miniconda3/envs/multiresolution_mesh_creator/lib/python3.7/asyncio/base_events.py", line 531, in run_forever
    self._check_runnung()
  File "/groups/scicompsoft/home/ackermand/miniconda3/envs/multiresolution_mesh_creator/lib/python3.7/asyncio/base_events.py", line 523, in _check_runnung
    raise RuntimeError('This event loop is already running')
RuntimeError: This event loop is already running
Process Dask Worker process (from Nanny):
Traceback (most recent call last):
  File "/groups/scicompsoft/home/ackermand/miniconda3/envs/multiresolution_mesh_creator/lib/python3.7/site-packages/distributed/nanny.py", line 897, in _run
    loop.run_sync(run)
  File "/groups/scicompsoft/home/ackermand/miniconda3/envs/multiresolution_mesh_creator/lib/python3.7/site-packages/tornado/ioloop.py", line 524, in run_sync
    self.start()
  File "/groups/scicompsoft/home/ackermand/miniconda3/envs/multiresolution_mesh_creator/lib/python3.7/site-packages/tornado/platform/asyncio.py", line 199, in start
    self.asyncio_loop.run_forever()
  File "/groups/scicompsoft/home/ackermand/miniconda3/envs/multiresolution_mesh_creator/lib/python3.7/asyncio/base_events.py", line 541, in run_forever
    self._run_once()
  File "/groups/scicompsoft/home/ackermand/miniconda3/envs/multiresolution_mesh_creator/lib/python3.7/asyncio/base_events.py", line 1750, in _run_once
    event_list = self._selector.select(timeout)
  File "/groups/scicompsoft/home/ackermand/miniconda3/envs/multiresolution_mesh_creator/lib/python3.7/selectors.py", line 468, in select
    fd_event_list = self._selector.poll(timeout, max_ev)
KeyboardInterrupt

During handling of the above exception, another exception occurred:

Traceback (most recent call last):
  File "/groups/scicompsoft/home/ackermand/miniconda3/envs/multiresolution_mesh_creator/lib/python3.7/multiprocessing/process.py", line 297, in _bootstrap
    self.run()
  File "/groups/scicompsoft/home/ackermand/miniconda3/envs/multiresolution_mesh_creator/lib/python3.7/multiprocessing/process.py", line 99, in run
    self._target(*self._args, **self._kwargs)
  File "/groups/scicompsoft/home/ackermand/miniconda3/envs/multiresolution_mesh_creator/lib/python3.7/site-packages/distributed/process.py", line 191, in _run
    target(*args, **kwargs)
  File "/groups/scicompsoft/home/ackermand/miniconda3/envs/multiresolution_mesh_creator/lib/python3.7/site-packages/distributed/nanny.py", line 904, in _run
    loop.run_sync(do_stop)
  File "/groups/scicompsoft/home/ackermand/miniconda3/envs/multiresolution_mesh_creator/lib/python3.7/site-packages/tornado/ioloop.py", line 524, in run_sync
    self.start()
  File "/groups/scicompsoft/home/ackermand/miniconda3/envs/multiresolution_mesh_creator/lib/python3.7/site-packages/tornado/platform/asyncio.py", line 197, in start
    self._setup_logging()
  File "/groups/scicompsoft/home/ackermand/miniconda3/envs/multiresolution_mesh_creator/lib/python3.7/site-packages/tornado/ioloop.py", line 438, in _setup_logging
    logging.getLogger().handlers,
KeyboardInterrupt
Process Dask Worker process (from Nanny):
Traceback (most recent call last):
  File "/groups/scicompsoft/home/ackermand/miniconda3/envs/multiresolution_mesh_creator/lib/python3.7/site-packages/distributed/nanny.py", line 897, in _run
    loop.run_sync(run)
  File "/groups/scicompsoft/home/ackermand/miniconda3/envs/multiresolution_mesh_creator/lib/python3.7/site-packages/tornado/ioloop.py", line 524, in run_sync
    self.start()
  File "/groups/scicompsoft/home/ackermand/miniconda3/envs/multiresolution_mesh_creator/lib/python3.7/site-packages/tornado/platform/asyncio.py", line 199, in start
    self.asyncio_loop.run_forever()
  File "/groups/scicompsoft/home/ackermand/miniconda3/envs/multiresolution_mesh_creator/lib/python3.7/asyncio/base_events.py", line 541, in run_forever
    self._run_once()
  File "/groups/scicompsoft/home/ackermand/miniconda3/envs/multiresolution_mesh_creator/lib/python3.7/asyncio/base_events.py", line 1750, in _run_once
    event_list = self._selector.select(timeout)
  File "/groups/scicompsoft/home/ackermand/miniconda3/envs/multiresolution_mesh_creator/lib/python3.7/selectors.py", line 468, in select
    fd_event_list = self._selector.poll(timeout, max_ev)
KeyboardInterrupt

During handling of the above exception, another exception occurred:

Traceback (most recent call last):
  File "/groups/scicompsoft/home/ackermand/miniconda3/envs/multiresolution_mesh_creator/lib/python3.7/multiprocessing/process.py", line 297, in _bootstrap
    self.run()
  File "/groups/scicompsoft/home/ackermand/miniconda3/envs/multiresolution_mesh_creator/lib/python3.7/multiprocessing/process.py", line 99, in run
    self._target(*self._args, **self._kwargs)
  File "/groups/scicompsoft/home/ackermand/miniconda3/envs/multiresolution_mesh_creator/lib/python3.7/site-packages/distributed/process.py", line 191, in _run
    target(*args, **kwargs)
  File "/groups/scicompsoft/home/ackermand/miniconda3/envs/multiresolution_mesh_creator/lib/python3.7/site-packages/distributed/nanny.py", line 904, in _run
    loop.run_sync(do_stop)
  File "/groups/scicompsoft/home/ackermand/miniconda3/envs/multiresolution_mesh_creator/lib/python3.7/site-packages/tornado/ioloop.py", line 524, in run_sync
    self.start()
  File "/groups/scicompsoft/home/ackermand/miniconda3/envs/multiresolution_mesh_creator/lib/python3.7/site-packages/tornado/platform/asyncio.py", line 198, in start
    asyncio.set_event_loop(self.asyncio_loop)
  File "/groups/scicompsoft/home/ackermand/miniconda3/envs/multiresolution_mesh_creator/lib/python3.7/asyncio/events.py", line 757, in set_event_loop
    get_event_loop_policy().set_event_loop(loop)
  File "/groups/scicompsoft/home/ackermand/miniconda3/envs/multiresolution_mesh_creator/lib/python3.7/asyncio/unix_events.py", line 1132, in set_event_loop
    if (self._watcher is not None and
KeyboardInterrupt
Process Dask Worker process (from Nanny):
Traceback (most recent call last):
  File "/groups/scicompsoft/home/ackermand/miniconda3/envs/multiresolution_mesh_creator/lib/python3.7/site-packages/distributed/nanny.py", line 897, in _run
    loop.run_sync(run)
  File "/groups/scicompsoft/home/ackermand/miniconda3/envs/multiresolution_mesh_creator/lib/python3.7/site-packages/tornado/ioloop.py", line 524, in run_sync
    self.start()
  File "/groups/scicompsoft/home/ackermand/miniconda3/envs/multiresolution_mesh_creator/lib/python3.7/site-packages/tornado/platform/asyncio.py", line 199, in start
    self.asyncio_loop.run_forever()
  File "/groups/scicompsoft/home/ackermand/miniconda3/envs/multiresolution_mesh_creator/lib/python3.7/asyncio/base_events.py", line 541, in run_forever
    self._run_once()
  File "/groups/scicompsoft/home/ackermand/miniconda3/envs/multiresolution_mesh_creator/lib/python3.7/asyncio/base_events.py", line 1750, in _run_once
    event_list = self._selector.select(timeout)
  File "/groups/scicompsoft/home/ackermand/miniconda3/envs/multiresolution_mesh_creator/lib/python3.7/selectors.py", line 468, in select
    fd_event_list = self._selector.poll(timeout, max_ev)
KeyboardInterrupt

During handling of the above exception, another exception occurred:

Traceback (most recent call last):
  File "/groups/scicompsoft/home/ackermand/miniconda3/envs/multiresolution_mesh_creator/lib/python3.7/multiprocessing/process.py", line 297, in _bootstrap
    self.run()
  File "/groups/scicompsoft/home/ackermand/miniconda3/envs/multiresolution_mesh_creator/lib/python3.7/multiprocessing/process.py", line 99, in run
    self._target(*self._args, **self._kwargs)
  File "/groups/scicompsoft/home/ackermand/miniconda3/envs/multiresolution_mesh_creator/lib/python3.7/site-packages/distributed/process.py", line 191, in _run
    target(*args, **kwargs)
  File "/groups/scicompsoft/home/ackermand/miniconda3/envs/multiresolution_mesh_creator/lib/python3.7/site-packages/distributed/nanny.py", line 904, in _run
    loop.run_sync(do_stop)
  File "/groups/scicompsoft/home/ackermand/miniconda3/envs/multiresolution_mesh_creator/lib/python3.7/site-packages/tornado/ioloop.py", line 524, in run_sync
    self.start()
  File "/groups/scicompsoft/home/ackermand/miniconda3/envs/multiresolution_mesh_creator/lib/python3.7/site-packages/tornado/platform/asyncio.py", line 197, in start
    self._setup_logging()
  File "/groups/scicompsoft/home/ackermand/miniconda3/envs/multiresolution_mesh_creator/lib/python3.7/site-packages/tornado/ioloop.py", line 439, in _setup_logging
    logging.getLogger("tornado").handlers,
  File "/groups/scicompsoft/home/ackermand/miniconda3/envs/multiresolution_mesh_creator/lib/python3.7/logging/__init__.py", line 1935, in getLogger
    return Logger.manager.getLogger(name)
KeyboardInterrupt
Process Dask Worker process (from Nanny):
Traceback (most recent call last):
  File "/groups/scicompsoft/home/ackermand/miniconda3/envs/multiresolution_mesh_creator/lib/python3.7/site-packages/distributed/nanny.py", line 897, in _run
    loop.run_sync(run)
  File "/groups/scicompsoft/home/ackermand/miniconda3/envs/multiresolution_mesh_creator/lib/python3.7/site-packages/tornado/ioloop.py", line 524, in run_sync
    self.start()
  File "/groups/scicompsoft/home/ackermand/miniconda3/envs/multiresolution_mesh_creator/lib/python3.7/site-packages/tornado/platform/asyncio.py", line 199, in start
    self.asyncio_loop.run_forever()
  File "/groups/scicompsoft/home/ackermand/miniconda3/envs/multiresolution_mesh_creator/lib/python3.7/asyncio/base_events.py", line 541, in run_forever
    self._run_once()
  File "/groups/scicompsoft/home/ackermand/miniconda3/envs/multiresolution_mesh_creator/lib/python3.7/asyncio/base_events.py", line 1750, in _run_once
    event_list = self._selector.select(timeout)
  File "/groups/scicompsoft/home/ackermand/miniconda3/envs/multiresolution_mesh_creator/lib/python3.7/selectors.py", line 468, in select
    fd_event_list = self._selector.poll(timeout, max_ev)
KeyboardInterrupt

During handling of the above exception, another exception occurred:

Traceback (most recent call last):
  File "/groups/scicompsoft/home/ackermand/miniconda3/envs/multiresolution_mesh_creator/lib/python3.7/multiprocessing/process.py", line 297, in _bootstrap
    self.run()
  File "/groups/scicompsoft/home/ackermand/miniconda3/envs/multiresolution_mesh_creator/lib/python3.7/multiprocessing/process.py", line 99, in run
    self._target(*self._args, **self._kwargs)
  File "/groups/scicompsoft/home/ackermand/miniconda3/envs/multiresolution_mesh_creator/lib/python3.7/site-packages/distributed/process.py", line 191, in _run
    target(*args, **kwargs)
  File "/groups/scicompsoft/home/ackermand/miniconda3/envs/multiresolution_mesh_creator/lib/python3.7/site-packages/distributed/nanny.py", line 904, in _run
    loop.run_sync(do_stop)
  File "/groups/scicompsoft/home/ackermand/miniconda3/envs/multiresolution_mesh_creator/lib/python3.7/site-packages/tornado/ioloop.py", line 524, in run_sync
    self.start()
  File "/groups/scicompsoft/home/ackermand/miniconda3/envs/multiresolution_mesh_creator/lib/python3.7/site-packages/tornado/platform/asyncio.py", line 193, in start
    old_loop = asyncio.get_event_loop()
  File "/groups/scicompsoft/home/ackermand/miniconda3/envs/multiresolution_mesh_creator/lib/python3.7/site-packages/distributed/utils.py", line 1060, in get_event_loop
    return super().get_event_loop()
KeyboardInterrupt
[2021-10-22 18:25:04,572] INFO Stopping worker at tcp://10.36.60.33:26791
Process Dask Worker process (from Nanny):
Traceback (most recent call last):
  File "/groups/scicompsoft/home/ackermand/miniconda3/envs/multiresolution_mesh_creator/lib/python3.7/site-packages/distributed/nanny.py", line 897, in _run
    loop.run_sync(run)
  File "/groups/scicompsoft/home/ackermand/miniconda3/envs/multiresolution_mesh_creator/lib/python3.7/site-packages/tornado/ioloop.py", line 524, in run_sync
    self.start()
  File "/groups/scicompsoft/home/ackermand/miniconda3/envs/multiresolution_mesh_creator/lib/python3.7/site-packages/tornado/platform/asyncio.py", line 199, in start
    self.asyncio_loop.run_forever()
  File "/groups/scicompsoft/home/ackermand/miniconda3/envs/multiresolution_mesh_creator/lib/python3.7/asyncio/base_events.py", line 541, in run_forever
    self._run_once()
  File "/groups/scicompsoft/home/ackermand/miniconda3/envs/multiresolution_mesh_creator/lib/python3.7/asyncio/base_events.py", line 1750, in _run_once
    event_list = self._selector.select(timeout)
  File "/groups/scicompsoft/home/ackermand/miniconda3/envs/multiresolution_mesh_creator/lib/python3.7/selectors.py", line 468, in select
    fd_event_list = self._selector.poll(timeout, max_ev)
KeyboardInterrupt

During handling of the above exception, another exception occurred:

Traceback (most recent call last):
  File "/groups/scicompsoft/home/ackermand/miniconda3/envs/multiresolution_mesh_creator/lib/python3.7/multiprocessing/process.py", line 297, in _bootstrap
    self.run()
  File "/groups/scicompsoft/home/ackermand/miniconda3/envs/multiresolution_mesh_creator/lib/python3.7/multiprocessing/process.py", line 99, in run
    self._target(*self._args, **self._kwargs)
  File "/groups/scicompsoft/home/ackermand/miniconda3/envs/multiresolution_mesh_creator/lib/python3.7/site-packages/distributed/process.py", line 191, in _run
    target(*args, **kwargs)
  File "/groups/scicompsoft/home/ackermand/miniconda3/envs/multiresolution_mesh_creator/lib/python3.7/site-packages/distributed/nanny.py", line 904, in _run
    loop.run_sync(do_stop)
  File "/groups/scicompsoft/home/ackermand/miniconda3/envs/multiresolution_mesh_creator/lib/python3.7/site-packages/tornado/ioloop.py", line 524, in run_sync
    self.start()
  File "/groups/scicompsoft/home/ackermand/miniconda3/envs/multiresolution_mesh_creator/lib/python3.7/site-packages/tornado/platform/asyncio.py", line 197, in start
    self._setup_logging()
  File "/groups/scicompsoft/home/ackermand/miniconda3/envs/multiresolution_mesh_creator/lib/python3.7/site-packages/tornado/ioloop.py", line 439, in _setup_logging
    logging.getLogger("tornado").handlers,
  File "/groups/scicompsoft/home/ackermand/miniconda3/envs/multiresolution_mesh_creator/lib/python3.7/logging/__init__.py", line 1935, in getLogger
    return Logger.manager.getLogger(name)
  File "/groups/scicompsoft/home/ackermand/miniconda3/envs/multiresolution_mesh_creator/lib/python3.7/logging/__init__.py", line 1216, in getLogger
    def getLogger(self, name):
KeyboardInterrupt
/groups/scicompsoft/home/ackermand/miniconda3/envs/multiresolution_mesh_creator/lib/python3.7/site-packages/distributed/cli/dask_worker.py:455: RuntimeWarning: coroutine 'install_signal_handlers.<locals>.handle_signal.<locals>.cleanup_and_stop' was never awaited
  pass
RuntimeWarning: Enable tracemalloc to get the object allocation traceback
[2021-10-22 18:25:04,572] INFO End worker
[2021-10-22 18:25:04,573] INFO reaping stray process <SpawnProcess(Dask Worker process (from Nanny), started daemon)>
[2021-10-22 18:25:04,573] INFO reaping stray process <SpawnProcess(Dask Worker process (from Nanny), started daemon)>
[2021-10-22 18:25:04,573] INFO reaping stray process <SpawnProcess(Dask Worker process (from Nanny), started daemon)>
[2021-10-22 18:25:04,574] INFO reaping stray process <SpawnProcess(Dask Worker process (from Nanny), started daemon)>
[2021-10-22 18:25:04,574] INFO reaping stray process <SpawnProcess(Dask Worker process (from Nanny), started daemon)>
[2021-10-22 18:25:04,574] INFO reaping stray process <SpawnProcess(Dask Worker process (from Nanny), started daemon)>
[2021-10-22 18:25:04,574] INFO reaping stray process <SpawnProcess(Dask Worker process (from Nanny), started daemon)>
[2021-10-22 18:25:04,574] INFO reaping stray process <SpawnProcess(Dask Worker process (from Nanny), started daemon)>
[2021-10-22 18:25:04,574] INFO reaping stray process <SpawnProcess(Dask Worker process (from Nanny), started daemon)>
[2021-10-22 18:25:04,574] INFO reaping stray process <SpawnProcess(Dask Worker process (from Nanny), started daemon)>
[2021-10-22 18:25:04,575] INFO reaping stray process <SpawnProcess(Dask Worker process (from Nanny), started daemon)>
[2021-10-22 18:25:04,575] INFO reaping stray process <SpawnProcess(Dask Worker process (from Nanny), started daemon)>
[2021-10-22 18:25:04,575] INFO reaping stray process <SpawnProcess(Dask Worker process (from Nanny), started daemon)>
[2021-10-22 18:25:04,575] INFO reaping stray process <SpawnProcess(Dask Worker process (from Nanny), started daemon)>
[2021-10-22 18:25:04,575] INFO reaping stray process <SpawnProcess(Dask Worker process (from Nanny), started daemon)>
[2021-10-22 18:25:04,575] INFO reaping stray process <SpawnProcess(Dask Worker process (from Nanny), started daemon)>
[2021-10-22 18:25:04,575] INFO reaping stray process <SpawnProcess(Dask Worker process (from Nanny), started daemon)>
[2021-10-22 18:25:04,575] INFO reaping stray process <SpawnProcess(Dask Worker process (from Nanny), started daemon)>
[2021-10-22 18:25:04,575] INFO reaping stray process <SpawnProcess(Dask Worker process (from Nanny), started daemon)>
[2021-10-22 18:25:04,575] INFO reaping stray process <SpawnProcess(Dask Worker process (from Nanny), started daemon)>
[2021-10-22 18:25:04,576] INFO reaping stray process <SpawnProcess(Dask Worker process (from Nanny), started daemon)>
[2021-10-22 18:25:04,576] INFO reaping stray process <SpawnProcess(Dask Worker process (from Nanny), started daemon)>
[2021-10-22 18:25:04,576] INFO reaping stray process <SpawnProcess(Dask Worker process (from Nanny), started daemon)>
[2021-10-22 18:25:04,576] INFO reaping stray process <SpawnProcess(Dask Worker process (from Nanny), started daemon)>
[2021-10-22 18:25:04,576] INFO reaping stray process <SpawnProcess(Dask Worker process (from Nanny), started daemon)>
[2021-10-22 18:25:04,576] INFO reaping stray process <SpawnProcess(Dask Worker process (from Nanny), started daemon)>
[2021-10-22 18:25:04,576] INFO reaping stray process <SpawnProcess(Dask Worker process (from Nanny), started daemon)>
[2021-10-22 18:25:04,576] INFO reaping stray process <SpawnProcess(Dask Worker process (from Nanny), started daemon)>
[2021-10-22 18:25:04,576] INFO reaping stray process <SpawnProcess(Dask Worker process (from Nanny), started daemon)>
[2021-10-22 18:25:04,576] INFO reaping stray process <SpawnProcess(Dask Worker process (from Nanny), started daemon)>
[2021-10-22 18:25:04,576] INFO reaping stray process <SpawnProcess(Dask Worker process (from Nanny), started daemon)>
[2021-10-22 18:25:04,576] INFO reaping stray process <SpawnProcess(Dask Worker process (from Nanny), started daemon)>
[2021-10-22 18:25:04,577] INFO reaping stray process <SpawnProcess(Dask Worker process (from Nanny), started daemon)>
[2021-10-22 18:25:04,577] INFO reaping stray process <SpawnProcess(Dask Worker process (from Nanny), started daemon)>
[2021-10-22 18:25:04,577] INFO reaping stray process <SpawnProcess(Dask Worker process (from Nanny), started daemon)>
[2021-10-22 18:25:04,577] INFO reaping stray process <SpawnProcess(Dask Worker process (from Nanny), started daemon)>
[2021-10-22 18:25:04,577] INFO reaping stray process <SpawnProcess(Dask Worker process (from Nanny), started daemon)>
[2021-10-22 18:25:04,577] INFO reaping stray process <SpawnProcess(Dask Worker process (from Nanny), started daemon)>
[2021-10-22 18:25:04,577] INFO reaping stray process <SpawnProcess(Dask Worker process (from Nanny), started daemon)>
[2021-10-22 18:25:04,577] INFO reaping stray process <SpawnProcess(Dask Worker process (from Nanny), started daemon)>
Error in atexit._run_exitfuncs:
Traceback (most recent call last):
  File "/groups/scicompsoft/home/ackermand/miniconda3/envs/multiresolution_mesh_creator/lib/python3.7/multiprocessing/popen_fork.py", line 28, in poll
    pid, sts = os.waitpid(self.pid, flag)
KeyboardInterrupt

During handling of the above exception, another exception occurred:

Traceback (most recent call last):
  File "/groups/scicompsoft/home/ackermand/miniconda3/envs/multiresolution_mesh_creator/lib/python3.7/multiprocessing/util.py", line 357, in _exit_function
    p.join()
  File "/groups/scicompsoft/home/ackermand/miniconda3/envs/multiresolution_mesh_creator/lib/python3.7/multiprocessing/process.py", line 140, in join
    res = self._popen.wait(timeout)
  File "/groups/scicompsoft/home/ackermand/miniconda3/envs/multiresolution_mesh_creator/lib/python3.7/multiprocessing/popen_fork.py", line 48, in wait
    return self.poll(os.WNOHANG if timeout == 0.0 else 0)
  File "/groups/scicompsoft/home/ackermand/miniconda3/envs/multiresolution_mesh_creator/lib/python3.7/multiprocessing/popen_fork.py", line 29, in poll
    except OSError as e:
KeyboardInterrupt
