[2021-10-22 18:00:32,159] INFO         Start Nanny at: 'tcp://10.36.60.14:35103'
[2021-10-22 18:00:32,178] INFO         Start Nanny at: 'tcp://10.36.60.14:21457'
[2021-10-22 18:00:32,179] INFO         Start Nanny at: 'tcp://10.36.60.14:24809'
[2021-10-22 18:00:32,189] INFO         Start Nanny at: 'tcp://10.36.60.14:21871'
[2021-10-22 18:00:32,190] INFO         Start Nanny at: 'tcp://10.36.60.14:25981'
[2021-10-22 18:00:32,195] INFO         Start Nanny at: 'tcp://10.36.60.14:22757'
[2021-10-22 18:00:32,196] INFO         Start Nanny at: 'tcp://10.36.60.14:25985'
[2021-10-22 18:00:32,196] INFO         Start Nanny at: 'tcp://10.36.60.14:21479'
[2021-10-22 18:00:32,196] INFO         Start Nanny at: 'tcp://10.36.60.14:16649'
[2021-10-22 18:00:32,196] INFO         Start Nanny at: 'tcp://10.36.60.14:27395'
[2021-10-22 18:00:32,197] INFO         Start Nanny at: 'tcp://10.36.60.14:35527'
[2021-10-22 18:00:32,197] INFO         Start Nanny at: 'tcp://10.36.60.14:36271'
[2021-10-22 18:00:32,197] INFO         Start Nanny at: 'tcp://10.36.60.14:29421'
[2021-10-22 18:00:32,197] INFO         Start Nanny at: 'tcp://10.36.60.14:23087'
[2021-10-22 18:00:32,197] INFO         Start Nanny at: 'tcp://10.36.60.14:35943'
[2021-10-22 18:00:32,197] INFO         Start Nanny at: 'tcp://10.36.60.14:37599'
[2021-10-22 18:00:32,198] INFO         Start Nanny at: 'tcp://10.36.60.14:20149'
[2021-10-22 18:00:32,198] INFO         Start Nanny at: 'tcp://10.36.60.14:37621'
[2021-10-22 18:00:32,198] INFO         Start Nanny at: 'tcp://10.36.60.14:18997'
[2021-10-22 18:00:32,198] INFO         Start Nanny at: 'tcp://10.36.60.14:33197'
[2021-10-22 18:00:32,198] INFO         Start Nanny at: 'tcp://10.36.60.14:21459'
[2021-10-22 18:00:32,198] INFO         Start Nanny at: 'tcp://10.36.60.14:17243'
[2021-10-22 18:00:32,199] INFO         Start Nanny at: 'tcp://10.36.60.14:29373'
[2021-10-22 18:00:32,199] INFO         Start Nanny at: 'tcp://10.36.60.14:27521'
[2021-10-22 18:00:32,199] INFO         Start Nanny at: 'tcp://10.36.60.14:26265'
[2021-10-22 18:00:32,199] INFO         Start Nanny at: 'tcp://10.36.60.14:17981'
[2021-10-22 18:00:32,199] INFO         Start Nanny at: 'tcp://10.36.60.14:25709'
[2021-10-22 18:00:32,199] INFO         Start Nanny at: 'tcp://10.36.60.14:35047'
[2021-10-22 18:00:32,200] INFO         Start Nanny at: 'tcp://10.36.60.14:34553'
[2021-10-22 18:00:32,200] INFO         Start Nanny at: 'tcp://10.36.60.14:37057'
[2021-10-22 18:00:32,200] INFO         Start Nanny at: 'tcp://10.36.60.14:18107'
[2021-10-22 18:00:32,200] INFO         Start Nanny at: 'tcp://10.36.60.14:16185'
[2021-10-22 18:00:32,200] INFO         Start Nanny at: 'tcp://10.36.60.14:23785'
[2021-10-22 18:00:32,201] INFO         Start Nanny at: 'tcp://10.36.60.14:18785'
[2021-10-22 18:00:32,201] INFO         Start Nanny at: 'tcp://10.36.60.14:18581'
[2021-10-22 18:00:32,201] INFO         Start Nanny at: 'tcp://10.36.60.14:21977'
[2021-10-22 18:00:32,202] INFO         Start Nanny at: 'tcp://10.36.60.14:20167'
[2021-10-22 18:00:32,202] INFO         Start Nanny at: 'tcp://10.36.60.14:19961'
[2021-10-22 18:00:32,202] INFO         Start Nanny at: 'tcp://10.36.60.14:31741'
[2021-10-22 18:00:32,202] INFO         Start Nanny at: 'tcp://10.36.60.14:31921'
[2021-10-22 18:00:33,942] INFO Found stale lock file and directory '/groups/scicompsoft/home/ackermand/Programming/multiresolution-mesh-creator/dask-worker-space/worker-ykaa1miz', purging
[2021-10-22 18:00:34,053] INFO Found stale lock file and directory '/groups/scicompsoft/home/ackermand/Programming/multiresolution-mesh-creator/dask-worker-space/worker-fb8syqvc', purging
[2021-10-22 18:00:34,072] INFO Found stale lock file and directory '/groups/scicompsoft/home/ackermand/Programming/multiresolution-mesh-creator/dask-worker-space/worker-qeeal9to', purging
[2021-10-22 18:00:34,085] INFO Found stale lock file and directory '/groups/scicompsoft/home/ackermand/Programming/multiresolution-mesh-creator/dask-worker-space/worker-xxw3m34g', purging
[2021-10-22 18:00:34,100] INFO Found stale lock file and directory '/groups/scicompsoft/home/ackermand/Programming/multiresolution-mesh-creator/dask-worker-space/worker-2px3im3x', purging
[2021-10-22 18:00:34,120] INFO Found stale lock file and directory '/groups/scicompsoft/home/ackermand/Programming/multiresolution-mesh-creator/dask-worker-space/worker-qn0xvi37', purging
[2021-10-22 18:00:34,166] INFO Found stale lock file and directory '/groups/scicompsoft/home/ackermand/Programming/multiresolution-mesh-creator/dask-worker-space/worker-c8pq6toz', purging
[2021-10-22 18:00:34,183] INFO Found stale lock file and directory '/groups/scicompsoft/home/ackermand/Programming/multiresolution-mesh-creator/dask-worker-space/worker-zi2ggtk2', purging
[2021-10-22 18:00:34,204] INFO Found stale lock file and directory '/groups/scicompsoft/home/ackermand/Programming/multiresolution-mesh-creator/dask-worker-space/worker-y__d2ep1', purging
[2021-10-22 18:00:34,228] INFO Found stale lock file and directory '/groups/scicompsoft/home/ackermand/Programming/multiresolution-mesh-creator/dask-worker-space/worker-jez4xwss', purging
[2021-10-22 18:00:34,247] INFO Found stale lock file and directory '/groups/scicompsoft/home/ackermand/Programming/multiresolution-mesh-creator/dask-worker-space/worker-s3bso_yr', purging
[2021-10-22 18:00:34,274] INFO Found stale lock file and directory '/groups/scicompsoft/home/ackermand/Programming/multiresolution-mesh-creator/dask-worker-space/worker-naj8ufjn', purging
[2021-10-22 18:00:34,295] INFO Found stale lock file and directory '/groups/scicompsoft/home/ackermand/Programming/multiresolution-mesh-creator/dask-worker-space/worker-l2rikfy4', purging
[2021-10-22 18:00:34,308] INFO Found stale lock file and directory '/groups/scicompsoft/home/ackermand/Programming/multiresolution-mesh-creator/dask-worker-space/worker-48shnrab', purging
[2021-10-22 18:00:34,321] INFO Found stale lock file and directory '/groups/scicompsoft/home/ackermand/Programming/multiresolution-mesh-creator/dask-worker-space/worker-ncpqf22q', purging
[2021-10-22 18:00:34,336] INFO Found stale lock file and directory '/groups/scicompsoft/home/ackermand/Programming/multiresolution-mesh-creator/dask-worker-space/worker-wfi3thcf', purging
[2021-10-22 18:00:34,358] INFO Found stale lock file and directory '/groups/scicompsoft/home/ackermand/Programming/multiresolution-mesh-creator/dask-worker-space/worker-697qpw9w', purging
[2021-10-22 18:00:34,377] INFO Found stale lock file and directory '/groups/scicompsoft/home/ackermand/Programming/multiresolution-mesh-creator/dask-worker-space/worker-8usw78_w', purging
[2021-10-22 18:00:34,395] INFO Found stale lock file and directory '/groups/scicompsoft/home/ackermand/Programming/multiresolution-mesh-creator/dask-worker-space/worker-k1in63gz', purging
[2021-10-22 18:00:34,419] INFO Found stale lock file and directory '/groups/scicompsoft/home/ackermand/Programming/multiresolution-mesh-creator/dask-worker-space/worker-1uby3d6n', purging
[2021-10-22 18:00:34,434] INFO Found stale lock file and directory '/groups/scicompsoft/home/ackermand/Programming/multiresolution-mesh-creator/dask-worker-space/worker-5a4th__5', purging
[2021-10-22 18:00:34,460] INFO Found stale lock file and directory '/groups/scicompsoft/home/ackermand/Programming/multiresolution-mesh-creator/dask-worker-space/worker-wl969il2', purging
[2021-10-22 18:00:34,476] INFO Found stale lock file and directory '/groups/scicompsoft/home/ackermand/Programming/multiresolution-mesh-creator/dask-worker-space/worker-8jyg4ezn', purging
[2021-10-22 18:00:34,492] INFO Found stale lock file and directory '/groups/scicompsoft/home/ackermand/Programming/multiresolution-mesh-creator/dask-worker-space/worker-j1mhx78s', purging
[2021-10-22 18:00:34,502] INFO Found stale lock file and directory '/groups/scicompsoft/home/ackermand/Programming/multiresolution-mesh-creator/dask-worker-space/worker-_yrvbzhn', purging
[2021-10-22 18:00:34,537] INFO Found stale lock file and directory '/groups/scicompsoft/home/ackermand/Programming/multiresolution-mesh-creator/dask-worker-space/worker-3ureqok1', purging
[2021-10-22 18:00:34,553] INFO Found stale lock file and directory '/groups/scicompsoft/home/ackermand/Programming/multiresolution-mesh-creator/dask-worker-space/worker-xn4_y3ex', purging
[2021-10-22 18:00:34,570] INFO Found stale lock file and directory '/groups/scicompsoft/home/ackermand/Programming/multiresolution-mesh-creator/dask-worker-space/worker-f2pnng8k', purging
[2021-10-22 18:00:34,582] INFO Found stale lock file and directory '/groups/scicompsoft/home/ackermand/Programming/multiresolution-mesh-creator/dask-worker-space/worker-tkoqonc8', purging
[2021-10-22 18:00:34,595] INFO Found stale lock file and directory '/groups/scicompsoft/home/ackermand/Programming/multiresolution-mesh-creator/dask-worker-space/worker-r0p4sw9n', purging
[2021-10-22 18:00:34,607] INFO Found stale lock file and directory '/groups/scicompsoft/home/ackermand/Programming/multiresolution-mesh-creator/dask-worker-space/worker-k40um4mo', purging
[2021-10-22 18:00:34,618] INFO Found stale lock file and directory '/groups/scicompsoft/home/ackermand/Programming/multiresolution-mesh-creator/dask-worker-space/worker-16qggrtm', purging
[2021-10-22 18:00:34,633] INFO Found stale lock file and directory '/groups/scicompsoft/home/ackermand/Programming/multiresolution-mesh-creator/dask-worker-space/worker-6cgdmrio', purging
[2021-10-22 18:00:34,648] INFO Found stale lock file and directory '/groups/scicompsoft/home/ackermand/Programming/multiresolution-mesh-creator/dask-worker-space/worker-vfrjhd50', purging
[2021-10-22 18:00:35,697] INFO       Start worker at:    tcp://10.36.60.14:35145
[2021-10-22 18:00:35,697] INFO       Start worker at:    tcp://10.36.60.14:22981
[2021-10-22 18:00:35,697] INFO       Start worker at:    tcp://10.36.60.14:16225
[2021-10-22 18:00:35,697] INFO       Start worker at:    tcp://10.36.60.14:18385
[2021-10-22 18:00:35,697] INFO       Start worker at:    tcp://10.36.60.14:38225
[2021-10-22 18:00:35,697] INFO       Start worker at:    tcp://10.36.60.14:34071
[2021-10-22 18:00:35,697] INFO       Start worker at:    tcp://10.36.60.14:25285
[2021-10-22 18:00:35,697] INFO       Start worker at:    tcp://10.36.60.14:26585
[2021-10-22 18:00:35,697] INFO       Start worker at:    tcp://10.36.60.14:27499
[2021-10-22 18:00:35,697] INFO       Start worker at:    tcp://10.36.60.14:29281
[2021-10-22 18:00:35,697] INFO       Start worker at:    tcp://10.36.60.14:29221
[2021-10-22 18:00:35,697] INFO       Start worker at:    tcp://10.36.60.14:34173
[2021-10-22 18:00:35,697] INFO       Start worker at:    tcp://10.36.60.14:37591
[2021-10-22 18:00:35,697] INFO       Start worker at:    tcp://10.36.60.14:15947
[2021-10-22 18:00:35,697] INFO       Start worker at:    tcp://10.36.60.14:27245
[2021-10-22 18:00:35,697] INFO          Listening to:    tcp://10.36.60.14:16225
[2021-10-22 18:00:35,697] INFO       Start worker at:    tcp://10.36.60.14:35547
[2021-10-22 18:00:35,697] INFO       Start worker at:    tcp://10.36.60.14:33795
[2021-10-22 18:00:35,697] INFO       Start worker at:    tcp://10.36.60.14:17227
[2021-10-22 18:00:35,697] INFO       Start worker at:    tcp://10.36.60.14:39473
[2021-10-22 18:00:35,697] INFO          Listening to:    tcp://10.36.60.14:35145
[2021-10-22 18:00:35,697] INFO       Start worker at:    tcp://10.36.60.14:24531
[2021-10-22 18:00:35,697] INFO       Start worker at:    tcp://10.36.60.14:19659
[2021-10-22 18:00:35,697] INFO       Start worker at:    tcp://10.36.60.14:39039
[2021-10-22 18:00:35,697] INFO          Listening to:    tcp://10.36.60.14:34071
[2021-10-22 18:00:35,697] INFO          Listening to:    tcp://10.36.60.14:38225
[2021-10-22 18:00:35,697] INFO       Start worker at:    tcp://10.36.60.14:19799
[2021-10-22 18:00:35,697] INFO          Listening to:    tcp://10.36.60.14:25285
[2021-10-22 18:00:35,697] INFO       Start worker at:    tcp://10.36.60.14:34867
[2021-10-22 18:00:35,697] INFO       Start worker at:    tcp://10.36.60.14:19535
[2021-10-22 18:00:35,697] INFO       Start worker at:    tcp://10.36.60.14:35065
[2021-10-22 18:00:35,697] INFO       Start worker at:    tcp://10.36.60.14:15201
[2021-10-22 18:00:35,697] INFO       Start worker at:    tcp://10.36.60.14:19809
[2021-10-22 18:00:35,697] INFO       Start worker at:    tcp://10.36.60.14:23803
[2021-10-22 18:00:35,697] INFO          dashboard at:          10.36.60.14:23395
[2021-10-22 18:00:35,697] INFO       Start worker at:    tcp://10.36.60.14:28939
[2021-10-22 18:00:35,697] INFO          Listening to:    tcp://10.36.60.14:35547
[2021-10-22 18:00:35,697] INFO       Start worker at:    tcp://10.36.60.14:34083
[2021-10-22 18:00:35,697] INFO          dashboard at:          10.36.60.14:22415
[2021-10-22 18:00:35,697] INFO          Listening to:    tcp://10.36.60.14:15947
[2021-10-22 18:00:35,697] INFO          dashboard at:          10.36.60.14:25701
[2021-10-22 18:00:35,697] INFO          dashboard at:          10.36.60.14:36639
[2021-10-22 18:00:35,697] INFO          dashboard at:          10.36.60.14:30229
[2021-10-22 18:00:35,697] INFO          Listening to:    tcp://10.36.60.14:26585
[2021-10-22 18:00:35,697] INFO          Listening to:    tcp://10.36.60.14:39473
[2021-10-22 18:00:35,697] INFO       Start worker at:    tcp://10.36.60.14:20511
[2021-10-22 18:00:35,697] INFO          Listening to:    tcp://10.36.60.14:29221
[2021-10-22 18:00:35,697] INFO Waiting to connect to:    tcp://10.36.60.11:26665
[2021-10-22 18:00:35,697] INFO          Listening to:    tcp://10.36.60.14:27499
[2021-10-22 18:00:35,697] INFO          dashboard at:          10.36.60.14:17625
[2021-10-22 18:00:35,697] INFO          Listening to:    tcp://10.36.60.14:28939
[2021-10-22 18:00:35,697] INFO Waiting to connect to:    tcp://10.36.60.11:26665
[2021-10-22 18:00:35,697] INFO Waiting to connect to:    tcp://10.36.60.11:26665
[2021-10-22 18:00:35,697] INFO          Listening to:    tcp://10.36.60.14:19799
[2021-10-22 18:00:35,697] INFO          Listening to:    tcp://10.36.60.14:19659
[2021-10-22 18:00:35,697] INFO          dashboard at:          10.36.60.14:21365
[2021-10-22 18:00:35,697] INFO -------------------------------------------------
[2021-10-22 18:00:35,697] INFO          dashboard at:          10.36.60.14:27761
[2021-10-22 18:00:35,697] INFO          Listening to:    tcp://10.36.60.14:19535
[2021-10-22 18:00:35,697] INFO -------------------------------------------------
[2021-10-22 18:00:35,697] INFO          Listening to:    tcp://10.36.60.14:22981
[2021-10-22 18:00:35,697] INFO -------------------------------------------------
[2021-10-22 18:00:35,697] INFO Waiting to connect to:    tcp://10.36.60.11:26665
[2021-10-22 18:00:35,697] INFO          dashboard at:          10.36.60.14:15121
[2021-10-22 18:00:35,697] INFO          Listening to:    tcp://10.36.60.14:19809
[2021-10-22 18:00:35,697] INFO          dashboard at:          10.36.60.14:17939
[2021-10-22 18:00:35,697] INFO          dashboard at:          10.36.60.14:31737
[2021-10-22 18:00:35,697] INFO Waiting to connect to:    tcp://10.36.60.11:26665
[2021-10-22 18:00:35,697] INFO          dashboard at:          10.36.60.14:39851
[2021-10-22 18:00:35,697] INFO          dashboard at:          10.36.60.14:20681
[2021-10-22 18:00:35,697] INFO Waiting to connect to:    tcp://10.36.60.11:26665
[2021-10-22 18:00:35,697] INFO          Listening to:    tcp://10.36.60.14:29281
[2021-10-22 18:00:35,697] INFO          Listening to:    tcp://10.36.60.14:18385
[2021-10-22 18:00:35,697] INFO -------------------------------------------------
[2021-10-22 18:00:35,697] INFO          dashboard at:          10.36.60.14:24243
[2021-10-22 18:00:35,697] INFO          Listening to:    tcp://10.36.60.14:34083
[2021-10-22 18:00:35,697] INFO          Listening to:    tcp://10.36.60.14:35065
[2021-10-22 18:00:35,697] INFO          dashboard at:          10.36.60.14:16691
[2021-10-22 18:00:35,697] INFO Waiting to connect to:    tcp://10.36.60.11:26665
[2021-10-22 18:00:35,697] INFO Waiting to connect to:    tcp://10.36.60.11:26665
[2021-10-22 18:00:35,697] INFO          Listening to:    tcp://10.36.60.14:37591
[2021-10-22 18:00:35,697] INFO -------------------------------------------------
[2021-10-22 18:00:35,697] INFO          Listening to:    tcp://10.36.60.14:33795
[2021-10-22 18:00:35,697] INFO          Listening to:    tcp://10.36.60.14:27245
[2021-10-22 18:00:35,697] INFO Waiting to connect to:    tcp://10.36.60.11:26665
[2021-10-22 18:00:35,697] INFO Waiting to connect to:    tcp://10.36.60.11:26665
[2021-10-22 18:00:35,697] INFO          dashboard at:          10.36.60.14:33639
[2021-10-22 18:00:35,697] INFO               Threads:                          1
[2021-10-22 18:00:35,697] INFO          Listening to:    tcp://10.36.60.14:15201
[2021-10-22 18:00:35,697] INFO Waiting to connect to:    tcp://10.36.60.11:26665
[2021-10-22 18:00:35,697] INFO               Threads:                          1
[2021-10-22 18:00:35,697] INFO Waiting to connect to:    tcp://10.36.60.11:26665
[2021-10-22 18:00:35,697] INFO -------------------------------------------------
[2021-10-22 18:00:35,697] INFO               Threads:                          1
[2021-10-22 18:00:35,697] INFO          Listening to:    tcp://10.36.60.14:39039
[2021-10-22 18:00:35,697] INFO          Listening to:    tcp://10.36.60.14:34173
[2021-10-22 18:00:35,697] INFO Waiting to connect to:    tcp://10.36.60.11:26665
[2021-10-22 18:00:35,697] INFO -------------------------------------------------
[2021-10-22 18:00:35,697] INFO          dashboard at:          10.36.60.14:22113
[2021-10-22 18:00:35,697] INFO -------------------------------------------------
[2021-10-22 18:00:35,697] INFO          dashboard at:          10.36.60.14:28663
[2021-10-22 18:00:35,697] INFO          dashboard at:          10.36.60.14:32905
[2021-10-22 18:00:35,697] INFO          dashboard at:          10.36.60.14:20743
[2021-10-22 18:00:35,697] INFO          Listening to:    tcp://10.36.60.14:34867
[2021-10-22 18:00:35,697] INFO          dashboard at:          10.36.60.14:28243
[2021-10-22 18:00:35,697] INFO          dashboard at:          10.36.60.14:18009
[2021-10-22 18:00:35,697] INFO          dashboard at:          10.36.60.14:16047
[2021-10-22 18:00:35,697] INFO Waiting to connect to:    tcp://10.36.60.11:26665
[2021-10-22 18:00:35,697] INFO          Listening to:    tcp://10.36.60.14:17227
[2021-10-22 18:00:35,697] INFO -------------------------------------------------
[2021-10-22 18:00:35,697] INFO -------------------------------------------------
[2021-10-22 18:00:35,697] INFO               Threads:                          1
[2021-10-22 18:00:35,697] INFO Waiting to connect to:    tcp://10.36.60.11:26665
[2021-10-22 18:00:35,697] INFO          dashboard at:          10.36.60.14:20405
[2021-10-22 18:00:35,697] INFO -------------------------------------------------
[2021-10-22 18:00:35,697] INFO Waiting to connect to:    tcp://10.36.60.11:26665
[2021-10-22 18:00:35,697] INFO                Memory:                  16.76 GiB
[2021-10-22 18:00:35,697] INFO -------------------------------------------------
[2021-10-22 18:00:35,697] INFO          dashboard at:          10.36.60.14:21473
[2021-10-22 18:00:35,697] INFO               Threads:                          1
[2021-10-22 18:00:35,697] INFO          Listening to:    tcp://10.36.60.14:20511
[2021-10-22 18:00:35,697] INFO                Memory:                  16.76 GiB
[2021-10-22 18:00:35,697] INFO          Listening to:    tcp://10.36.60.14:24531
[2021-10-22 18:00:35,697] INFO Waiting to connect to:    tcp://10.36.60.11:26665
[2021-10-22 18:00:35,697] INFO                Memory:                  16.76 GiB
[2021-10-22 18:00:35,697] INFO -------------------------------------------------
[2021-10-22 18:00:35,697] INFO Waiting to connect to:    tcp://10.36.60.11:26665
[2021-10-22 18:00:35,697] INFO Waiting to connect to:    tcp://10.36.60.11:26665
[2021-10-22 18:00:35,697] INFO Waiting to connect to:    tcp://10.36.60.11:26665
[2021-10-22 18:00:35,697] INFO Waiting to connect to:    tcp://10.36.60.11:26665
[2021-10-22 18:00:35,697] INFO          dashboard at:          10.36.60.14:15517
[2021-10-22 18:00:35,697] INFO       Local Directory: /groups/scicompsoft/home/ackermand/Programming/multiresolution-mesh-creator/dask-worker-space/worker-5_5aiccy
[2021-10-22 18:00:35,697] INFO          dashboard at:          10.36.60.14:34317
[2021-10-22 18:00:35,697] INFO Waiting to connect to:    tcp://10.36.60.11:26665
[2021-10-22 18:00:35,697] INFO          dashboard at:          10.36.60.14:39925
[2021-10-22 18:00:35,697] INFO               Threads:                          1
[2021-10-22 18:00:35,697] INFO          dashboard at:          10.36.60.14:29541
[2021-10-22 18:00:35,697] INFO Waiting to connect to:    tcp://10.36.60.11:26665
[2021-10-22 18:00:35,697] INFO               Threads:                          1
[2021-10-22 18:00:35,697] INFO -------------------------------------------------
[2021-10-22 18:00:35,697] INFO -------------------------------------------------
[2021-10-22 18:00:35,697] INFO                Memory:                  16.76 GiB
[2021-10-22 18:00:35,697] INFO -------------------------------------------------
[2021-10-22 18:00:35,697] INFO       Local Directory: /groups/scicompsoft/home/ackermand/Programming/multiresolution-mesh-creator/dask-worker-space/worker-gsgc2za5
[2021-10-22 18:00:35,697] INFO Waiting to connect to:    tcp://10.36.60.11:26665
[2021-10-22 18:00:35,697] INFO          dashboard at:          10.36.60.14:24097
[2021-10-22 18:00:35,697] INFO Waiting to connect to:    tcp://10.36.60.11:26665
[2021-10-22 18:00:35,697] INFO                Memory:                  16.76 GiB
[2021-10-22 18:00:35,697] INFO       Local Directory: /groups/scicompsoft/home/ackermand/Programming/multiresolution-mesh-creator/dask-worker-space/worker-35a_lmai
[2021-10-22 18:00:35,697] INFO -------------------------------------------------
[2021-10-22 18:00:35,697] INFO -------------------------------------------------
[2021-10-22 18:00:35,697] INFO -------------------------------------------------
[2021-10-22 18:00:35,697] INFO -------------------------------------------------
[2021-10-22 18:00:35,697] INFO          Listening to:    tcp://10.36.60.14:23803
[2021-10-22 18:00:35,697] INFO          dashboard at:          10.36.60.14:33837
[2021-10-22 18:00:35,697] INFO -------------------------------------------------
[2021-10-22 18:00:35,697] INFO               Threads:                          1
[2021-10-22 18:00:35,697] INFO               Threads:                          1
[2021-10-22 18:00:35,697] INFO Waiting to connect to:    tcp://10.36.60.11:26665
[2021-10-22 18:00:35,697] INFO -------------------------------------------------
[2021-10-22 18:00:35,697] INFO -------------------------------------------------
[2021-10-22 18:00:35,697] INFO Waiting to connect to:    tcp://10.36.60.11:26665
[2021-10-22 18:00:35,697] INFO               Threads:                          1
[2021-10-22 18:00:35,697] INFO Waiting to connect to:    tcp://10.36.60.11:26665
[2021-10-22 18:00:35,697] INFO -------------------------------------------------
[2021-10-22 18:00:35,697] INFO                Memory:                  16.76 GiB
[2021-10-22 18:00:35,697] INFO Waiting to connect to:    tcp://10.36.60.11:26665
[2021-10-22 18:00:35,697] INFO                Memory:                  16.76 GiB
[2021-10-22 18:00:35,697] INFO       Local Directory: /groups/scicompsoft/home/ackermand/Programming/multiresolution-mesh-creator/dask-worker-space/worker-7_5l050l
[2021-10-22 18:00:35,697] INFO               Threads:                          1
[2021-10-22 18:00:35,697] INFO -------------------------------------------------
[2021-10-22 18:00:35,697] INFO -------------------------------------------------
[2021-10-22 18:00:35,697] INFO               Threads:                          1
[2021-10-22 18:00:35,697] INFO       Local Directory: /groups/scicompsoft/home/ackermand/Programming/multiresolution-mesh-creator/dask-worker-space/worker-ly60yfeg
[2021-10-22 18:00:35,697] INFO Waiting to connect to:    tcp://10.36.60.11:26665
[2021-10-22 18:00:35,697] INFO -------------------------------------------------
[2021-10-22 18:00:35,697] INFO               Threads:                          1
[2021-10-22 18:00:35,697] INFO -------------------------------------------------
[2021-10-22 18:00:35,697] INFO -------------------------------------------------
[2021-10-22 18:00:35,697] INFO -------------------------------------------------
[2021-10-22 18:00:35,697] INFO                Memory:                  16.76 GiB
[2021-10-22 18:00:35,697] INFO                Memory:                  16.76 GiB
[2021-10-22 18:00:35,697] INFO Waiting to connect to:    tcp://10.36.60.11:26665
[2021-10-22 18:00:35,697] INFO -------------------------------------------------
[2021-10-22 18:00:35,697] INFO       Local Directory: /groups/scicompsoft/home/ackermand/Programming/multiresolution-mesh-creator/dask-worker-space/worker-50s5dued
[2021-10-22 18:00:35,697] INFO -------------------------------------------------
[2021-10-22 18:00:35,697] INFO       Local Directory: /groups/scicompsoft/home/ackermand/Programming/multiresolution-mesh-creator/dask-worker-space/worker-ke93k4dz
[2021-10-22 18:00:35,697] INFO                Memory:                  16.76 GiB
[2021-10-22 18:00:35,697] INFO               Threads:                          1
[2021-10-22 18:00:35,697] INFO               Threads:                          1
[2021-10-22 18:00:35,697] INFO               Threads:                          1
[2021-10-22 18:00:35,697] INFO          dashboard at:          10.36.60.14:28753
[2021-10-22 18:00:35,697] INFO               Threads:                          1
[2021-10-22 18:00:35,697] INFO -------------------------------------------------
[2021-10-22 18:00:35,697] INFO                Memory:                  16.76 GiB
[2021-10-22 18:00:35,697] INFO                Memory:                  16.76 GiB
[2021-10-22 18:00:35,697] INFO               Threads:                          1
[2021-10-22 18:00:35,697] INFO               Threads:                          1
[2021-10-22 18:00:35,697] INFO               Threads:                          1
[2021-10-22 18:00:35,697] INFO                Memory:                  16.76 GiB
[2021-10-22 18:00:35,697] INFO -------------------------------------------------
[2021-10-22 18:00:35,698] INFO                Memory:                  16.76 GiB
[2021-10-22 18:00:35,697] INFO               Threads:                          1
[2021-10-22 18:00:35,698] INFO       Local Directory: /groups/scicompsoft/home/ackermand/Programming/multiresolution-mesh-creator/dask-worker-space/worker-meqzvojz
[2021-10-22 18:00:35,698] INFO       Local Directory: /groups/scicompsoft/home/ackermand/Programming/multiresolution-mesh-creator/dask-worker-space/worker-nokacv8x
[2021-10-22 18:00:35,698] INFO                Memory:                  16.76 GiB
[2021-10-22 18:00:35,697] INFO               Threads:                          1
[2021-10-22 18:00:35,698] INFO       Local Directory: /groups/scicompsoft/home/ackermand/Programming/multiresolution-mesh-creator/dask-worker-space/worker-sb8pepjo
[2021-10-22 18:00:35,698] INFO                Memory:                  16.76 GiB
[2021-10-22 18:00:35,698] INFO       Local Directory: /groups/scicompsoft/home/ackermand/Programming/multiresolution-mesh-creator/dask-worker-space/worker-z2sya3oe
[2021-10-22 18:00:35,697] INFO               Threads:                          1
[2021-10-22 18:00:35,698] INFO                Memory:                  16.76 GiB
[2021-10-22 18:00:35,697] INFO               Threads:                          1
[2021-10-22 18:00:35,697] INFO               Threads:                          1
[2021-10-22 18:00:35,698] INFO       Local Directory: /groups/scicompsoft/home/ackermand/Programming/multiresolution-mesh-creator/dask-worker-space/worker-whi6vm9c
[2021-10-22 18:00:35,697] INFO               Threads:                          1
[2021-10-22 18:00:35,698] INFO       Local Directory: /groups/scicompsoft/home/ackermand/Programming/multiresolution-mesh-creator/dask-worker-space/worker-qcwno2o8
[2021-10-22 18:00:35,697] INFO       Local Directory: /groups/scicompsoft/home/ackermand/Programming/multiresolution-mesh-creator/dask-worker-space/worker-b1un730l
[2021-10-22 18:00:35,697] INFO       Local Directory: /groups/scicompsoft/home/ackermand/Programming/multiresolution-mesh-creator/dask-worker-space/worker-polr7el1
[2021-10-22 18:00:35,697] INFO -------------------------------------------------
[2021-10-22 18:00:35,697] INFO -------------------------------------------------
[2021-10-22 18:00:35,698] INFO                Memory:                  16.76 GiB
[2021-10-22 18:00:35,697] INFO               Threads:                          1
[2021-10-22 18:00:35,697] INFO       Local Directory: /groups/scicompsoft/home/ackermand/Programming/multiresolution-mesh-creator/dask-worker-space/worker-5fwadi15
[2021-10-22 18:00:35,697] INFO               Threads:                          1
[2021-10-22 18:00:35,698] INFO                Memory:                  16.76 GiB
[2021-10-22 18:00:35,698] INFO -------------------------------------------------
[2021-10-22 18:00:35,698] INFO -------------------------------------------------
[2021-10-22 18:00:35,698] INFO                Memory:                  16.76 GiB
[2021-10-22 18:00:35,698] INFO Waiting to connect to:    tcp://10.36.60.11:26665
[2021-10-22 18:00:35,698] INFO                Memory:                  16.76 GiB
[2021-10-22 18:00:35,697] INFO               Threads:                          1
[2021-10-22 18:00:35,698] INFO                Memory:                  16.76 GiB
[2021-10-22 18:00:35,698] INFO -------------------------------------------------
[2021-10-22 18:00:35,698] INFO                Memory:                  16.76 GiB
[2021-10-22 18:00:35,698] INFO -------------------------------------------------
[2021-10-22 18:00:35,698] INFO               Threads:                          1
[2021-10-22 18:00:35,698] INFO                Memory:                  16.76 GiB
[2021-10-22 18:00:35,698] INFO                Memory:                  16.76 GiB
[2021-10-22 18:00:35,698] INFO       Local Directory: /groups/scicompsoft/home/ackermand/Programming/multiresolution-mesh-creator/dask-worker-space/worker-d0kcd0zy
[2021-10-22 18:00:35,698] INFO -------------------------------------------------
[2021-10-22 18:00:35,698] INFO -------------------------------------------------
[2021-10-22 18:00:35,698] INFO       Local Directory: /groups/scicompsoft/home/ackermand/Programming/multiresolution-mesh-creator/dask-worker-space/worker-ba6i531w
[2021-10-22 18:00:35,698] INFO -------------------------------------------------
[2021-10-22 18:00:35,698] INFO                Memory:                  16.76 GiB
[2021-10-22 18:00:35,698] INFO -------------------------------------------------
[2021-10-22 18:00:35,698] INFO       Local Directory: /groups/scicompsoft/home/ackermand/Programming/multiresolution-mesh-creator/dask-worker-space/worker-1x4hmeou
[2021-10-22 18:00:35,698] INFO -------------------------------------------------
[2021-10-22 18:00:35,698] INFO       Local Directory: /groups/scicompsoft/home/ackermand/Programming/multiresolution-mesh-creator/dask-worker-space/worker-0o2u0rm5
[2021-10-22 18:00:35,698] INFO       Local Directory: /groups/scicompsoft/home/ackermand/Programming/multiresolution-mesh-creator/dask-worker-space/worker-u3426x1_
[2021-10-22 18:00:35,698] INFO -------------------------------------------------
[2021-10-22 18:00:35,698] INFO                Memory:                  16.76 GiB
[2021-10-22 18:00:35,698] INFO -------------------------------------------------
[2021-10-22 18:00:35,698] INFO       Local Directory: /groups/scicompsoft/home/ackermand/Programming/multiresolution-mesh-creator/dask-worker-space/worker-waw6a5t9
[2021-10-22 18:00:35,698] INFO       Local Directory: /groups/scicompsoft/home/ackermand/Programming/multiresolution-mesh-creator/dask-worker-space/worker-l0jannz3
[2021-10-22 18:00:35,698] INFO       Local Directory: /groups/scicompsoft/home/ackermand/Programming/multiresolution-mesh-creator/dask-worker-space/worker-6bwkrbby
[2021-10-22 18:00:35,698] INFO                Memory:                  16.76 GiB
[2021-10-22 18:00:35,698] INFO                Memory:                  16.76 GiB
[2021-10-22 18:00:35,698] INFO                Memory:                  16.76 GiB
[2021-10-22 18:00:35,698] INFO -------------------------------------------------
[2021-10-22 18:00:35,698] INFO       Local Directory: /groups/scicompsoft/home/ackermand/Programming/multiresolution-mesh-creator/dask-worker-space/worker-1mv9hfjx
[2021-10-22 18:00:35,698] INFO               Threads:                          1
[2021-10-22 18:00:35,698] INFO       Local Directory: /groups/scicompsoft/home/ackermand/Programming/multiresolution-mesh-creator/dask-worker-space/worker-behlcejl
[2021-10-22 18:00:35,698] INFO       Local Directory: /groups/scicompsoft/home/ackermand/Programming/multiresolution-mesh-creator/dask-worker-space/worker-vuyxz7ky
[2021-10-22 18:00:35,698] INFO -------------------------------------------------
[2021-10-22 18:00:35,698] INFO       Local Directory: /groups/scicompsoft/home/ackermand/Programming/multiresolution-mesh-creator/dask-worker-space/worker-xf2hfn53
[2021-10-22 18:00:35,698] INFO -------------------------------------------------
[2021-10-22 18:00:35,698] INFO -------------------------------------------------
[2021-10-22 18:00:35,698] INFO -------------------------------------------------
[2021-10-22 18:00:35,698] INFO -------------------------------------------------
[2021-10-22 18:00:35,698] INFO -------------------------------------------------
[2021-10-22 18:00:35,698] INFO -------------------------------------------------
[2021-10-22 18:00:35,698] INFO -------------------------------------------------
[2021-10-22 18:00:35,698] INFO       Local Directory: /groups/scicompsoft/home/ackermand/Programming/multiresolution-mesh-creator/dask-worker-space/worker-s__hsoas
[2021-10-22 18:00:35,698] INFO -------------------------------------------------
[2021-10-22 18:00:35,698] INFO       Local Directory: /groups/scicompsoft/home/ackermand/Programming/multiresolution-mesh-creator/dask-worker-space/worker-umuv5bhw
[2021-10-22 18:00:35,698] INFO -------------------------------------------------
[2021-10-22 18:00:35,698] INFO -------------------------------------------------
[2021-10-22 18:00:35,698] INFO -------------------------------------------------
[2021-10-22 18:00:35,698] INFO               Threads:                          1
[2021-10-22 18:00:35,698] INFO                Memory:                  16.76 GiB
[2021-10-22 18:00:35,698] INFO       Local Directory: /groups/scicompsoft/home/ackermand/Programming/multiresolution-mesh-creator/dask-worker-space/worker-e1dhvwlm
[2021-10-22 18:00:35,698] INFO                Memory:                  16.76 GiB
[2021-10-22 18:00:35,698] INFO -------------------------------------------------
[2021-10-22 18:00:35,698] INFO -------------------------------------------------
[2021-10-22 18:00:35,698] INFO       Local Directory: /groups/scicompsoft/home/ackermand/Programming/multiresolution-mesh-creator/dask-worker-space/worker-epdk4qga
[2021-10-22 18:00:35,698] INFO -------------------------------------------------
[2021-10-22 18:00:35,699] INFO -------------------------------------------------
[2021-10-22 18:00:35,699] INFO       Start worker at:    tcp://10.36.60.14:33913
[2021-10-22 18:00:35,699] INFO       Start worker at:    tcp://10.36.60.14:35911
[2021-10-22 18:00:35,699] INFO          Listening to:    tcp://10.36.60.14:33913
[2021-10-22 18:00:35,699] INFO          dashboard at:          10.36.60.14:20321
[2021-10-22 18:00:35,699] INFO Waiting to connect to:    tcp://10.36.60.11:26665
[2021-10-22 18:00:35,699] INFO -------------------------------------------------
[2021-10-22 18:00:35,699] INFO          Listening to:    tcp://10.36.60.14:35911
[2021-10-22 18:00:35,699] INFO               Threads:                          1
[2021-10-22 18:00:35,699] INFO          dashboard at:          10.36.60.14:31453
[2021-10-22 18:00:35,699] INFO                Memory:                  16.76 GiB
[2021-10-22 18:00:35,699] INFO       Local Directory: /groups/scicompsoft/home/ackermand/Programming/multiresolution-mesh-creator/dask-worker-space/worker-7gj5t88h
[2021-10-22 18:00:35,699] INFO Waiting to connect to:    tcp://10.36.60.11:26665
[2021-10-22 18:00:35,699] INFO -------------------------------------------------
[2021-10-22 18:00:35,699] INFO -------------------------------------------------
[2021-10-22 18:00:35,699] INFO               Threads:                          1
[2021-10-22 18:00:35,699] INFO       Start worker at:    tcp://10.36.60.14:37465
[2021-10-22 18:00:35,699] INFO                Memory:                  16.76 GiB
[2021-10-22 18:00:35,699] INFO          Listening to:    tcp://10.36.60.14:37465
[2021-10-22 18:00:35,699] INFO       Start worker at:    tcp://10.36.60.14:39577
[2021-10-22 18:00:35,700] INFO       Local Directory: /groups/scicompsoft/home/ackermand/Programming/multiresolution-mesh-creator/dask-worker-space/worker-q1va9y_z
[2021-10-22 18:00:35,700] INFO          dashboard at:          10.36.60.14:24437
[2021-10-22 18:00:35,700] INFO          Listening to:    tcp://10.36.60.14:39577
[2021-10-22 18:00:35,700] INFO Waiting to connect to:    tcp://10.36.60.11:26665
[2021-10-22 18:00:35,700] INFO -------------------------------------------------
[2021-10-22 18:00:35,700] INFO -------------------------------------------------
[2021-10-22 18:00:35,700] INFO          dashboard at:          10.36.60.14:17111
[2021-10-22 18:00:35,699] INFO       Start worker at:    tcp://10.36.60.14:38527
[2021-10-22 18:00:35,699] INFO       Start worker at:    tcp://10.36.60.14:36047
[2021-10-22 18:00:35,700] INFO Waiting to connect to:    tcp://10.36.60.11:26665
[2021-10-22 18:00:35,700] INFO -------------------------------------------------
[2021-10-22 18:00:35,700] INFO          Listening to:    tcp://10.36.60.14:38527
[2021-10-22 18:00:35,700] INFO               Threads:                          1
[2021-10-22 18:00:35,700] INFO          Listening to:    tcp://10.36.60.14:36047
[2021-10-22 18:00:35,700] INFO          dashboard at:          10.36.60.14:19323
[2021-10-22 18:00:35,700] INFO                Memory:                  16.76 GiB
[2021-10-22 18:00:35,700] INFO          dashboard at:          10.36.60.14:34585
[2021-10-22 18:00:35,700] INFO Waiting to connect to:    tcp://10.36.60.11:26665
[2021-10-22 18:00:35,700] INFO               Threads:                          1
[2021-10-22 18:00:35,700] INFO       Local Directory: /groups/scicompsoft/home/ackermand/Programming/multiresolution-mesh-creator/dask-worker-space/worker-yod3vdlo
[2021-10-22 18:00:35,700] INFO -------------------------------------------------
[2021-10-22 18:00:35,700] INFO Waiting to connect to:    tcp://10.36.60.11:26665
[2021-10-22 18:00:35,700] INFO       Start worker at:    tcp://10.36.60.14:32921
[2021-10-22 18:00:35,700] INFO                Memory:                  16.76 GiB
[2021-10-22 18:00:35,700] INFO -------------------------------------------------
[2021-10-22 18:00:35,700] INFO       Local Directory: /groups/scicompsoft/home/ackermand/Programming/multiresolution-mesh-creator/dask-worker-space/worker-artbx8s8
[2021-10-22 18:00:35,700] INFO          Listening to:    tcp://10.36.60.14:32921
[2021-10-22 18:00:35,700] INFO -------------------------------------------------
[2021-10-22 18:00:35,700] INFO               Threads:                          1
[2021-10-22 18:00:35,700] INFO          dashboard at:          10.36.60.14:25421
[2021-10-22 18:00:35,700] INFO               Threads:                          1
[2021-10-22 18:00:35,700] INFO Waiting to connect to:    tcp://10.36.60.11:26665
[2021-10-22 18:00:35,700] INFO                Memory:                  16.76 GiB
[2021-10-22 18:00:35,700] INFO -------------------------------------------------
[2021-10-22 18:00:35,700] INFO -------------------------------------------------
[2021-10-22 18:00:35,700] INFO                Memory:                  16.76 GiB
[2021-10-22 18:00:35,700] INFO       Local Directory: /groups/scicompsoft/home/ackermand/Programming/multiresolution-mesh-creator/dask-worker-space/worker-tpxgpmam
[2021-10-22 18:00:35,700] INFO               Threads:                          1
[2021-10-22 18:00:35,700] INFO                Memory:                  16.76 GiB
[2021-10-22 18:00:35,700] INFO       Local Directory: /groups/scicompsoft/home/ackermand/Programming/multiresolution-mesh-creator/dask-worker-space/worker-0pcl6kvv
[2021-10-22 18:00:35,700] INFO       Local Directory: /groups/scicompsoft/home/ackermand/Programming/multiresolution-mesh-creator/dask-worker-space/worker-4mx6zfpt
[2021-10-22 18:00:35,700] INFO -------------------------------------------------
[2021-10-22 18:00:35,700] INFO -------------------------------------------------
[2021-10-22 18:00:35,700] INFO       Start worker at:    tcp://10.36.60.14:35083
[2021-10-22 18:00:35,700] INFO          Listening to:    tcp://10.36.60.14:35083
[2021-10-22 18:00:35,700] INFO          dashboard at:          10.36.60.14:32325
[2021-10-22 18:00:35,700] INFO Waiting to connect to:    tcp://10.36.60.11:26665
[2021-10-22 18:00:35,700] INFO -------------------------------------------------
[2021-10-22 18:00:35,700] INFO               Threads:                          1
[2021-10-22 18:00:35,701] INFO                Memory:                  16.76 GiB
[2021-10-22 18:00:35,701] INFO       Local Directory: /groups/scicompsoft/home/ackermand/Programming/multiresolution-mesh-creator/dask-worker-space/worker-vbx9he7a
[2021-10-22 18:00:35,701] INFO -------------------------------------------------
[2021-10-22 18:00:35,701] INFO -------------------------------------------------
[2021-10-22 18:00:35,904] INFO         Registered to:    tcp://10.36.60.11:26665
[2021-10-22 18:00:35,904] INFO -------------------------------------------------
[2021-10-22 18:00:35,905] INFO Starting established connection
[2021-10-22 18:00:35,959] INFO         Registered to:    tcp://10.36.60.11:26665
[2021-10-22 18:00:35,959] INFO -------------------------------------------------
[2021-10-22 18:00:35,960] INFO Starting established connection
[2021-10-22 18:00:35,968] INFO         Registered to:    tcp://10.36.60.11:26665
[2021-10-22 18:00:35,969] INFO -------------------------------------------------
[2021-10-22 18:00:35,969] INFO Starting established connection
[2021-10-22 18:00:36,004] INFO         Registered to:    tcp://10.36.60.11:26665
[2021-10-22 18:00:36,004] INFO -------------------------------------------------
[2021-10-22 18:00:36,005] INFO Starting established connection
[2021-10-22 18:00:36,010] INFO         Registered to:    tcp://10.36.60.11:26665
[2021-10-22 18:00:36,010] INFO -------------------------------------------------
[2021-10-22 18:00:36,011] INFO Starting established connection
[2021-10-22 18:00:36,019] INFO         Registered to:    tcp://10.36.60.11:26665
[2021-10-22 18:00:36,019] INFO -------------------------------------------------
[2021-10-22 18:00:36,020] INFO Starting established connection
[2021-10-22 18:00:36,023] INFO         Registered to:    tcp://10.36.60.11:26665
[2021-10-22 18:00:36,024] INFO -------------------------------------------------
[2021-10-22 18:00:36,024] INFO Starting established connection
[2021-10-22 18:00:36,026] INFO         Registered to:    tcp://10.36.60.11:26665
[2021-10-22 18:00:36,026] INFO -------------------------------------------------
[2021-10-22 18:00:36,027] INFO Starting established connection
[2021-10-22 18:00:36,038] INFO         Registered to:    tcp://10.36.60.11:26665
[2021-10-22 18:00:36,038] INFO -------------------------------------------------
[2021-10-22 18:00:36,039] INFO Starting established connection
[2021-10-22 18:00:36,039] INFO         Registered to:    tcp://10.36.60.11:26665
[2021-10-22 18:00:36,039] INFO -------------------------------------------------
[2021-10-22 18:00:36,040] INFO Starting established connection
[2021-10-22 18:00:36,050] INFO         Registered to:    tcp://10.36.60.11:26665
[2021-10-22 18:00:36,050] INFO -------------------------------------------------
[2021-10-22 18:00:36,051] INFO Starting established connection
[2021-10-22 18:00:36,056] INFO         Registered to:    tcp://10.36.60.11:26665
[2021-10-22 18:00:36,057] INFO -------------------------------------------------
[2021-10-22 18:00:36,057] INFO Starting established connection
[2021-10-22 18:00:36,063] INFO         Registered to:    tcp://10.36.60.11:26665
[2021-10-22 18:00:36,063] INFO -------------------------------------------------
[2021-10-22 18:00:36,064] INFO Starting established connection
[2021-10-22 18:00:36,064] INFO         Registered to:    tcp://10.36.60.11:26665
[2021-10-22 18:00:36,065] INFO -------------------------------------------------
[2021-10-22 18:00:36,065] INFO Starting established connection
[2021-10-22 18:00:36,067] INFO         Registered to:    tcp://10.36.60.11:26665
[2021-10-22 18:00:36,067] INFO -------------------------------------------------
[2021-10-22 18:00:36,068] INFO Starting established connection
[2021-10-22 18:00:36,069] INFO         Registered to:    tcp://10.36.60.11:26665
[2021-10-22 18:00:36,070] INFO -------------------------------------------------
[2021-10-22 18:00:36,070] INFO Starting established connection
[2021-10-22 18:00:36,074] INFO         Registered to:    tcp://10.36.60.11:26665
[2021-10-22 18:00:36,074] INFO -------------------------------------------------
[2021-10-22 18:00:36,074] INFO Starting established connection
[2021-10-22 18:00:36,075] INFO         Registered to:    tcp://10.36.60.11:26665
[2021-10-22 18:00:36,075] INFO -------------------------------------------------
[2021-10-22 18:00:36,075] INFO Starting established connection
[2021-10-22 18:00:36,076] INFO         Registered to:    tcp://10.36.60.11:26665
[2021-10-22 18:00:36,076] INFO -------------------------------------------------
[2021-10-22 18:00:36,076] INFO Starting established connection
[2021-10-22 18:00:36,077] INFO         Registered to:    tcp://10.36.60.11:26665
[2021-10-22 18:00:36,077] INFO -------------------------------------------------
[2021-10-22 18:00:36,078] INFO Starting established connection
[2021-10-22 18:00:36,084] INFO         Registered to:    tcp://10.36.60.11:26665
[2021-10-22 18:00:36,085] INFO -------------------------------------------------
[2021-10-22 18:00:36,085] INFO Starting established connection
[2021-10-22 18:00:36,085] INFO         Registered to:    tcp://10.36.60.11:26665
[2021-10-22 18:00:36,086] INFO -------------------------------------------------
[2021-10-22 18:00:36,086] INFO Starting established connection
[2021-10-22 18:00:36,094] INFO         Registered to:    tcp://10.36.60.11:26665
[2021-10-22 18:00:36,095] INFO -------------------------------------------------
[2021-10-22 18:00:36,095] INFO Starting established connection
[2021-10-22 18:00:36,097] INFO         Registered to:    tcp://10.36.60.11:26665
[2021-10-22 18:00:36,098] INFO -------------------------------------------------
[2021-10-22 18:00:36,099] INFO Starting established connection
[2021-10-22 18:00:36,101] INFO         Registered to:    tcp://10.36.60.11:26665
[2021-10-22 18:00:36,101] INFO -------------------------------------------------
[2021-10-22 18:00:36,102] INFO Starting established connection
[2021-10-22 18:00:36,102] INFO         Registered to:    tcp://10.36.60.11:26665
[2021-10-22 18:00:36,102] INFO -------------------------------------------------
[2021-10-22 18:00:36,103] INFO Starting established connection
[2021-10-22 18:00:36,104] INFO         Registered to:    tcp://10.36.60.11:26665
[2021-10-22 18:00:36,104] INFO -------------------------------------------------
[2021-10-22 18:00:36,104] INFO Starting established connection
[2021-10-22 18:00:36,105] INFO         Registered to:    tcp://10.36.60.11:26665
[2021-10-22 18:00:36,105] INFO -------------------------------------------------
[2021-10-22 18:00:36,106] INFO Starting established connection
[2021-10-22 18:00:36,109] INFO         Registered to:    tcp://10.36.60.11:26665
[2021-10-22 18:00:36,109] INFO -------------------------------------------------
[2021-10-22 18:00:36,110] INFO Starting established connection
[2021-10-22 18:00:36,115] INFO         Registered to:    tcp://10.36.60.11:26665
[2021-10-22 18:00:36,115] INFO -------------------------------------------------
[2021-10-22 18:00:36,115] INFO         Registered to:    tcp://10.36.60.11:26665
[2021-10-22 18:00:36,115] INFO -------------------------------------------------
[2021-10-22 18:00:36,116] INFO Starting established connection
[2021-10-22 18:00:36,116] INFO Starting established connection
[2021-10-22 18:00:36,118] INFO         Registered to:    tcp://10.36.60.11:26665
[2021-10-22 18:00:36,118] INFO -------------------------------------------------
[2021-10-22 18:00:36,119] INFO Starting established connection
[2021-10-22 18:00:36,119] INFO         Registered to:    tcp://10.36.60.11:26665
[2021-10-22 18:00:36,119] INFO -------------------------------------------------
[2021-10-22 18:00:36,120] INFO Starting established connection
[2021-10-22 18:00:36,120] INFO         Registered to:    tcp://10.36.60.11:26665
[2021-10-22 18:00:36,121] INFO -------------------------------------------------
[2021-10-22 18:00:36,121] INFO         Registered to:    tcp://10.36.60.11:26665
[2021-10-22 18:00:36,122] INFO -------------------------------------------------
[2021-10-22 18:00:36,122] INFO         Registered to:    tcp://10.36.60.11:26665
[2021-10-22 18:00:36,122] INFO Starting established connection
[2021-10-22 18:00:36,122] INFO Starting established connection
[2021-10-22 18:00:36,122] INFO -------------------------------------------------
[2021-10-22 18:00:36,123] INFO Starting established connection
[2021-10-22 18:00:36,124] INFO         Registered to:    tcp://10.36.60.11:26665
[2021-10-22 18:00:36,124] INFO -------------------------------------------------
[2021-10-22 18:00:36,124] INFO Starting established connection
[2021-10-22 18:00:36,125] INFO         Registered to:    tcp://10.36.60.11:26665
[2021-10-22 18:00:36,125] INFO -------------------------------------------------
[2021-10-22 18:00:36,126] INFO Starting established connection
[2021-10-22 18:00:36,126] INFO         Registered to:    tcp://10.36.60.11:26665
[2021-10-22 18:00:36,126] INFO -------------------------------------------------
[2021-10-22 18:00:36,126] INFO Starting established connection
[2021-10-22 18:00:36,127] INFO         Registered to:    tcp://10.36.60.11:26665
[2021-10-22 18:00:36,127] INFO -------------------------------------------------
[2021-10-22 18:00:36,127] INFO Starting established connection
[2021-10-22 18:00:51,968] INFO End worker
[2021-10-22 18:00:51,968] INFO Stopping worker at tcp://10.36.60.14:37591
[2021-10-22 18:00:51,968] INFO Stopping worker at tcp://10.36.60.14:29221
[2021-10-22 18:00:51,968] INFO Stopping worker at tcp://10.36.60.14:24531
[2021-10-22 18:00:51,968] INFO Stopping worker at tcp://10.36.60.14:36047
[2021-10-22 18:00:51,968] INFO Stopping worker at tcp://10.36.60.14:19799
[2021-10-22 18:00:51,968] INFO Stopping worker at tcp://10.36.60.14:29281
[2021-10-22 18:00:51,968] INFO Stopping worker at tcp://10.36.60.14:27499
[2021-10-22 18:00:51,968] INFO Stopping worker at tcp://10.36.60.14:32921
[2021-10-22 18:00:51,968] INFO Stopping worker at tcp://10.36.60.14:19809
[2021-10-22 18:00:51,968] INFO Stopping worker at tcp://10.36.60.14:35547
[2021-10-22 18:00:51,968] INFO Stopping worker at tcp://10.36.60.14:20511
[2021-10-22 18:00:51,968] INFO Stopping worker at tcp://10.36.60.14:34071
[2021-10-22 18:00:51,968] INFO Stopping worker at tcp://10.36.60.14:27245
[2021-10-22 18:00:51,968] INFO Stopping worker at tcp://10.36.60.14:39039
[2021-10-22 18:00:51,968] INFO Stopping worker at tcp://10.36.60.14:26585
[2021-10-22 18:00:51,968] INFO Stopping worker at tcp://10.36.60.14:23803
[2021-10-22 18:00:51,968] INFO Stopping worker at tcp://10.36.60.14:39473
[2021-10-22 18:00:51,968] INFO Stopping worker at tcp://10.36.60.14:35145
[2021-10-22 18:00:51,968] INFO Stopping worker at tcp://10.36.60.14:19659
[2021-10-22 18:00:51,968] INFO Stopping worker at tcp://10.36.60.14:19535
[2021-10-22 18:00:51,968] INFO Stopping worker at tcp://10.36.60.14:38527
[2021-10-22 18:00:51,968] INFO Stopping worker at tcp://10.36.60.14:28939
[2021-10-22 18:00:51,968] INFO Stopping worker at tcp://10.36.60.14:33795
[2021-10-22 18:00:51,968] INFO Stopping worker at tcp://10.36.60.14:35083
[2021-10-22 18:00:51,968] INFO Stopping worker at tcp://10.36.60.14:25285
[2021-10-22 18:00:51,968] INFO Stopping worker at tcp://10.36.60.14:39577
[2021-10-22 18:00:51,968] INFO Stopping worker at tcp://10.36.60.14:17227
[2021-10-22 18:00:51,968] INFO Stopping worker at tcp://10.36.60.14:34867
[2021-10-22 18:00:51,968] INFO Stopping worker at tcp://10.36.60.14:34173
[2021-10-22 18:00:51,968] INFO Stopping worker at tcp://10.36.60.14:35911
[2021-10-22 18:00:51,968] INFO Stopping worker at tcp://10.36.60.14:35065
[2021-10-22 18:00:51,968] INFO Stopping worker at tcp://10.36.60.14:38225
[2021-10-22 18:00:51,968] INFO Stopping worker at tcp://10.36.60.14:18385
[2021-10-22 18:00:51,968] INFO Stopping worker at tcp://10.36.60.14:33913
[2021-10-22 18:00:51,968] INFO Stopping worker at tcp://10.36.60.14:15947
[2021-10-22 18:00:51,969] INFO reaping stray process <SpawnProcess(Dask Worker process (from Nanny), started daemon)>
[2021-10-22 18:00:51,970] INFO reaping stray process <SpawnProcess(Dask Worker process (from Nanny), started daemon)>
[2021-10-22 18:00:51,970] INFO reaping stray process <SpawnProcess(Dask Worker process (from Nanny), started daemon)>
[2021-10-22 18:00:51,970] INFO reaping stray process <SpawnProcess(Dask Worker process (from Nanny), started daemon)>
[2021-10-22 18:00:51,970] INFO reaping stray process <SpawnProcess(Dask Worker process (from Nanny), started daemon)>
[2021-10-22 18:00:51,970] INFO reaping stray process <SpawnProcess(Dask Worker process (from Nanny), started daemon)>
[2021-10-22 18:00:51,970] INFO reaping stray process <SpawnProcess(Dask Worker process (from Nanny), started daemon)>
[2021-10-22 18:00:51,970] INFO reaping stray process <SpawnProcess(Dask Worker process (from Nanny), started daemon)>
[2021-10-22 18:00:51,971] INFO reaping stray process <SpawnProcess(Dask Worker process (from Nanny), started daemon)>
[2021-10-22 18:00:51,971] INFO reaping stray process <SpawnProcess(Dask Worker process (from Nanny), started daemon)>
[2021-10-22 18:00:51,971] INFO reaping stray process <SpawnProcess(Dask Worker process (from Nanny), started daemon)>
[2021-10-22 18:00:51,971] INFO reaping stray process <SpawnProcess(Dask Worker process (from Nanny), started daemon)>
[2021-10-22 18:00:51,971] INFO reaping stray process <SpawnProcess(Dask Worker process (from Nanny), started daemon)>
[2021-10-22 18:00:51,971] INFO reaping stray process <SpawnProcess(Dask Worker process (from Nanny), started daemon)>
[2021-10-22 18:00:51,971] INFO reaping stray process <SpawnProcess(Dask Worker process (from Nanny), started daemon)>
[2021-10-22 18:00:51,971] INFO reaping stray process <SpawnProcess(Dask Worker process (from Nanny), started daemon)>
[2021-10-22 18:00:51,971] INFO reaping stray process <SpawnProcess(Dask Worker process (from Nanny), started daemon)>
[2021-10-22 18:00:51,971] INFO reaping stray process <SpawnProcess(Dask Worker process (from Nanny), started daemon)>
Process Dask Worker process (from Nanny):
Traceback (most recent call last):
  File "/groups/scicompsoft/home/ackermand/miniconda3/envs/multiresolution_mesh_creator/lib/python3.7/site-packages/distributed/nanny.py", line 897, in _run
    loop.run_sync(run)
  File "/groups/scicompsoft/home/ackermand/miniconda3/envs/multiresolution_mesh_creator/lib/python3.7/site-packages/tornado/ioloop.py", line 524, in run_sync
    self.start()
  File "/groups/scicompsoft/home/ackermand/miniconda3/envs/multiresolution_mesh_creator/lib/python3.7/site-packages/tornado/platform/asyncio.py", line 199, in start
    self.asyncio_loop.run_forever()
  File "/groups/scicompsoft/home/ackermand/miniconda3/envs/multiresolution_mesh_creator/lib/python3.7/asyncio/base_events.py", line 541, in run_forever
    self._run_once()
  File "/groups/scicompsoft/home/ackermand/miniconda3/envs/multiresolution_mesh_creator/lib/python3.7/asyncio/base_events.py", line 1750, in _run_once
    event_list = self._selector.select(timeout)
  File "/groups/scicompsoft/home/ackermand/miniconda3/envs/multiresolution_mesh_creator/lib/python3.7/selectors.py", line 468, in select
    fd_event_list = self._selector.poll(timeout, max_ev)
KeyboardInterrupt

During handling of the above exception, another exception occurred:

Traceback (most recent call last):
  File "/groups/scicompsoft/home/ackermand/miniconda3/envs/multiresolution_mesh_creator/lib/python3.7/multiprocessing/process.py", line 297, in _bootstrap
    self.run()
  File "/groups/scicompsoft/home/ackermand/miniconda3/envs/multiresolution_mesh_creator/lib/python3.7/multiprocessing/process.py", line 99, in run
    self._target(*self._args, **self._kwargs)
  File "/groups/scicompsoft/home/ackermand/miniconda3/envs/multiresolution_mesh_creator/lib/python3.7/site-packages/distributed/process.py", line 191, in _run
    target(*args, **kwargs)
  File "/groups/scicompsoft/home/ackermand/miniconda3/envs/multiresolution_mesh_creator/lib/python3.7/site-packages/distributed/nanny.py", line 904, in _run
    loop.run_sync(do_stop)
  File "/groups/scicompsoft/home/ackermand/miniconda3/envs/multiresolution_mesh_creator/lib/python3.7/site-packages/tornado/ioloop.py", line 524, in run_sync
    self.start()
  File "/groups/scicompsoft/home/ackermand/miniconda3/envs/multiresolution_mesh_creator/lib/python3.7/site-packages/tornado/platform/asyncio.py", line 192, in start
    try:
KeyboardInterrupt
Process Dask Worker process (from Nanny):
Traceback (most recent call last):
  File "/groups/scicompsoft/home/ackermand/miniconda3/envs/multiresolution_mesh_creator/lib/python3.7/site-packages/distributed/nanny.py", line 897, in _run
    loop.run_sync(run)
  File "/groups/scicompsoft/home/ackermand/miniconda3/envs/multiresolution_mesh_creator/lib/python3.7/site-packages/tornado/ioloop.py", line 524, in run_sync
    self.start()
  File "/groups/scicompsoft/home/ackermand/miniconda3/envs/multiresolution_mesh_creator/lib/python3.7/site-packages/tornado/platform/asyncio.py", line 199, in start
    self.asyncio_loop.run_forever()
  File "/groups/scicompsoft/home/ackermand/miniconda3/envs/multiresolution_mesh_creator/lib/python3.7/asyncio/base_events.py", line 541, in run_forever
    self._run_once()
  File "/groups/scicompsoft/home/ackermand/miniconda3/envs/multiresolution_mesh_creator/lib/python3.7/asyncio/base_events.py", line 1750, in _run_once
    event_list = self._selector.select(timeout)
  File "/groups/scicompsoft/home/ackermand/miniconda3/envs/multiresolution_mesh_creator/lib/python3.7/selectors.py", line 468, in select
    fd_event_list = self._selector.poll(timeout, max_ev)
KeyboardInterrupt

During handling of the above exception, another exception occurred:

Traceback (most recent call last):
  File "/groups/scicompsoft/home/ackermand/miniconda3/envs/multiresolution_mesh_creator/lib/python3.7/multiprocessing/process.py", line 297, in _bootstrap
    self.run()
  File "/groups/scicompsoft/home/ackermand/miniconda3/envs/multiresolution_mesh_creator/lib/python3.7/multiprocessing/process.py", line 99, in run
    self._target(*self._args, **self._kwargs)
  File "/groups/scicompsoft/home/ackermand/miniconda3/envs/multiresolution_mesh_creator/lib/python3.7/site-packages/distributed/process.py", line 191, in _run
    target(*args, **kwargs)
  File "/groups/scicompsoft/home/ackermand/miniconda3/envs/multiresolution_mesh_creator/lib/python3.7/site-packages/distributed/nanny.py", line 904, in _run
    loop.run_sync(do_stop)
  File "/groups/scicompsoft/home/ackermand/miniconda3/envs/multiresolution_mesh_creator/lib/python3.7/site-packages/tornado/ioloop.py", line 524, in run_sync
    self.start()
  File "/groups/scicompsoft/home/ackermand/miniconda3/envs/multiresolution_mesh_creator/lib/python3.7/site-packages/tornado/platform/asyncio.py", line 197, in start
    self._setup_logging()
  File "/groups/scicompsoft/home/ackermand/miniconda3/envs/multiresolution_mesh_creator/lib/python3.7/site-packages/tornado/ioloop.py", line 439, in _setup_logging
    logging.getLogger("tornado").handlers,
  File "/groups/scicompsoft/home/ackermand/miniconda3/envs/multiresolution_mesh_creator/lib/python3.7/logging/__init__.py", line 1935, in getLogger
    return Logger.manager.getLogger(name)
KeyboardInterrupt
Process Dask Worker process (from Nanny):
Traceback (most recent call last):
  File "/groups/scicompsoft/home/ackermand/miniconda3/envs/multiresolution_mesh_creator/lib/python3.7/site-packages/distributed/nanny.py", line 897, in _run
    loop.run_sync(run)
  File "/groups/scicompsoft/home/ackermand/miniconda3/envs/multiresolution_mesh_creator/lib/python3.7/site-packages/tornado/ioloop.py", line 524, in run_sync
    self.start()
  File "/groups/scicompsoft/home/ackermand/miniconda3/envs/multiresolution_mesh_creator/lib/python3.7/site-packages/tornado/platform/asyncio.py", line 199, in start
    self.asyncio_loop.run_forever()
  File "/groups/scicompsoft/home/ackermand/miniconda3/envs/multiresolution_mesh_creator/lib/python3.7/asyncio/base_events.py", line 541, in run_forever
    self._run_once()
  File "/groups/scicompsoft/home/ackermand/miniconda3/envs/multiresolution_mesh_creator/lib/python3.7/asyncio/base_events.py", line 1750, in _run_once
    event_list = self._selector.select(timeout)
  File "/groups/scicompsoft/home/ackermand/miniconda3/envs/multiresolution_mesh_creator/lib/python3.7/selectors.py", line 468, in select
    fd_event_list = self._selector.poll(timeout, max_ev)
KeyboardInterrupt

During handling of the above exception, another exception occurred:

Traceback (most recent call last):
  File "/groups/scicompsoft/home/ackermand/miniconda3/envs/multiresolution_mesh_creator/lib/python3.7/multiprocessing/process.py", line 297, in _bootstrap
    self.run()
  File "/groups/scicompsoft/home/ackermand/miniconda3/envs/multiresolution_mesh_creator/lib/python3.7/multiprocessing/process.py", line 99, in run
    self._target(*self._args, **self._kwargs)
  File "/groups/scicompsoft/home/ackermand/miniconda3/envs/multiresolution_mesh_creator/lib/python3.7/site-packages/distributed/process.py", line 191, in _run
    target(*args, **kwargs)
  File "/groups/scicompsoft/home/ackermand/miniconda3/envs/multiresolution_mesh_creator/lib/python3.7/site-packages/distributed/nanny.py", line 904, in _run
    loop.run_sync(do_stop)
  File "/groups/scicompsoft/home/ackermand/miniconda3/envs/multiresolution_mesh_creator/lib/python3.7/site-packages/tornado/ioloop.py", line 524, in run_sync
    self.start()
  File "/groups/scicompsoft/home/ackermand/miniconda3/envs/multiresolution_mesh_creator/lib/python3.7/site-packages/tornado/platform/asyncio.py", line 197, in start
    self._setup_logging()
KeyboardInterrupt
[2021-10-22 18:00:51,971] INFO reaping stray process <SpawnProcess(Dask Worker process (from Nanny), started daemon)>
[2021-10-22 18:00:51,971] INFO reaping stray process <SpawnProcess(Dask Worker process (from Nanny), started daemon)>
[2021-10-22 18:00:51,972] INFO reaping stray process <SpawnProcess(Dask Worker process (from Nanny), started daemon)>
[2021-10-22 18:00:51,972] INFO reaping stray process <SpawnProcess(Dask Worker process (from Nanny), started daemon)>
[2021-10-22 18:00:51,972] INFO reaping stray process <SpawnProcess(Dask Worker process (from Nanny), started daemon)>
[2021-10-22 18:00:51,972] INFO reaping stray process <SpawnProcess(Dask Worker process (from Nanny), started daemon)>
[2021-10-22 18:00:51,972] INFO reaping stray process <SpawnProcess(Dask Worker process (from Nanny), started daemon)>
[2021-10-22 18:00:51,972] INFO reaping stray process <SpawnProcess(Dask Worker process (from Nanny), started daemon)>
[2021-10-22 18:00:51,972] INFO reaping stray process <SpawnProcess(Dask Worker process (from Nanny), started daemon)>
[2021-10-22 18:00:51,972] INFO reaping stray process <SpawnProcess(Dask Worker process (from Nanny), started daemon)>
[2021-10-22 18:00:51,972] INFO reaping stray process <SpawnProcess(Dask Worker process (from Nanny), started daemon)>
[2021-10-22 18:00:51,972] INFO reaping stray process <SpawnProcess(Dask Worker process (from Nanny), started daemon)>
[2021-10-22 18:00:51,972] INFO reaping stray process <SpawnProcess(Dask Worker process (from Nanny), started daemon)>
[2021-10-22 18:00:51,972] INFO reaping stray process <SpawnProcess(Dask Worker process (from Nanny), started daemon)>
[2021-10-22 18:00:51,972] INFO reaping stray process <SpawnProcess(Dask Worker process (from Nanny), started daemon)>
[2021-10-22 18:00:51,972] INFO reaping stray process <SpawnProcess(Dask Worker process (from Nanny), started daemon)>
[2021-10-22 18:00:51,972] INFO reaping stray process <SpawnProcess(Dask Worker process (from Nanny), started daemon)>
[2021-10-22 18:00:51,973] INFO reaping stray process <SpawnProcess(Dask Worker process (from Nanny), started daemon)>
[2021-10-22 18:00:51,973] INFO reaping stray process <SpawnProcess(Dask Worker process (from Nanny), started daemon)>
[2021-10-22 18:00:51,973] INFO reaping stray process <SpawnProcess(Dask Worker process (from Nanny), started daemon)>
[2021-10-22 18:00:51,973] ERROR Failed to remove '/groups/scicompsoft/home/ackermand/Programming/multiresolution-mesh-creator/dask-worker-space/worker-ke93k4dz' (failed in <built-in function lstat>): [Errno 2] No such file or directory: '/groups/scicompsoft/home/ackermand/Programming/multiresolution-mesh-creator/dask-worker-space/worker-ke93k4dz'
[2021-10-22 18:00:51,973] INFO reaping stray process <SpawnProcess(Dask Worker process (from Nanny), started daemon)>
[2021-10-22 18:00:51,973] INFO reaping stray process <SpawnProcess(Dask Worker process (from Nanny), started daemon)>
Exception in thread AsyncProcess Dask Worker process (from Nanny) watch process join:
Traceback (most recent call last):
  File "/groups/scicompsoft/home/ackermand/miniconda3/envs/multiresolution_mesh_creator/lib/python3.7/threading.py", line 926, in _bootstrap_inner
    self.run()
  File "/groups/scicompsoft/home/ackermand/miniconda3/envs/multiresolution_mesh_creator/lib/python3.7/threading.py", line 870, in run
    self._target(*self._args, **self._kwargs)
  File "/groups/scicompsoft/home/ackermand/miniconda3/envs/multiresolution_mesh_creator/lib/python3.7/site-packages/distributed/process.py", line 234, in _watch_process
    assert exitcode is not None
AssertionError

Exception in thread AsyncProcess Dask Worker process (from Nanny) watch process join:
Traceback (most recent call last):
  File "/groups/scicompsoft/home/ackermand/miniconda3/envs/multiresolution_mesh_creator/lib/python3.7/threading.py", line 926, in _bootstrap_inner
    self.run()
  File "/groups/scicompsoft/home/ackermand/miniconda3/envs/multiresolution_mesh_creator/lib/python3.7/threading.py", line 870, in run
    self._target(*self._args, **self._kwargs)
  File "/groups/scicompsoft/home/ackermand/miniconda3/envs/multiresolution_mesh_creator/lib/python3.7/site-packages/distributed/process.py", line 234, in _watch_process
    assert exitcode is not None
AssertionError

Exception in thread AsyncProcess Dask Worker process (from Nanny) watch process join:
Traceback (most recent call last):
  File "/groups/scicompsoft/home/ackermand/miniconda3/envs/multiresolution_mesh_creator/lib/python3.7/threading.py", line 926, in _bootstrap_inner
    self.run()
  File "/groups/scicompsoft/home/ackermand/miniconda3/envs/multiresolution_mesh_creator/lib/python3.7/threading.py", line 870, in run
    self._target(*self._args, **self._kwargs)
  File "/groups/scicompsoft/home/ackermand/miniconda3/envs/multiresolution_mesh_creator/lib/python3.7/site-packages/distributed/process.py", line 234, in _watch_process
    assert exitcode is not None
AssertionError

Exception in thread AsyncProcess Dask Worker process (from Nanny) watch process join:
Traceback (most recent call last):
  File "/groups/scicompsoft/home/ackermand/miniconda3/envs/multiresolution_mesh_creator/lib/python3.7/threading.py", line 926, in _bootstrap_inner
    self.run()
  File "/groups/scicompsoft/home/ackermand/miniconda3/envs/multiresolution_mesh_creator/lib/python3.7/threading.py", line 870, in run
    self._target(*self._args, **self._kwargs)
  File "/groups/scicompsoft/home/ackermand/miniconda3/envs/multiresolution_mesh_creator/lib/python3.7/site-packages/distributed/process.py", line 234, in _watch_process
    assert exitcode is not None
AssertionError

