[2021-10-22 18:23:28,764] INFO         Start Nanny at: 'tcp://10.36.60.39:20017'
[2021-10-22 18:23:28,778] INFO         Start Nanny at: 'tcp://10.36.60.39:19429'
[2021-10-22 18:23:28,785] INFO         Start Nanny at: 'tcp://10.36.60.39:36719'
[2021-10-22 18:23:28,786] INFO         Start Nanny at: 'tcp://10.36.60.39:16877'
[2021-10-22 18:23:28,787] INFO         Start Nanny at: 'tcp://10.36.60.39:37849'
[2021-10-22 18:23:28,787] INFO         Start Nanny at: 'tcp://10.36.60.39:21839'
[2021-10-22 18:23:28,790] INFO         Start Nanny at: 'tcp://10.36.60.39:27037'
[2021-10-22 18:23:28,791] INFO         Start Nanny at: 'tcp://10.36.60.39:28007'
[2021-10-22 18:23:28,818] INFO         Start Nanny at: 'tcp://10.36.60.39:31891'
[2021-10-22 18:23:28,820] INFO         Start Nanny at: 'tcp://10.36.60.39:20801'
[2021-10-22 18:23:28,821] INFO         Start Nanny at: 'tcp://10.36.60.39:24305'
[2021-10-22 18:23:28,828] INFO         Start Nanny at: 'tcp://10.36.60.39:29275'
[2021-10-22 18:23:28,829] INFO         Start Nanny at: 'tcp://10.36.60.39:33349'
[2021-10-22 18:23:28,860] INFO         Start Nanny at: 'tcp://10.36.60.39:20077'
[2021-10-22 18:23:28,868] INFO         Start Nanny at: 'tcp://10.36.60.39:32129'
[2021-10-22 18:23:28,869] INFO         Start Nanny at: 'tcp://10.36.60.39:22689'
[2021-10-22 18:23:28,869] INFO         Start Nanny at: 'tcp://10.36.60.39:34993'
[2021-10-22 18:23:28,869] INFO         Start Nanny at: 'tcp://10.36.60.39:20823'
[2021-10-22 18:23:28,869] INFO         Start Nanny at: 'tcp://10.36.60.39:24705'
[2021-10-22 18:23:28,870] INFO         Start Nanny at: 'tcp://10.36.60.39:21135'
[2021-10-22 18:23:28,870] INFO         Start Nanny at: 'tcp://10.36.60.39:38777'
[2021-10-22 18:23:28,914] INFO         Start Nanny at: 'tcp://10.36.60.39:18477'
[2021-10-22 18:23:28,914] INFO         Start Nanny at: 'tcp://10.36.60.39:39949'
[2021-10-22 18:23:28,914] INFO         Start Nanny at: 'tcp://10.36.60.39:24429'
[2021-10-22 18:23:28,915] INFO         Start Nanny at: 'tcp://10.36.60.39:16539'
[2021-10-22 18:23:28,915] INFO         Start Nanny at: 'tcp://10.36.60.39:20641'
[2021-10-22 18:23:28,916] INFO         Start Nanny at: 'tcp://10.36.60.39:20479'
[2021-10-22 18:23:28,920] INFO         Start Nanny at: 'tcp://10.36.60.39:17855'
[2021-10-22 18:23:28,921] INFO         Start Nanny at: 'tcp://10.36.60.39:36065'
[2021-10-22 18:23:28,921] INFO         Start Nanny at: 'tcp://10.36.60.39:35085'
[2021-10-22 18:23:28,921] INFO         Start Nanny at: 'tcp://10.36.60.39:25165'
[2021-10-22 18:23:28,921] INFO         Start Nanny at: 'tcp://10.36.60.39:20931'
[2021-10-22 18:23:28,921] INFO         Start Nanny at: 'tcp://10.36.60.39:38657'
[2021-10-22 18:23:28,922] INFO         Start Nanny at: 'tcp://10.36.60.39:37235'
[2021-10-22 18:23:28,923] INFO         Start Nanny at: 'tcp://10.36.60.39:33375'
[2021-10-22 18:23:28,923] INFO         Start Nanny at: 'tcp://10.36.60.39:18619'
[2021-10-22 18:23:28,924] INFO         Start Nanny at: 'tcp://10.36.60.39:30465'
[2021-10-22 18:23:28,924] INFO         Start Nanny at: 'tcp://10.36.60.39:24125'
[2021-10-22 18:23:28,924] INFO         Start Nanny at: 'tcp://10.36.60.39:21999'
[2021-10-22 18:23:29,059] INFO         Start Nanny at: 'tcp://10.36.60.39:34099'
[2021-10-22 18:23:30,964] INFO Found stale lock file and directory '/groups/scicompsoft/home/ackermand/Programming/multiresolution-mesh-creator/dask-worker-space/worker-cnxj8byd', purging
[2021-10-22 18:23:30,977] INFO Found stale lock file and directory '/groups/scicompsoft/home/ackermand/Programming/multiresolution-mesh-creator/dask-worker-space/worker-c0gomylx', purging
[2021-10-22 18:23:30,988] INFO Found stale lock file and directory '/groups/scicompsoft/home/ackermand/Programming/multiresolution-mesh-creator/dask-worker-space/worker-f2n0rhvm', purging
[2021-10-22 18:23:30,999] INFO Found stale lock file and directory '/groups/scicompsoft/home/ackermand/Programming/multiresolution-mesh-creator/dask-worker-space/worker-ceusf2mm', purging
[2021-10-22 18:23:31,016] INFO Found stale lock file and directory '/groups/scicompsoft/home/ackermand/Programming/multiresolution-mesh-creator/dask-worker-space/worker-6w3v6n81', purging
[2021-10-22 18:23:31,030] INFO Found stale lock file and directory '/groups/scicompsoft/home/ackermand/Programming/multiresolution-mesh-creator/dask-worker-space/worker-njvdqjsl', purging
[2021-10-22 18:23:31,043] INFO Found stale lock file and directory '/groups/scicompsoft/home/ackermand/Programming/multiresolution-mesh-creator/dask-worker-space/worker-tfz01mvs', purging
[2021-10-22 18:23:31,056] INFO Found stale lock file and directory '/groups/scicompsoft/home/ackermand/Programming/multiresolution-mesh-creator/dask-worker-space/worker-1hjkveiw', purging
[2021-10-22 18:23:31,072] INFO Found stale lock file and directory '/groups/scicompsoft/home/ackermand/Programming/multiresolution-mesh-creator/dask-worker-space/worker-h7eg1x1s', purging
[2021-10-22 18:23:31,091] INFO Found stale lock file and directory '/groups/scicompsoft/home/ackermand/Programming/multiresolution-mesh-creator/dask-worker-space/worker-4x972p54', purging
[2021-10-22 18:23:31,103] INFO Found stale lock file and directory '/groups/scicompsoft/home/ackermand/Programming/multiresolution-mesh-creator/dask-worker-space/worker-pzwfenem', purging
[2021-10-22 18:23:31,119] INFO Found stale lock file and directory '/groups/scicompsoft/home/ackermand/Programming/multiresolution-mesh-creator/dask-worker-space/worker-ww18676h', purging
[2021-10-22 18:23:31,133] INFO Found stale lock file and directory '/groups/scicompsoft/home/ackermand/Programming/multiresolution-mesh-creator/dask-worker-space/worker-44x4pnd_', purging
[2021-10-22 18:23:31,151] INFO Found stale lock file and directory '/groups/scicompsoft/home/ackermand/Programming/multiresolution-mesh-creator/dask-worker-space/worker-8qaeonp4', purging
[2021-10-22 18:23:31,163] INFO Found stale lock file and directory '/groups/scicompsoft/home/ackermand/Programming/multiresolution-mesh-creator/dask-worker-space/worker-tqo59u6h', purging
[2021-10-22 18:23:31,173] INFO Found stale lock file and directory '/groups/scicompsoft/home/ackermand/Programming/multiresolution-mesh-creator/dask-worker-space/worker-4t12ig8v', purging
[2021-10-22 18:23:31,184] INFO Found stale lock file and directory '/groups/scicompsoft/home/ackermand/Programming/multiresolution-mesh-creator/dask-worker-space/worker-zv43pv7a', purging
[2021-10-22 18:23:31,197] INFO Found stale lock file and directory '/groups/scicompsoft/home/ackermand/Programming/multiresolution-mesh-creator/dask-worker-space/worker-qx6dy8t7', purging
[2021-10-22 18:23:31,206] INFO Found stale lock file and directory '/groups/scicompsoft/home/ackermand/Programming/multiresolution-mesh-creator/dask-worker-space/worker-lxmkzlyn', purging
[2021-10-22 18:23:31,219] INFO Found stale lock file and directory '/groups/scicompsoft/home/ackermand/Programming/multiresolution-mesh-creator/dask-worker-space/worker-wyd2ox2b', purging
[2021-10-22 18:23:31,229] INFO Found stale lock file and directory '/groups/scicompsoft/home/ackermand/Programming/multiresolution-mesh-creator/dask-worker-space/worker-ghz4rdwk', purging
[2021-10-22 18:23:31,235] INFO Found stale lock file and directory '/groups/scicompsoft/home/ackermand/Programming/multiresolution-mesh-creator/dask-worker-space/worker-i967lgts', purging
[2021-10-22 18:23:31,242] INFO Found stale lock file and directory '/groups/scicompsoft/home/ackermand/Programming/multiresolution-mesh-creator/dask-worker-space/worker-ek0yfjre', purging
[2021-10-22 18:23:31,257] INFO Found stale lock file and directory '/groups/scicompsoft/home/ackermand/Programming/multiresolution-mesh-creator/dask-worker-space/worker-xjqv4tw6', purging
[2021-10-22 18:23:31,272] INFO Found stale lock file and directory '/groups/scicompsoft/home/ackermand/Programming/multiresolution-mesh-creator/dask-worker-space/worker-5v7s7hrq', purging
[2021-10-22 18:23:31,287] INFO Found stale lock file and directory '/groups/scicompsoft/home/ackermand/Programming/multiresolution-mesh-creator/dask-worker-space/worker-hkwd74qv', purging
[2021-10-22 18:23:31,296] INFO Found stale lock file and directory '/groups/scicompsoft/home/ackermand/Programming/multiresolution-mesh-creator/dask-worker-space/worker-71aonxb5', purging
[2021-10-22 18:23:31,311] INFO Found stale lock file and directory '/groups/scicompsoft/home/ackermand/Programming/multiresolution-mesh-creator/dask-worker-space/worker-o4itvmhk', purging
[2021-10-22 18:23:31,322] INFO Found stale lock file and directory '/groups/scicompsoft/home/ackermand/Programming/multiresolution-mesh-creator/dask-worker-space/worker-3wc7ao3d', purging
[2021-10-22 18:23:31,339] INFO Found stale lock file and directory '/groups/scicompsoft/home/ackermand/Programming/multiresolution-mesh-creator/dask-worker-space/worker-2i2ry14n', purging
[2021-10-22 18:23:31,355] INFO Found stale lock file and directory '/groups/scicompsoft/home/ackermand/Programming/multiresolution-mesh-creator/dask-worker-space/worker-tumavg9m', purging
[2021-10-22 18:23:31,377] INFO Found stale lock file and directory '/groups/scicompsoft/home/ackermand/Programming/multiresolution-mesh-creator/dask-worker-space/worker-fbv6ok_s', purging
[2021-10-22 18:23:31,392] INFO Found stale lock file and directory '/groups/scicompsoft/home/ackermand/Programming/multiresolution-mesh-creator/dask-worker-space/worker-13twmt0b', purging
[2021-10-22 18:23:31,415] INFO Found stale lock file and directory '/groups/scicompsoft/home/ackermand/Programming/multiresolution-mesh-creator/dask-worker-space/worker-imuiuf9u', purging
[2021-10-22 18:23:31,444] INFO Found stale lock file and directory '/groups/scicompsoft/home/ackermand/Programming/multiresolution-mesh-creator/dask-worker-space/worker-iibhuafo', purging
[2021-10-22 18:23:31,458] INFO Found stale lock file and directory '/groups/scicompsoft/home/ackermand/Programming/multiresolution-mesh-creator/dask-worker-space/worker-ah4mre_t', purging
[2021-10-22 18:23:31,478] INFO Found stale lock file and directory '/groups/scicompsoft/home/ackermand/Programming/multiresolution-mesh-creator/dask-worker-space/worker-5ruupni3', purging
[2021-10-22 18:23:31,490] INFO Found stale lock file and directory '/groups/scicompsoft/home/ackermand/Programming/multiresolution-mesh-creator/dask-worker-space/worker-wlw26pq4', purging
[2021-10-22 18:23:31,503] INFO Found stale lock file and directory '/groups/scicompsoft/home/ackermand/Programming/multiresolution-mesh-creator/dask-worker-space/worker-ef9adqwa', purging
[2021-10-22 18:23:31,516] INFO Found stale lock file and directory '/groups/scicompsoft/home/ackermand/Programming/multiresolution-mesh-creator/dask-worker-space/worker-k14k0svw', purging
[2021-10-22 18:23:32,450] INFO       Start worker at:    tcp://10.36.60.39:37311
[2021-10-22 18:23:32,451] INFO       Start worker at:    tcp://10.36.60.39:31139
[2021-10-22 18:23:32,450] INFO       Start worker at:    tcp://10.36.60.39:17795
[2021-10-22 18:23:32,451] INFO       Start worker at:    tcp://10.36.60.39:31237
[2021-10-22 18:23:32,451] INFO       Start worker at:    tcp://10.36.60.39:16903
[2021-10-22 18:23:32,450] INFO       Start worker at:    tcp://10.36.60.39:18559
[2021-10-22 18:23:32,451] INFO       Start worker at:    tcp://10.36.60.39:36903
[2021-10-22 18:23:32,451] INFO       Start worker at:    tcp://10.36.60.39:15915
[2021-10-22 18:23:32,451] INFO          Listening to:    tcp://10.36.60.39:31139
[2021-10-22 18:23:32,451] INFO       Start worker at:    tcp://10.36.60.39:16881
[2021-10-22 18:23:32,451] INFO       Start worker at:    tcp://10.36.60.39:16185
[2021-10-22 18:23:32,451] INFO          Listening to:    tcp://10.36.60.39:37311
[2021-10-22 18:23:32,451] INFO       Start worker at:    tcp://10.36.60.39:31099
[2021-10-22 18:23:32,451] INFO       Start worker at:    tcp://10.36.60.39:35997
[2021-10-22 18:23:32,451] INFO       Start worker at:    tcp://10.36.60.39:39397
[2021-10-22 18:23:32,451] INFO          Listening to:    tcp://10.36.60.39:31237
[2021-10-22 18:23:32,451] INFO       Start worker at:    tcp://10.36.60.39:17299
[2021-10-22 18:23:32,451] INFO          Listening to:    tcp://10.36.60.39:17795
[2021-10-22 18:23:32,451] INFO          Listening to:    tcp://10.36.60.39:16903
[2021-10-22 18:23:32,451] INFO       Start worker at:    tcp://10.36.60.39:15285
[2021-10-22 18:23:32,451] INFO       Start worker at:    tcp://10.36.60.39:27581
[2021-10-22 18:23:32,451] INFO          Listening to:    tcp://10.36.60.39:36903
[2021-10-22 18:23:32,451] INFO          dashboard at:          10.36.60.39:32577
[2021-10-22 18:23:32,451] INFO       Start worker at:    tcp://10.36.60.39:33209
[2021-10-22 18:23:32,451] INFO       Start worker at:    tcp://10.36.60.39:37565
[2021-10-22 18:23:32,451] INFO          Listening to:    tcp://10.36.60.39:15915
[2021-10-22 18:23:32,451] INFO          Listening to:    tcp://10.36.60.39:16881
[2021-10-22 18:23:32,451] INFO       Start worker at:    tcp://10.36.60.39:36007
[2021-10-22 18:23:32,451] INFO          dashboard at:          10.36.60.39:30641
[2021-10-22 18:23:32,451] INFO          Listening to:    tcp://10.36.60.39:16185
[2021-10-22 18:23:32,451] INFO          Listening to:    tcp://10.36.60.39:31099
[2021-10-22 18:23:32,451] INFO       Start worker at:    tcp://10.36.60.39:25793
[2021-10-22 18:23:32,451] INFO          dashboard at:          10.36.60.39:34061
[2021-10-22 18:23:32,451] INFO          Listening to:    tcp://10.36.60.39:39397
[2021-10-22 18:23:32,451] INFO          Listening to:    tcp://10.36.60.39:35997
[2021-10-22 18:23:32,451] INFO          dashboard at:          10.36.60.39:16827
[2021-10-22 18:23:32,451] INFO          Listening to:    tcp://10.36.60.39:17299
[2021-10-22 18:23:32,451] INFO          dashboard at:          10.36.60.39:30853
[2021-10-22 18:23:32,451] INFO Waiting to connect to:   tcp://10.36.107.34:32071
[2021-10-22 18:23:32,451] INFO          dashboard at:          10.36.60.39:29967
[2021-10-22 18:23:32,451] INFO          Listening to:    tcp://10.36.60.39:27581
[2021-10-22 18:23:32,451] INFO          Listening to:    tcp://10.36.60.39:15285
[2021-10-22 18:23:32,451] INFO Waiting to connect to:   tcp://10.36.107.34:32071
[2021-10-22 18:23:32,451] INFO          dashboard at:          10.36.60.39:24465
[2021-10-22 18:23:32,451] INFO          Listening to:    tcp://10.36.60.39:33209
[2021-10-22 18:23:32,451] INFO          dashboard at:          10.36.60.39:15249
[2021-10-22 18:23:32,451] INFO          dashboard at:          10.36.60.39:21947
[2021-10-22 18:23:32,451] INFO          Listening to:    tcp://10.36.60.39:37565
[2021-10-22 18:23:32,451] INFO          Listening to:    tcp://10.36.60.39:36007
[2021-10-22 18:23:32,451] INFO          dashboard at:          10.36.60.39:34711
[2021-10-22 18:23:32,451] INFO Waiting to connect to:   tcp://10.36.107.34:32071
[2021-10-22 18:23:32,451] INFO -------------------------------------------------
[2021-10-22 18:23:32,451] INFO          Listening to:    tcp://10.36.60.39:25793
[2021-10-22 18:23:32,451] INFO Waiting to connect to:   tcp://10.36.107.34:32071
[2021-10-22 18:23:32,451] INFO          dashboard at:          10.36.60.39:24869
[2021-10-22 18:23:32,451] INFO Waiting to connect to:   tcp://10.36.107.34:32071
[2021-10-22 18:23:32,451] INFO -------------------------------------------------
[2021-10-22 18:23:32,451] INFO          dashboard at:          10.36.60.39:18191
[2021-10-22 18:23:32,451] INFO Waiting to connect to:   tcp://10.36.107.34:32071
[2021-10-22 18:23:32,451] INFO Waiting to connect to:   tcp://10.36.107.34:32071
[2021-10-22 18:23:32,451] INFO Waiting to connect to:   tcp://10.36.107.34:32071
[2021-10-22 18:23:32,451] INFO          dashboard at:          10.36.60.39:30241
[2021-10-22 18:23:32,451] INFO          dashboard at:          10.36.60.39:26371
[2021-10-22 18:23:32,451] INFO          dashboard at:          10.36.60.39:34447
[2021-10-22 18:23:32,451] INFO -------------------------------------------------
[2021-10-22 18:23:32,451] INFO Waiting to connect to:   tcp://10.36.107.34:32071
[2021-10-22 18:23:32,451] INFO          dashboard at:          10.36.60.39:31185
[2021-10-22 18:23:32,451] INFO Waiting to connect to:   tcp://10.36.107.34:32071
[2021-10-22 18:23:32,451] INFO          dashboard at:          10.36.60.39:19593
[2021-10-22 18:23:32,451] INFO -------------------------------------------------
[2021-10-22 18:23:32,451] INFO          dashboard at:          10.36.60.39:39263
[2021-10-22 18:23:32,451] INFO -------------------------------------------------
[2021-10-22 18:23:32,451] INFO -------------------------------------------------
[2021-10-22 18:23:32,451] INFO          Listening to:    tcp://10.36.60.39:18559
[2021-10-22 18:23:32,451] INFO Waiting to connect to:   tcp://10.36.107.34:32071
[2021-10-22 18:23:32,451] INFO -------------------------------------------------
[2021-10-22 18:23:32,451] INFO          dashboard at:          10.36.60.39:23379
[2021-10-22 18:23:32,451] INFO -------------------------------------------------
[2021-10-22 18:23:32,451] INFO Waiting to connect to:   tcp://10.36.107.34:32071
[2021-10-22 18:23:32,451] INFO Waiting to connect to:   tcp://10.36.107.34:32071
[2021-10-22 18:23:32,451] INFO Waiting to connect to:   tcp://10.36.107.34:32071
[2021-10-22 18:23:32,451] INFO -------------------------------------------------
[2021-10-22 18:23:32,451] INFO Waiting to connect to:   tcp://10.36.107.34:32071
[2021-10-22 18:23:32,451] INFO Waiting to connect to:   tcp://10.36.107.34:32071
[2021-10-22 18:23:32,451] INFO -------------------------------------------------
[2021-10-22 18:23:32,451] INFO Waiting to connect to:   tcp://10.36.107.34:32071
[2021-10-22 18:23:32,451] INFO Waiting to connect to:   tcp://10.36.107.34:32071
[2021-10-22 18:23:32,451] INFO       Start worker at:    tcp://10.36.60.39:25651
[2021-10-22 18:23:32,451] INFO -------------------------------------------------
[2021-10-22 18:23:32,451] INFO -------------------------------------------------
[2021-10-22 18:23:32,451] INFO               Threads:                          1
[2021-10-22 18:23:32,451] INFO Waiting to connect to:   tcp://10.36.107.34:32071
[2021-10-22 18:23:32,451] INFO -------------------------------------------------
[2021-10-22 18:23:32,451] INFO          dashboard at:          10.36.60.39:20865
[2021-10-22 18:23:32,451] INFO -------------------------------------------------
[2021-10-22 18:23:32,451] INFO -------------------------------------------------
[2021-10-22 18:23:32,451] INFO -------------------------------------------------
[2021-10-22 18:23:32,451] INFO -------------------------------------------------
[2021-10-22 18:23:32,451] INFO               Threads:                          1
[2021-10-22 18:23:32,451] INFO               Threads:                          1
[2021-10-22 18:23:32,451] INFO -------------------------------------------------
[2021-10-22 18:23:32,451] INFO               Threads:                          1
[2021-10-22 18:23:32,451] INFO -------------------------------------------------
[2021-10-22 18:23:32,451] INFO               Threads:                          1
[2021-10-22 18:23:32,451] INFO                Memory:                  16.76 GiB
[2021-10-22 18:23:32,451] INFO          Listening to:    tcp://10.36.60.39:25651
[2021-10-22 18:23:32,451] INFO               Threads:                          1
[2021-10-22 18:23:32,451] INFO Waiting to connect to:   tcp://10.36.107.34:32071
[2021-10-22 18:23:32,451] INFO               Threads:                          1
[2021-10-22 18:23:32,451] INFO                Memory:                  16.76 GiB
[2021-10-22 18:23:32,451] INFO                Memory:                  16.76 GiB
[2021-10-22 18:23:32,451] INFO                Memory:                  16.76 GiB
[2021-10-22 18:23:32,451] INFO               Threads:                          1
[2021-10-22 18:23:32,451] INFO       Local Directory: /groups/scicompsoft/home/ackermand/Programming/multiresolution-mesh-creator/dask-worker-space/worker-q6ymbn_h
[2021-10-22 18:23:32,451] INFO               Threads:                          1
[2021-10-22 18:23:32,451] INFO -------------------------------------------------
[2021-10-22 18:23:32,451] INFO               Threads:                          1
[2021-10-22 18:23:32,451] INFO                Memory:                  16.76 GiB
[2021-10-22 18:23:32,451] INFO               Threads:                          1
[2021-10-22 18:23:32,451] INFO          dashboard at:          10.36.60.39:37077
[2021-10-22 18:23:32,451] INFO       Local Directory: /groups/scicompsoft/home/ackermand/Programming/multiresolution-mesh-creator/dask-worker-space/worker-eogca9pf
[2021-10-22 18:23:32,451] INFO                Memory:                  16.76 GiB
[2021-10-22 18:23:32,451] INFO               Threads:                          1
[2021-10-22 18:23:32,451] INFO               Threads:                          1
[2021-10-22 18:23:32,451] INFO               Threads:                          1
[2021-10-22 18:23:32,451] INFO               Threads:                          1
[2021-10-22 18:23:32,451] INFO               Threads:                          1
[2021-10-22 18:23:32,451] INFO       Local Directory: /groups/scicompsoft/home/ackermand/Programming/multiresolution-mesh-creator/dask-worker-space/worker-bkv1w47r
[2021-10-22 18:23:32,451] INFO       Local Directory: /groups/scicompsoft/home/ackermand/Programming/multiresolution-mesh-creator/dask-worker-space/worker-xj6h_l8a
[2021-10-22 18:23:32,451] INFO       Local Directory: /groups/scicompsoft/home/ackermand/Programming/multiresolution-mesh-creator/dask-worker-space/worker-x0kux7w1
[2021-10-22 18:23:32,451] INFO                Memory:                  16.76 GiB
[2021-10-22 18:23:32,451] INFO               Threads:                          1
[2021-10-22 18:23:32,451] INFO               Threads:                          1
[2021-10-22 18:23:32,451] INFO               Threads:                          1
[2021-10-22 18:23:32,451] INFO                Memory:                  16.76 GiB
[2021-10-22 18:23:32,451] INFO                Memory:                  16.76 GiB
[2021-10-22 18:23:32,451] INFO       Local Directory: /groups/scicompsoft/home/ackermand/Programming/multiresolution-mesh-creator/dask-worker-space/worker-0nwsry6t
[2021-10-22 18:23:32,451] INFO                Memory:                  16.76 GiB
[2021-10-22 18:23:32,451] INFO Waiting to connect to:   tcp://10.36.107.34:32071
[2021-10-22 18:23:32,451] INFO                Memory:                  16.76 GiB
[2021-10-22 18:23:32,451] INFO                Memory:                  16.76 GiB
[2021-10-22 18:23:32,451] INFO -------------------------------------------------
[2021-10-22 18:23:32,451] INFO                Memory:                  16.76 GiB
[2021-10-22 18:23:32,451] INFO                Memory:                  16.76 GiB
[2021-10-22 18:23:32,451] INFO                Memory:                  16.76 GiB
[2021-10-22 18:23:32,451] INFO       Local Directory: /groups/scicompsoft/home/ackermand/Programming/multiresolution-mesh-creator/dask-worker-space/worker-wmy7p27t
[2021-10-22 18:23:32,451] INFO                Memory:                  16.76 GiB
[2021-10-22 18:23:32,451] INFO       Local Directory: /groups/scicompsoft/home/ackermand/Programming/multiresolution-mesh-creator/dask-worker-space/worker-hh4cpz6j
[2021-10-22 18:23:32,451] INFO                Memory:                  16.76 GiB
[2021-10-22 18:23:32,451] INFO -------------------------------------------------
[2021-10-22 18:23:32,451] INFO -------------------------------------------------
[2021-10-22 18:23:32,451] INFO                Memory:                  16.76 GiB
[2021-10-22 18:23:32,451] INFO       Local Directory: /groups/scicompsoft/home/ackermand/Programming/multiresolution-mesh-creator/dask-worker-space/worker-6p5j_md_
[2021-10-22 18:23:32,451] INFO -------------------------------------------------
[2021-10-22 18:23:32,451] INFO       Local Directory: /groups/scicompsoft/home/ackermand/Programming/multiresolution-mesh-creator/dask-worker-space/worker-tg33rz4_
[2021-10-22 18:23:32,451] INFO       Local Directory: /groups/scicompsoft/home/ackermand/Programming/multiresolution-mesh-creator/dask-worker-space/worker-2a7khv_k
[2021-10-22 18:23:32,451] INFO       Local Directory: /groups/scicompsoft/home/ackermand/Programming/multiresolution-mesh-creator/dask-worker-space/worker-cpc7rttn
[2021-10-22 18:23:32,451] INFO                Memory:                  16.76 GiB
[2021-10-22 18:23:32,451] INFO       Local Directory: /groups/scicompsoft/home/ackermand/Programming/multiresolution-mesh-creator/dask-worker-space/worker-gri8zjcd
[2021-10-22 18:23:32,451] INFO -------------------------------------------------
[2021-10-22 18:23:32,451] INFO       Local Directory: /groups/scicompsoft/home/ackermand/Programming/multiresolution-mesh-creator/dask-worker-space/worker-2o5x4wrn
[2021-10-22 18:23:32,451] INFO -------------------------------------------------
[2021-10-22 18:23:32,451] INFO       Local Directory: /groups/scicompsoft/home/ackermand/Programming/multiresolution-mesh-creator/dask-worker-space/worker-vrwl8dco
[2021-10-22 18:23:32,451] INFO       Local Directory: /groups/scicompsoft/home/ackermand/Programming/multiresolution-mesh-creator/dask-worker-space/worker-_ye5q4z9
[2021-10-22 18:23:32,451] INFO       Local Directory: /groups/scicompsoft/home/ackermand/Programming/multiresolution-mesh-creator/dask-worker-space/worker-gvaifeih
[2021-10-22 18:23:32,451] INFO -------------------------------------------------
[2021-10-22 18:23:32,451] INFO       Local Directory: /groups/scicompsoft/home/ackermand/Programming/multiresolution-mesh-creator/dask-worker-space/worker-c9zwb0pj
[2021-10-22 18:23:32,451] INFO               Threads:                          1
[2021-10-22 18:23:32,451] INFO       Local Directory: /groups/scicompsoft/home/ackermand/Programming/multiresolution-mesh-creator/dask-worker-space/worker-ehtsdw_d
[2021-10-22 18:23:32,451] INFO -------------------------------------------------
[2021-10-22 18:23:32,451] INFO -------------------------------------------------
[2021-10-22 18:23:32,451] INFO               Threads:                          1
[2021-10-22 18:23:32,451] INFO -------------------------------------------------
[2021-10-22 18:23:32,451] INFO -------------------------------------------------
[2021-10-22 18:23:32,451] INFO -------------------------------------------------
[2021-10-22 18:23:32,451] INFO -------------------------------------------------
[2021-10-22 18:23:32,451] INFO                Memory:                  16.76 GiB
[2021-10-22 18:23:32,451] INFO -------------------------------------------------
[2021-10-22 18:23:32,451] INFO -------------------------------------------------
[2021-10-22 18:23:32,451] INFO -------------------------------------------------
[2021-10-22 18:23:32,451] INFO                Memory:                  16.76 GiB
[2021-10-22 18:23:32,451] INFO -------------------------------------------------
[2021-10-22 18:23:32,451] INFO -------------------------------------------------
[2021-10-22 18:23:32,451] INFO -------------------------------------------------
[2021-10-22 18:23:32,451] INFO       Local Directory: /groups/scicompsoft/home/ackermand/Programming/multiresolution-mesh-creator/dask-worker-space/worker-1aucl75a
[2021-10-22 18:23:32,451] INFO -------------------------------------------------
[2021-10-22 18:23:32,451] INFO       Local Directory: /groups/scicompsoft/home/ackermand/Programming/multiresolution-mesh-creator/dask-worker-space/worker-54u5vw6r
[2021-10-22 18:23:32,451] INFO -------------------------------------------------
[2021-10-22 18:23:32,451] INFO -------------------------------------------------
[2021-10-22 18:23:32,452] INFO       Start worker at:    tcp://10.36.60.39:19269
[2021-10-22 18:23:32,453] INFO          Listening to:    tcp://10.36.60.39:19269
[2021-10-22 18:23:32,453] INFO          dashboard at:          10.36.60.39:21257
[2021-10-22 18:23:32,453] INFO Waiting to connect to:   tcp://10.36.107.34:32071
[2021-10-22 18:23:32,453] INFO -------------------------------------------------
[2021-10-22 18:23:32,453] INFO               Threads:                          1
[2021-10-22 18:23:32,453] INFO                Memory:                  16.76 GiB
[2021-10-22 18:23:32,453] INFO       Local Directory: /groups/scicompsoft/home/ackermand/Programming/multiresolution-mesh-creator/dask-worker-space/worker-sdb6oii1
[2021-10-22 18:23:32,453] INFO       Start worker at:    tcp://10.36.60.39:29915
[2021-10-22 18:23:32,453] INFO -------------------------------------------------
[2021-10-22 18:23:32,453] INFO          Listening to:    tcp://10.36.60.39:29915
[2021-10-22 18:23:32,453] INFO          dashboard at:          10.36.60.39:21043
[2021-10-22 18:23:32,453] INFO       Start worker at:    tcp://10.36.60.39:36025
[2021-10-22 18:23:32,453] INFO Waiting to connect to:   tcp://10.36.107.34:32071
[2021-10-22 18:23:32,453] INFO -------------------------------------------------
[2021-10-22 18:23:32,453] INFO          Listening to:    tcp://10.36.60.39:36025
[2021-10-22 18:23:32,453] INFO       Start worker at:    tcp://10.36.60.39:20825
[2021-10-22 18:23:32,453] INFO       Start worker at:    tcp://10.36.60.39:27765
[2021-10-22 18:23:32,453] INFO          dashboard at:          10.36.60.39:16175
[2021-10-22 18:23:32,453] INFO          Listening to:    tcp://10.36.60.39:20825
[2021-10-22 18:23:32,453] INFO          Listening to:    tcp://10.36.60.39:27765
[2021-10-22 18:23:32,453] INFO               Threads:                          1
[2021-10-22 18:23:32,453] INFO       Start worker at:    tcp://10.36.60.39:30441
[2021-10-22 18:23:32,453] INFO Waiting to connect to:   tcp://10.36.107.34:32071
[2021-10-22 18:23:32,453] INFO          dashboard at:          10.36.60.39:30175
[2021-10-22 18:23:32,453] INFO          dashboard at:          10.36.60.39:22173
[2021-10-22 18:23:32,453] INFO                Memory:                  16.76 GiB
[2021-10-22 18:23:32,453] INFO -------------------------------------------------
[2021-10-22 18:23:32,453] INFO          Listening to:    tcp://10.36.60.39:30441
[2021-10-22 18:23:32,453] INFO Waiting to connect to:   tcp://10.36.107.34:32071
[2021-10-22 18:23:32,453] INFO       Local Directory: /groups/scicompsoft/home/ackermand/Programming/multiresolution-mesh-creator/dask-worker-space/worker-cdl5vjtc
[2021-10-22 18:23:32,453] INFO -------------------------------------------------
[2021-10-22 18:23:32,453] INFO          dashboard at:          10.36.60.39:35983
[2021-10-22 18:23:32,453] INFO       Start worker at:    tcp://10.36.60.39:37905
[2021-10-22 18:23:32,453] INFO               Threads:                          1
[2021-10-22 18:23:32,453] INFO -------------------------------------------------
[2021-10-22 18:23:32,453] INFO       Start worker at:    tcp://10.36.60.39:20587
[2021-10-22 18:23:32,453] INFO                Memory:                  16.76 GiB
[2021-10-22 18:23:32,453] INFO Waiting to connect to:   tcp://10.36.107.34:32071
[2021-10-22 18:23:32,453] INFO -------------------------------------------------
[2021-10-22 18:23:32,453] INFO       Local Directory: /groups/scicompsoft/home/ackermand/Programming/multiresolution-mesh-creator/dask-worker-space/worker-w13v16jg
[2021-10-22 18:23:32,453] INFO          Listening to:    tcp://10.36.60.39:20587
[2021-10-22 18:23:32,454] INFO Waiting to connect to:   tcp://10.36.107.34:32071
[2021-10-22 18:23:32,454] INFO -------------------------------------------------
[2021-10-22 18:23:32,454] INFO          Listening to:    tcp://10.36.60.39:37905
[2021-10-22 18:23:32,454] INFO -------------------------------------------------
[2021-10-22 18:23:32,454] INFO               Threads:                          1
[2021-10-22 18:23:32,454] INFO          dashboard at:          10.36.60.39:23569
[2021-10-22 18:23:32,453] INFO               Threads:                          1
[2021-10-22 18:23:32,454] INFO                Memory:                  16.76 GiB
[2021-10-22 18:23:32,454] INFO Waiting to connect to:   tcp://10.36.107.34:32071
[2021-10-22 18:23:32,454] INFO       Local Directory: /groups/scicompsoft/home/ackermand/Programming/multiresolution-mesh-creator/dask-worker-space/worker-c4zc4hdv
[2021-10-22 18:23:32,454] INFO -------------------------------------------------
[2021-10-22 18:23:32,454] INFO                Memory:                  16.76 GiB
[2021-10-22 18:23:32,454] INFO       Local Directory: /groups/scicompsoft/home/ackermand/Programming/multiresolution-mesh-creator/dask-worker-space/worker-32_wj1lr
[2021-10-22 18:23:32,454] INFO -------------------------------------------------
[2021-10-22 18:23:32,454] INFO          dashboard at:          10.36.60.39:33455
[2021-10-22 18:23:32,454] INFO               Threads:                          1
[2021-10-22 18:23:32,454] INFO       Start worker at:    tcp://10.36.60.39:38405
[2021-10-22 18:23:32,454] INFO -------------------------------------------------
[2021-10-22 18:23:32,454] INFO Waiting to connect to:   tcp://10.36.107.34:32071
[2021-10-22 18:23:32,454] INFO -------------------------------------------------
[2021-10-22 18:23:32,454] INFO          Listening to:    tcp://10.36.60.39:38405
[2021-10-22 18:23:32,454] INFO                Memory:                  16.76 GiB
[2021-10-22 18:23:32,454] INFO       Local Directory: /groups/scicompsoft/home/ackermand/Programming/multiresolution-mesh-creator/dask-worker-space/worker-wdfda_8_
[2021-10-22 18:23:32,454] INFO          dashboard at:          10.36.60.39:24519
[2021-10-22 18:23:32,454] INFO       Start worker at:    tcp://10.36.60.39:29947
[2021-10-22 18:23:32,454] INFO               Threads:                          1
[2021-10-22 18:23:32,454] INFO Waiting to connect to:   tcp://10.36.107.34:32071
[2021-10-22 18:23:32,454] INFO -------------------------------------------------
[2021-10-22 18:23:32,454] INFO                Memory:                  16.76 GiB
[2021-10-22 18:23:32,454] INFO -------------------------------------------------
[2021-10-22 18:23:32,454] INFO       Local Directory: /groups/scicompsoft/home/ackermand/Programming/multiresolution-mesh-creator/dask-worker-space/worker-tg6p9ei7
[2021-10-22 18:23:32,454] INFO -------------------------------------------------
[2021-10-22 18:23:32,454] INFO               Threads:                          1
[2021-10-22 18:23:32,454] INFO       Start worker at:    tcp://10.36.60.39:39449
[2021-10-22 18:23:32,454] INFO                Memory:                  16.76 GiB
[2021-10-22 18:23:32,454] INFO       Local Directory: /groups/scicompsoft/home/ackermand/Programming/multiresolution-mesh-creator/dask-worker-space/worker-idbhd7l9
[2021-10-22 18:23:32,454] INFO          Listening to:    tcp://10.36.60.39:29947
[2021-10-22 18:23:32,454] INFO -------------------------------------------------
[2021-10-22 18:23:32,454] INFO          dashboard at:          10.36.60.39:26807
[2021-10-22 18:23:32,454] INFO Waiting to connect to:   tcp://10.36.107.34:32071
[2021-10-22 18:23:32,454] INFO -------------------------------------------------
[2021-10-22 18:23:32,454] INFO          Listening to:    tcp://10.36.60.39:39449
[2021-10-22 18:23:32,455] INFO          dashboard at:          10.36.60.39:25635
[2021-10-22 18:23:32,454] INFO               Threads:                          1
[2021-10-22 18:23:32,455] INFO Waiting to connect to:   tcp://10.36.107.34:32071
[2021-10-22 18:23:32,455] INFO                Memory:                  16.76 GiB
[2021-10-22 18:23:32,455] INFO -------------------------------------------------
[2021-10-22 18:23:32,455] INFO       Local Directory: /groups/scicompsoft/home/ackermand/Programming/multiresolution-mesh-creator/dask-worker-space/worker-fuzxn7ao
[2021-10-22 18:23:32,455] INFO       Start worker at:    tcp://10.36.60.39:30799
[2021-10-22 18:23:32,455] INFO               Threads:                          1
[2021-10-22 18:23:32,455] INFO -------------------------------------------------
[2021-10-22 18:23:32,455] INFO                Memory:                  16.76 GiB
[2021-10-22 18:23:32,455] INFO       Local Directory: /groups/scicompsoft/home/ackermand/Programming/multiresolution-mesh-creator/dask-worker-space/worker-6w1hluzg
[2021-10-22 18:23:32,455] INFO          Listening to:    tcp://10.36.60.39:30799
[2021-10-22 18:23:32,455] INFO -------------------------------------------------
[2021-10-22 18:23:32,455] INFO          dashboard at:          10.36.60.39:28725
[2021-10-22 18:23:32,455] INFO Waiting to connect to:   tcp://10.36.107.34:32071
[2021-10-22 18:23:32,455] INFO -------------------------------------------------
[2021-10-22 18:23:32,455] INFO               Threads:                          1
[2021-10-22 18:23:32,455] INFO                Memory:                  16.76 GiB
[2021-10-22 18:23:32,455] INFO       Local Directory: /groups/scicompsoft/home/ackermand/Programming/multiresolution-mesh-creator/dask-worker-space/worker-61jzk9b_
[2021-10-22 18:23:32,455] INFO -------------------------------------------------
[2021-10-22 18:23:32,455] INFO       Start worker at:    tcp://10.36.60.39:17797
[2021-10-22 18:23:32,454] INFO               Threads:                          1
[2021-10-22 18:23:32,455] INFO                Memory:                  16.76 GiB
[2021-10-22 18:23:32,455] INFO       Local Directory: /groups/scicompsoft/home/ackermand/Programming/multiresolution-mesh-creator/dask-worker-space/worker-s17pzxrx
[2021-10-22 18:23:32,455] INFO       Start worker at:    tcp://10.36.60.39:20097
[2021-10-22 18:23:32,455] INFO       Start worker at:    tcp://10.36.60.39:18825
[2021-10-22 18:23:32,455] INFO -------------------------------------------------
[2021-10-22 18:23:32,455] INFO          Listening to:    tcp://10.36.60.39:20097
[2021-10-22 18:23:32,455] INFO       Start worker at:    tcp://10.36.60.39:25207
[2021-10-22 18:23:32,456] INFO          Listening to:    tcp://10.36.60.39:17797
[2021-10-22 18:23:32,456] INFO          Listening to:    tcp://10.36.60.39:25207
[2021-10-22 18:23:32,456] INFO          dashboard at:          10.36.60.39:38029
[2021-10-22 18:23:32,456] INFO          dashboard at:          10.36.60.39:32105
[2021-10-22 18:23:32,456] INFO Waiting to connect to:   tcp://10.36.107.34:32071
[2021-10-22 18:23:32,456] INFO Waiting to connect to:   tcp://10.36.107.34:32071
[2021-10-22 18:23:32,455] INFO       Start worker at:    tcp://10.36.60.39:19545
[2021-10-22 18:23:32,456] INFO -------------------------------------------------
[2021-10-22 18:23:32,455] INFO       Start worker at:    tcp://10.36.60.39:29439
[2021-10-22 18:23:32,456] INFO -------------------------------------------------
[2021-10-22 18:23:32,456] INFO          Listening to:    tcp://10.36.60.39:29439
[2021-10-22 18:23:32,456] INFO               Threads:                          1
[2021-10-22 18:23:32,456] INFO          dashboard at:          10.36.60.39:16129
[2021-10-22 18:23:32,456] INFO               Threads:                          1
[2021-10-22 18:23:32,456] INFO                Memory:                  16.76 GiB
[2021-10-22 18:23:32,456] INFO       Local Directory: /groups/scicompsoft/home/ackermand/Programming/multiresolution-mesh-creator/dask-worker-space/worker-zr5xplpb
[2021-10-22 18:23:32,456] INFO                Memory:                  16.76 GiB
[2021-10-22 18:23:32,456] INFO Waiting to connect to:   tcp://10.36.107.34:32071
[2021-10-22 18:23:32,456] INFO       Local Directory: /groups/scicompsoft/home/ackermand/Programming/multiresolution-mesh-creator/dask-worker-space/worker-w22_hd20
[2021-10-22 18:23:32,456] INFO -------------------------------------------------
[2021-10-22 18:23:32,456] INFO -------------------------------------------------
[2021-10-22 18:23:32,456] INFO          Listening to:    tcp://10.36.60.39:18825
[2021-10-22 18:23:32,456] INFO          Listening to:    tcp://10.36.60.39:19545
[2021-10-22 18:23:32,456] INFO -------------------------------------------------
[2021-10-22 18:23:32,456] INFO          dashboard at:          10.36.60.39:28029
[2021-10-22 18:23:32,456] INFO               Threads:                          1
[2021-10-22 18:23:32,456] INFO          dashboard at:          10.36.60.39:34117
[2021-10-22 18:23:32,456] INFO Waiting to connect to:   tcp://10.36.107.34:32071
[2021-10-22 18:23:32,456] INFO          dashboard at:          10.36.60.39:26125
[2021-10-22 18:23:32,456] INFO Waiting to connect to:   tcp://10.36.107.34:32071
[2021-10-22 18:23:32,456] INFO                Memory:                  16.76 GiB
[2021-10-22 18:23:32,456] INFO -------------------------------------------------
[2021-10-22 18:23:32,456] INFO       Start worker at:    tcp://10.36.60.39:38899
[2021-10-22 18:23:32,456] INFO -------------------------------------------------
[2021-10-22 18:23:32,456] INFO       Local Directory: /groups/scicompsoft/home/ackermand/Programming/multiresolution-mesh-creator/dask-worker-space/worker-bj8x2idn
[2021-10-22 18:23:32,456] INFO          Listening to:    tcp://10.36.60.39:38899
[2021-10-22 18:23:32,456] INFO -------------------------------------------------
[2021-10-22 18:23:32,456] INFO               Threads:                          1
[2021-10-22 18:23:32,456] INFO Waiting to connect to:   tcp://10.36.107.34:32071
[2021-10-22 18:23:32,456] INFO               Threads:                          1
[2021-10-22 18:23:32,456] INFO          dashboard at:          10.36.60.39:30327
[2021-10-22 18:23:32,456] INFO -------------------------------------------------
[2021-10-22 18:23:32,456] INFO                Memory:                  16.76 GiB
[2021-10-22 18:23:32,456] INFO                Memory:                  16.76 GiB
[2021-10-22 18:23:32,456] INFO Waiting to connect to:   tcp://10.36.107.34:32071
[2021-10-22 18:23:32,456] INFO       Local Directory: /groups/scicompsoft/home/ackermand/Programming/multiresolution-mesh-creator/dask-worker-space/worker-cect5w4v
[2021-10-22 18:23:32,456] INFO -------------------------------------------------
[2021-10-22 18:23:32,456] INFO       Local Directory: /groups/scicompsoft/home/ackermand/Programming/multiresolution-mesh-creator/dask-worker-space/worker-higxcn80
[2021-10-22 18:23:32,456] INFO -------------------------------------------------
[2021-10-22 18:23:32,456] INFO               Threads:                          1
[2021-10-22 18:23:32,456] INFO               Threads:                          1
[2021-10-22 18:23:32,456] INFO -------------------------------------------------
[2021-10-22 18:23:32,456] INFO                Memory:                  16.76 GiB
[2021-10-22 18:23:32,456] INFO                Memory:                  16.76 GiB
[2021-10-22 18:23:32,456] INFO       Local Directory: /groups/scicompsoft/home/ackermand/Programming/multiresolution-mesh-creator/dask-worker-space/worker-gief3m95
[2021-10-22 18:23:32,456] INFO       Local Directory: /groups/scicompsoft/home/ackermand/Programming/multiresolution-mesh-creator/dask-worker-space/worker-8zyc310u
[2021-10-22 18:23:32,456] INFO -------------------------------------------------
[2021-10-22 18:23:32,456] INFO -------------------------------------------------
[2021-10-22 18:23:32,669] INFO         Registered to:   tcp://10.36.107.34:32071
[2021-10-22 18:23:32,669] INFO -------------------------------------------------
[2021-10-22 18:23:32,669] INFO Starting established connection
[2021-10-22 18:23:32,716] INFO         Registered to:   tcp://10.36.107.34:32071
[2021-10-22 18:23:32,717] INFO -------------------------------------------------
[2021-10-22 18:23:32,717] INFO Starting established connection
[2021-10-22 18:23:32,758] INFO         Registered to:   tcp://10.36.107.34:32071
[2021-10-22 18:23:32,759] INFO -------------------------------------------------
[2021-10-22 18:23:32,759] INFO Starting established connection
[2021-10-22 18:23:32,762] INFO         Registered to:   tcp://10.36.107.34:32071
[2021-10-22 18:23:32,762] INFO -------------------------------------------------
[2021-10-22 18:23:32,762] INFO Starting established connection
[2021-10-22 18:23:32,765] INFO         Registered to:   tcp://10.36.107.34:32071
[2021-10-22 18:23:32,765] INFO -------------------------------------------------
[2021-10-22 18:23:32,766] INFO Starting established connection
[2021-10-22 18:23:32,768] INFO         Registered to:   tcp://10.36.107.34:32071
[2021-10-22 18:23:32,768] INFO -------------------------------------------------
[2021-10-22 18:23:32,768] INFO Starting established connection
[2021-10-22 18:23:32,770] INFO         Registered to:   tcp://10.36.107.34:32071
[2021-10-22 18:23:32,770] INFO -------------------------------------------------
[2021-10-22 18:23:32,771] INFO Starting established connection
[2021-10-22 18:23:32,773] INFO         Registered to:   tcp://10.36.107.34:32071
[2021-10-22 18:23:32,773] INFO -------------------------------------------------
[2021-10-22 18:23:32,774] INFO Starting established connection
[2021-10-22 18:23:32,782] INFO         Registered to:   tcp://10.36.107.34:32071
[2021-10-22 18:23:32,782] INFO -------------------------------------------------
[2021-10-22 18:23:32,782] INFO Starting established connection
[2021-10-22 18:23:32,785] INFO         Registered to:   tcp://10.36.107.34:32071
[2021-10-22 18:23:32,785] INFO -------------------------------------------------
[2021-10-22 18:23:32,785] INFO Starting established connection
[2021-10-22 18:23:32,790] INFO         Registered to:   tcp://10.36.107.34:32071
[2021-10-22 18:23:32,791] INFO -------------------------------------------------
[2021-10-22 18:23:32,791] INFO Starting established connection
[2021-10-22 18:23:32,793] INFO         Registered to:   tcp://10.36.107.34:32071
[2021-10-22 18:23:32,793] INFO -------------------------------------------------
[2021-10-22 18:23:32,794] INFO Starting established connection
[2021-10-22 18:23:32,800] INFO         Registered to:   tcp://10.36.107.34:32071
[2021-10-22 18:23:32,801] INFO -------------------------------------------------
[2021-10-22 18:23:32,801] INFO Starting established connection
[2021-10-22 18:23:32,802] INFO         Registered to:   tcp://10.36.107.34:32071
[2021-10-22 18:23:32,802] INFO -------------------------------------------------
[2021-10-22 18:23:32,803] INFO Starting established connection
[2021-10-22 18:23:32,809] INFO         Registered to:   tcp://10.36.107.34:32071
[2021-10-22 18:23:32,809] INFO -------------------------------------------------
[2021-10-22 18:23:32,809] INFO Starting established connection
[2021-10-22 18:23:32,811] INFO         Registered to:   tcp://10.36.107.34:32071
[2021-10-22 18:23:32,812] INFO -------------------------------------------------
[2021-10-22 18:23:32,812] INFO Starting established connection
[2021-10-22 18:23:32,813] INFO         Registered to:   tcp://10.36.107.34:32071
[2021-10-22 18:23:32,813] INFO -------------------------------------------------
[2021-10-22 18:23:32,814] INFO Starting established connection
[2021-10-22 18:23:32,816] INFO         Registered to:   tcp://10.36.107.34:32071
[2021-10-22 18:23:32,816] INFO -------------------------------------------------
[2021-10-22 18:23:32,817] INFO Starting established connection
[2021-10-22 18:23:32,827] INFO         Registered to:   tcp://10.36.107.34:32071
[2021-10-22 18:23:32,827] INFO -------------------------------------------------
[2021-10-22 18:23:32,828] INFO Starting established connection
[2021-10-22 18:23:32,828] INFO         Registered to:   tcp://10.36.107.34:32071
[2021-10-22 18:23:32,828] INFO -------------------------------------------------
[2021-10-22 18:23:32,829] INFO Starting established connection
[2021-10-22 18:23:32,831] INFO         Registered to:   tcp://10.36.107.34:32071
[2021-10-22 18:23:32,831] INFO -------------------------------------------------
[2021-10-22 18:23:32,832] INFO Starting established connection
[2021-10-22 18:23:32,832] INFO         Registered to:   tcp://10.36.107.34:32071
[2021-10-22 18:23:32,833] INFO -------------------------------------------------
[2021-10-22 18:23:32,833] INFO Starting established connection
[2021-10-22 18:23:32,839] INFO         Registered to:   tcp://10.36.107.34:32071
[2021-10-22 18:23:32,839] INFO -------------------------------------------------
[2021-10-22 18:23:32,839] INFO Starting established connection
[2021-10-22 18:23:32,842] INFO         Registered to:   tcp://10.36.107.34:32071
[2021-10-22 18:23:32,842] INFO -------------------------------------------------
[2021-10-22 18:23:32,843] INFO Starting established connection
[2021-10-22 18:23:32,844] INFO         Registered to:   tcp://10.36.107.34:32071
[2021-10-22 18:23:32,845] INFO -------------------------------------------------
[2021-10-22 18:23:32,845] INFO Starting established connection
[2021-10-22 18:23:32,848] INFO         Registered to:   tcp://10.36.107.34:32071
[2021-10-22 18:23:32,848] INFO -------------------------------------------------
[2021-10-22 18:23:32,848] INFO Starting established connection
[2021-10-22 18:23:32,850] INFO         Registered to:   tcp://10.36.107.34:32071
[2021-10-22 18:23:32,850] INFO -------------------------------------------------
[2021-10-22 18:23:32,851] INFO         Registered to:   tcp://10.36.107.34:32071
[2021-10-22 18:23:32,851] INFO -------------------------------------------------
[2021-10-22 18:23:32,852] INFO Starting established connection
[2021-10-22 18:23:32,852] INFO Starting established connection
[2021-10-22 18:23:32,854] INFO         Registered to:   tcp://10.36.107.34:32071
[2021-10-22 18:23:32,854] INFO -------------------------------------------------
[2021-10-22 18:23:32,855] INFO Starting established connection
[2021-10-22 18:23:32,856] INFO         Registered to:   tcp://10.36.107.34:32071
[2021-10-22 18:23:32,856] INFO -------------------------------------------------
[2021-10-22 18:23:32,856] INFO Starting established connection
[2021-10-22 18:23:32,858] INFO         Registered to:   tcp://10.36.107.34:32071
[2021-10-22 18:23:32,858] INFO -------------------------------------------------
[2021-10-22 18:23:32,859] INFO Starting established connection
[2021-10-22 18:23:32,859] INFO         Registered to:   tcp://10.36.107.34:32071
[2021-10-22 18:23:32,859] INFO -------------------------------------------------
[2021-10-22 18:23:32,860] INFO Starting established connection
[2021-10-22 18:23:32,860] INFO         Registered to:   tcp://10.36.107.34:32071
[2021-10-22 18:23:32,861] INFO -------------------------------------------------
[2021-10-22 18:23:32,861] INFO Starting established connection
[2021-10-22 18:23:32,863] INFO         Registered to:   tcp://10.36.107.34:32071
[2021-10-22 18:23:32,864] INFO -------------------------------------------------
[2021-10-22 18:23:32,864] INFO Starting established connection
[2021-10-22 18:23:32,864] INFO         Registered to:   tcp://10.36.107.34:32071
[2021-10-22 18:23:32,865] INFO         Registered to:   tcp://10.36.107.34:32071
[2021-10-22 18:23:32,866] INFO -------------------------------------------------
[2021-10-22 18:23:32,866] INFO -------------------------------------------------
[2021-10-22 18:23:32,866] INFO Starting established connection
[2021-10-22 18:23:32,866] INFO Starting established connection
[2021-10-22 18:23:32,871] INFO         Registered to:   tcp://10.36.107.34:32071
[2021-10-22 18:23:32,871] INFO -------------------------------------------------
[2021-10-22 18:23:32,872] INFO Starting established connection
[2021-10-22 18:23:32,872] INFO         Registered to:   tcp://10.36.107.34:32071
[2021-10-22 18:23:32,873] INFO -------------------------------------------------
[2021-10-22 18:23:32,873] INFO Starting established connection
[2021-10-22 18:23:32,874] INFO         Registered to:   tcp://10.36.107.34:32071
[2021-10-22 18:23:32,874] INFO -------------------------------------------------
[2021-10-22 18:23:32,874] INFO Starting established connection
[2021-10-22 18:23:32,875] INFO         Registered to:   tcp://10.36.107.34:32071
[2021-10-22 18:23:32,875] INFO -------------------------------------------------
[2021-10-22 18:23:32,875] INFO Starting established connection
[2021-10-22 18:25:03,745] WARNING Compute Failed
Function:  generate_neuroglancer_multires_mesh
args:      ('/groups/cosem/cosem/ackermand/meshesForWebsite/res1decimation0p05/jrc_hela-1/test_simpler_multires/test', 96, '58', [0, 1, 2, 3, 4, 5], '.obj', 256)
kwargs:    {}
Exception: CancelledError()

[2021-10-22 18:25:04,503] INFO End worker
[2021-10-22 18:25:04,503] INFO Stopping worker at tcp://10.36.60.39:20825
[2021-10-22 18:25:04,503] INFO Stopping worker at tcp://10.36.60.39:36025
[2021-10-22 18:25:04,503] INFO Stopping worker at tcp://10.36.60.39:33209
[2021-10-22 18:25:04,503] INFO Stopping worker at tcp://10.36.60.39:30441
[2021-10-22 18:25:04,503] INFO Stopping worker at tcp://10.36.60.39:19269
[2021-10-22 18:25:04,503] INFO Stopping worker at tcp://10.36.60.39:30799
[2021-10-22 18:25:04,503] INFO Stopping worker at tcp://10.36.60.39:29915
[2021-10-22 18:25:04,503] INFO Stopping worker at tcp://10.36.60.39:17795
[2021-10-22 18:25:04,503] INFO reaping stray process <SpawnProcess(Dask Worker process (from Nanny), started daemon)>
Process Dask Worker process (from Nanny):
Traceback (most recent call last):
  File "/groups/scicompsoft/home/ackermand/miniconda3/envs/multiresolution_mesh_creator/lib/python3.7/site-packages/distributed/nanny.py", line 897, in _run
    loop.run_sync(run)
  File "/groups/scicompsoft/home/ackermand/miniconda3/envs/multiresolution_mesh_creator/lib/python3.7/site-packages/tornado/ioloop.py", line 524, in run_sync
    self.start()
  File "/groups/scicompsoft/home/ackermand/miniconda3/envs/multiresolution_mesh_creator/lib/python3.7/site-packages/tornado/platform/asyncio.py", line 199, in start
    self.asyncio_loop.run_forever()
  File "/groups/scicompsoft/home/ackermand/miniconda3/envs/multiresolution_mesh_creator/lib/python3.7/asyncio/base_events.py", line 541, in run_forever
    self._run_once()
  File "/groups/scicompsoft/home/ackermand/miniconda3/envs/multiresolution_mesh_creator/lib/python3.7/asyncio/base_events.py", line 1750, in _run_once
    event_list = self._selector.select(timeout)
  File "/groups/scicompsoft/home/ackermand/miniconda3/envs/multiresolution_mesh_creator/lib/python3.7/selectors.py", line 468, in select
    fd_event_list = self._selector.poll(timeout, max_ev)
KeyboardInterrupt

During handling of the above exception, another exception occurred:

Traceback (most recent call last):
  File "/groups/scicompsoft/home/ackermand/miniconda3/envs/multiresolution_mesh_creator/lib/python3.7/multiprocessing/process.py", line 297, in _bootstrap
    self.run()
  File "/groups/scicompsoft/home/ackermand/miniconda3/envs/multiresolution_mesh_creator/lib/python3.7/multiprocessing/process.py", line 99, in run
    self._target(*self._args, **self._kwargs)
  File "/groups/scicompsoft/home/ackermand/miniconda3/envs/multiresolution_mesh_creator/lib/python3.7/site-packages/distributed/process.py", line 191, in _run
    target(*args, **kwargs)
  File "/groups/scicompsoft/home/ackermand/miniconda3/envs/multiresolution_mesh_creator/lib/python3.7/site-packages/distributed/nanny.py", line 904, in _run
    loop.run_sync(do_stop)
  File "/groups/scicompsoft/home/ackermand/miniconda3/envs/multiresolution_mesh_creator/lib/python3.7/site-packages/tornado/ioloop.py", line 524, in run_sync
    self.start()
  File "/groups/scicompsoft/home/ackermand/miniconda3/envs/multiresolution_mesh_creator/lib/python3.7/site-packages/tornado/platform/asyncio.py", line 199, in start
    self.asyncio_loop.run_forever()
  File "/groups/scicompsoft/home/ackermand/miniconda3/envs/multiresolution_mesh_creator/lib/python3.7/asyncio/base_events.py", line 537, in run_forever
    finalizer=self._asyncgen_finalizer_hook)
KeyboardInterrupt
[2021-10-22 18:25:04,503] INFO reaping stray process <SpawnProcess(Dask Worker process (from Nanny), started daemon)>
Process Dask Worker process (from Nanny):
Traceback (most recent call last):
  File "/groups/scicompsoft/home/ackermand/miniconda3/envs/multiresolution_mesh_creator/lib/python3.7/site-packages/distributed/nanny.py", line 897, in _run
    loop.run_sync(run)
  File "/groups/scicompsoft/home/ackermand/miniconda3/envs/multiresolution_mesh_creator/lib/python3.7/site-packages/tornado/ioloop.py", line 524, in run_sync
    self.start()
  File "/groups/scicompsoft/home/ackermand/miniconda3/envs/multiresolution_mesh_creator/lib/python3.7/site-packages/tornado/platform/asyncio.py", line 199, in start
    self.asyncio_loop.run_forever()
  File "/groups/scicompsoft/home/ackermand/miniconda3/envs/multiresolution_mesh_creator/lib/python3.7/asyncio/base_events.py", line 541, in run_forever
    self._run_once()
  File "/groups/scicompsoft/home/ackermand/miniconda3/envs/multiresolution_mesh_creator/lib/python3.7/asyncio/base_events.py", line 1750, in _run_once
    event_list = self._selector.select(timeout)
  File "/groups/scicompsoft/home/ackermand/miniconda3/envs/multiresolution_mesh_creator/lib/python3.7/selectors.py", line 468, in select
    fd_event_list = self._selector.poll(timeout, max_ev)
KeyboardInterrupt

During handling of the above exception, another exception occurred:

Traceback (most recent call last):
  File "/groups/scicompsoft/home/ackermand/miniconda3/envs/multiresolution_mesh_creator/lib/python3.7/multiprocessing/process.py", line 297, in _bootstrap
    self.run()
  File "/groups/scicompsoft/home/ackermand/miniconda3/envs/multiresolution_mesh_creator/lib/python3.7/multiprocessing/process.py", line 99, in run
    self._target(*self._args, **self._kwargs)
  File "/groups/scicompsoft/home/ackermand/miniconda3/envs/multiresolution_mesh_creator/lib/python3.7/site-packages/distributed/process.py", line 191, in _run
    target(*args, **kwargs)
  File "/groups/scicompsoft/home/ackermand/miniconda3/envs/multiresolution_mesh_creator/lib/python3.7/site-packages/distributed/nanny.py", line 904, in _run
    loop.run_sync(do_stop)
  File "/groups/scicompsoft/home/ackermand/miniconda3/envs/multiresolution_mesh_creator/lib/python3.7/site-packages/tornado/ioloop.py", line 490, in run_sync
    def run() -> None:
KeyboardInterrupt
Process Dask Worker process (from Nanny):
Traceback (most recent call last):
  File "/groups/scicompsoft/home/ackermand/miniconda3/envs/multiresolution_mesh_creator/lib/python3.7/site-packages/distributed/nanny.py", line 897, in _run
    loop.run_sync(run)
  File "/groups/scicompsoft/home/ackermand/miniconda3/envs/multiresolution_mesh_creator/lib/python3.7/site-packages/tornado/ioloop.py", line 524, in run_sync
    self.start()
  File "/groups/scicompsoft/home/ackermand/miniconda3/envs/multiresolution_mesh_creator/lib/python3.7/site-packages/tornado/platform/asyncio.py", line 199, in start
    self.asyncio_loop.run_forever()
  File "/groups/scicompsoft/home/ackermand/miniconda3/envs/multiresolution_mesh_creator/lib/python3.7/asyncio/base_events.py", line 541, in run_forever
    self._run_once()
  File "/groups/scicompsoft/home/ackermand/miniconda3/envs/multiresolution_mesh_creator/lib/python3.7/asyncio/base_events.py", line 1750, in _run_once
    event_list = self._selector.select(timeout)
  File "/groups/scicompsoft/home/ackermand/miniconda3/envs/multiresolution_mesh_creator/lib/python3.7/selectors.py", line 468, in select
    fd_event_list = self._selector.poll(timeout, max_ev)
KeyboardInterrupt

During handling of the above exception, another exception occurred:

Traceback (most recent call last):
  File "/groups/scicompsoft/home/ackermand/miniconda3/envs/multiresolution_mesh_creator/lib/python3.7/multiprocessing/process.py", line 297, in _bootstrap
    self.run()
  File "/groups/scicompsoft/home/ackermand/miniconda3/envs/multiresolution_mesh_creator/lib/python3.7/multiprocessing/process.py", line 99, in run
    self._target(*self._args, **self._kwargs)
  File "/groups/scicompsoft/home/ackermand/miniconda3/envs/multiresolution_mesh_creator/lib/python3.7/site-packages/distributed/process.py", line 191, in _run
    target(*args, **kwargs)
  File "/groups/scicompsoft/home/ackermand/miniconda3/envs/multiresolution_mesh_creator/lib/python3.7/site-packages/distributed/nanny.py", line 904, in _run
    loop.run_sync(do_stop)
  File "/groups/scicompsoft/home/ackermand/miniconda3/envs/multiresolution_mesh_creator/lib/python3.7/site-packages/tornado/ioloop.py", line 524, in run_sync
    self.start()
  File "/groups/scicompsoft/home/ackermand/miniconda3/envs/multiresolution_mesh_creator/lib/python3.7/site-packages/tornado/platform/asyncio.py", line 197, in start
    self._setup_logging()
  File "/groups/scicompsoft/home/ackermand/miniconda3/envs/multiresolution_mesh_creator/lib/python3.7/site-packages/tornado/ioloop.py", line 436, in _setup_logging
    if not any(
KeyboardInterrupt
Process Dask Worker process (from Nanny):
Traceback (most recent call last):
  File "/groups/scicompsoft/home/ackermand/miniconda3/envs/multiresolution_mesh_creator/lib/python3.7/site-packages/distributed/nanny.py", line 897, in _run
    loop.run_sync(run)
  File "/groups/scicompsoft/home/ackermand/miniconda3/envs/multiresolution_mesh_creator/lib/python3.7/site-packages/tornado/ioloop.py", line 524, in run_sync
    self.start()
  File "/groups/scicompsoft/home/ackermand/miniconda3/envs/multiresolution_mesh_creator/lib/python3.7/site-packages/tornado/platform/asyncio.py", line 199, in start
    self.asyncio_loop.run_forever()
  File "/groups/scicompsoft/home/ackermand/miniconda3/envs/multiresolution_mesh_creator/lib/python3.7/asyncio/base_events.py", line 541, in run_forever
    self._run_once()
  File "/groups/scicompsoft/home/ackermand/miniconda3/envs/multiresolution_mesh_creator/lib/python3.7/asyncio/base_events.py", line 1750, in _run_once
    event_list = self._selector.select(timeout)
  File "/groups/scicompsoft/home/ackermand/miniconda3/envs/multiresolution_mesh_creator/lib/python3.7/selectors.py", line 468, in select
    fd_event_list = self._selector.poll(timeout, max_ev)
KeyboardInterrupt

During handling of the above exception, another exception occurred:

Traceback (most recent call last):
  File "/groups/scicompsoft/home/ackermand/miniconda3/envs/multiresolution_mesh_creator/lib/python3.7/multiprocessing/process.py", line 297, in _bootstrap
    self.run()
  File "/groups/scicompsoft/home/ackermand/miniconda3/envs/multiresolution_mesh_creator/lib/python3.7/multiprocessing/process.py", line 99, in run
    self._target(*self._args, **self._kwargs)
  File "/groups/scicompsoft/home/ackermand/miniconda3/envs/multiresolution_mesh_creator/lib/python3.7/site-packages/distributed/process.py", line 191, in _run
    target(*args, **kwargs)
  File "/groups/scicompsoft/home/ackermand/miniconda3/envs/multiresolution_mesh_creator/lib/python3.7/site-packages/distributed/nanny.py", line 904, in _run
    loop.run_sync(do_stop)
  File "/groups/scicompsoft/home/ackermand/miniconda3/envs/multiresolution_mesh_creator/lib/python3.7/site-packages/tornado/ioloop.py", line 524, in run_sync
    self.start()
  File "/groups/scicompsoft/home/ackermand/miniconda3/envs/multiresolution_mesh_creator/lib/python3.7/site-packages/tornado/platform/asyncio.py", line 199, in start
    self.asyncio_loop.run_forever()
  File "/groups/scicompsoft/home/ackermand/miniconda3/envs/multiresolution_mesh_creator/lib/python3.7/asyncio/base_events.py", line 536, in run_forever
    sys.set_asyncgen_hooks(firstiter=self._asyncgen_firstiter_hook,
KeyboardInterrupt
Process Dask Worker process (from Nanny):
Traceback (most recent call last):
  File "/groups/scicompsoft/home/ackermand/miniconda3/envs/multiresolution_mesh_creator/lib/python3.7/site-packages/distributed/nanny.py", line 897, in _run
    loop.run_sync(run)
  File "/groups/scicompsoft/home/ackermand/miniconda3/envs/multiresolution_mesh_creator/lib/python3.7/site-packages/tornado/ioloop.py", line 524, in run_sync
    self.start()
  File "/groups/scicompsoft/home/ackermand/miniconda3/envs/multiresolution_mesh_creator/lib/python3.7/site-packages/tornado/platform/asyncio.py", line 199, in start
    self.asyncio_loop.run_forever()
  File "/groups/scicompsoft/home/ackermand/miniconda3/envs/multiresolution_mesh_creator/lib/python3.7/asyncio/base_events.py", line 541, in run_forever
    self._run_once()
  File "/groups/scicompsoft/home/ackermand/miniconda3/envs/multiresolution_mesh_creator/lib/python3.7/asyncio/base_events.py", line 1750, in _run_once
    event_list = self._selector.select(timeout)
  File "/groups/scicompsoft/home/ackermand/miniconda3/envs/multiresolution_mesh_creator/lib/python3.7/selectors.py", line 468, in select
    fd_event_list = self._selector.poll(timeout, max_ev)
KeyboardInterrupt

During handling of the above exception, another exception occurred:

Traceback (most recent call last):
  File "/groups/scicompsoft/home/ackermand/miniconda3/envs/multiresolution_mesh_creator/lib/python3.7/multiprocessing/process.py", line 297, in _bootstrap
    self.run()
  File "/groups/scicompsoft/home/ackermand/miniconda3/envs/multiresolution_mesh_creator/lib/python3.7/multiprocessing/process.py", line 99, in run
    self._target(*self._args, **self._kwargs)
  File "/groups/scicompsoft/home/ackermand/miniconda3/envs/multiresolution_mesh_creator/lib/python3.7/site-packages/distributed/process.py", line 191, in _run
    target(*args, **kwargs)
  File "/groups/scicompsoft/home/ackermand/miniconda3/envs/multiresolution_mesh_creator/lib/python3.7/site-packages/distributed/nanny.py", line 904, in _run
    loop.run_sync(do_stop)
  File "/groups/scicompsoft/home/ackermand/miniconda3/envs/multiresolution_mesh_creator/lib/python3.7/site-packages/tornado/ioloop.py", line 524, in run_sync
    self.start()
  File "/groups/scicompsoft/home/ackermand/miniconda3/envs/multiresolution_mesh_creator/lib/python3.7/site-packages/tornado/platform/asyncio.py", line 199, in start
    self.asyncio_loop.run_forever()
  File "/groups/scicompsoft/home/ackermand/miniconda3/envs/multiresolution_mesh_creator/lib/python3.7/asyncio/base_events.py", line 541, in run_forever
    self._run_once()
  File "/groups/scicompsoft/home/ackermand/miniconda3/envs/multiresolution_mesh_creator/lib/python3.7/asyncio/base_events.py", line 1786, in _run_once
    handle._run()
  File "/groups/scicompsoft/home/ackermand/miniconda3/envs/multiresolution_mesh_creator/lib/python3.7/asyncio/events.py", line 88, in _run
    self._context.run(self._callback, *self._args)
  File "/groups/scicompsoft/home/ackermand/miniconda3/envs/multiresolution_mesh_creator/lib/python3.7/site-packages/distributed/nanny.py", line 825, in do_stop
    timeout=timeout,
  File "/groups/scicompsoft/home/ackermand/miniconda3/envs/multiresolution_mesh_creator/lib/python3.7/site-packages/distributed/worker.py", line 1225, in close
    with log_errors():
KeyboardInterrupt
[2021-10-22 18:25:04,503] INFO Stopping worker at tcp://10.36.60.39:18825
Process Dask Worker process (from Nanny):
Traceback (most recent call last):
  File "/groups/scicompsoft/home/ackermand/miniconda3/envs/multiresolution_mesh_creator/lib/python3.7/site-packages/distributed/nanny.py", line 897, in _run
    loop.run_sync(run)
  File "/groups/scicompsoft/home/ackermand/miniconda3/envs/multiresolution_mesh_creator/lib/python3.7/site-packages/tornado/ioloop.py", line 524, in run_sync
    self.start()
  File "/groups/scicompsoft/home/ackermand/miniconda3/envs/multiresolution_mesh_creator/lib/python3.7/site-packages/tornado/platform/asyncio.py", line 199, in start
    self.asyncio_loop.run_forever()
  File "/groups/scicompsoft/home/ackermand/miniconda3/envs/multiresolution_mesh_creator/lib/python3.7/asyncio/base_events.py", line 541, in run_forever
    self._run_once()
  File "/groups/scicompsoft/home/ackermand/miniconda3/envs/multiresolution_mesh_creator/lib/python3.7/asyncio/base_events.py", line 1750, in _run_once
    event_list = self._selector.select(timeout)
  File "/groups/scicompsoft/home/ackermand/miniconda3/envs/multiresolution_mesh_creator/lib/python3.7/selectors.py", line 468, in select
    fd_event_list = self._selector.poll(timeout, max_ev)
KeyboardInterrupt

During handling of the above exception, another exception occurred:

Traceback (most recent call last):
  File "/groups/scicompsoft/home/ackermand/miniconda3/envs/multiresolution_mesh_creator/lib/python3.7/multiprocessing/process.py", line 297, in _bootstrap
    self.run()
  File "/groups/scicompsoft/home/ackermand/miniconda3/envs/multiresolution_mesh_creator/lib/python3.7/multiprocessing/process.py", line 99, in run
    self._target(*self._args, **self._kwargs)
  File "/groups/scicompsoft/home/ackermand/miniconda3/envs/multiresolution_mesh_creator/lib/python3.7/site-packages/distributed/process.py", line 191, in _run
    target(*args, **kwargs)
  File "/groups/scicompsoft/home/ackermand/miniconda3/envs/multiresolution_mesh_creator/lib/python3.7/site-packages/distributed/nanny.py", line 904, in _run
    loop.run_sync(do_stop)
  File "/groups/scicompsoft/home/ackermand/miniconda3/envs/multiresolution_mesh_creator/lib/python3.7/site-packages/tornado/ioloop.py", line 524, in run_sync
    self.start()
  File "/groups/scicompsoft/home/ackermand/miniconda3/envs/multiresolution_mesh_creator/lib/python3.7/site-packages/tornado/platform/asyncio.py", line 197, in start
    self._setup_logging()
  File "/groups/scicompsoft/home/ackermand/miniconda3/envs/multiresolution_mesh_creator/lib/python3.7/site-packages/tornado/ioloop.py", line 439, in _setup_logging
    logging.getLogger("tornado").handlers,
  File "/groups/scicompsoft/home/ackermand/miniconda3/envs/multiresolution_mesh_creator/lib/python3.7/logging/__init__.py", line 1935, in getLogger
    return Logger.manager.getLogger(name)
KeyboardInterrupt
[2021-10-22 18:25:04,504] INFO reaping stray process <SpawnProcess(Dask Worker process (from Nanny), started daemon)>
[2021-10-22 18:25:04,504] INFO reaping stray process <SpawnProcess(Dask Worker process (from Nanny), started daemon)>
Process Dask Worker process (from Nanny):
Traceback (most recent call last):
  File "/groups/scicompsoft/home/ackermand/miniconda3/envs/multiresolution_mesh_creator/lib/python3.7/site-packages/distributed/nanny.py", line 897, in _run
    loop.run_sync(run)
  File "/groups/scicompsoft/home/ackermand/miniconda3/envs/multiresolution_mesh_creator/lib/python3.7/site-packages/tornado/ioloop.py", line 524, in run_sync
    self.start()
  File "/groups/scicompsoft/home/ackermand/miniconda3/envs/multiresolution_mesh_creator/lib/python3.7/site-packages/tornado/platform/asyncio.py", line 199, in start
    self.asyncio_loop.run_forever()
  File "/groups/scicompsoft/home/ackermand/miniconda3/envs/multiresolution_mesh_creator/lib/python3.7/asyncio/base_events.py", line 541, in run_forever
    self._run_once()
  File "/groups/scicompsoft/home/ackermand/miniconda3/envs/multiresolution_mesh_creator/lib/python3.7/asyncio/base_events.py", line 1750, in _run_once
    event_list = self._selector.select(timeout)
  File "/groups/scicompsoft/home/ackermand/miniconda3/envs/multiresolution_mesh_creator/lib/python3.7/selectors.py", line 468, in select
    fd_event_list = self._selector.poll(timeout, max_ev)
KeyboardInterrupt

During handling of the above exception, another exception occurred:

Traceback (most recent call last):
  File "/groups/scicompsoft/home/ackermand/miniconda3/envs/multiresolution_mesh_creator/lib/python3.7/multiprocessing/process.py", line 297, in _bootstrap
    self.run()
  File "/groups/scicompsoft/home/ackermand/miniconda3/envs/multiresolution_mesh_creator/lib/python3.7/multiprocessing/process.py", line 99, in run
    self._target(*self._args, **self._kwargs)
  File "/groups/scicompsoft/home/ackermand/miniconda3/envs/multiresolution_mesh_creator/lib/python3.7/site-packages/distributed/process.py", line 191, in _run
    target(*args, **kwargs)
  File "/groups/scicompsoft/home/ackermand/miniconda3/envs/multiresolution_mesh_creator/lib/python3.7/site-packages/distributed/nanny.py", line 904, in _run
    loop.run_sync(do_stop)
  File "/groups/scicompsoft/home/ackermand/miniconda3/envs/multiresolution_mesh_creator/lib/python3.7/site-packages/tornado/ioloop.py", line 524, in run_sync
    self.start()
  File "/groups/scicompsoft/home/ackermand/miniconda3/envs/multiresolution_mesh_creator/lib/python3.7/site-packages/tornado/platform/asyncio.py", line 197, in start
    self._setup_logging()
  File "/groups/scicompsoft/home/ackermand/miniconda3/envs/multiresolution_mesh_creator/lib/python3.7/site-packages/tornado/ioloop.py", line 439, in _setup_logging
    logging.getLogger("tornado").handlers,
  File "/groups/scicompsoft/home/ackermand/miniconda3/envs/multiresolution_mesh_creator/lib/python3.7/logging/__init__.py", line 1935, in getLogger
    return Logger.manager.getLogger(name)
  File "/groups/scicompsoft/home/ackermand/miniconda3/envs/multiresolution_mesh_creator/lib/python3.7/logging/__init__.py", line 1230, in getLogger
    _acquireLock()
KeyboardInterrupt
Process Dask Worker process (from Nanny):
Traceback (most recent call last):
  File "/groups/scicompsoft/home/ackermand/miniconda3/envs/multiresolution_mesh_creator/lib/python3.7/site-packages/distributed/nanny.py", line 897, in _run
    loop.run_sync(run)
  File "/groups/scicompsoft/home/ackermand/miniconda3/envs/multiresolution_mesh_creator/lib/python3.7/site-packages/tornado/ioloop.py", line 524, in run_sync
    self.start()
  File "/groups/scicompsoft/home/ackermand/miniconda3/envs/multiresolution_mesh_creator/lib/python3.7/site-packages/tornado/platform/asyncio.py", line 199, in start
    self.asyncio_loop.run_forever()
  File "/groups/scicompsoft/home/ackermand/miniconda3/envs/multiresolution_mesh_creator/lib/python3.7/asyncio/base_events.py", line 541, in run_forever
    self._run_once()
  File "/groups/scicompsoft/home/ackermand/miniconda3/envs/multiresolution_mesh_creator/lib/python3.7/asyncio/base_events.py", line 1750, in _run_once
    event_list = self._selector.select(timeout)
  File "/groups/scicompsoft/home/ackermand/miniconda3/envs/multiresolution_mesh_creator/lib/python3.7/selectors.py", line 468, in select
    fd_event_list = self._selector.poll(timeout, max_ev)
KeyboardInterrupt

During handling of the above exception, another exception occurred:

Traceback (most recent call last):
  File "/groups/scicompsoft/home/ackermand/miniconda3/envs/multiresolution_mesh_creator/lib/python3.7/multiprocessing/process.py", line 297, in _bootstrap
    self.run()
  File "/groups/scicompsoft/home/ackermand/miniconda3/envs/multiresolution_mesh_creator/lib/python3.7/multiprocessing/process.py", line 99, in run
    self._target(*self._args, **self._kwargs)
  File "/groups/scicompsoft/home/ackermand/miniconda3/envs/multiresolution_mesh_creator/lib/python3.7/site-packages/distributed/process.py", line 191, in _run
    target(*args, **kwargs)
  File "/groups/scicompsoft/home/ackermand/miniconda3/envs/multiresolution_mesh_creator/lib/python3.7/site-packages/distributed/nanny.py", line 904, in _run
    loop.run_sync(do_stop)
  File "/groups/scicompsoft/home/ackermand/miniconda3/envs/multiresolution_mesh_creator/lib/python3.7/site-packages/tornado/ioloop.py", line 524, in run_sync
    self.start()
  File "/groups/scicompsoft/home/ackermand/miniconda3/envs/multiresolution_mesh_creator/lib/python3.7/site-packages/tornado/platform/asyncio.py", line 199, in start
    self.asyncio_loop.run_forever()
  File "/groups/scicompsoft/home/ackermand/miniconda3/envs/multiresolution_mesh_creator/lib/python3.7/asyncio/base_events.py", line 541, in run_forever
    self._run_once()
  File "/groups/scicompsoft/home/ackermand/miniconda3/envs/multiresolution_mesh_creator/lib/python3.7/asyncio/base_events.py", line 1786, in _run_once
    handle._run()
  File "/groups/scicompsoft/home/ackermand/miniconda3/envs/multiresolution_mesh_creator/lib/python3.7/asyncio/events.py", line 88, in _run
    self._context.run(self._callback, *self._args)
  File "/groups/scicompsoft/home/ackermand/miniconda3/envs/multiresolution_mesh_creator/lib/python3.7/site-packages/tornado/ioloop.py", line 741, in _run_callback
    ret = callback()
  File "/groups/scicompsoft/home/ackermand/miniconda3/envs/multiresolution_mesh_creator/lib/python3.7/site-packages/tornado/ioloop.py", line 494, in run
    from tornado.gen import convert_yielded
  File "<frozen importlib._bootstrap>", line 1009, in _handle_fromlist
KeyboardInterrupt
/groups/scicompsoft/home/ackermand/miniconda3/envs/multiresolution_mesh_creator/lib/python3.7/multiprocessing/process.py:313: RuntimeWarning: coroutine 'WorkerProcess._run.<locals>.do_stop' was never awaited
  traceback.print_exc()
Process Dask Worker process (from Nanny):
Traceback (most recent call last):
  File "/groups/scicompsoft/home/ackermand/miniconda3/envs/multiresolution_mesh_creator/lib/python3.7/site-packages/distributed/nanny.py", line 897, in _run
    loop.run_sync(run)
  File "/groups/scicompsoft/home/ackermand/miniconda3/envs/multiresolution_mesh_creator/lib/python3.7/site-packages/tornado/ioloop.py", line 524, in run_sync
    self.start()
  File "/groups/scicompsoft/home/ackermand/miniconda3/envs/multiresolution_mesh_creator/lib/python3.7/site-packages/tornado/platform/asyncio.py", line 199, in start
    self.asyncio_loop.run_forever()
  File "/groups/scicompsoft/home/ackermand/miniconda3/envs/multiresolution_mesh_creator/lib/python3.7/asyncio/base_events.py", line 541, in run_forever
    self._run_once()
  File "/groups/scicompsoft/home/ackermand/miniconda3/envs/multiresolution_mesh_creator/lib/python3.7/asyncio/base_events.py", line 1750, in _run_once
    event_list = self._selector.select(timeout)
  File "/groups/scicompsoft/home/ackermand/miniconda3/envs/multiresolution_mesh_creator/lib/python3.7/selectors.py", line 468, in select
    fd_event_list = self._selector.poll(timeout, max_ev)
KeyboardInterrupt

During handling of the above exception, another exception occurred:

Traceback (most recent call last):
  File "/groups/scicompsoft/home/ackermand/miniconda3/envs/multiresolution_mesh_creator/lib/python3.7/multiprocessing/process.py", line 297, in _bootstrap
    self.run()
  File "/groups/scicompsoft/home/ackermand/miniconda3/envs/multiresolution_mesh_creator/lib/python3.7/multiprocessing/process.py", line 99, in run
    self._target(*self._args, **self._kwargs)
  File "/groups/scicompsoft/home/ackermand/miniconda3/envs/multiresolution_mesh_creator/lib/python3.7/site-packages/distributed/process.py", line 191, in _run
    target(*args, **kwargs)
  File "/groups/scicompsoft/home/ackermand/miniconda3/envs/multiresolution_mesh_creator/lib/python3.7/site-packages/distributed/nanny.py", line 904, in _run
    loop.run_sync(do_stop)
  File "/groups/scicompsoft/home/ackermand/miniconda3/envs/multiresolution_mesh_creator/lib/python3.7/site-packages/tornado/ioloop.py", line 524, in run_sync
    self.start()
  File "/groups/scicompsoft/home/ackermand/miniconda3/envs/multiresolution_mesh_creator/lib/python3.7/site-packages/tornado/platform/asyncio.py", line 199, in start
    self.asyncio_loop.run_forever()
  File "/groups/scicompsoft/home/ackermand/miniconda3/envs/multiresolution_mesh_creator/lib/python3.7/asyncio/base_events.py", line 541, in run_forever
    self._run_once()
  File "/groups/scicompsoft/home/ackermand/miniconda3/envs/multiresolution_mesh_creator/lib/python3.7/asyncio/base_events.py", line 1750, in _run_once
    event_list = self._selector.select(timeout)
  File "/groups/scicompsoft/home/ackermand/miniconda3/envs/multiresolution_mesh_creator/lib/python3.7/selectors.py", line 464, in select
    max_ev = max(len(self._fd_to_key), 1)
KeyboardInterrupt
Process Dask Worker process (from Nanny):
Traceback (most recent call last):
  File "/groups/scicompsoft/home/ackermand/miniconda3/envs/multiresolution_mesh_creator/lib/python3.7/site-packages/distributed/nanny.py", line 897, in _run
    loop.run_sync(run)
  File "/groups/scicompsoft/home/ackermand/miniconda3/envs/multiresolution_mesh_creator/lib/python3.7/site-packages/tornado/ioloop.py", line 524, in run_sync
    self.start()
  File "/groups/scicompsoft/home/ackermand/miniconda3/envs/multiresolution_mesh_creator/lib/python3.7/site-packages/tornado/platform/asyncio.py", line 199, in start
    self.asyncio_loop.run_forever()
  File "/groups/scicompsoft/home/ackermand/miniconda3/envs/multiresolution_mesh_creator/lib/python3.7/asyncio/base_events.py", line 541, in run_forever
    self._run_once()
  File "/groups/scicompsoft/home/ackermand/miniconda3/envs/multiresolution_mesh_creator/lib/python3.7/asyncio/base_events.py", line 1750, in _run_once
    event_list = self._selector.select(timeout)
  File "/groups/scicompsoft/home/ackermand/miniconda3/envs/multiresolution_mesh_creator/lib/python3.7/selectors.py", line 468, in select
    fd_event_list = self._selector.poll(timeout, max_ev)
KeyboardInterrupt

During handling of the above exception, another exception occurred:

Traceback (most recent call last):
  File "/groups/scicompsoft/home/ackermand/miniconda3/envs/multiresolution_mesh_creator/lib/python3.7/multiprocessing/process.py", line 297, in _bootstrap
    self.run()
  File "/groups/scicompsoft/home/ackermand/miniconda3/envs/multiresolution_mesh_creator/lib/python3.7/multiprocessing/process.py", line 99, in run
    self._target(*self._args, **self._kwargs)
  File "/groups/scicompsoft/home/ackermand/miniconda3/envs/multiresolution_mesh_creator/lib/python3.7/site-packages/distributed/process.py", line 191, in _run
    target(*args, **kwargs)
  File "/groups/scicompsoft/home/ackermand/miniconda3/envs/multiresolution_mesh_creator/lib/python3.7/site-packages/distributed/nanny.py", line 904, in _run
    loop.run_sync(do_stop)
KeyboardInterrupt
Process Dask Worker process (from Nanny):
Traceback (most recent call last):
  File "/groups/scicompsoft/home/ackermand/miniconda3/envs/multiresolution_mesh_creator/lib/python3.7/site-packages/distributed/nanny.py", line 897, in _run
    loop.run_sync(run)
  File "/groups/scicompsoft/home/ackermand/miniconda3/envs/multiresolution_mesh_creator/lib/python3.7/site-packages/tornado/ioloop.py", line 524, in run_sync
    self.start()
  File "/groups/scicompsoft/home/ackermand/miniconda3/envs/multiresolution_mesh_creator/lib/python3.7/site-packages/tornado/platform/asyncio.py", line 199, in start
    self.asyncio_loop.run_forever()
  File "/groups/scicompsoft/home/ackermand/miniconda3/envs/multiresolution_mesh_creator/lib/python3.7/asyncio/base_events.py", line 541, in run_forever
    self._run_once()
  File "/groups/scicompsoft/home/ackermand/miniconda3/envs/multiresolution_mesh_creator/lib/python3.7/asyncio/base_events.py", line 1750, in _run_once
    event_list = self._selector.select(timeout)
  File "/groups/scicompsoft/home/ackermand/miniconda3/envs/multiresolution_mesh_creator/lib/python3.7/selectors.py", line 468, in select
    fd_event_list = self._selector.poll(timeout, max_ev)
KeyboardInterrupt

During handling of the above exception, another exception occurred:

Traceback (most recent call last):
  File "/groups/scicompsoft/home/ackermand/miniconda3/envs/multiresolution_mesh_creator/lib/python3.7/multiprocessing/process.py", line 297, in _bootstrap
    self.run()
  File "/groups/scicompsoft/home/ackermand/miniconda3/envs/multiresolution_mesh_creator/lib/python3.7/multiprocessing/process.py", line 99, in run
    self._target(*self._args, **self._kwargs)
  File "/groups/scicompsoft/home/ackermand/miniconda3/envs/multiresolution_mesh_creator/lib/python3.7/site-packages/distributed/process.py", line 191, in _run
    target(*args, **kwargs)
  File "/groups/scicompsoft/home/ackermand/miniconda3/envs/multiresolution_mesh_creator/lib/python3.7/site-packages/distributed/nanny.py", line 904, in _run
    loop.run_sync(do_stop)
  File "/groups/scicompsoft/home/ackermand/miniconda3/envs/multiresolution_mesh_creator/lib/python3.7/site-packages/tornado/ioloop.py", line 524, in run_sync
    self.start()
  File "/groups/scicompsoft/home/ackermand/miniconda3/envs/multiresolution_mesh_creator/lib/python3.7/site-packages/tornado/platform/asyncio.py", line 193, in start
    old_loop = asyncio.get_event_loop()
  File "/groups/scicompsoft/home/ackermand/miniconda3/envs/multiresolution_mesh_creator/lib/python3.7/site-packages/distributed/utils.py", line 1060, in get_event_loop
    return super().get_event_loop()
  File "/groups/scicompsoft/home/ackermand/miniconda3/envs/multiresolution_mesh_creator/lib/python3.7/asyncio/events.py", line 632, in get_event_loop
    def get_event_loop(self):
KeyboardInterrupt
[2021-10-22 18:25:04,504] INFO reaping stray process <SpawnProcess(Dask Worker process (from Nanny), started daemon)>
[2021-10-22 18:25:04,504] INFO reaping stray process <SpawnProcess(Dask Worker process (from Nanny), started daemon)>
Process Dask Worker process (from Nanny):
Traceback (most recent call last):
  File "/groups/scicompsoft/home/ackermand/miniconda3/envs/multiresolution_mesh_creator/lib/python3.7/site-packages/distributed/nanny.py", line 897, in _run
    loop.run_sync(run)
  File "/groups/scicompsoft/home/ackermand/miniconda3/envs/multiresolution_mesh_creator/lib/python3.7/site-packages/tornado/ioloop.py", line 524, in run_sync
    self.start()
  File "/groups/scicompsoft/home/ackermand/miniconda3/envs/multiresolution_mesh_creator/lib/python3.7/site-packages/tornado/platform/asyncio.py", line 199, in start
    self.asyncio_loop.run_forever()
  File "/groups/scicompsoft/home/ackermand/miniconda3/envs/multiresolution_mesh_creator/lib/python3.7/asyncio/base_events.py", line 541, in run_forever
    self._run_once()
  File "/groups/scicompsoft/home/ackermand/miniconda3/envs/multiresolution_mesh_creator/lib/python3.7/asyncio/base_events.py", line 1750, in _run_once
    event_list = self._selector.select(timeout)
  File "/groups/scicompsoft/home/ackermand/miniconda3/envs/multiresolution_mesh_creator/lib/python3.7/selectors.py", line 468, in select
    fd_event_list = self._selector.poll(timeout, max_ev)
KeyboardInterrupt

During handling of the above exception, another exception occurred:

Traceback (most recent call last):
  File "/groups/scicompsoft/home/ackermand/miniconda3/envs/multiresolution_mesh_creator/lib/python3.7/multiprocessing/process.py", line 297, in _bootstrap
    self.run()
  File "/groups/scicompsoft/home/ackermand/miniconda3/envs/multiresolution_mesh_creator/lib/python3.7/multiprocessing/process.py", line 99, in run
    self._target(*self._args, **self._kwargs)
  File "/groups/scicompsoft/home/ackermand/miniconda3/envs/multiresolution_mesh_creator/lib/python3.7/site-packages/distributed/process.py", line 191, in _run
    target(*args, **kwargs)
  File "/groups/scicompsoft/home/ackermand/miniconda3/envs/multiresolution_mesh_creator/lib/python3.7/site-packages/distributed/nanny.py", line 904, in _run
    loop.run_sync(do_stop)
  File "/groups/scicompsoft/home/ackermand/miniconda3/envs/multiresolution_mesh_creator/lib/python3.7/site-packages/tornado/ioloop.py", line 524, in run_sync
    self.start()
  File "/groups/scicompsoft/home/ackermand/miniconda3/envs/multiresolution_mesh_creator/lib/python3.7/site-packages/tornado/platform/asyncio.py", line 199, in start
    self.asyncio_loop.run_forever()
  File "/groups/scicompsoft/home/ackermand/miniconda3/envs/multiresolution_mesh_creator/lib/python3.7/asyncio/base_events.py", line 541, in run_forever
    self._run_once()
  File "/groups/scicompsoft/home/ackermand/miniconda3/envs/multiresolution_mesh_creator/lib/python3.7/asyncio/base_events.py", line 1755, in _run_once
    while self._scheduled:
KeyboardInterrupt
Process Dask Worker process (from Nanny):
Traceback (most recent call last):
  File "/groups/scicompsoft/home/ackermand/miniconda3/envs/multiresolution_mesh_creator/lib/python3.7/asyncio/base_events.py", line 541, in run_forever
    self._run_once()
  File "/groups/scicompsoft/home/ackermand/miniconda3/envs/multiresolution_mesh_creator/lib/python3.7/asyncio/base_events.py", line 1750, in _run_once
    event_list = self._selector.select(timeout)
  File "/groups/scicompsoft/home/ackermand/miniconda3/envs/multiresolution_mesh_creator/lib/python3.7/selectors.py", line 468, in select
    fd_event_list = self._selector.poll(timeout, max_ev)
KeyboardInterrupt

During handling of the above exception, another exception occurred:

Traceback (most recent call last):
  File "/groups/scicompsoft/home/ackermand/miniconda3/envs/multiresolution_mesh_creator/lib/python3.7/site-packages/distributed/nanny.py", line 897, in _run
    loop.run_sync(run)
  File "/groups/scicompsoft/home/ackermand/miniconda3/envs/multiresolution_mesh_creator/lib/python3.7/site-packages/tornado/ioloop.py", line 524, in run_sync
    self.start()
  File "/groups/scicompsoft/home/ackermand/miniconda3/envs/multiresolution_mesh_creator/lib/python3.7/site-packages/tornado/platform/asyncio.py", line 199, in start
    self.asyncio_loop.run_forever()
  File "/groups/scicompsoft/home/ackermand/miniconda3/envs/multiresolution_mesh_creator/lib/python3.7/asyncio/base_events.py", line 541, in run_forever
    self._run_once()
KeyboardInterrupt

During handling of the above exception, another exception occurred:

Traceback (most recent call last):
  File "/groups/scicompsoft/home/ackermand/miniconda3/envs/multiresolution_mesh_creator/lib/python3.7/multiprocessing/process.py", line 297, in _bootstrap
    self.run()
  File "/groups/scicompsoft/home/ackermand/miniconda3/envs/multiresolution_mesh_creator/lib/python3.7/multiprocessing/process.py", line 99, in run
    self._target(*self._args, **self._kwargs)
  File "/groups/scicompsoft/home/ackermand/miniconda3/envs/multiresolution_mesh_creator/lib/python3.7/site-packages/distributed/process.py", line 191, in _run
    target(*args, **kwargs)
  File "/groups/scicompsoft/home/ackermand/miniconda3/envs/multiresolution_mesh_creator/lib/python3.7/site-packages/distributed/nanny.py", line 904, in _run
    loop.run_sync(do_stop)
  File "/groups/scicompsoft/home/ackermand/miniconda3/envs/multiresolution_mesh_creator/lib/python3.7/site-packages/tornado/ioloop.py", line 524, in run_sync
    self.start()
  File "/groups/scicompsoft/home/ackermand/miniconda3/envs/multiresolution_mesh_creator/lib/python3.7/site-packages/tornado/platform/asyncio.py", line 199, in start
    self.asyncio_loop.run_forever()
  File "/groups/scicompsoft/home/ackermand/miniconda3/envs/multiresolution_mesh_creator/lib/python3.7/asyncio/base_events.py", line 531, in run_forever
    self._check_runnung()
  File "/groups/scicompsoft/home/ackermand/miniconda3/envs/multiresolution_mesh_creator/lib/python3.7/asyncio/base_events.py", line 523, in _check_runnung
    raise RuntimeError('This event loop is already running')
RuntimeError: This event loop is already running
Process Dask Worker process (from Nanny):
Traceback (most recent call last):
  File "/groups/scicompsoft/home/ackermand/miniconda3/envs/multiresolution_mesh_creator/lib/python3.7/site-packages/distributed/nanny.py", line 897, in _run
    loop.run_sync(run)
  File "/groups/scicompsoft/home/ackermand/miniconda3/envs/multiresolution_mesh_creator/lib/python3.7/site-packages/tornado/ioloop.py", line 524, in run_sync
    self.start()
  File "/groups/scicompsoft/home/ackermand/miniconda3/envs/multiresolution_mesh_creator/lib/python3.7/site-packages/tornado/platform/asyncio.py", line 199, in start
    self.asyncio_loop.run_forever()
  File "/groups/scicompsoft/home/ackermand/miniconda3/envs/multiresolution_mesh_creator/lib/python3.7/asyncio/base_events.py", line 541, in run_forever
    self._run_once()
  File "/groups/scicompsoft/home/ackermand/miniconda3/envs/multiresolution_mesh_creator/lib/python3.7/asyncio/base_events.py", line 1750, in _run_once
    event_list = self._selector.select(timeout)
  File "/groups/scicompsoft/home/ackermand/miniconda3/envs/multiresolution_mesh_creator/lib/python3.7/selectors.py", line 468, in select
    fd_event_list = self._selector.poll(timeout, max_ev)
KeyboardInterrupt

During handling of the above exception, another exception occurred:

Traceback (most recent call last):
  File "/groups/scicompsoft/home/ackermand/miniconda3/envs/multiresolution_mesh_creator/lib/python3.7/multiprocessing/process.py", line 297, in _bootstrap
    self.run()
  File "/groups/scicompsoft/home/ackermand/miniconda3/envs/multiresolution_mesh_creator/lib/python3.7/multiprocessing/process.py", line 99, in run
    self._target(*self._args, **self._kwargs)
  File "/groups/scicompsoft/home/ackermand/miniconda3/envs/multiresolution_mesh_creator/lib/python3.7/site-packages/distributed/process.py", line 191, in _run
    target(*args, **kwargs)
  File "/groups/scicompsoft/home/ackermand/miniconda3/envs/multiresolution_mesh_creator/lib/python3.7/site-packages/distributed/nanny.py", line 904, in _run
    loop.run_sync(do_stop)
  File "/groups/scicompsoft/home/ackermand/miniconda3/envs/multiresolution_mesh_creator/lib/python3.7/site-packages/tornado/ioloop.py", line 524, in run_sync
    self.start()
  File "/groups/scicompsoft/home/ackermand/miniconda3/envs/multiresolution_mesh_creator/lib/python3.7/site-packages/tornado/platform/asyncio.py", line 197, in start
    self._setup_logging()
  File "/groups/scicompsoft/home/ackermand/miniconda3/envs/multiresolution_mesh_creator/lib/python3.7/site-packages/tornado/ioloop.py", line 439, in _setup_logging
    logging.getLogger("tornado").handlers,
  File "/groups/scicompsoft/home/ackermand/miniconda3/envs/multiresolution_mesh_creator/lib/python3.7/logging/__init__.py", line 1935, in getLogger
    return Logger.manager.getLogger(name)
  File "/groups/scicompsoft/home/ackermand/miniconda3/envs/multiresolution_mesh_creator/lib/python3.7/logging/__init__.py", line 1232, in getLogger
    if name in self.loggerDict:
KeyboardInterrupt
Process Dask Worker process (from Nanny):
Traceback (most recent call last):
  File "/groups/scicompsoft/home/ackermand/miniconda3/envs/multiresolution_mesh_creator/lib/python3.7/site-packages/distributed/nanny.py", line 897, in _run
    loop.run_sync(run)
  File "/groups/scicompsoft/home/ackermand/miniconda3/envs/multiresolution_mesh_creator/lib/python3.7/site-packages/tornado/ioloop.py", line 524, in run_sync
    self.start()
  File "/groups/scicompsoft/home/ackermand/miniconda3/envs/multiresolution_mesh_creator/lib/python3.7/site-packages/tornado/platform/asyncio.py", line 199, in start
    self.asyncio_loop.run_forever()
  File "/groups/scicompsoft/home/ackermand/miniconda3/envs/multiresolution_mesh_creator/lib/python3.7/asyncio/base_events.py", line 541, in run_forever
    self._run_once()
  File "/groups/scicompsoft/home/ackermand/miniconda3/envs/multiresolution_mesh_creator/lib/python3.7/asyncio/base_events.py", line 1750, in _run_once
    event_list = self._selector.select(timeout)
  File "/groups/scicompsoft/home/ackermand/miniconda3/envs/multiresolution_mesh_creator/lib/python3.7/selectors.py", line 468, in select
    fd_event_list = self._selector.poll(timeout, max_ev)
KeyboardInterrupt

During handling of the above exception, another exception occurred:

Traceback (most recent call last):
  File "/groups/scicompsoft/home/ackermand/miniconda3/envs/multiresolution_mesh_creator/lib/python3.7/multiprocessing/process.py", line 297, in _bootstrap
    self.run()
  File "/groups/scicompsoft/home/ackermand/miniconda3/envs/multiresolution_mesh_creator/lib/python3.7/multiprocessing/process.py", line 99, in run
    self._target(*self._args, **self._kwargs)
  File "/groups/scicompsoft/home/ackermand/miniconda3/envs/multiresolution_mesh_creator/lib/python3.7/site-packages/distributed/process.py", line 191, in _run
    target(*args, **kwargs)
  File "/groups/scicompsoft/home/ackermand/miniconda3/envs/multiresolution_mesh_creator/lib/python3.7/site-packages/distributed/nanny.py", line 904, in _run
    loop.run_sync(do_stop)
  File "/groups/scicompsoft/home/ackermand/miniconda3/envs/multiresolution_mesh_creator/lib/python3.7/site-packages/tornado/ioloop.py", line 524, in run_sync
    self.start()
  File "/groups/scicompsoft/home/ackermand/miniconda3/envs/multiresolution_mesh_creator/lib/python3.7/site-packages/tornado/platform/asyncio.py", line 199, in start
    self.asyncio_loop.run_forever()
  File "/groups/scicompsoft/home/ackermand/miniconda3/envs/multiresolution_mesh_creator/lib/python3.7/asyncio/base_events.py", line 541, in run_forever
    self._run_once()
  File "/groups/scicompsoft/home/ackermand/miniconda3/envs/multiresolution_mesh_creator/lib/python3.7/asyncio/base_events.py", line 1786, in _run_once
    handle._run()
  File "/groups/scicompsoft/home/ackermand/miniconda3/envs/multiresolution_mesh_creator/lib/python3.7/asyncio/events.py", line 88, in _run
    self._context.run(self._callback, *self._args)
  File "/groups/scicompsoft/home/ackermand/miniconda3/envs/multiresolution_mesh_creator/lib/python3.7/site-packages/distributed/nanny.py", line 825, in do_stop
    timeout=timeout,
  File "/groups/scicompsoft/home/ackermand/miniconda3/envs/multiresolution_mesh_creator/lib/python3.7/site-packages/distributed/worker.py", line 1225, in close
    with log_errors():
  File "/groups/scicompsoft/home/ackermand/miniconda3/envs/multiresolution_mesh_creator/lib/python3.7/contextlib.py", line 239, in helper
    return _GeneratorContextManager(func, args, kwds)
  File "/groups/scicompsoft/home/ackermand/miniconda3/envs/multiresolution_mesh_creator/lib/python3.7/contextlib.py", line 82, in __init__
    self.gen = func(*args, **kwds)
KeyboardInterrupt
[2021-10-22 18:25:04,504] INFO reaping stray process <SpawnProcess(Dask Worker process (from Nanny), started daemon)>
[2021-10-22 18:25:04,504] INFO reaping stray process <SpawnProcess(Dask Worker process (from Nanny), started daemon)>
Process Dask Worker process (from Nanny):
Traceback (most recent call last):
  File "/groups/scicompsoft/home/ackermand/miniconda3/envs/multiresolution_mesh_creator/lib/python3.7/site-packages/distributed/nanny.py", line 897, in _run
    loop.run_sync(run)
  File "/groups/scicompsoft/home/ackermand/miniconda3/envs/multiresolution_mesh_creator/lib/python3.7/site-packages/tornado/ioloop.py", line 524, in run_sync
    self.start()
  File "/groups/scicompsoft/home/ackermand/miniconda3/envs/multiresolution_mesh_creator/lib/python3.7/site-packages/tornado/platform/asyncio.py", line 199, in start
    self.asyncio_loop.run_forever()
  File "/groups/scicompsoft/home/ackermand/miniconda3/envs/multiresolution_mesh_creator/lib/python3.7/asyncio/base_events.py", line 541, in run_forever
    self._run_once()
  File "/groups/scicompsoft/home/ackermand/miniconda3/envs/multiresolution_mesh_creator/lib/python3.7/asyncio/base_events.py", line 1750, in _run_once
    event_list = self._selector.select(timeout)
  File "/groups/scicompsoft/home/ackermand/miniconda3/envs/multiresolution_mesh_creator/lib/python3.7/selectors.py", line 468, in select
    fd_event_list = self._selector.poll(timeout, max_ev)
KeyboardInterrupt

During handling of the above exception, another exception occurred:

Traceback (most recent call last):
  File "/groups/scicompsoft/home/ackermand/miniconda3/envs/multiresolution_mesh_creator/lib/python3.7/multiprocessing/process.py", line 297, in _bootstrap
    self.run()
  File "/groups/scicompsoft/home/ackermand/miniconda3/envs/multiresolution_mesh_creator/lib/python3.7/multiprocessing/process.py", line 99, in run
    self._target(*self._args, **self._kwargs)
  File "/groups/scicompsoft/home/ackermand/miniconda3/envs/multiresolution_mesh_creator/lib/python3.7/site-packages/distributed/process.py", line 191, in _run
    target(*args, **kwargs)
  File "/groups/scicompsoft/home/ackermand/miniconda3/envs/multiresolution_mesh_creator/lib/python3.7/site-packages/distributed/nanny.py", line 904, in _run
    loop.run_sync(do_stop)
  File "/groups/scicompsoft/home/ackermand/miniconda3/envs/multiresolution_mesh_creator/lib/python3.7/site-packages/tornado/ioloop.py", line 524, in run_sync
    self.start()
  File "/groups/scicompsoft/home/ackermand/miniconda3/envs/multiresolution_mesh_creator/lib/python3.7/site-packages/tornado/platform/asyncio.py", line 199, in start
    self.asyncio_loop.run_forever()
  File "/groups/scicompsoft/home/ackermand/miniconda3/envs/multiresolution_mesh_creator/lib/python3.7/asyncio/base_events.py", line 537, in run_forever
    finalizer=self._asyncgen_finalizer_hook)
KeyboardInterrupt
Process Dask Worker process (from Nanny):
Traceback (most recent call last):
  File "/groups/scicompsoft/home/ackermand/miniconda3/envs/multiresolution_mesh_creator/lib/python3.7/site-packages/distributed/nanny.py", line 897, in _run
    loop.run_sync(run)
  File "/groups/scicompsoft/home/ackermand/miniconda3/envs/multiresolution_mesh_creator/lib/python3.7/site-packages/tornado/ioloop.py", line 524, in run_sync
    self.start()
  File "/groups/scicompsoft/home/ackermand/miniconda3/envs/multiresolution_mesh_creator/lib/python3.7/site-packages/tornado/platform/asyncio.py", line 199, in start
    self.asyncio_loop.run_forever()
  File "/groups/scicompsoft/home/ackermand/miniconda3/envs/multiresolution_mesh_creator/lib/python3.7/asyncio/base_events.py", line 541, in run_forever
    self._run_once()
  File "/groups/scicompsoft/home/ackermand/miniconda3/envs/multiresolution_mesh_creator/lib/python3.7/asyncio/base_events.py", line 1750, in _run_once
    event_list = self._selector.select(timeout)
  File "/groups/scicompsoft/home/ackermand/miniconda3/envs/multiresolution_mesh_creator/lib/python3.7/selectors.py", line 468, in select
    fd_event_list = self._selector.poll(timeout, max_ev)
KeyboardInterrupt

During handling of the above exception, another exception occurred:

Traceback (most recent call last):
  File "/groups/scicompsoft/home/ackermand/miniconda3/envs/multiresolution_mesh_creator/lib/python3.7/multiprocessing/process.py", line 297, in _bootstrap
    self.run()
  File "/groups/scicompsoft/home/ackermand/miniconda3/envs/multiresolution_mesh_creator/lib/python3.7/multiprocessing/process.py", line 99, in run
    self._target(*self._args, **self._kwargs)
  File "/groups/scicompsoft/home/ackermand/miniconda3/envs/multiresolution_mesh_creator/lib/python3.7/site-packages/distributed/process.py", line 191, in _run
    target(*args, **kwargs)
  File "/groups/scicompsoft/home/ackermand/miniconda3/envs/multiresolution_mesh_creator/lib/python3.7/site-packages/distributed/nanny.py", line 904, in _run
    loop.run_sync(do_stop)
  File "/groups/scicompsoft/home/ackermand/miniconda3/envs/multiresolution_mesh_creator/lib/python3.7/site-packages/tornado/ioloop.py", line 524, in run_sync
    self.start()
  File "/groups/scicompsoft/home/ackermand/miniconda3/envs/multiresolution_mesh_creator/lib/python3.7/site-packages/tornado/platform/asyncio.py", line 197, in start
    self._setup_logging()
  File "/groups/scicompsoft/home/ackermand/miniconda3/envs/multiresolution_mesh_creator/lib/python3.7/site-packages/tornado/ioloop.py", line 439, in _setup_logging
    logging.getLogger("tornado").handlers,
  File "/groups/scicompsoft/home/ackermand/miniconda3/envs/multiresolution_mesh_creator/lib/python3.7/logging/__init__.py", line 1935, in getLogger
    return Logger.manager.getLogger(name)
  File "/groups/scicompsoft/home/ackermand/miniconda3/envs/multiresolution_mesh_creator/lib/python3.7/logging/__init__.py", line 1230, in getLogger
    _acquireLock()
  File "/groups/scicompsoft/home/ackermand/miniconda3/envs/multiresolution_mesh_creator/lib/python3.7/logging/__init__.py", line 219, in _acquireLock
    _lock.acquire()
KeyboardInterrupt
[2021-10-22 18:25:04,505] INFO reaping stray process <SpawnProcess(Dask Worker process (from Nanny), started daemon)>
[2021-10-22 18:25:04,505] INFO reaping stray process <SpawnProcess(Dask Worker process (from Nanny), started daemon)>
Process Dask Worker process (from Nanny):
Traceback (most recent call last):
  File "/groups/scicompsoft/home/ackermand/miniconda3/envs/multiresolution_mesh_creator/lib/python3.7/site-packages/distributed/nanny.py", line 897, in _run
    loop.run_sync(run)
  File "/groups/scicompsoft/home/ackermand/miniconda3/envs/multiresolution_mesh_creator/lib/python3.7/site-packages/tornado/ioloop.py", line 524, in run_sync
    self.start()
  File "/groups/scicompsoft/home/ackermand/miniconda3/envs/multiresolution_mesh_creator/lib/python3.7/site-packages/tornado/platform/asyncio.py", line 199, in start
    self.asyncio_loop.run_forever()
  File "/groups/scicompsoft/home/ackermand/miniconda3/envs/multiresolution_mesh_creator/lib/python3.7/asyncio/base_events.py", line 541, in run_forever
    self._run_once()
  File "/groups/scicompsoft/home/ackermand/miniconda3/envs/multiresolution_mesh_creator/lib/python3.7/asyncio/base_events.py", line 1750, in _run_once
    event_list = self._selector.select(timeout)
  File "/groups/scicompsoft/home/ackermand/miniconda3/envs/multiresolution_mesh_creator/lib/python3.7/selectors.py", line 468, in select
    fd_event_list = self._selector.poll(timeout, max_ev)
KeyboardInterrupt

During handling of the above exception, another exception occurred:

Traceback (most recent call last):
  File "/groups/scicompsoft/home/ackermand/miniconda3/envs/multiresolution_mesh_creator/lib/python3.7/multiprocessing/process.py", line 297, in _bootstrap
    self.run()
  File "/groups/scicompsoft/home/ackermand/miniconda3/envs/multiresolution_mesh_creator/lib/python3.7/multiprocessing/process.py", line 99, in run
    self._target(*self._args, **self._kwargs)
  File "/groups/scicompsoft/home/ackermand/miniconda3/envs/multiresolution_mesh_creator/lib/python3.7/site-packages/distributed/process.py", line 191, in _run
    target(*args, **kwargs)
  File "/groups/scicompsoft/home/ackermand/miniconda3/envs/multiresolution_mesh_creator/lib/python3.7/site-packages/distributed/nanny.py", line 904, in _run
    loop.run_sync(do_stop)
  File "/groups/scicompsoft/home/ackermand/miniconda3/envs/multiresolution_mesh_creator/lib/python3.7/site-packages/tornado/ioloop.py", line 524, in run_sync
    self.start()
  File "/groups/scicompsoft/home/ackermand/miniconda3/envs/multiresolution_mesh_creator/lib/python3.7/site-packages/tornado/platform/asyncio.py", line 197, in start
    self._setup_logging()
  File "/groups/scicompsoft/home/ackermand/miniconda3/envs/multiresolution_mesh_creator/lib/python3.7/site-packages/tornado/ioloop.py", line 439, in _setup_logging
    logging.getLogger("tornado").handlers,
  File "/groups/scicompsoft/home/ackermand/miniconda3/envs/multiresolution_mesh_creator/lib/python3.7/logging/__init__.py", line 1928, in getLogger
    def getLogger(name=None):
KeyboardInterrupt
[2021-10-22 18:25:04,505] INFO reaping stray process <SpawnProcess(Dask Worker process (from Nanny), started daemon)>
[2021-10-22 18:25:04,505] INFO reaping stray process <SpawnProcess(Dask Worker process (from Nanny), started daemon)>
[2021-10-22 18:25:04,505] INFO reaping stray process <SpawnProcess(Dask Worker process (from Nanny), started daemon)>
[2021-10-22 18:25:04,506] INFO reaping stray process <SpawnProcess(Dask Worker process (from Nanny), started daemon)>
[2021-10-22 18:25:04,506] INFO reaping stray process <SpawnProcess(Dask Worker process (from Nanny), started daemon)>
[2021-10-22 18:25:04,506] INFO reaping stray process <SpawnProcess(Dask Worker process (from Nanny), started daemon)>
[2021-10-22 18:25:04,506] INFO reaping stray process <SpawnProcess(Dask Worker process (from Nanny), started daemon)>
Process Dask Worker process (from Nanny):
Traceback (most recent call last):
  File "/groups/scicompsoft/home/ackermand/miniconda3/envs/multiresolution_mesh_creator/lib/python3.7/site-packages/distributed/nanny.py", line 897, in _run
    loop.run_sync(run)
  File "/groups/scicompsoft/home/ackermand/miniconda3/envs/multiresolution_mesh_creator/lib/python3.7/site-packages/tornado/ioloop.py", line 524, in run_sync
    self.start()
  File "/groups/scicompsoft/home/ackermand/miniconda3/envs/multiresolution_mesh_creator/lib/python3.7/site-packages/tornado/platform/asyncio.py", line 199, in start
    self.asyncio_loop.run_forever()
  File "/groups/scicompsoft/home/ackermand/miniconda3/envs/multiresolution_mesh_creator/lib/python3.7/asyncio/base_events.py", line 541, in run_forever
    self._run_once()
  File "/groups/scicompsoft/home/ackermand/miniconda3/envs/multiresolution_mesh_creator/lib/python3.7/asyncio/base_events.py", line 1750, in _run_once
    event_list = self._selector.select(timeout)
  File "/groups/scicompsoft/home/ackermand/miniconda3/envs/multiresolution_mesh_creator/lib/python3.7/selectors.py", line 468, in select
    fd_event_list = self._selector.poll(timeout, max_ev)
KeyboardInterrupt

During handling of the above exception, another exception occurred:

Traceback (most recent call last):
  File "/groups/scicompsoft/home/ackermand/miniconda3/envs/multiresolution_mesh_creator/lib/python3.7/multiprocessing/process.py", line 297, in _bootstrap
    self.run()
  File "/groups/scicompsoft/home/ackermand/miniconda3/envs/multiresolution_mesh_creator/lib/python3.7/multiprocessing/process.py", line 99, in run
    self._target(*self._args, **self._kwargs)
  File "/groups/scicompsoft/home/ackermand/miniconda3/envs/multiresolution_mesh_creator/lib/python3.7/site-packages/distributed/process.py", line 191, in _run
    target(*args, **kwargs)
  File "/groups/scicompsoft/home/ackermand/miniconda3/envs/multiresolution_mesh_creator/lib/python3.7/site-packages/distributed/nanny.py", line 904, in _run
    loop.run_sync(do_stop)
  File "/groups/scicompsoft/home/ackermand/miniconda3/envs/multiresolution_mesh_creator/lib/python3.7/site-packages/tornado/ioloop.py", line 524, in run_sync
    self.start()
  File "/groups/scicompsoft/home/ackermand/miniconda3/envs/multiresolution_mesh_creator/lib/python3.7/site-packages/tornado/platform/asyncio.py", line 199, in start
    self.asyncio_loop.run_forever()
  File "/groups/scicompsoft/home/ackermand/miniconda3/envs/multiresolution_mesh_creator/lib/python3.7/asyncio/base_events.py", line 541, in run_forever
    self._run_once()
  File "/groups/scicompsoft/home/ackermand/miniconda3/envs/multiresolution_mesh_creator/lib/python3.7/asyncio/base_events.py", line 1786, in _run_once
    handle._run()
  File "/groups/scicompsoft/home/ackermand/miniconda3/envs/multiresolution_mesh_creator/lib/python3.7/asyncio/events.py", line 88, in _run
    self._context.run(self._callback, *self._args)
  File "/groups/scicompsoft/home/ackermand/miniconda3/envs/multiresolution_mesh_creator/lib/python3.7/site-packages/tornado/ioloop.py", line 741, in _run_callback
    ret = callback()
  File "/groups/scicompsoft/home/ackermand/miniconda3/envs/multiresolution_mesh_creator/lib/python3.7/site-packages/tornado/ioloop.py", line 496, in run
    result = convert_yielded(result)
  File "/groups/scicompsoft/home/ackermand/miniconda3/envs/multiresolution_mesh_creator/lib/python3.7/functools.py", line 840, in wrapper
    return dispatch(args[0].__class__)(*args, **kw)
  File "/groups/scicompsoft/home/ackermand/miniconda3/envs/multiresolution_mesh_creator/lib/python3.7/functools.py", line 795, in dispatch
    impl = dispatch_cache[cls]
  File "/groups/scicompsoft/home/ackermand/miniconda3/envs/multiresolution_mesh_creator/lib/python3.7/weakref.py", line 395, in __getitem__
    def __getitem__(self, key):
KeyboardInterrupt
/groups/scicompsoft/home/ackermand/miniconda3/envs/multiresolution_mesh_creator/lib/python3.7/multiprocessing/process.py:313: RuntimeWarning: coroutine 'WorkerProcess._run.<locals>.do_stop' was never awaited
  traceback.print_exc()
[2021-10-22 18:25:04,506] INFO reaping stray process <SpawnProcess(Dask Worker process (from Nanny), started daemon)>
[2021-10-22 18:25:04,506] INFO reaping stray process <SpawnProcess(Dask Worker process (from Nanny), started daemon)>
[2021-10-22 18:25:04,506] INFO reaping stray process <SpawnProcess(Dask Worker process (from Nanny), started daemon)>
[2021-10-22 18:25:04,506] INFO reaping stray process <SpawnProcess(Dask Worker process (from Nanny), started daemon)>
[2021-10-22 18:25:04,507] INFO reaping stray process <SpawnProcess(Dask Worker process (from Nanny), started daemon)>
[2021-10-22 18:25:04,507] INFO reaping stray process <SpawnProcess(Dask Worker process (from Nanny), started daemon)>
[2021-10-22 18:25:04,507] INFO reaping stray process <SpawnProcess(Dask Worker process (from Nanny), started daemon)>
[2021-10-22 18:25:04,507] INFO reaping stray process <SpawnProcess(Dask Worker process (from Nanny), started daemon)>
[2021-10-22 18:25:04,507] INFO reaping stray process <SpawnProcess(Dask Worker process (from Nanny), started daemon)>
[2021-10-22 18:25:04,507] INFO reaping stray process <SpawnProcess(Dask Worker process (from Nanny), started daemon)>
[2021-10-22 18:25:04,507] INFO reaping stray process <SpawnProcess(Dask Worker process (from Nanny), started daemon)>
[2021-10-22 18:25:04,507] INFO reaping stray process <SpawnProcess(Dask Worker process (from Nanny), started daemon)>
[2021-10-22 18:25:04,507] INFO reaping stray process <SpawnProcess(Dask Worker process (from Nanny), started daemon)>
[2021-10-22 18:25:04,507] INFO reaping stray process <SpawnProcess(Dask Worker process (from Nanny), started daemon)>
[2021-10-22 18:25:04,507] INFO reaping stray process <SpawnProcess(Dask Worker process (from Nanny), started daemon)>
[2021-10-22 18:25:04,507] INFO reaping stray process <SpawnProcess(Dask Worker process (from Nanny), started daemon)>
[2021-10-22 18:25:04,507] INFO reaping stray process <SpawnProcess(Dask Worker process (from Nanny), started daemon)>
[2021-10-22 18:25:04,508] INFO reaping stray process <SpawnProcess(Dask Worker process (from Nanny), started daemon)>
[2021-10-22 18:25:04,508] INFO reaping stray process <SpawnProcess(Dask Worker process (from Nanny), started daemon)>
[2021-10-22 18:25:04,508] INFO reaping stray process <SpawnProcess(Dask Worker process (from Nanny), started daemon)>
[2021-10-22 18:25:04,508] INFO reaping stray process <SpawnProcess(Dask Worker process (from Nanny), started daemon)>
[2021-10-22 18:25:04,508] INFO reaping stray process <SpawnProcess(Dask Worker process (from Nanny), started daemon)>
[2021-10-22 18:25:04,508] INFO reaping stray process <SpawnProcess(Dask Worker process (from Nanny), started daemon)>
Exception in thread AsyncProcess Dask Worker process (from Nanny) watch process join:
Traceback (most recent call last):
  File "/groups/scicompsoft/home/ackermand/miniconda3/envs/multiresolution_mesh_creator/lib/python3.7/threading.py", line 926, in _bootstrap_inner
    self.run()
  File "/groups/scicompsoft/home/ackermand/miniconda3/envs/multiresolution_mesh_creator/lib/python3.7/threading.py", line 870, in run
    self._target(*self._args, **self._kwargs)
  File "/groups/scicompsoft/home/ackermand/miniconda3/envs/multiresolution_mesh_creator/lib/python3.7/site-packages/distributed/process.py", line 234, in _watch_process
    assert exitcode is not None
AssertionError

Exception in thread AsyncProcess Dask Worker process (from Nanny) watch process join:
Traceback (most recent call last):
  File "/groups/scicompsoft/home/ackermand/miniconda3/envs/multiresolution_mesh_creator/lib/python3.7/threading.py", line 926, in _bootstrap_inner
    self.run()
  File "/groups/scicompsoft/home/ackermand/miniconda3/envs/multiresolution_mesh_creator/lib/python3.7/threading.py", line 870, in run
    self._target(*self._args, **self._kwargs)
  File "/groups/scicompsoft/home/ackermand/miniconda3/envs/multiresolution_mesh_creator/lib/python3.7/site-packages/distributed/process.py", line 234, in _watch_process
    assert exitcode is not None
AssertionError

Exception in thread AsyncProcess Dask Worker process (from Nanny) watch process join:
Traceback (most recent call last):
  File "/groups/scicompsoft/home/ackermand/miniconda3/envs/multiresolution_mesh_creator/lib/python3.7/threading.py", line 926, in _bootstrap_inner
    self.run()
  File "/groups/scicompsoft/home/ackermand/miniconda3/envs/multiresolution_mesh_creator/lib/python3.7/threading.py", line 870, in run
    self._target(*self._args, **self._kwargs)
  File "/groups/scicompsoft/home/ackermand/miniconda3/envs/multiresolution_mesh_creator/lib/python3.7/site-packages/distributed/process.py", line 234, in _watch_process
    assert exitcode is not None
AssertionError

Error in atexit._run_exitfuncs:
Traceback (most recent call last):
  File "/groups/scicompsoft/home/ackermand/miniconda3/envs/multiresolution_mesh_creator/lib/python3.7/multiprocessing/popen_fork.py", line 28, in poll
    pid, sts = os.waitpid(self.pid, flag)
KeyboardInterrupt
