[2021-10-22 18:00:34,176] INFO         Start Nanny at: 'tcp://10.36.60.26:35545'
[2021-10-22 18:00:34,195] INFO         Start Nanny at: 'tcp://10.36.60.26:25391'
[2021-10-22 18:00:34,200] INFO         Start Nanny at: 'tcp://10.36.60.26:28237'
[2021-10-22 18:00:34,202] INFO         Start Nanny at: 'tcp://10.36.60.26:38093'
[2021-10-22 18:00:34,203] INFO         Start Nanny at: 'tcp://10.36.60.26:21599'
[2021-10-22 18:00:34,203] INFO         Start Nanny at: 'tcp://10.36.60.26:20891'
[2021-10-22 18:00:34,203] INFO         Start Nanny at: 'tcp://10.36.60.26:22009'
[2021-10-22 18:00:34,223] INFO         Start Nanny at: 'tcp://10.36.60.26:15763'
[2021-10-22 18:00:34,227] INFO         Start Nanny at: 'tcp://10.36.60.26:20689'
[2021-10-22 18:00:34,229] INFO         Start Nanny at: 'tcp://10.36.60.26:17847'
[2021-10-22 18:00:34,237] INFO         Start Nanny at: 'tcp://10.36.60.26:26413'
[2021-10-22 18:00:34,264] INFO         Start Nanny at: 'tcp://10.36.60.26:26785'
[2021-10-22 18:00:34,266] INFO         Start Nanny at: 'tcp://10.36.60.26:32217'
[2021-10-22 18:00:34,267] INFO         Start Nanny at: 'tcp://10.36.60.26:36711'
[2021-10-22 18:00:34,269] INFO         Start Nanny at: 'tcp://10.36.60.26:23539'
[2021-10-22 18:00:34,270] INFO         Start Nanny at: 'tcp://10.36.60.26:31163'
[2021-10-22 18:00:34,270] INFO         Start Nanny at: 'tcp://10.36.60.26:30775'
[2021-10-22 18:00:34,271] INFO         Start Nanny at: 'tcp://10.36.60.26:23823'
[2021-10-22 18:00:34,271] INFO         Start Nanny at: 'tcp://10.36.60.26:23383'
[2021-10-22 18:00:34,271] INFO         Start Nanny at: 'tcp://10.36.60.26:32085'
[2021-10-22 18:00:34,272] INFO         Start Nanny at: 'tcp://10.36.60.26:17155'
[2021-10-22 18:00:34,272] INFO         Start Nanny at: 'tcp://10.36.60.26:23957'
[2021-10-22 18:00:34,272] INFO         Start Nanny at: 'tcp://10.36.60.26:19019'
[2021-10-22 18:00:34,279] INFO         Start Nanny at: 'tcp://10.36.60.26:31807'
[2021-10-22 18:00:34,282] INFO         Start Nanny at: 'tcp://10.36.60.26:38567'
[2021-10-22 18:00:34,283] INFO         Start Nanny at: 'tcp://10.36.60.26:16031'
[2021-10-22 18:00:34,284] INFO         Start Nanny at: 'tcp://10.36.60.26:38645'
[2021-10-22 18:00:34,286] INFO         Start Nanny at: 'tcp://10.36.60.26:15509'
[2021-10-22 18:00:34,286] INFO         Start Nanny at: 'tcp://10.36.60.26:30441'
[2021-10-22 18:00:34,287] INFO         Start Nanny at: 'tcp://10.36.60.26:38985'
[2021-10-22 18:00:34,288] INFO         Start Nanny at: 'tcp://10.36.60.26:33043'
[2021-10-22 18:00:34,537] INFO         Start Nanny at: 'tcp://10.36.60.26:36045'
[2021-10-22 18:00:34,538] INFO         Start Nanny at: 'tcp://10.36.60.26:36355'
[2021-10-22 18:00:34,539] INFO         Start Nanny at: 'tcp://10.36.60.26:20921'
[2021-10-22 18:00:34,539] INFO         Start Nanny at: 'tcp://10.36.60.26:23009'
[2021-10-22 18:00:34,539] INFO         Start Nanny at: 'tcp://10.36.60.26:32429'
[2021-10-22 18:00:34,622] INFO         Start Nanny at: 'tcp://10.36.60.26:38201'
[2021-10-22 18:00:34,645] INFO         Start Nanny at: 'tcp://10.36.60.26:15219'
[2021-10-22 18:00:34,647] INFO         Start Nanny at: 'tcp://10.36.60.26:22339'
[2021-10-22 18:00:34,647] INFO         Start Nanny at: 'tcp://10.36.60.26:16113'
[2021-10-22 18:00:36,136] INFO Found stale lock file and directory '/groups/scicompsoft/home/ackermand/Programming/multiresolution-mesh-creator/dask-worker-space/worker-q1va9y_z', purging
[2021-10-22 18:00:36,147] INFO Found stale lock file and directory '/groups/scicompsoft/home/ackermand/Programming/multiresolution-mesh-creator/dask-worker-space/worker-d0kcd0zy', purging
[2021-10-22 18:00:36,164] INFO Found stale lock file and directory '/groups/scicompsoft/home/ackermand/Programming/multiresolution-mesh-creator/dask-worker-space/worker-artbx8s8', purging
[2021-10-22 18:00:36,180] INFO Found stale lock file and directory '/groups/scicompsoft/home/ackermand/Programming/multiresolution-mesh-creator/dask-worker-space/worker-b1un730l', purging
[2021-10-22 18:00:36,191] INFO Found stale lock file and directory '/groups/scicompsoft/home/ackermand/Programming/multiresolution-mesh-creator/dask-worker-space/worker-xf2hfn53', purging
[2021-10-22 18:00:36,202] INFO Found stale lock file and directory '/groups/scicompsoft/home/ackermand/Programming/multiresolution-mesh-creator/dask-worker-space/worker-6bwkrbby', purging
[2021-10-22 18:00:36,214] INFO Found stale lock file and directory '/groups/scicompsoft/home/ackermand/Programming/multiresolution-mesh-creator/dask-worker-space/worker-l0jannz3', purging
[2021-10-22 18:00:36,222] INFO Found stale lock file and directory '/groups/scicompsoft/home/ackermand/Programming/multiresolution-mesh-creator/dask-worker-space/worker-z2sya3oe', purging
[2021-10-22 18:00:36,233] INFO Found stale lock file and directory '/groups/scicompsoft/home/ackermand/Programming/multiresolution-mesh-creator/dask-worker-space/worker-qcwno2o8', purging
[2021-10-22 18:00:36,242] INFO Found stale lock file and directory '/groups/scicompsoft/home/ackermand/Programming/multiresolution-mesh-creator/dask-worker-space/worker-1x4hmeou', purging
[2021-10-22 18:00:36,250] INFO Found stale lock file and directory '/groups/scicompsoft/home/ackermand/Programming/multiresolution-mesh-creator/dask-worker-space/worker-7_5l050l', purging
[2021-10-22 18:00:36,262] INFO Found stale lock file and directory '/groups/scicompsoft/home/ackermand/Programming/multiresolution-mesh-creator/dask-worker-space/worker-ba6i531w', purging
[2021-10-22 18:00:36,276] INFO Found stale lock file and directory '/groups/scicompsoft/home/ackermand/Programming/multiresolution-mesh-creator/dask-worker-space/worker-e1dhvwlm', purging
[2021-10-22 18:00:36,292] INFO Found stale lock file and directory '/groups/scicompsoft/home/ackermand/Programming/multiresolution-mesh-creator/dask-worker-space/worker-5_5aiccy', purging
[2021-10-22 18:00:36,306] INFO Found stale lock file and directory '/groups/scicompsoft/home/ackermand/Programming/multiresolution-mesh-creator/dask-worker-space/worker-ly60yfeg', purging
[2021-10-22 18:00:36,323] INFO Found stale lock file and directory '/groups/scicompsoft/home/ackermand/Programming/multiresolution-mesh-creator/dask-worker-space/worker-tpxgpmam', purging
[2021-10-22 18:00:36,337] INFO Found stale lock file and directory '/groups/scicompsoft/home/ackermand/Programming/multiresolution-mesh-creator/dask-worker-space/worker-epdk4qga', purging
[2021-10-22 18:00:36,345] INFO Found stale lock file and directory '/groups/scicompsoft/home/ackermand/Programming/multiresolution-mesh-creator/dask-worker-space/worker-4mx6zfpt', purging
[2021-10-22 18:00:36,354] INFO Found stale lock file and directory '/groups/scicompsoft/home/ackermand/Programming/multiresolution-mesh-creator/dask-worker-space/worker-yod3vdlo', purging
[2021-10-22 18:00:36,362] INFO Found stale lock file and directory '/groups/scicompsoft/home/ackermand/Programming/multiresolution-mesh-creator/dask-worker-space/worker-behlcejl', purging
[2021-10-22 18:00:36,372] INFO Found stale lock file and directory '/groups/scicompsoft/home/ackermand/Programming/multiresolution-mesh-creator/dask-worker-space/worker-1mv9hfjx', purging
[2021-10-22 18:00:36,382] INFO Found stale lock file and directory '/groups/scicompsoft/home/ackermand/Programming/multiresolution-mesh-creator/dask-worker-space/worker-gsgc2za5', purging
[2021-10-22 18:00:36,397] INFO Found stale lock file and directory '/groups/scicompsoft/home/ackermand/Programming/multiresolution-mesh-creator/dask-worker-space/worker-nokacv8x', purging
[2021-10-22 18:00:36,412] INFO Found stale lock file and directory '/groups/scicompsoft/home/ackermand/Programming/multiresolution-mesh-creator/dask-worker-space/worker-vuyxz7ky', purging
[2021-10-22 18:00:36,429] INFO Found stale lock file and directory '/groups/scicompsoft/home/ackermand/Programming/multiresolution-mesh-creator/dask-worker-space/worker-35a_lmai', purging
[2021-10-22 18:00:36,440] INFO Found stale lock file and directory '/groups/scicompsoft/home/ackermand/Programming/multiresolution-mesh-creator/dask-worker-space/worker-vbx9he7a', purging
[2021-10-22 18:00:36,454] INFO Found stale lock file and directory '/groups/scicompsoft/home/ackermand/Programming/multiresolution-mesh-creator/dask-worker-space/worker-whi6vm9c', purging
[2021-10-22 18:00:36,465] INFO Found stale lock file and directory '/groups/scicompsoft/home/ackermand/Programming/multiresolution-mesh-creator/dask-worker-space/worker-umuv5bhw', purging
[2021-10-22 18:00:36,478] INFO Found stale lock file and directory '/groups/scicompsoft/home/ackermand/Programming/multiresolution-mesh-creator/dask-worker-space/worker-s__hsoas', purging
[2021-10-22 18:00:36,494] INFO Found stale lock file and directory '/groups/scicompsoft/home/ackermand/Programming/multiresolution-mesh-creator/dask-worker-space/worker-5fwadi15', purging
[2021-10-22 18:00:36,508] INFO Found stale lock file and directory '/groups/scicompsoft/home/ackermand/Programming/multiresolution-mesh-creator/dask-worker-space/worker-50s5dued', purging
[2021-10-22 18:00:36,519] INFO Found stale lock file and directory '/groups/scicompsoft/home/ackermand/Programming/multiresolution-mesh-creator/dask-worker-space/worker-0pcl6kvv', purging
[2021-10-22 18:00:36,532] INFO Found stale lock file and directory '/groups/scicompsoft/home/ackermand/Programming/multiresolution-mesh-creator/dask-worker-space/worker-u3426x1_', purging
[2021-10-22 18:00:36,548] INFO Found stale lock file and directory '/groups/scicompsoft/home/ackermand/Programming/multiresolution-mesh-creator/dask-worker-space/worker-meqzvojz', purging
[2021-10-22 18:00:36,558] INFO Found stale lock file and directory '/groups/scicompsoft/home/ackermand/Programming/multiresolution-mesh-creator/dask-worker-space/worker-0o2u0rm5', purging
[2021-10-22 18:00:36,568] INFO Found stale lock file and directory '/groups/scicompsoft/home/ackermand/Programming/multiresolution-mesh-creator/dask-worker-space/worker-ke93k4dz', purging
[2021-10-22 18:00:36,581] INFO Found stale lock file and directory '/groups/scicompsoft/home/ackermand/Programming/multiresolution-mesh-creator/dask-worker-space/worker-sb8pepjo', purging
[2021-10-22 18:00:36,596] INFO Found stale lock file and directory '/groups/scicompsoft/home/ackermand/Programming/multiresolution-mesh-creator/dask-worker-space/worker-waw6a5t9', purging
[2021-10-22 18:00:36,609] INFO Found stale lock file and directory '/groups/scicompsoft/home/ackermand/Programming/multiresolution-mesh-creator/dask-worker-space/worker-7gj5t88h', purging
[2021-10-22 18:00:36,617] INFO Found stale lock file and directory '/groups/scicompsoft/home/ackermand/Programming/multiresolution-mesh-creator/dask-worker-space/worker-polr7el1', purging
[2021-10-22 18:00:37,733] INFO       Start worker at:    tcp://10.36.60.26:20603
[2021-10-22 18:00:37,733] INFO       Start worker at:    tcp://10.36.60.26:19369
[2021-10-22 18:00:37,733] INFO          Listening to:    tcp://10.36.60.26:20603
[2021-10-22 18:00:37,734] INFO          Listening to:    tcp://10.36.60.26:19369
[2021-10-22 18:00:37,734] INFO          dashboard at:          10.36.60.26:30173
[2021-10-22 18:00:37,733] INFO       Start worker at:    tcp://10.36.60.26:34939
[2021-10-22 18:00:37,734] INFO          dashboard at:          10.36.60.26:23449
[2021-10-22 18:00:37,734] INFO Waiting to connect to:    tcp://10.36.60.11:26665
[2021-10-22 18:00:37,734] INFO          Listening to:    tcp://10.36.60.26:34939
[2021-10-22 18:00:37,734] INFO -------------------------------------------------
[2021-10-22 18:00:37,734] INFO Waiting to connect to:    tcp://10.36.60.11:26665
[2021-10-22 18:00:37,734] INFO          dashboard at:          10.36.60.26:33885
[2021-10-22 18:00:37,734] INFO -------------------------------------------------
[2021-10-22 18:00:37,734] INFO Waiting to connect to:    tcp://10.36.60.11:26665
[2021-10-22 18:00:37,734] INFO               Threads:                          1
[2021-10-22 18:00:37,734] INFO -------------------------------------------------
[2021-10-22 18:00:37,734] INFO                Memory:                  16.76 GiB
[2021-10-22 18:00:37,734] INFO               Threads:                          1
[2021-10-22 18:00:37,734] INFO       Local Directory: /groups/scicompsoft/home/ackermand/Programming/multiresolution-mesh-creator/dask-worker-space/worker-a3vkalne
[2021-10-22 18:00:37,734] INFO               Threads:                          1
[2021-10-22 18:00:37,734] INFO                Memory:                  16.76 GiB
[2021-10-22 18:00:37,734] INFO       Local Directory: /groups/scicompsoft/home/ackermand/Programming/multiresolution-mesh-creator/dask-worker-space/worker-8xfn6xxy
[2021-10-22 18:00:37,734] INFO                Memory:                  16.76 GiB
[2021-10-22 18:00:37,734] INFO -------------------------------------------------
[2021-10-22 18:00:37,734] INFO       Local Directory: /groups/scicompsoft/home/ackermand/Programming/multiresolution-mesh-creator/dask-worker-space/worker-wt22u2hq
[2021-10-22 18:00:37,734] INFO -------------------------------------------------
[2021-10-22 18:00:37,734] INFO -------------------------------------------------
[2021-10-22 18:00:37,735] INFO       Start worker at:    tcp://10.36.60.26:38603
[2021-10-22 18:00:37,735] INFO          Listening to:    tcp://10.36.60.26:38603
[2021-10-22 18:00:37,735] INFO       Start worker at:    tcp://10.36.60.26:23381
[2021-10-22 18:00:37,735] INFO       Start worker at:    tcp://10.36.60.26:16591
[2021-10-22 18:00:37,735] INFO          dashboard at:          10.36.60.26:23583
[2021-10-22 18:00:37,735] INFO          Listening to:    tcp://10.36.60.26:23381
[2021-10-22 18:00:37,735] INFO Waiting to connect to:    tcp://10.36.60.11:26665
[2021-10-22 18:00:37,735] INFO          Listening to:    tcp://10.36.60.26:16591
[2021-10-22 18:00:37,735] INFO -------------------------------------------------
[2021-10-22 18:00:37,735] INFO          dashboard at:          10.36.60.26:23201
[2021-10-22 18:00:37,735] INFO       Start worker at:    tcp://10.36.60.26:37901
[2021-10-22 18:00:37,735] INFO          dashboard at:          10.36.60.26:17149
[2021-10-22 18:00:37,735] INFO Waiting to connect to:    tcp://10.36.60.11:26665
[2021-10-22 18:00:37,735] INFO       Start worker at:    tcp://10.36.60.26:15109
[2021-10-22 18:00:37,735] INFO       Start worker at:    tcp://10.36.60.26:23059
[2021-10-22 18:00:37,736] INFO          Listening to:    tcp://10.36.60.26:37901
[2021-10-22 18:00:37,735] INFO               Threads:                          1
[2021-10-22 18:00:37,736] INFO -------------------------------------------------
[2021-10-22 18:00:37,736] INFO Waiting to connect to:    tcp://10.36.60.11:26665
[2021-10-22 18:00:37,736] INFO          dashboard at:          10.36.60.26:28959
[2021-10-22 18:00:37,736] INFO                Memory:                  16.76 GiB
[2021-10-22 18:00:37,736] INFO -------------------------------------------------
[2021-10-22 18:00:37,736] INFO Waiting to connect to:    tcp://10.36.60.11:26665
[2021-10-22 18:00:37,736] INFO          Listening to:    tcp://10.36.60.26:15109
[2021-10-22 18:00:37,736] INFO -------------------------------------------------
[2021-10-22 18:00:37,736] INFO       Local Directory: /groups/scicompsoft/home/ackermand/Programming/multiresolution-mesh-creator/dask-worker-space/worker-nhpx00jh
[2021-10-22 18:00:37,736] INFO          Listening to:    tcp://10.36.60.26:23059
[2021-10-22 18:00:37,736] INFO               Threads:                          1
[2021-10-22 18:00:37,736] INFO          dashboard at:          10.36.60.26:26263
[2021-10-22 18:00:37,736] INFO               Threads:                          1
[2021-10-22 18:00:37,736] INFO                Memory:                  16.76 GiB
[2021-10-22 18:00:37,736] INFO          dashboard at:          10.36.60.26:35727
[2021-10-22 18:00:37,736] INFO -------------------------------------------------
[2021-10-22 18:00:37,736] INFO                Memory:                  16.76 GiB
[2021-10-22 18:00:37,735] INFO       Start worker at:    tcp://10.36.60.26:24673
[2021-10-22 18:00:37,736] INFO Waiting to connect to:    tcp://10.36.60.11:26665
[2021-10-22 18:00:37,736] INFO       Start worker at:    tcp://10.36.60.26:39773
[2021-10-22 18:00:37,736] INFO               Threads:                          1
[2021-10-22 18:00:37,736] INFO       Local Directory: /groups/scicompsoft/home/ackermand/Programming/multiresolution-mesh-creator/dask-worker-space/worker-6o9vyamo
[2021-10-22 18:00:37,736] INFO       Local Directory: /groups/scicompsoft/home/ackermand/Programming/multiresolution-mesh-creator/dask-worker-space/worker-iu4jur8p
[2021-10-22 18:00:37,736] INFO Waiting to connect to:    tcp://10.36.60.11:26665
[2021-10-22 18:00:37,736] INFO -------------------------------------------------
[2021-10-22 18:00:37,736] INFO          Listening to:    tcp://10.36.60.26:24673
[2021-10-22 18:00:37,736] INFO          Listening to:    tcp://10.36.60.26:39773
[2021-10-22 18:00:37,736] INFO                Memory:                  16.76 GiB
[2021-10-22 18:00:37,736] INFO -------------------------------------------------
[2021-10-22 18:00:37,736] INFO          dashboard at:          10.36.60.26:15823
[2021-10-22 18:00:37,736] INFO       Local Directory: /groups/scicompsoft/home/ackermand/Programming/multiresolution-mesh-creator/dask-worker-space/worker-7mcak7xq
[2021-10-22 18:00:37,736] INFO          dashboard at:          10.36.60.26:15049
[2021-10-22 18:00:37,736] INFO -------------------------------------------------
[2021-10-22 18:00:37,736] INFO               Threads:                          1
[2021-10-22 18:00:37,736] INFO Waiting to connect to:    tcp://10.36.60.11:26665
[2021-10-22 18:00:37,736] INFO       Start worker at:    tcp://10.36.60.26:19783
[2021-10-22 18:00:37,736] INFO -------------------------------------------------
[2021-10-22 18:00:37,736] INFO       Start worker at:    tcp://10.36.60.26:27203
[2021-10-22 18:00:37,736] INFO -------------------------------------------------
[2021-10-22 18:00:37,736] INFO               Threads:                          1
[2021-10-22 18:00:37,736] INFO Waiting to connect to:    tcp://10.36.60.11:26665
[2021-10-22 18:00:37,736] INFO                Memory:                  16.76 GiB
[2021-10-22 18:00:37,736] INFO -------------------------------------------------
[2021-10-22 18:00:37,736] INFO          Listening to:    tcp://10.36.60.26:19783
[2021-10-22 18:00:37,736] INFO                Memory:                  16.76 GiB
[2021-10-22 18:00:37,736] INFO       Local Directory: /groups/scicompsoft/home/ackermand/Programming/multiresolution-mesh-creator/dask-worker-space/worker-r9s1ntct
[2021-10-22 18:00:37,736] INFO -------------------------------------------------
[2021-10-22 18:00:37,736] INFO               Threads:                          1
[2021-10-22 18:00:37,736] INFO          dashboard at:          10.36.60.26:15233
[2021-10-22 18:00:37,736] INFO          Listening to:    tcp://10.36.60.26:27203
[2021-10-22 18:00:37,736] INFO       Local Directory: /groups/scicompsoft/home/ackermand/Programming/multiresolution-mesh-creator/dask-worker-space/worker-oq443jow
[2021-10-22 18:00:37,736] INFO                Memory:                  16.76 GiB
[2021-10-22 18:00:37,736] INFO       Start worker at:    tcp://10.36.60.26:39205
[2021-10-22 18:00:37,736] INFO       Start worker at:    tcp://10.36.60.26:23255
[2021-10-22 18:00:37,736] INFO Waiting to connect to:    tcp://10.36.60.11:26665
[2021-10-22 18:00:37,736] INFO -------------------------------------------------
[2021-10-22 18:00:37,736] INFO       Local Directory: /groups/scicompsoft/home/ackermand/Programming/multiresolution-mesh-creator/dask-worker-space/worker-1uncos95
[2021-10-22 18:00:37,736] INFO -------------------------------------------------
[2021-10-22 18:00:37,736] INFO          Listening to:    tcp://10.36.60.26:39205
[2021-10-22 18:00:37,736] INFO               Threads:                          1
[2021-10-22 18:00:37,736] INFO          dashboard at:          10.36.60.26:24417
[2021-10-22 18:00:37,736] INFO          Listening to:    tcp://10.36.60.26:23255
[2021-10-22 18:00:37,736] INFO -------------------------------------------------
[2021-10-22 18:00:37,736] INFO          dashboard at:          10.36.60.26:36769
[2021-10-22 18:00:37,736] INFO -------------------------------------------------
[2021-10-22 18:00:37,736] INFO                Memory:                  16.76 GiB
[2021-10-22 18:00:37,736] INFO          dashboard at:          10.36.60.26:31579
[2021-10-22 18:00:37,736] INFO Waiting to connect to:    tcp://10.36.60.11:26665
[2021-10-22 18:00:37,736] INFO               Threads:                          1
[2021-10-22 18:00:37,736] INFO       Start worker at:    tcp://10.36.60.26:30435
[2021-10-22 18:00:37,736] INFO Waiting to connect to:    tcp://10.36.60.11:26665
[2021-10-22 18:00:37,736] INFO -------------------------------------------------
[2021-10-22 18:00:37,736] INFO Waiting to connect to:    tcp://10.36.60.11:26665
[2021-10-22 18:00:37,736] INFO       Local Directory: /groups/scicompsoft/home/ackermand/Programming/multiresolution-mesh-creator/dask-worker-space/worker-ghrelwpt
[2021-10-22 18:00:37,736] INFO                Memory:                  16.76 GiB
[2021-10-22 18:00:37,736] INFO -------------------------------------------------
[2021-10-22 18:00:37,736] INFO -------------------------------------------------
[2021-10-22 18:00:37,736] INFO       Local Directory: /groups/scicompsoft/home/ackermand/Programming/multiresolution-mesh-creator/dask-worker-space/worker-edpbfck7
[2021-10-22 18:00:37,736] INFO               Threads:                          1
[2021-10-22 18:00:37,736] INFO          Listening to:    tcp://10.36.60.26:30435
[2021-10-22 18:00:37,736] INFO                Memory:                  16.76 GiB
[2021-10-22 18:00:37,736] INFO -------------------------------------------------
[2021-10-22 18:00:37,737] INFO          dashboard at:          10.36.60.26:37877
[2021-10-22 18:00:37,736] INFO               Threads:                          1
[2021-10-22 18:00:37,737] INFO       Local Directory: /groups/scicompsoft/home/ackermand/Programming/multiresolution-mesh-creator/dask-worker-space/worker-nuyw3bce
[2021-10-22 18:00:37,737] INFO -------------------------------------------------
[2021-10-22 18:00:37,737] INFO Waiting to connect to:    tcp://10.36.60.11:26665
[2021-10-22 18:00:37,737] INFO                Memory:                  16.76 GiB
[2021-10-22 18:00:37,736] INFO               Threads:                          1
[2021-10-22 18:00:37,737] INFO -------------------------------------------------
[2021-10-22 18:00:37,737] INFO -------------------------------------------------
[2021-10-22 18:00:37,737] INFO       Local Directory: /groups/scicompsoft/home/ackermand/Programming/multiresolution-mesh-creator/dask-worker-space/worker-igytms1e
[2021-10-22 18:00:37,737] INFO -------------------------------------------------
[2021-10-22 18:00:37,737] INFO               Threads:                          1
[2021-10-22 18:00:37,737] INFO                Memory:                  16.76 GiB
[2021-10-22 18:00:37,737] INFO                Memory:                  16.76 GiB
[2021-10-22 18:00:37,737] INFO       Local Directory: /groups/scicompsoft/home/ackermand/Programming/multiresolution-mesh-creator/dask-worker-space/worker-mx63_rx4
[2021-10-22 18:00:37,737] INFO       Local Directory: /groups/scicompsoft/home/ackermand/Programming/multiresolution-mesh-creator/dask-worker-space/worker-37b9qw97
[2021-10-22 18:00:37,737] INFO -------------------------------------------------
[2021-10-22 18:00:37,737] INFO -------------------------------------------------
[2021-10-22 18:00:37,737] INFO       Start worker at:    tcp://10.36.60.26:32425
[2021-10-22 18:00:37,737] INFO       Start worker at:    tcp://10.36.60.26:32639
[2021-10-22 18:00:37,737] INFO          Listening to:    tcp://10.36.60.26:32425
[2021-10-22 18:00:37,737] INFO          dashboard at:          10.36.60.26:28783
[2021-10-22 18:00:37,737] INFO          Listening to:    tcp://10.36.60.26:32639
[2021-10-22 18:00:37,737] INFO       Start worker at:    tcp://10.36.60.26:35135
[2021-10-22 18:00:37,737] INFO Waiting to connect to:    tcp://10.36.60.11:26665
[2021-10-22 18:00:37,737] INFO          dashboard at:          10.36.60.26:20095
[2021-10-22 18:00:37,737] INFO -------------------------------------------------
[2021-10-22 18:00:37,737] INFO Waiting to connect to:    tcp://10.36.60.11:26665
[2021-10-22 18:00:37,737] INFO          Listening to:    tcp://10.36.60.26:35135
[2021-10-22 18:00:37,737] INFO -------------------------------------------------
[2021-10-22 18:00:37,737] INFO               Threads:                          1
[2021-10-22 18:00:37,737] INFO          dashboard at:          10.36.60.26:36303
[2021-10-22 18:00:37,737] INFO       Start worker at:    tcp://10.36.60.26:29367
[2021-10-22 18:00:37,737] INFO                Memory:                  16.76 GiB
[2021-10-22 18:00:37,737] INFO Waiting to connect to:    tcp://10.36.60.11:26665
[2021-10-22 18:00:37,737] INFO       Local Directory: /groups/scicompsoft/home/ackermand/Programming/multiresolution-mesh-creator/dask-worker-space/worker-pwmytrph
[2021-10-22 18:00:37,737] INFO -------------------------------------------------
[2021-10-22 18:00:37,737] INFO               Threads:                          1
[2021-10-22 18:00:37,738] INFO                Memory:                  16.76 GiB
[2021-10-22 18:00:37,738] INFO -------------------------------------------------
[2021-10-22 18:00:37,738] INFO               Threads:                          1
[2021-10-22 18:00:37,738] INFO          Listening to:    tcp://10.36.60.26:29367
[2021-10-22 18:00:37,738] INFO       Local Directory: /groups/scicompsoft/home/ackermand/Programming/multiresolution-mesh-creator/dask-worker-space/worker-c_4pcwpe
[2021-10-22 18:00:37,738] INFO                Memory:                  16.76 GiB
[2021-10-22 18:00:37,738] INFO          dashboard at:          10.36.60.26:29943
[2021-10-22 18:00:37,738] INFO       Local Directory: /groups/scicompsoft/home/ackermand/Programming/multiresolution-mesh-creator/dask-worker-space/worker-7rhffhpf
[2021-10-22 18:00:37,738] INFO Waiting to connect to:    tcp://10.36.60.11:26665
[2021-10-22 18:00:37,738] INFO -------------------------------------------------
[2021-10-22 18:00:37,738] INFO -------------------------------------------------
[2021-10-22 18:00:37,737] INFO       Start worker at:    tcp://10.36.60.26:27891
[2021-10-22 18:00:37,738] INFO -------------------------------------------------
[2021-10-22 18:00:37,738] INFO               Threads:                          1
[2021-10-22 18:00:37,738] INFO          Listening to:    tcp://10.36.60.26:27891
[2021-10-22 18:00:37,738] INFO       Start worker at:    tcp://10.36.60.26:16033
[2021-10-22 18:00:37,738] INFO                Memory:                  16.76 GiB
[2021-10-22 18:00:37,738] INFO          dashboard at:          10.36.60.26:16603
[2021-10-22 18:00:37,738] INFO          Listening to:    tcp://10.36.60.26:16033
[2021-10-22 18:00:37,738] INFO       Local Directory: /groups/scicompsoft/home/ackermand/Programming/multiresolution-mesh-creator/dask-worker-space/worker-g7g970yg
[2021-10-22 18:00:37,738] INFO       Start worker at:    tcp://10.36.60.26:26007
[2021-10-22 18:00:37,738] INFO Waiting to connect to:    tcp://10.36.60.11:26665
[2021-10-22 18:00:37,738] INFO          dashboard at:          10.36.60.26:19647
[2021-10-22 18:00:37,738] INFO -------------------------------------------------
[2021-10-22 18:00:37,738] INFO -------------------------------------------------
[2021-10-22 18:00:37,738] INFO Waiting to connect to:    tcp://10.36.60.11:26665
[2021-10-22 18:00:37,738] INFO       Start worker at:    tcp://10.36.60.26:30831
[2021-10-22 18:00:37,738] INFO -------------------------------------------------
[2021-10-22 18:00:37,738] INFO          Listening to:    tcp://10.36.60.26:26007
[2021-10-22 18:00:37,738] INFO               Threads:                          1
[2021-10-22 18:00:37,738] INFO          Listening to:    tcp://10.36.60.26:30831
[2021-10-22 18:00:37,738] INFO               Threads:                          1
[2021-10-22 18:00:37,738] INFO          dashboard at:          10.36.60.26:35023
[2021-10-22 18:00:37,738] INFO                Memory:                  16.76 GiB
[2021-10-22 18:00:37,738] INFO          dashboard at:          10.36.60.26:31957
[2021-10-22 18:00:37,738] INFO                Memory:                  16.76 GiB
[2021-10-22 18:00:37,738] INFO       Local Directory: /groups/scicompsoft/home/ackermand/Programming/multiresolution-mesh-creator/dask-worker-space/worker-ivwfn8f7
[2021-10-22 18:00:37,738] INFO Waiting to connect to:    tcp://10.36.60.11:26665
[2021-10-22 18:00:37,738] INFO       Local Directory: /groups/scicompsoft/home/ackermand/Programming/multiresolution-mesh-creator/dask-worker-space/worker-ojcj07wp
[2021-10-22 18:00:37,738] INFO Waiting to connect to:    tcp://10.36.60.11:26665
[2021-10-22 18:00:37,738] INFO -------------------------------------------------
[2021-10-22 18:00:37,738] INFO -------------------------------------------------
[2021-10-22 18:00:37,738] INFO -------------------------------------------------
[2021-10-22 18:00:37,738] INFO       Start worker at:    tcp://10.36.60.26:33323
[2021-10-22 18:00:37,738] INFO -------------------------------------------------
[2021-10-22 18:00:37,738] INFO               Threads:                          1
[2021-10-22 18:00:37,738] INFO       Start worker at:    tcp://10.36.60.26:33781
[2021-10-22 18:00:37,738] INFO          Listening to:    tcp://10.36.60.26:33323
[2021-10-22 18:00:37,738] INFO       Start worker at:    tcp://10.36.60.26:29207
[2021-10-22 18:00:37,738] INFO                Memory:                  16.76 GiB
[2021-10-22 18:00:37,738] INFO          Listening to:    tcp://10.36.60.26:33781
[2021-10-22 18:00:37,738] INFO          dashboard at:          10.36.60.26:35195
[2021-10-22 18:00:37,738] INFO       Local Directory: /groups/scicompsoft/home/ackermand/Programming/multiresolution-mesh-creator/dask-worker-space/worker-e_h9__dd
[2021-10-22 18:00:37,738] INFO       Start worker at:    tcp://10.36.60.26:19323
[2021-10-22 18:00:37,738] INFO          dashboard at:          10.36.60.26:38867
[2021-10-22 18:00:37,738] INFO               Threads:                          1
[2021-10-22 18:00:37,738] INFO Waiting to connect to:    tcp://10.36.60.11:26665
[2021-10-22 18:00:37,739] INFO Waiting to connect to:    tcp://10.36.60.11:26665
[2021-10-22 18:00:37,739] INFO -------------------------------------------------
[2021-10-22 18:00:37,739] INFO -------------------------------------------------
[2021-10-22 18:00:37,739] INFO          Listening to:    tcp://10.36.60.26:19323
[2021-10-22 18:00:37,739] INFO -------------------------------------------------
[2021-10-22 18:00:37,739] INFO                Memory:                  16.76 GiB
[2021-10-22 18:00:37,738] INFO       Start worker at:    tcp://10.36.60.26:32547
[2021-10-22 18:00:37,739] INFO          dashboard at:          10.36.60.26:36111
[2021-10-22 18:00:37,739] INFO       Local Directory: /groups/scicompsoft/home/ackermand/Programming/multiresolution-mesh-creator/dask-worker-space/worker-60tvni2e
[2021-10-22 18:00:37,739] INFO          Listening to:    tcp://10.36.60.26:32547
[2021-10-22 18:00:37,739] INFO               Threads:                          1
[2021-10-22 18:00:37,739] INFO               Threads:                          1
[2021-10-22 18:00:37,739] INFO Waiting to connect to:    tcp://10.36.60.11:26665
[2021-10-22 18:00:37,739] INFO          dashboard at:          10.36.60.26:27309
[2021-10-22 18:00:37,739] INFO                Memory:                  16.76 GiB
[2021-10-22 18:00:37,739] INFO                Memory:                  16.76 GiB
[2021-10-22 18:00:37,739] INFO -------------------------------------------------
[2021-10-22 18:00:37,739] INFO Waiting to connect to:    tcp://10.36.60.11:26665
[2021-10-22 18:00:37,739] INFO       Local Directory: /groups/scicompsoft/home/ackermand/Programming/multiresolution-mesh-creator/dask-worker-space/worker-b9x4eqg1
[2021-10-22 18:00:37,739] INFO       Local Directory: /groups/scicompsoft/home/ackermand/Programming/multiresolution-mesh-creator/dask-worker-space/worker-vu7ejuku
[2021-10-22 18:00:37,739] INFO -------------------------------------------------
[2021-10-22 18:00:37,739] INFO -------------------------------------------------
[2021-10-22 18:00:37,739] INFO               Threads:                          1
[2021-10-22 18:00:37,739] INFO -------------------------------------------------
[2021-10-22 18:00:37,739] INFO -------------------------------------------------
[2021-10-22 18:00:37,739] INFO                Memory:                  16.76 GiB
[2021-10-22 18:00:37,739] INFO       Local Directory: /groups/scicompsoft/home/ackermand/Programming/multiresolution-mesh-creator/dask-worker-space/worker-xaqtvc9c
[2021-10-22 18:00:37,739] INFO -------------------------------------------------
[2021-10-22 18:00:37,739] INFO               Threads:                          1
[2021-10-22 18:00:37,739] INFO                Memory:                  16.76 GiB
[2021-10-22 18:00:37,739] INFO       Local Directory: /groups/scicompsoft/home/ackermand/Programming/multiresolution-mesh-creator/dask-worker-space/worker-cyj6iz3k
[2021-10-22 18:00:37,739] INFO -------------------------------------------------
[2021-10-22 18:00:37,739] INFO       Start worker at:    tcp://10.36.60.26:28535
[2021-10-22 18:00:37,739] INFO          Listening to:    tcp://10.36.60.26:28535
[2021-10-22 18:00:37,740] INFO          dashboard at:          10.36.60.26:25321
[2021-10-22 18:00:37,740] INFO Waiting to connect to:    tcp://10.36.60.11:26665
[2021-10-22 18:00:37,739] INFO       Start worker at:    tcp://10.36.60.26:31007
[2021-10-22 18:00:37,740] INFO       Start worker at:    tcp://10.36.60.26:35941
[2021-10-22 18:00:37,740] INFO -------------------------------------------------
[2021-10-22 18:00:37,740] INFO          Listening to:    tcp://10.36.60.26:35941
[2021-10-22 18:00:37,740] INFO          Listening to:    tcp://10.36.60.26:31007
[2021-10-22 18:00:37,740] INFO          dashboard at:          10.36.60.26:28277
[2021-10-22 18:00:37,740] INFO Waiting to connect to:    tcp://10.36.60.11:26665
[2021-10-22 18:00:37,740] INFO          dashboard at:          10.36.60.26:25005
[2021-10-22 18:00:37,740] INFO -------------------------------------------------
[2021-10-22 18:00:37,740] INFO               Threads:                          1
[2021-10-22 18:00:37,740] INFO       Start worker at:    tcp://10.36.60.26:38389
[2021-10-22 18:00:37,740] INFO Waiting to connect to:    tcp://10.36.60.11:26665
[2021-10-22 18:00:37,740] INFO               Threads:                          1
[2021-10-22 18:00:37,740] INFO                Memory:                  16.76 GiB
[2021-10-22 18:00:37,740] INFO          Listening to:    tcp://10.36.60.26:38389
[2021-10-22 18:00:37,740] INFO -------------------------------------------------
[2021-10-22 18:00:37,740] INFO                Memory:                  16.76 GiB
[2021-10-22 18:00:37,740] INFO          dashboard at:          10.36.60.26:35155
[2021-10-22 18:00:37,740] INFO       Local Directory: /groups/scicompsoft/home/ackermand/Programming/multiresolution-mesh-creator/dask-worker-space/worker-zhn520kj
[2021-10-22 18:00:37,740] INFO       Local Directory: /groups/scicompsoft/home/ackermand/Programming/multiresolution-mesh-creator/dask-worker-space/worker-0mqnt40c
[2021-10-22 18:00:37,740] INFO Waiting to connect to:    tcp://10.36.60.11:26665
[2021-10-22 18:00:37,740] INFO -------------------------------------------------
[2021-10-22 18:00:37,740] INFO -------------------------------------------------
[2021-10-22 18:00:37,740] INFO               Threads:                          1
[2021-10-22 18:00:37,740] INFO -------------------------------------------------
[2021-10-22 18:00:37,740] INFO               Threads:                          1
[2021-10-22 18:00:37,740] INFO                Memory:                  16.76 GiB
[2021-10-22 18:00:37,741] INFO                Memory:                  16.76 GiB
[2021-10-22 18:00:37,741] INFO       Local Directory: /groups/scicompsoft/home/ackermand/Programming/multiresolution-mesh-creator/dask-worker-space/worker-ftxdmop6
[2021-10-22 18:00:37,741] INFO       Local Directory: /groups/scicompsoft/home/ackermand/Programming/multiresolution-mesh-creator/dask-worker-space/worker-6tp86vei
[2021-10-22 18:00:37,741] INFO -------------------------------------------------
[2021-10-22 18:00:37,741] INFO -------------------------------------------------
[2021-10-22 18:00:37,741] INFO          Listening to:    tcp://10.36.60.26:29207
[2021-10-22 18:00:37,741] INFO          dashboard at:          10.36.60.26:35203
[2021-10-22 18:00:37,741] INFO Waiting to connect to:    tcp://10.36.60.11:26665
[2021-10-22 18:00:37,741] INFO -------------------------------------------------
[2021-10-22 18:00:37,741] INFO               Threads:                          1
[2021-10-22 18:00:37,741] INFO                Memory:                  16.76 GiB
[2021-10-22 18:00:37,741] INFO       Local Directory: /groups/scicompsoft/home/ackermand/Programming/multiresolution-mesh-creator/dask-worker-space/worker-_4ei40_c
[2021-10-22 18:00:37,741] INFO -------------------------------------------------
[2021-10-22 18:00:37,742] INFO       Start worker at:    tcp://10.36.60.26:16623
[2021-10-22 18:00:37,742] INFO          Listening to:    tcp://10.36.60.26:16623
[2021-10-22 18:00:37,742] INFO          dashboard at:          10.36.60.26:26423
[2021-10-22 18:00:37,742] INFO Waiting to connect to:    tcp://10.36.60.11:26665
[2021-10-22 18:00:37,742] INFO -------------------------------------------------
[2021-10-22 18:00:37,742] INFO               Threads:                          1
[2021-10-22 18:00:37,742] INFO                Memory:                  16.76 GiB
[2021-10-22 18:00:37,742] INFO       Local Directory: /groups/scicompsoft/home/ackermand/Programming/multiresolution-mesh-creator/dask-worker-space/worker-d5_l8s95
[2021-10-22 18:00:37,742] INFO       Start worker at:    tcp://10.36.60.26:32825
[2021-10-22 18:00:37,743] INFO -------------------------------------------------
[2021-10-22 18:00:37,743] INFO          Listening to:    tcp://10.36.60.26:32825
[2021-10-22 18:00:37,743] INFO          dashboard at:          10.36.60.26:27221
[2021-10-22 18:00:37,743] INFO Waiting to connect to:    tcp://10.36.60.11:26665
[2021-10-22 18:00:37,743] INFO -------------------------------------------------
[2021-10-22 18:00:37,743] INFO               Threads:                          1
[2021-10-22 18:00:37,743] INFO                Memory:                  16.76 GiB
[2021-10-22 18:00:37,743] INFO       Local Directory: /groups/scicompsoft/home/ackermand/Programming/multiresolution-mesh-creator/dask-worker-space/worker-t1ncamti
[2021-10-22 18:00:37,743] INFO -------------------------------------------------
[2021-10-22 18:00:37,740] INFO       Start worker at:    tcp://10.36.60.26:18839
[2021-10-22 18:00:37,746] INFO          Listening to:    tcp://10.36.60.26:18839
[2021-10-22 18:00:37,746] INFO          dashboard at:          10.36.60.26:37597
[2021-10-22 18:00:37,746] INFO Waiting to connect to:    tcp://10.36.60.11:26665
[2021-10-22 18:00:37,746] INFO -------------------------------------------------
[2021-10-22 18:00:37,746] INFO               Threads:                          1
[2021-10-22 18:00:37,746] INFO                Memory:                  16.76 GiB
[2021-10-22 18:00:37,739] INFO       Start worker at:    tcp://10.36.60.26:35353
[2021-10-22 18:00:37,746] INFO       Local Directory: /groups/scicompsoft/home/ackermand/Programming/multiresolution-mesh-creator/dask-worker-space/worker-xs0pji7h
[2021-10-22 18:00:37,748] INFO          Listening to:    tcp://10.36.60.26:35353
[2021-10-22 18:00:37,748] INFO          dashboard at:          10.36.60.26:28483
[2021-10-22 18:00:37,748] INFO Waiting to connect to:    tcp://10.36.60.11:26665
[2021-10-22 18:00:37,748] INFO -------------------------------------------------
[2021-10-22 18:00:37,748] INFO -------------------------------------------------
[2021-10-22 18:00:37,749] INFO               Threads:                          1
[2021-10-22 18:00:37,749] INFO                Memory:                  16.76 GiB
[2021-10-22 18:00:37,749] INFO       Local Directory: /groups/scicompsoft/home/ackermand/Programming/multiresolution-mesh-creator/dask-worker-space/worker-2fti092v
[2021-10-22 18:00:37,749] INFO -------------------------------------------------
[2021-10-22 18:00:37,761] INFO       Start worker at:    tcp://10.36.60.26:20519
[2021-10-22 18:00:37,761] INFO          Listening to:    tcp://10.36.60.26:20519
[2021-10-22 18:00:37,761] INFO          dashboard at:          10.36.60.26:22081
[2021-10-22 18:00:37,761] INFO Waiting to connect to:    tcp://10.36.60.11:26665
[2021-10-22 18:00:37,761] INFO -------------------------------------------------
[2021-10-22 18:00:37,761] INFO               Threads:                          1
[2021-10-22 18:00:37,761] INFO                Memory:                  16.76 GiB
[2021-10-22 18:00:37,761] INFO       Local Directory: /groups/scicompsoft/home/ackermand/Programming/multiresolution-mesh-creator/dask-worker-space/worker-o9tqi_da
[2021-10-22 18:00:37,761] INFO -------------------------------------------------
[2021-10-22 18:00:37,764] INFO       Start worker at:    tcp://10.36.60.26:19741
[2021-10-22 18:00:37,764] INFO          Listening to:    tcp://10.36.60.26:19741
[2021-10-22 18:00:37,764] INFO          dashboard at:          10.36.60.26:24229
[2021-10-22 18:00:37,764] INFO Waiting to connect to:    tcp://10.36.60.11:26665
[2021-10-22 18:00:37,764] INFO -------------------------------------------------
[2021-10-22 18:00:37,764] INFO               Threads:                          1
[2021-10-22 18:00:37,764] INFO                Memory:                  16.76 GiB
[2021-10-22 18:00:37,764] INFO       Local Directory: /groups/scicompsoft/home/ackermand/Programming/multiresolution-mesh-creator/dask-worker-space/worker-xbm3u9hq
[2021-10-22 18:00:37,764] INFO -------------------------------------------------
[2021-10-22 18:00:37,767] INFO       Start worker at:    tcp://10.36.60.26:21659
[2021-10-22 18:00:37,767] INFO          Listening to:    tcp://10.36.60.26:21659
[2021-10-22 18:00:37,767] INFO          dashboard at:          10.36.60.26:28323
[2021-10-22 18:00:37,767] INFO Waiting to connect to:    tcp://10.36.60.11:26665
[2021-10-22 18:00:37,767] INFO -------------------------------------------------
[2021-10-22 18:00:37,767] INFO               Threads:                          1
[2021-10-22 18:00:37,767] INFO                Memory:                  16.76 GiB
[2021-10-22 18:00:37,767] INFO       Local Directory: /groups/scicompsoft/home/ackermand/Programming/multiresolution-mesh-creator/dask-worker-space/worker-7y47qe9a
[2021-10-22 18:00:37,768] INFO -------------------------------------------------
[2021-10-22 18:00:37,938] INFO         Registered to:    tcp://10.36.60.11:26665
[2021-10-22 18:00:37,939] INFO -------------------------------------------------
[2021-10-22 18:00:37,940] INFO Starting established connection
[2021-10-22 18:00:37,942] INFO         Registered to:    tcp://10.36.60.11:26665
[2021-10-22 18:00:37,943] INFO -------------------------------------------------
[2021-10-22 18:00:37,944] INFO Starting established connection
[2021-10-22 18:00:37,953] INFO         Registered to:    tcp://10.36.60.11:26665
[2021-10-22 18:00:37,953] INFO -------------------------------------------------
[2021-10-22 18:00:37,954] INFO Starting established connection
[2021-10-22 18:00:37,998] INFO         Registered to:    tcp://10.36.60.11:26665
[2021-10-22 18:00:37,999] INFO -------------------------------------------------
[2021-10-22 18:00:38,000] INFO Starting established connection
[2021-10-22 18:00:38,025] INFO         Registered to:    tcp://10.36.60.11:26665
[2021-10-22 18:00:38,026] INFO -------------------------------------------------
[2021-10-22 18:00:38,027] INFO Starting established connection
[2021-10-22 18:00:38,027] INFO         Registered to:    tcp://10.36.60.11:26665
[2021-10-22 18:00:38,027] INFO -------------------------------------------------
[2021-10-22 18:00:38,028] INFO Starting established connection
[2021-10-22 18:00:38,046] INFO         Registered to:    tcp://10.36.60.11:26665
[2021-10-22 18:00:38,046] INFO -------------------------------------------------
[2021-10-22 18:00:38,047] INFO Starting established connection
[2021-10-22 18:00:38,050] INFO         Registered to:    tcp://10.36.60.11:26665
[2021-10-22 18:00:38,051] INFO -------------------------------------------------
[2021-10-22 18:00:38,052] INFO Starting established connection
[2021-10-22 18:00:38,062] INFO         Registered to:    tcp://10.36.60.11:26665
[2021-10-22 18:00:38,062] INFO -------------------------------------------------
[2021-10-22 18:00:38,064] INFO Starting established connection
[2021-10-22 18:00:38,084] INFO         Registered to:    tcp://10.36.60.11:26665
[2021-10-22 18:00:38,085] INFO -------------------------------------------------
[2021-10-22 18:00:38,086] INFO Starting established connection
[2021-10-22 18:00:38,087] INFO         Registered to:    tcp://10.36.60.11:26665
[2021-10-22 18:00:38,088] INFO -------------------------------------------------
[2021-10-22 18:00:38,090] INFO Starting established connection
[2021-10-22 18:00:38,099] INFO         Registered to:    tcp://10.36.60.11:26665
[2021-10-22 18:00:38,100] INFO -------------------------------------------------
[2021-10-22 18:00:38,101] INFO Starting established connection
[2021-10-22 18:00:38,102] INFO         Registered to:    tcp://10.36.60.11:26665
[2021-10-22 18:00:38,102] INFO -------------------------------------------------
[2021-10-22 18:00:38,104] INFO Starting established connection
[2021-10-22 18:00:38,111] INFO         Registered to:    tcp://10.36.60.11:26665
[2021-10-22 18:00:38,111] INFO -------------------------------------------------
[2021-10-22 18:00:38,112] INFO Starting established connection
[2021-10-22 18:00:38,120] INFO         Registered to:    tcp://10.36.60.11:26665
[2021-10-22 18:00:38,121] INFO -------------------------------------------------
[2021-10-22 18:00:38,121] INFO         Registered to:    tcp://10.36.60.11:26665
[2021-10-22 18:00:38,121] INFO -------------------------------------------------
[2021-10-22 18:00:38,122] INFO Starting established connection
[2021-10-22 18:00:38,122] INFO Starting established connection
[2021-10-22 18:00:38,129] INFO         Registered to:    tcp://10.36.60.11:26665
[2021-10-22 18:00:38,129] INFO -------------------------------------------------
[2021-10-22 18:00:38,130] INFO Starting established connection
[2021-10-22 18:00:38,134] INFO         Registered to:    tcp://10.36.60.11:26665
[2021-10-22 18:00:38,134] INFO -------------------------------------------------
[2021-10-22 18:00:38,135] INFO Starting established connection
[2021-10-22 18:00:38,136] INFO         Registered to:    tcp://10.36.60.11:26665
[2021-10-22 18:00:38,137] INFO -------------------------------------------------
[2021-10-22 18:00:38,137] INFO         Registered to:    tcp://10.36.60.11:26665
[2021-10-22 18:00:38,138] INFO -------------------------------------------------
[2021-10-22 18:00:38,138] INFO Starting established connection
[2021-10-22 18:00:38,139] INFO Starting established connection
[2021-10-22 18:00:38,143] INFO         Registered to:    tcp://10.36.60.11:26665
[2021-10-22 18:00:38,143] INFO -------------------------------------------------
[2021-10-22 18:00:38,144] INFO Starting established connection
[2021-10-22 18:00:38,146] INFO         Registered to:    tcp://10.36.60.11:26665
[2021-10-22 18:00:38,146] INFO -------------------------------------------------
[2021-10-22 18:00:38,147] INFO         Registered to:    tcp://10.36.60.11:26665
[2021-10-22 18:00:38,147] INFO -------------------------------------------------
[2021-10-22 18:00:38,148] INFO Starting established connection
[2021-10-22 18:00:38,149] INFO Starting established connection
[2021-10-22 18:00:38,151] INFO         Registered to:    tcp://10.36.60.11:26665
[2021-10-22 18:00:38,151] INFO -------------------------------------------------
[2021-10-22 18:00:38,152] INFO Starting established connection
[2021-10-22 18:00:38,152] INFO         Registered to:    tcp://10.36.60.11:26665
[2021-10-22 18:00:38,153] INFO -------------------------------------------------
[2021-10-22 18:00:38,154] INFO Starting established connection
[2021-10-22 18:00:38,157] INFO         Registered to:    tcp://10.36.60.11:26665
[2021-10-22 18:00:38,157] INFO -------------------------------------------------
[2021-10-22 18:00:38,158] INFO Starting established connection
[2021-10-22 18:00:38,161] INFO         Registered to:    tcp://10.36.60.11:26665
[2021-10-22 18:00:38,162] INFO -------------------------------------------------
[2021-10-22 18:00:38,163] INFO         Registered to:    tcp://10.36.60.11:26665
[2021-10-22 18:00:38,163] INFO Starting established connection
[2021-10-22 18:00:38,163] INFO -------------------------------------------------
[2021-10-22 18:00:38,164] INFO Starting established connection
[2021-10-22 18:00:38,167] INFO         Registered to:    tcp://10.36.60.11:26665
[2021-10-22 18:00:38,167] INFO -------------------------------------------------
[2021-10-22 18:00:38,168] INFO         Registered to:    tcp://10.36.60.11:26665
[2021-10-22 18:00:38,168] INFO -------------------------------------------------
[2021-10-22 18:00:38,168] INFO Starting established connection
[2021-10-22 18:00:38,169] INFO Starting established connection
[2021-10-22 18:00:38,176] INFO         Registered to:    tcp://10.36.60.11:26665
[2021-10-22 18:00:38,177] INFO -------------------------------------------------
[2021-10-22 18:00:38,178] INFO Starting established connection
[2021-10-22 18:00:38,178] INFO         Registered to:    tcp://10.36.60.11:26665
[2021-10-22 18:00:38,178] INFO -------------------------------------------------
[2021-10-22 18:00:38,179] INFO Starting established connection
[2021-10-22 18:00:38,179] INFO         Registered to:    tcp://10.36.60.11:26665
[2021-10-22 18:00:38,180] INFO -------------------------------------------------
[2021-10-22 18:00:38,181] INFO         Registered to:    tcp://10.36.60.11:26665
[2021-10-22 18:00:38,182] INFO Starting established connection
[2021-10-22 18:00:38,182] INFO -------------------------------------------------
[2021-10-22 18:00:38,183] INFO Starting established connection
[2021-10-22 18:00:38,185] INFO         Registered to:    tcp://10.36.60.11:26665
[2021-10-22 18:00:38,186] INFO -------------------------------------------------
[2021-10-22 18:00:38,187] INFO Starting established connection
[2021-10-22 18:00:38,187] INFO         Registered to:    tcp://10.36.60.11:26665
[2021-10-22 18:00:38,187] INFO -------------------------------------------------
[2021-10-22 18:00:38,188] INFO         Registered to:    tcp://10.36.60.11:26665
[2021-10-22 18:00:38,188] INFO -------------------------------------------------
[2021-10-22 18:00:38,188] INFO Starting established connection
[2021-10-22 18:00:38,189] INFO         Registered to:    tcp://10.36.60.11:26665
[2021-10-22 18:00:38,189] INFO -------------------------------------------------
[2021-10-22 18:00:38,190] INFO Starting established connection
[2021-10-22 18:00:38,190] INFO Starting established connection
[2021-10-22 18:00:38,190] INFO         Registered to:    tcp://10.36.60.11:26665
[2021-10-22 18:00:38,190] INFO -------------------------------------------------
[2021-10-22 18:00:38,191] INFO         Registered to:    tcp://10.36.60.11:26665
[2021-10-22 18:00:38,192] INFO Starting established connection
[2021-10-22 18:00:38,192] INFO -------------------------------------------------
[2021-10-22 18:00:38,193] INFO Starting established connection
[2021-10-22 18:00:52,013] INFO End worker
[2021-10-22 18:00:52,014] INFO Stopping worker at tcp://10.36.60.26:39205
[2021-10-22 18:00:52,014] INFO Stopping worker at tcp://10.36.60.26:15109
[2021-10-22 18:00:52,014] INFO Stopping worker at tcp://10.36.60.26:32425
[2021-10-22 18:00:52,014] INFO Stopping worker at tcp://10.36.60.26:19741
[2021-10-22 18:00:52,014] INFO Stopping worker at tcp://10.36.60.26:35135
[2021-10-22 18:00:52,014] INFO Stopping worker at tcp://10.36.60.26:27203
[2021-10-22 18:00:52,014] INFO Stopping worker at tcp://10.36.60.26:28535
[2021-10-22 18:00:52,014] INFO Stopping worker at tcp://10.36.60.26:27891
[2021-10-22 18:00:52,014] INFO Stopping worker at tcp://10.36.60.26:16591
[2021-10-22 18:00:52,014] INFO Stopping worker at tcp://10.36.60.26:19783
[2021-10-22 18:00:52,014] INFO Stopping worker at tcp://10.36.60.26:31007
[2021-10-22 18:00:52,014] INFO Stopping worker at tcp://10.36.60.26:35941
[2021-10-22 18:00:52,014] INFO Stopping worker at tcp://10.36.60.26:34939
[2021-10-22 18:00:52,014] INFO Stopping worker at tcp://10.36.60.26:32639
[2021-10-22 18:00:52,014] INFO Stopping worker at tcp://10.36.60.26:33781
[2021-10-22 18:00:52,014] INFO Stopping worker at tcp://10.36.60.26:38603
[2021-10-22 18:00:52,014] INFO Stopping worker at tcp://10.36.60.26:16623
[2021-10-22 18:00:52,014] INFO Stopping worker at tcp://10.36.60.26:32825
[2021-10-22 18:00:52,014] INFO Stopping worker at tcp://10.36.60.26:26007
[2021-10-22 18:00:52,014] INFO Stopping worker at tcp://10.36.60.26:35353
[2021-10-22 18:00:52,014] INFO Stopping worker at tcp://10.36.60.26:29367
[2021-10-22 18:00:52,014] INFO Stopping worker at tcp://10.36.60.26:38389
[2021-10-22 18:00:52,014] INFO Stopping worker at tcp://10.36.60.26:19369
[2021-10-22 18:00:52,014] INFO Stopping worker at tcp://10.36.60.26:30435
[2021-10-22 18:00:52,014] INFO Stopping worker at tcp://10.36.60.26:19323
[2021-10-22 18:00:52,014] INFO Stopping worker at tcp://10.36.60.26:37901
[2021-10-22 18:00:52,014] INFO Stopping worker at tcp://10.36.60.26:23381
[2021-10-22 18:00:52,014] INFO Stopping worker at tcp://10.36.60.26:30831
[2021-10-22 18:00:52,014] INFO Stopping worker at tcp://10.36.60.26:24673
[2021-10-22 18:00:52,014] INFO Stopping worker at tcp://10.36.60.26:16033
[2021-10-22 18:00:52,014] INFO Stopping worker at tcp://10.36.60.26:20603
[2021-10-22 18:00:52,014] INFO Stopping worker at tcp://10.36.60.26:23059
[2021-10-22 18:00:52,014] INFO Stopping worker at tcp://10.36.60.26:18839
[2021-10-22 18:00:52,015] INFO reaping stray process <SpawnProcess(Dask Worker process (from Nanny), started daemon)>
[2021-10-22 18:00:52,015] INFO reaping stray process <SpawnProcess(Dask Worker process (from Nanny), started daemon)>
[2021-10-22 18:00:52,016] INFO reaping stray process <SpawnProcess(Dask Worker process (from Nanny), started daemon)>
[2021-10-22 18:00:52,016] INFO reaping stray process <SpawnProcess(Dask Worker process (from Nanny), started daemon)>
[2021-10-22 18:00:52,016] INFO reaping stray process <SpawnProcess(Dask Worker process (from Nanny), started daemon)>
Process Dask Worker process (from Nanny):
Traceback (most recent call last):
  File "/groups/scicompsoft/home/ackermand/miniconda3/envs/multiresolution_mesh_creator/lib/python3.7/site-packages/distributed/nanny.py", line 897, in _run
    loop.run_sync(run)
  File "/groups/scicompsoft/home/ackermand/miniconda3/envs/multiresolution_mesh_creator/lib/python3.7/site-packages/tornado/ioloop.py", line 524, in run_sync
    self.start()
  File "/groups/scicompsoft/home/ackermand/miniconda3/envs/multiresolution_mesh_creator/lib/python3.7/site-packages/tornado/platform/asyncio.py", line 199, in start
    self.asyncio_loop.run_forever()
  File "/groups/scicompsoft/home/ackermand/miniconda3/envs/multiresolution_mesh_creator/lib/python3.7/asyncio/base_events.py", line 541, in run_forever
    self._run_once()
  File "/groups/scicompsoft/home/ackermand/miniconda3/envs/multiresolution_mesh_creator/lib/python3.7/asyncio/base_events.py", line 1750, in _run_once
    event_list = self._selector.select(timeout)
  File "/groups/scicompsoft/home/ackermand/miniconda3/envs/multiresolution_mesh_creator/lib/python3.7/selectors.py", line 468, in select
    fd_event_list = self._selector.poll(timeout, max_ev)
KeyboardInterrupt

During handling of the above exception, another exception occurred:

Traceback (most recent call last):
  File "/groups/scicompsoft/home/ackermand/miniconda3/envs/multiresolution_mesh_creator/lib/python3.7/multiprocessing/process.py", line 297, in _bootstrap
    self.run()
  File "/groups/scicompsoft/home/ackermand/miniconda3/envs/multiresolution_mesh_creator/lib/python3.7/multiprocessing/process.py", line 99, in run
    self._target(*self._args, **self._kwargs)
  File "/groups/scicompsoft/home/ackermand/miniconda3/envs/multiresolution_mesh_creator/lib/python3.7/site-packages/distributed/process.py", line 191, in _run
    target(*args, **kwargs)
  File "/groups/scicompsoft/home/ackermand/miniconda3/envs/multiresolution_mesh_creator/lib/python3.7/site-packages/distributed/nanny.py", line 904, in _run
    loop.run_sync(do_stop)
  File "/groups/scicompsoft/home/ackermand/miniconda3/envs/multiresolution_mesh_creator/lib/python3.7/site-packages/tornado/ioloop.py", line 511, in run_sync
    self.add_callback(run)
  File "/groups/scicompsoft/home/ackermand/miniconda3/envs/multiresolution_mesh_creator/lib/python3.7/site-packages/tornado/platform/asyncio.py", line 222, in add_callback
    if threading.get_ident() == self._thread_identity:
KeyboardInterrupt
[2021-10-22 18:00:52,017] INFO reaping stray process <SpawnProcess(Dask Worker process (from Nanny), started daemon)>
Process Dask Worker process (from Nanny):
Traceback (most recent call last):
  File "/groups/scicompsoft/home/ackermand/miniconda3/envs/multiresolution_mesh_creator/lib/python3.7/asyncio/base_events.py", line 541, in run_forever
    self._run_once()
  File "/groups/scicompsoft/home/ackermand/miniconda3/envs/multiresolution_mesh_creator/lib/python3.7/asyncio/base_events.py", line 1750, in _run_once
    event_list = self._selector.select(timeout)
  File "/groups/scicompsoft/home/ackermand/miniconda3/envs/multiresolution_mesh_creator/lib/python3.7/selectors.py", line 468, in select
    fd_event_list = self._selector.poll(timeout, max_ev)
KeyboardInterrupt

During handling of the above exception, another exception occurred:

Traceback (most recent call last):
  File "/groups/scicompsoft/home/ackermand/miniconda3/envs/multiresolution_mesh_creator/lib/python3.7/site-packages/distributed/nanny.py", line 897, in _run
    loop.run_sync(run)
  File "/groups/scicompsoft/home/ackermand/miniconda3/envs/multiresolution_mesh_creator/lib/python3.7/site-packages/tornado/ioloop.py", line 524, in run_sync
    self.start()
  File "/groups/scicompsoft/home/ackermand/miniconda3/envs/multiresolution_mesh_creator/lib/python3.7/site-packages/tornado/platform/asyncio.py", line 199, in start
    self.asyncio_loop.run_forever()
  File "/groups/scicompsoft/home/ackermand/miniconda3/envs/multiresolution_mesh_creator/lib/python3.7/asyncio/base_events.py", line 547, in run_forever
    events._set_running_loop(None)
KeyboardInterrupt

During handling of the above exception, another exception occurred:

Traceback (most recent call last):
  File "/groups/scicompsoft/home/ackermand/miniconda3/envs/multiresolution_mesh_creator/lib/python3.7/multiprocessing/process.py", line 297, in _bootstrap
    self.run()
  File "/groups/scicompsoft/home/ackermand/miniconda3/envs/multiresolution_mesh_creator/lib/python3.7/multiprocessing/process.py", line 99, in run
    self._target(*self._args, **self._kwargs)
  File "/groups/scicompsoft/home/ackermand/miniconda3/envs/multiresolution_mesh_creator/lib/python3.7/site-packages/distributed/process.py", line 191, in _run
    target(*args, **kwargs)
  File "/groups/scicompsoft/home/ackermand/miniconda3/envs/multiresolution_mesh_creator/lib/python3.7/site-packages/distributed/nanny.py", line 904, in _run
    loop.run_sync(do_stop)
  File "/groups/scicompsoft/home/ackermand/miniconda3/envs/multiresolution_mesh_creator/lib/python3.7/site-packages/tornado/ioloop.py", line 524, in run_sync
    self.start()
  File "/groups/scicompsoft/home/ackermand/miniconda3/envs/multiresolution_mesh_creator/lib/python3.7/site-packages/tornado/platform/asyncio.py", line 199, in start
    self.asyncio_loop.run_forever()
  File "/groups/scicompsoft/home/ackermand/miniconda3/envs/multiresolution_mesh_creator/lib/python3.7/asyncio/base_events.py", line 531, in run_forever
    self._check_runnung()
  File "/groups/scicompsoft/home/ackermand/miniconda3/envs/multiresolution_mesh_creator/lib/python3.7/asyncio/base_events.py", line 526, in _check_runnung
    'Cannot run the event loop while another loop is running')
RuntimeError: Cannot run the event loop while another loop is running
Process Dask Worker process (from Nanny):
Traceback (most recent call last):
  File "/groups/scicompsoft/home/ackermand/miniconda3/envs/multiresolution_mesh_creator/lib/python3.7/site-packages/distributed/nanny.py", line 897, in _run
    loop.run_sync(run)
  File "/groups/scicompsoft/home/ackermand/miniconda3/envs/multiresolution_mesh_creator/lib/python3.7/site-packages/tornado/ioloop.py", line 524, in run_sync
    self.start()
  File "/groups/scicompsoft/home/ackermand/miniconda3/envs/multiresolution_mesh_creator/lib/python3.7/site-packages/tornado/platform/asyncio.py", line 199, in start
    self.asyncio_loop.run_forever()
  File "/groups/scicompsoft/home/ackermand/miniconda3/envs/multiresolution_mesh_creator/lib/python3.7/asyncio/base_events.py", line 541, in run_forever
    self._run_once()
  File "/groups/scicompsoft/home/ackermand/miniconda3/envs/multiresolution_mesh_creator/lib/python3.7/asyncio/base_events.py", line 1750, in _run_once
    event_list = self._selector.select(timeout)
  File "/groups/scicompsoft/home/ackermand/miniconda3/envs/multiresolution_mesh_creator/lib/python3.7/selectors.py", line 468, in select
    fd_event_list = self._selector.poll(timeout, max_ev)
KeyboardInterrupt

During handling of the above exception, another exception occurred:

Traceback (most recent call last):
  File "/groups/scicompsoft/home/ackermand/miniconda3/envs/multiresolution_mesh_creator/lib/python3.7/multiprocessing/process.py", line 297, in _bootstrap
    self.run()
  File "/groups/scicompsoft/home/ackermand/miniconda3/envs/multiresolution_mesh_creator/lib/python3.7/multiprocessing/process.py", line 99, in run
    self._target(*self._args, **self._kwargs)
  File "/groups/scicompsoft/home/ackermand/miniconda3/envs/multiresolution_mesh_creator/lib/python3.7/site-packages/distributed/process.py", line 191, in _run
    target(*args, **kwargs)
  File "/groups/scicompsoft/home/ackermand/miniconda3/envs/multiresolution_mesh_creator/lib/python3.7/site-packages/distributed/nanny.py", line 904, in _run
    loop.run_sync(do_stop)
  File "/groups/scicompsoft/home/ackermand/miniconda3/envs/multiresolution_mesh_creator/lib/python3.7/site-packages/tornado/ioloop.py", line 490, in run_sync
    def run() -> None:
KeyboardInterrupt
Process Dask Worker process (from Nanny):
Traceback (most recent call last):
  File "/groups/scicompsoft/home/ackermand/miniconda3/envs/multiresolution_mesh_creator/lib/python3.7/asyncio/base_events.py", line 541, in run_forever
    self._run_once()
  File "/groups/scicompsoft/home/ackermand/miniconda3/envs/multiresolution_mesh_creator/lib/python3.7/asyncio/base_events.py", line 1750, in _run_once
    event_list = self._selector.select(timeout)
  File "/groups/scicompsoft/home/ackermand/miniconda3/envs/multiresolution_mesh_creator/lib/python3.7/selectors.py", line 468, in select
    fd_event_list = self._selector.poll(timeout, max_ev)
KeyboardInterrupt

During handling of the above exception, another exception occurred:

Traceback (most recent call last):
  File "/groups/scicompsoft/home/ackermand/miniconda3/envs/multiresolution_mesh_creator/lib/python3.7/site-packages/distributed/nanny.py", line 897, in _run
    loop.run_sync(run)
  File "/groups/scicompsoft/home/ackermand/miniconda3/envs/multiresolution_mesh_creator/lib/python3.7/site-packages/tornado/ioloop.py", line 524, in run_sync
    self.start()
  File "/groups/scicompsoft/home/ackermand/miniconda3/envs/multiresolution_mesh_creator/lib/python3.7/site-packages/tornado/platform/asyncio.py", line 199, in start
    self.asyncio_loop.run_forever()
  File "/groups/scicompsoft/home/ackermand/miniconda3/envs/multiresolution_mesh_creator/lib/python3.7/asyncio/base_events.py", line 547, in run_forever
    events._set_running_loop(None)
KeyboardInterrupt

During handling of the above exception, another exception occurred:

Traceback (most recent call last):
  File "/groups/scicompsoft/home/ackermand/miniconda3/envs/multiresolution_mesh_creator/lib/python3.7/multiprocessing/process.py", line 297, in _bootstrap
    self.run()
  File "/groups/scicompsoft/home/ackermand/miniconda3/envs/multiresolution_mesh_creator/lib/python3.7/multiprocessing/process.py", line 99, in run
    self._target(*self._args, **self._kwargs)
  File "/groups/scicompsoft/home/ackermand/miniconda3/envs/multiresolution_mesh_creator/lib/python3.7/site-packages/distributed/process.py", line 191, in _run
    target(*args, **kwargs)
  File "/groups/scicompsoft/home/ackermand/miniconda3/envs/multiresolution_mesh_creator/lib/python3.7/site-packages/distributed/nanny.py", line 904, in _run
    loop.run_sync(do_stop)
  File "/groups/scicompsoft/home/ackermand/miniconda3/envs/multiresolution_mesh_creator/lib/python3.7/site-packages/tornado/ioloop.py", line 524, in run_sync
    self.start()
  File "/groups/scicompsoft/home/ackermand/miniconda3/envs/multiresolution_mesh_creator/lib/python3.7/site-packages/tornado/platform/asyncio.py", line 199, in start
    self.asyncio_loop.run_forever()
  File "/groups/scicompsoft/home/ackermand/miniconda3/envs/multiresolution_mesh_creator/lib/python3.7/asyncio/base_events.py", line 531, in run_forever
    self._check_runnung()
  File "/groups/scicompsoft/home/ackermand/miniconda3/envs/multiresolution_mesh_creator/lib/python3.7/asyncio/base_events.py", line 526, in _check_runnung
    'Cannot run the event loop while another loop is running')
RuntimeError: Cannot run the event loop while another loop is running
Process Dask Worker process (from Nanny):
Traceback (most recent call last):
  File "/groups/scicompsoft/home/ackermand/miniconda3/envs/multiresolution_mesh_creator/lib/python3.7/asyncio/base_events.py", line 541, in run_forever
    self._run_once()
  File "/groups/scicompsoft/home/ackermand/miniconda3/envs/multiresolution_mesh_creator/lib/python3.7/asyncio/base_events.py", line 1750, in _run_once
    event_list = self._selector.select(timeout)
  File "/groups/scicompsoft/home/ackermand/miniconda3/envs/multiresolution_mesh_creator/lib/python3.7/selectors.py", line 468, in select
    fd_event_list = self._selector.poll(timeout, max_ev)
KeyboardInterrupt

During handling of the above exception, another exception occurred:

Traceback (most recent call last):
  File "/groups/scicompsoft/home/ackermand/miniconda3/envs/multiresolution_mesh_creator/lib/python3.7/site-packages/distributed/nanny.py", line 897, in _run
    loop.run_sync(run)
  File "/groups/scicompsoft/home/ackermand/miniconda3/envs/multiresolution_mesh_creator/lib/python3.7/site-packages/tornado/ioloop.py", line 524, in run_sync
    self.start()
  File "/groups/scicompsoft/home/ackermand/miniconda3/envs/multiresolution_mesh_creator/lib/python3.7/site-packages/tornado/platform/asyncio.py", line 199, in start
    self.asyncio_loop.run_forever()
  File "/groups/scicompsoft/home/ackermand/miniconda3/envs/multiresolution_mesh_creator/lib/python3.7/asyncio/base_events.py", line 541, in run_forever
    self._run_once()
KeyboardInterrupt

During handling of the above exception, another exception occurred:

Traceback (most recent call last):
  File "/groups/scicompsoft/home/ackermand/miniconda3/envs/multiresolution_mesh_creator/lib/python3.7/multiprocessing/process.py", line 297, in _bootstrap
    self.run()
  File "/groups/scicompsoft/home/ackermand/miniconda3/envs/multiresolution_mesh_creator/lib/python3.7/multiprocessing/process.py", line 99, in run
    self._target(*self._args, **self._kwargs)
  File "/groups/scicompsoft/home/ackermand/miniconda3/envs/multiresolution_mesh_creator/lib/python3.7/site-packages/distributed/process.py", line 191, in _run
    target(*args, **kwargs)
  File "/groups/scicompsoft/home/ackermand/miniconda3/envs/multiresolution_mesh_creator/lib/python3.7/site-packages/distributed/nanny.py", line 904, in _run
    loop.run_sync(do_stop)
  File "/groups/scicompsoft/home/ackermand/miniconda3/envs/multiresolution_mesh_creator/lib/python3.7/site-packages/tornado/ioloop.py", line 524, in run_sync
    self.start()
  File "/groups/scicompsoft/home/ackermand/miniconda3/envs/multiresolution_mesh_creator/lib/python3.7/site-packages/tornado/platform/asyncio.py", line 199, in start
    self.asyncio_loop.run_forever()
  File "/groups/scicompsoft/home/ackermand/miniconda3/envs/multiresolution_mesh_creator/lib/python3.7/asyncio/base_events.py", line 531, in run_forever
    self._check_runnung()
  File "/groups/scicompsoft/home/ackermand/miniconda3/envs/multiresolution_mesh_creator/lib/python3.7/asyncio/base_events.py", line 523, in _check_runnung
    raise RuntimeError('This event loop is already running')
RuntimeError: This event loop is already running
Process Dask Worker process (from Nanny):
Traceback (most recent call last):
  File "/groups/scicompsoft/home/ackermand/miniconda3/envs/multiresolution_mesh_creator/lib/python3.7/asyncio/base_events.py", line 541, in run_forever
    self._run_once()
  File "/groups/scicompsoft/home/ackermand/miniconda3/envs/multiresolution_mesh_creator/lib/python3.7/asyncio/base_events.py", line 1750, in _run_once
    event_list = self._selector.select(timeout)
  File "/groups/scicompsoft/home/ackermand/miniconda3/envs/multiresolution_mesh_creator/lib/python3.7/selectors.py", line 468, in select
    fd_event_list = self._selector.poll(timeout, max_ev)
KeyboardInterrupt

During handling of the above exception, another exception occurred:

Traceback (most recent call last):
  File "/groups/scicompsoft/home/ackermand/miniconda3/envs/multiresolution_mesh_creator/lib/python3.7/site-packages/distributed/nanny.py", line 897, in _run
    loop.run_sync(run)
  File "/groups/scicompsoft/home/ackermand/miniconda3/envs/multiresolution_mesh_creator/lib/python3.7/site-packages/tornado/ioloop.py", line 524, in run_sync
    self.start()
  File "/groups/scicompsoft/home/ackermand/miniconda3/envs/multiresolution_mesh_creator/lib/python3.7/site-packages/tornado/platform/asyncio.py", line 199, in start
    self.asyncio_loop.run_forever()
  File "/groups/scicompsoft/home/ackermand/miniconda3/envs/multiresolution_mesh_creator/lib/python3.7/asyncio/base_events.py", line 546, in run_forever
    self._thread_id = None
KeyboardInterrupt

During handling of the above exception, another exception occurred:

Traceback (most recent call last):
  File "/groups/scicompsoft/home/ackermand/miniconda3/envs/multiresolution_mesh_creator/lib/python3.7/multiprocessing/process.py", line 297, in _bootstrap
    self.run()
  File "/groups/scicompsoft/home/ackermand/miniconda3/envs/multiresolution_mesh_creator/lib/python3.7/multiprocessing/process.py", line 99, in run
    self._target(*self._args, **self._kwargs)
  File "/groups/scicompsoft/home/ackermand/miniconda3/envs/multiresolution_mesh_creator/lib/python3.7/site-packages/distributed/process.py", line 191, in _run
    target(*args, **kwargs)
  File "/groups/scicompsoft/home/ackermand/miniconda3/envs/multiresolution_mesh_creator/lib/python3.7/site-packages/distributed/nanny.py", line 904, in _run
    loop.run_sync(do_stop)
  File "/groups/scicompsoft/home/ackermand/miniconda3/envs/multiresolution_mesh_creator/lib/python3.7/site-packages/tornado/ioloop.py", line 524, in run_sync
    self.start()
  File "/groups/scicompsoft/home/ackermand/miniconda3/envs/multiresolution_mesh_creator/lib/python3.7/site-packages/tornado/platform/asyncio.py", line 199, in start
    self.asyncio_loop.run_forever()
  File "/groups/scicompsoft/home/ackermand/miniconda3/envs/multiresolution_mesh_creator/lib/python3.7/asyncio/base_events.py", line 531, in run_forever
    self._check_runnung()
  File "/groups/scicompsoft/home/ackermand/miniconda3/envs/multiresolution_mesh_creator/lib/python3.7/asyncio/base_events.py", line 526, in _check_runnung
    'Cannot run the event loop while another loop is running')
RuntimeError: Cannot run the event loop while another loop is running
[2021-10-22 18:00:52,017] INFO reaping stray process <SpawnProcess(Dask Worker process (from Nanny), started daemon)>
[2021-10-22 18:00:52,017] INFO reaping stray process <SpawnProcess(Dask Worker process (from Nanny), started daemon)>
Process Dask Worker process (from Nanny):
Traceback (most recent call last):
  File "/groups/scicompsoft/home/ackermand/miniconda3/envs/multiresolution_mesh_creator/lib/python3.7/site-packages/distributed/nanny.py", line 897, in _run
    loop.run_sync(run)
  File "/groups/scicompsoft/home/ackermand/miniconda3/envs/multiresolution_mesh_creator/lib/python3.7/site-packages/tornado/ioloop.py", line 524, in run_sync
    self.start()
  File "/groups/scicompsoft/home/ackermand/miniconda3/envs/multiresolution_mesh_creator/lib/python3.7/site-packages/tornado/platform/asyncio.py", line 199, in start
    self.asyncio_loop.run_forever()
  File "/groups/scicompsoft/home/ackermand/miniconda3/envs/multiresolution_mesh_creator/lib/python3.7/asyncio/base_events.py", line 541, in run_forever
    self._run_once()
  File "/groups/scicompsoft/home/ackermand/miniconda3/envs/multiresolution_mesh_creator/lib/python3.7/asyncio/base_events.py", line 1750, in _run_once
    event_list = self._selector.select(timeout)
  File "/groups/scicompsoft/home/ackermand/miniconda3/envs/multiresolution_mesh_creator/lib/python3.7/selectors.py", line 468, in select
    fd_event_list = self._selector.poll(timeout, max_ev)
KeyboardInterrupt

During handling of the above exception, another exception occurred:

Traceback (most recent call last):
  File "/groups/scicompsoft/home/ackermand/miniconda3/envs/multiresolution_mesh_creator/lib/python3.7/multiprocessing/process.py", line 297, in _bootstrap
    self.run()
  File "/groups/scicompsoft/home/ackermand/miniconda3/envs/multiresolution_mesh_creator/lib/python3.7/multiprocessing/process.py", line 99, in run
    self._target(*self._args, **self._kwargs)
  File "/groups/scicompsoft/home/ackermand/miniconda3/envs/multiresolution_mesh_creator/lib/python3.7/site-packages/distributed/process.py", line 191, in _run
    target(*args, **kwargs)
  File "/groups/scicompsoft/home/ackermand/miniconda3/envs/multiresolution_mesh_creator/lib/python3.7/site-packages/distributed/nanny.py", line 904, in _run
    loop.run_sync(do_stop)
  File "/groups/scicompsoft/home/ackermand/miniconda3/envs/multiresolution_mesh_creator/lib/python3.7/site-packages/tornado/ioloop.py", line 524, in run_sync
    self.start()
  File "/groups/scicompsoft/home/ackermand/miniconda3/envs/multiresolution_mesh_creator/lib/python3.7/site-packages/tornado/platform/asyncio.py", line 193, in start
    old_loop = asyncio.get_event_loop()
  File "/groups/scicompsoft/home/ackermand/miniconda3/envs/multiresolution_mesh_creator/lib/python3.7/site-packages/distributed/utils.py", line 1060, in get_event_loop
    return super().get_event_loop()
  File "/groups/scicompsoft/home/ackermand/miniconda3/envs/multiresolution_mesh_creator/lib/python3.7/asyncio/events.py", line 637, in get_event_loop
    if (self._local._loop is None and
KeyboardInterrupt
[2021-10-22 18:00:52,018] INFO reaping stray process <SpawnProcess(Dask Worker process (from Nanny), started daemon)>
[2021-10-22 18:00:52,018] INFO reaping stray process <SpawnProcess(Dask Worker process (from Nanny), started daemon)>
[2021-10-22 18:00:52,018] INFO reaping stray process <SpawnProcess(Dask Worker process (from Nanny), started daemon)>
[2021-10-22 18:00:52,019] INFO reaping stray process <SpawnProcess(Dask Worker process (from Nanny), started daemon)>
[2021-10-22 18:00:52,019] INFO reaping stray process <SpawnProcess(Dask Worker process (from Nanny), started daemon)>
[2021-10-22 18:00:52,019] INFO reaping stray process <SpawnProcess(Dask Worker process (from Nanny), started daemon)>
[2021-10-22 18:00:52,019] INFO reaping stray process <SpawnProcess(Dask Worker process (from Nanny), started daemon)>
[2021-10-22 18:00:52,019] INFO reaping stray process <SpawnProcess(Dask Worker process (from Nanny), started daemon)>
[2021-10-22 18:00:52,019] INFO reaping stray process <SpawnProcess(Dask Worker process (from Nanny), started daemon)>
[2021-10-22 18:00:52,020] INFO reaping stray process <SpawnProcess(Dask Worker process (from Nanny), started daemon)>
[2021-10-22 18:00:52,020] INFO reaping stray process <SpawnProcess(Dask Worker process (from Nanny), started daemon)>
[2021-10-22 18:00:52,020] INFO reaping stray process <SpawnProcess(Dask Worker process (from Nanny), started daemon)>
[2021-10-22 18:00:52,020] INFO reaping stray process <SpawnProcess(Dask Worker process (from Nanny), started daemon)>
[2021-10-22 18:00:52,020] INFO reaping stray process <SpawnProcess(Dask Worker process (from Nanny), started daemon)>
[2021-10-22 18:00:52,021] INFO reaping stray process <SpawnProcess(Dask Worker process (from Nanny), started daemon)>
[2021-10-22 18:00:52,021] INFO reaping stray process <SpawnProcess(Dask Worker process (from Nanny), started daemon)>
[2021-10-22 18:00:52,021] INFO reaping stray process <SpawnProcess(Dask Worker process (from Nanny), started daemon)>
[2021-10-22 18:00:52,021] INFO reaping stray process <SpawnProcess(Dask Worker process (from Nanny), started daemon)>
[2021-10-22 18:00:52,021] INFO reaping stray process <SpawnProcess(Dask Worker process (from Nanny), started daemon)>
[2021-10-22 18:00:52,021] INFO reaping stray process <SpawnProcess(Dask Worker process (from Nanny), started daemon)>
[2021-10-22 18:00:52,022] INFO reaping stray process <SpawnProcess(Dask Worker process (from Nanny), started daemon)>
[2021-10-22 18:00:52,022] INFO reaping stray process <SpawnProcess(Dask Worker process (from Nanny), started daemon)>
[2021-10-22 18:00:52,022] INFO reaping stray process <SpawnProcess(Dask Worker process (from Nanny), started daemon)>
[2021-10-22 18:00:52,022] INFO reaping stray process <SpawnProcess(Dask Worker process (from Nanny), started daemon)>
[2021-10-22 18:00:52,022] INFO reaping stray process <SpawnProcess(Dask Worker process (from Nanny), started daemon)>
[2021-10-22 18:00:52,022] INFO reaping stray process <SpawnProcess(Dask Worker process (from Nanny), started daemon)>
[2021-10-22 18:00:52,023] INFO reaping stray process <SpawnProcess(Dask Worker process (from Nanny), started daemon)>
[2021-10-22 18:00:52,023] INFO reaping stray process <SpawnProcess(Dask Worker process (from Nanny), started daemon)>
[2021-10-22 18:00:52,023] INFO reaping stray process <SpawnProcess(Dask Worker process (from Nanny), started daemon)>
[2021-10-22 18:00:52,023] INFO reaping stray process <SpawnProcess(Dask Worker process (from Nanny), started daemon)>
[2021-10-22 18:00:52,023] INFO reaping stray process <SpawnProcess(Dask Worker process (from Nanny), started daemon)>
[2021-10-22 18:00:52,023] INFO reaping stray process <SpawnProcess(Dask Worker process (from Nanny), started daemon)>
Error in atexit._run_exitfuncs:
Traceback (most recent call last):
  File "/groups/scicompsoft/home/ackermand/miniconda3/envs/multiresolution_mesh_creator/lib/python3.7/multiprocessing/popen_fork.py", line 28, in poll
KeyboardInterrupt
