[2021-10-22 17:58:50,512] INFO         Start Nanny at: 'tcp://10.36.60.14:26893'
[2021-10-22 17:58:50,529] INFO         Start Nanny at: 'tcp://10.36.60.14:28133'
[2021-10-22 17:58:50,530] INFO         Start Nanny at: 'tcp://10.36.60.14:21859'
[2021-10-22 17:58:50,533] INFO         Start Nanny at: 'tcp://10.36.60.14:23067'
[2021-10-22 17:58:50,534] INFO         Start Nanny at: 'tcp://10.36.60.14:33567'
[2021-10-22 17:58:50,535] INFO         Start Nanny at: 'tcp://10.36.60.14:36849'
[2021-10-22 17:58:50,535] INFO         Start Nanny at: 'tcp://10.36.60.14:17613'
[2021-10-22 17:58:50,535] INFO         Start Nanny at: 'tcp://10.36.60.14:21393'
[2021-10-22 17:58:50,535] INFO         Start Nanny at: 'tcp://10.36.60.14:31807'
[2021-10-22 17:58:50,535] INFO         Start Nanny at: 'tcp://10.36.60.14:17409'
[2021-10-22 17:58:50,536] INFO         Start Nanny at: 'tcp://10.36.60.14:39461'
[2021-10-22 17:58:50,536] INFO         Start Nanny at: 'tcp://10.36.60.14:34809'
[2021-10-22 17:58:50,536] INFO         Start Nanny at: 'tcp://10.36.60.14:19503'
[2021-10-22 17:58:50,536] INFO         Start Nanny at: 'tcp://10.36.60.14:21959'
[2021-10-22 17:58:50,536] INFO         Start Nanny at: 'tcp://10.36.60.14:39929'
[2021-10-22 17:58:50,536] INFO         Start Nanny at: 'tcp://10.36.60.14:30447'
[2021-10-22 17:58:50,537] INFO         Start Nanny at: 'tcp://10.36.60.14:32661'
[2021-10-22 17:58:50,537] INFO         Start Nanny at: 'tcp://10.36.60.14:26131'
[2021-10-22 17:58:50,537] INFO         Start Nanny at: 'tcp://10.36.60.14:39605'
[2021-10-22 17:58:50,537] INFO         Start Nanny at: 'tcp://10.36.60.14:18061'
[2021-10-22 17:58:50,537] INFO         Start Nanny at: 'tcp://10.36.60.14:21177'
[2021-10-22 17:58:50,537] INFO         Start Nanny at: 'tcp://10.36.60.14:17349'
[2021-10-22 17:58:50,537] INFO         Start Nanny at: 'tcp://10.36.60.14:22239'
[2021-10-22 17:58:50,538] INFO         Start Nanny at: 'tcp://10.36.60.14:23615'
[2021-10-22 17:58:50,538] INFO         Start Nanny at: 'tcp://10.36.60.14:19915'
[2021-10-22 17:58:50,538] INFO         Start Nanny at: 'tcp://10.36.60.14:28623'
[2021-10-22 17:58:50,538] INFO         Start Nanny at: 'tcp://10.36.60.14:28223'
[2021-10-22 17:58:50,538] INFO         Start Nanny at: 'tcp://10.36.60.14:21439'
[2021-10-22 17:58:50,538] INFO         Start Nanny at: 'tcp://10.36.60.14:23693'
[2021-10-22 17:58:50,538] INFO         Start Nanny at: 'tcp://10.36.60.14:25023'
[2021-10-22 17:58:50,539] INFO         Start Nanny at: 'tcp://10.36.60.14:30773'
[2021-10-22 17:58:50,539] INFO         Start Nanny at: 'tcp://10.36.60.14:29963'
[2021-10-22 17:58:50,539] INFO         Start Nanny at: 'tcp://10.36.60.14:26721'
[2021-10-22 17:58:50,539] INFO         Start Nanny at: 'tcp://10.36.60.14:23317'
[2021-10-22 17:58:50,539] INFO         Start Nanny at: 'tcp://10.36.60.14:28895'
[2021-10-22 17:58:50,539] INFO         Start Nanny at: 'tcp://10.36.60.14:27985'
[2021-10-22 17:58:50,539] INFO         Start Nanny at: 'tcp://10.36.60.14:39181'
[2021-10-22 17:58:50,540] INFO         Start Nanny at: 'tcp://10.36.60.14:20421'
[2021-10-22 17:58:50,540] INFO         Start Nanny at: 'tcp://10.36.60.14:27741'
[2021-10-22 17:58:50,540] INFO         Start Nanny at: 'tcp://10.36.60.14:28381'
Fatal Python error: init_sys_streams: can't initialize sys standard streams
Fatal Python error: Traceback (most recent call last):
initsite:   File "<frozen importlib._bootstrap>", line 983, in _find_and_load
Failed to import the site module
  File "<frozen importlib._bootstrap>", line 967, in _find_and_load_unlocked
  File "<frozen importlib._bootstrap>", line 677, in _load_unlocked
  File "<frozen importlib._bootstrap_external>", line 724, in exec_module
  File "<frozen importlib._bootstrap_external>", line 818, in get_code
  File "<frozen importlib._bootstrap_external>", line 916, in get_data
KeyboardInterrupt
Traceback (most recent call last):
  File "/groups/scicompsoft/home/ackermand/miniconda3/envs/multiresolution_mesh_creator/lib/python3.7/site.py", line 73, in <module>
    import os
  File "/groups/scicompsoft/home/ackermand/miniconda3/envs/multiresolution_mesh_creator/lib/python3.7/os.py", line 59, in <module>
    import posixpath as path
  File "/groups/scicompsoft/home/ackermand/miniconda3/envs/multiresolution_mesh_creator/lib/python3.7/posixpath.py", line 28, in <module>
    import genericpath
  File "<frozen importlib._bootstrap>", line 983, in _find_and_load
  File "<frozen importlib._bootstrap>", line 967, in _find_and_load_unlocked
  File "<frozen importlib._bootstrap>", line 677, in _load_unlocked
  File "<frozen importlib._bootstrap_external>", line 724, in exec_module
  File "<frozen importlib._bootstrap_external>", line 818, in get_code
  File "<frozen importlib._bootstrap_external>", line 916, in get_data
KeyboardInterrupt
Traceback (most recent call last):
  File "<string>", line 1, in <module>
  File "/groups/scicompsoft/home/ackermand/miniconda3/envs/multiresolution_mesh_creator/lib/python3.7/multiprocessing/__init__.py", line 16, in <module>
    from . import context
  File "<frozen importlib._bootstrap>", line 983, in _find_and_load
  File "<frozen importlib._bootstrap>", line 967, in _find_and_load_unlocked
  File "<frozen importlib._bootstrap>", line 677, in _load_unlocked
  File "<frozen importlib._bootstrap_external>", line 724, in exec_module
  File "<frozen importlib._bootstrap_external>", line 818, in get_code
  File "<frozen importlib._bootstrap_external>", line 916, in get_data
KeyboardInterrupt
Traceback (most recent call last):
  File "<string>", line 1, in <module>
  File "/groups/scicompsoft/home/ackermand/miniconda3/envs/multiresolution_mesh_creator/lib/python3.7/multiprocessing/spawn.py", line 105, in spawn_main
    exitcode = _main(fd)
  File "/groups/scicompsoft/home/ackermand/miniconda3/envs/multiresolution_mesh_creator/lib/python3.7/multiprocessing/spawn.py", line 114, in _main
    prepare(preparation_data)
  File "/groups/scicompsoft/home/ackermand/miniconda3/envs/multiresolution_mesh_creator/lib/python3.7/multiprocessing/spawn.py", line 223, in prepare
    _fixup_main_from_name(data['init_main_from_name'])
  File "/groups/scicompsoft/home/ackermand/miniconda3/envs/multiresolution_mesh_creator/lib/python3.7/multiprocessing/spawn.py", line 249, in _fixup_main_from_name
    alter_sys=True)
  File "/groups/scicompsoft/home/ackermand/miniconda3/envs/multiresolution_mesh_creator/lib/python3.7/runpy.py", line 201, in run_module
    mod_name, mod_spec, code = _get_module_details(mod_name)
  File "/groups/scicompsoft/home/ackermand/miniconda3/envs/multiresolution_mesh_creator/lib/python3.7/runpy.py", line 109, in _get_module_details
    __import__(pkg_name)
  File "<frozen importlib._bootstrap>", line 983, in _find_and_load
  File "<frozen importlib._bootstrap>", line 967, in _find_and_load_unlocked
  File "<frozen importlib._bootstrap>", line 677, in _load_unlocked
  File "<frozen importlib._bootstrap_external>", line 724, in exec_module
  File "<frozen importlib._bootstrap_external>", line 818, in get_code
  File "<frozen importlib._bootstrap_external>", line 916, in get_data
KeyboardInterrupt
Traceback (most recent call last):
  File "<string>", line 1, in <module>
  File "/groups/scicompsoft/home/ackermand/miniconda3/envs/multiresolution_mesh_creator/lib/python3.7/multiprocessing/spawn.py", line 13, in <module>
    import runpy
  File "/groups/scicompsoft/home/ackermand/miniconda3/envs/multiresolution_mesh_creator/lib/python3.7/runpy.py", line 14, in <module>
    import importlib.machinery # importlib first so we can test #15386 via -m
  File "/groups/scicompsoft/home/ackermand/miniconda3/envs/multiresolution_mesh_creator/lib/python3.7/importlib/__init__.py", line 58, in <module>
    import warnings
  File "<frozen importlib._bootstrap>", line 983, in _find_and_load
  File "<frozen importlib._bootstrap>", line 967, in _find_and_load_unlocked
  File "<frozen importlib._bootstrap>", line 677, in _load_unlocked
  File "<frozen importlib._bootstrap_external>", line 724, in exec_module
  File "<frozen importlib._bootstrap_external>", line 818, in get_code
  File "<frozen importlib._bootstrap_external>", line 916, in get_data
KeyboardInterrupt
Traceback (most recent call last):
  File "<string>", line 1, in <module>
  File "/groups/scicompsoft/home/ackermand/miniconda3/envs/multiresolution_mesh_creator/lib/python3.7/multiprocessing/__init__.py", line 16, in <module>
    from . import context
  File "/groups/scicompsoft/home/ackermand/miniconda3/envs/multiresolution_mesh_creator/lib/python3.7/multiprocessing/context.py", line 6, in <module>
    from . import reduction
  File "/groups/scicompsoft/home/ackermand/miniconda3/envs/multiresolution_mesh_creator/lib/python3.7/multiprocessing/reduction.py", line 16, in <module>
    import socket
  File "/groups/scicompsoft/home/ackermand/miniconda3/envs/multiresolution_mesh_creator/lib/python3.7/socket.py", line 49, in <module>
    import _socket
KeyboardInterrupt
Traceback (most recent call last):
  File "<string>", line 1, in <module>
  File "/groups/scicompsoft/home/ackermand/miniconda3/envs/multiresolution_mesh_creator/lib/python3.7/multiprocessing/spawn.py", line 105, in spawn_main
    exitcode = _main(fd)
  File "/groups/scicompsoft/home/ackermand/miniconda3/envs/multiresolution_mesh_creator/lib/python3.7/multiprocessing/spawn.py", line 114, in _main
    prepare(preparation_data)
  File "/groups/scicompsoft/home/ackermand/miniconda3/envs/multiresolution_mesh_creator/lib/python3.7/multiprocessing/spawn.py", line 223, in prepare
    _fixup_main_from_name(data['init_main_from_name'])
  File "/groups/scicompsoft/home/ackermand/miniconda3/envs/multiresolution_mesh_creator/lib/python3.7/multiprocessing/spawn.py", line 249, in _fixup_main_from_name
    alter_sys=True)
  File "/groups/scicompsoft/home/ackermand/miniconda3/envs/multiresolution_mesh_creator/lib/python3.7/runpy.py", line 201, in run_module
    mod_name, mod_spec, code = _get_module_details(mod_name)
  File "/groups/scicompsoft/home/ackermand/miniconda3/envs/multiresolution_mesh_creator/lib/python3.7/runpy.py", line 109, in _get_module_details
    __import__(pkg_name)
  File "/groups/scicompsoft/home/ackermand/miniconda3/envs/multiresolution_mesh_creator/lib/python3.7/site-packages/distributed/__init__.py", line 1, in <module>
    from . import config  # isort:skip; load distributed configuration first
  File "/groups/scicompsoft/home/ackermand/miniconda3/envs/multiresolution_mesh_creator/lib/python3.7/site-packages/distributed/config.py", line 2, in <module>
    import logging.config
  File "<frozen importlib._bootstrap>", line 983, in _find_and_load
  File "<frozen importlib._bootstrap>", line 967, in _find_and_load_unlocked
  File "<frozen importlib._bootstrap>", line 677, in _load_unlocked
  File "<frozen importlib._bootstrap_external>", line 724, in exec_module
  File "<frozen importlib._bootstrap_external>", line 818, in get_code
  File "<frozen importlib._bootstrap_external>", line 916, in get_data
KeyboardInterrupt
Traceback (most recent call last):
  File "<string>", line 1, in <module>
  File "/groups/scicompsoft/home/ackermand/miniconda3/envs/multiresolution_mesh_creator/lib/python3.7/multiprocessing/spawn.py", line 105, in spawn_main
    exitcode = _main(fd)
  File "/groups/scicompsoft/home/ackermand/miniconda3/envs/multiresolution_mesh_creator/lib/python3.7/multiprocessing/spawn.py", line 114, in _main
    prepare(preparation_data)
  File "/groups/scicompsoft/home/ackermand/miniconda3/envs/multiresolution_mesh_creator/lib/python3.7/multiprocessing/spawn.py", line 223, in prepare
    _fixup_main_from_name(data['init_main_from_name'])
  File "/groups/scicompsoft/home/ackermand/miniconda3/envs/multiresolution_mesh_creator/lib/python3.7/multiprocessing/spawn.py", line 249, in _fixup_main_from_name
    alter_sys=True)
  File "/groups/scicompsoft/home/ackermand/miniconda3/envs/multiresolution_mesh_creator/lib/python3.7/runpy.py", line 201, in run_module
    mod_name, mod_spec, code = _get_module_details(mod_name)
  File "/groups/scicompsoft/home/ackermand/miniconda3/envs/multiresolution_mesh_creator/lib/python3.7/runpy.py", line 109, in _get_module_details
    __import__(pkg_name)
  File "/groups/scicompsoft/home/ackermand/miniconda3/envs/multiresolution_mesh_creator/lib/python3.7/site-packages/distributed/__init__.py", line 1, in <module>
    from . import config  # isort:skip; load distributed configuration first
  File "/groups/scicompsoft/home/ackermand/miniconda3/envs/multiresolution_mesh_creator/lib/python3.7/site-packages/distributed/config.py", line 6, in <module>
    import yaml
  File "/groups/scicompsoft/home/ackermand/miniconda3/envs/multiresolution_mesh_creator/lib/python3.7/site-packages/yaml/__init__.py", line 9, in <module>
    from .dumper import *
  File "<frozen importlib._bootstrap>", line 983, in _find_and_load
  File "<frozen importlib._bootstrap>", line 967, in _find_and_load_unlocked
  File "<frozen importlib._bootstrap>", line 677, in _load_unlocked
  File "<frozen importlib._bootstrap_external>", line 724, in exec_module
  File "<frozen importlib._bootstrap_external>", line 818, in get_code
  File "<frozen importlib._bootstrap_external>", line 916, in get_data
KeyboardInterrupt
Traceback (most recent call last):
  File "<string>", line 1, in <module>
  File "/groups/scicompsoft/home/ackermand/miniconda3/envs/multiresolution_mesh_creator/lib/python3.7/multiprocessing/__init__.py", line 16, in <module>
    from . import context
  File "/groups/scicompsoft/home/ackermand/miniconda3/envs/multiresolution_mesh_creator/lib/python3.7/multiprocessing/context.py", line 3, in <module>
    import threading
  File "/groups/scicompsoft/home/ackermand/miniconda3/envs/multiresolution_mesh_creator/lib/python3.7/threading.py", line 8, in <module>
    from traceback import format_exc as _format_exc
  File "/groups/scicompsoft/home/ackermand/miniconda3/envs/multiresolution_mesh_creator/lib/python3.7/traceback.py", line 5, in <module>
    import linecache
  File "/groups/scicompsoft/home/ackermand/miniconda3/envs/multiresolution_mesh_creator/lib/python3.7/linecache.py", line 11, in <module>
    import tokenize
  File "/groups/scicompsoft/home/ackermand/miniconda3/envs/multiresolution_mesh_creator/lib/python3.7/tokenize.py", line 33, in <module>
    import re
  File "/groups/scicompsoft/home/ackermand/miniconda3/envs/multiresolution_mesh_creator/lib/python3.7/re.py", line 321, in <module>
    import copyreg
  File "<frozen importlib._bootstrap>", line 983, in _find_and_load
  File "<frozen importlib._bootstrap>", line 967, in _find_and_load_unlocked
  File "<frozen importlib._bootstrap>", line 677, in _load_unlocked
  File "<frozen importlib._bootstrap_external>", line 724, in exec_module
  File "<frozen importlib._bootstrap_external>", line 818, in get_code
  File "<frozen importlib._bootstrap_external>", line 916, in get_data
KeyboardInterrupt
Traceback (most recent call last):
  File "<string>", line 1, in <module>
  File "/groups/scicompsoft/home/ackermand/miniconda3/envs/multiresolution_mesh_creator/lib/python3.7/multiprocessing/spawn.py", line 105, in spawn_main
    exitcode = _main(fd)
  File "/groups/scicompsoft/home/ackermand/miniconda3/envs/multiresolution_mesh_creator/lib/python3.7/multiprocessing/spawn.py", line 114, in _main
    prepare(preparation_data)
  File "/groups/scicompsoft/home/ackermand/miniconda3/envs/multiresolution_mesh_creator/lib/python3.7/multiprocessing/spawn.py", line 223, in prepare
    _fixup_main_from_name(data['init_main_from_name'])
  File "/groups/scicompsoft/home/ackermand/miniconda3/envs/multiresolution_mesh_creator/lib/python3.7/multiprocessing/spawn.py", line 249, in _fixup_main_from_name
    alter_sys=True)
  File "/groups/scicompsoft/home/ackermand/miniconda3/envs/multiresolution_mesh_creator/lib/python3.7/runpy.py", line 201, in run_module
    mod_name, mod_spec, code = _get_module_details(mod_name)
  File "/groups/scicompsoft/home/ackermand/miniconda3/envs/multiresolution_mesh_creator/lib/python3.7/runpy.py", line 109, in _get_module_details
    __import__(pkg_name)
  File "/groups/scicompsoft/home/ackermand/miniconda3/envs/multiresolution_mesh_creator/lib/python3.7/site-packages/distributed/__init__.py", line 1, in <module>
    from . import config  # isort:skip; load distributed configuration first
  File "/groups/scicompsoft/home/ackermand/miniconda3/envs/multiresolution_mesh_creator/lib/python3.7/site-packages/distributed/config.py", line 8, in <module>
    import dask
  File "/groups/scicompsoft/home/ackermand/miniconda3/envs/multiresolution_mesh_creator/lib/python3.7/site-packages/dask/__init__.py", line 1, in <module>
    from . import config, datasets
  File "/groups/scicompsoft/home/ackermand/miniconda3/envs/multiresolution_mesh_creator/lib/python3.7/site-packages/dask/config.py", line 4, in <module>
    import json
  File "<frozen importlib._bootstrap>", line 983, in _find_and_load
  File "<frozen importlib._bootstrap>", line 967, in _find_and_load_unlocked
  File "<frozen importlib._bootstrap>", line 677, in _load_unlocked
  File "<frozen importlib._bootstrap_external>", line 724, in exec_module
  File "<frozen importlib._bootstrap_external>", line 818, in get_code
  File "<frozen importlib._bootstrap_external>", line 916, in get_data
KeyboardInterrupt
Traceback (most recent call last):
  File "<string>", line 1, in <module>
  File "/groups/scicompsoft/home/ackermand/miniconda3/envs/multiresolution_mesh_creator/lib/python3.7/multiprocessing/spawn.py", line 105, in spawn_main
    exitcode = _main(fd)
  File "/groups/scicompsoft/home/ackermand/miniconda3/envs/multiresolution_mesh_creator/lib/python3.7/multiprocessing/spawn.py", line 114, in _main
    prepare(preparation_data)
  File "/groups/scicompsoft/home/ackermand/miniconda3/envs/multiresolution_mesh_creator/lib/python3.7/multiprocessing/spawn.py", line 223, in prepare
    _fixup_main_from_name(data['init_main_from_name'])
  File "/groups/scicompsoft/home/ackermand/miniconda3/envs/multiresolution_mesh_creator/lib/python3.7/multiprocessing/spawn.py", line 249, in _fixup_main_from_name
    alter_sys=True)
  File "/groups/scicompsoft/home/ackermand/miniconda3/envs/multiresolution_mesh_creator/lib/python3.7/runpy.py", line 201, in run_module
    mod_name, mod_spec, code = _get_module_details(mod_name)
  File "/groups/scicompsoft/home/ackermand/miniconda3/envs/multiresolution_mesh_creator/lib/python3.7/runpy.py", line 109, in _get_module_details
    __import__(pkg_name)
  File "/groups/scicompsoft/home/ackermand/miniconda3/envs/multiresolution_mesh_creator/lib/python3.7/site-packages/distributed/__init__.py", line 1, in <module>
    from . import config  # isort:skip; load distributed configuration first
  File "/groups/scicompsoft/home/ackermand/miniconda3/envs/multiresolution_mesh_creator/lib/python3.7/site-packages/distributed/config.py", line 8, in <module>
    import dask
  File "/groups/scicompsoft/home/ackermand/miniconda3/envs/multiresolution_mesh_creator/lib/python3.7/site-packages/dask/__init__.py", line 1, in <module>
    from . import config, datasets
  File "/groups/scicompsoft/home/ackermand/miniconda3/envs/multiresolution_mesh_creator/lib/python3.7/site-packages/dask/config.py", line 4, in <module>
    import json
  File "<frozen importlib._bootstrap>", line 983, in _find_and_load
  File "<frozen importlib._bootstrap>", line 967, in _find_and_load_unlocked
  File "<frozen importlib._bootstrap>", line 677, in _load_unlocked
  File "<frozen importlib._bootstrap_external>", line 724, in exec_module
  File "<frozen importlib._bootstrap_external>", line 818, in get_code
  File "<frozen importlib._bootstrap_external>", line 916, in get_data
KeyboardInterrupt
Exception ignored in: <function _get_module_lock.<locals>.cb at 0x14c35e67a0e0>
Traceback (most recent call last):
  File "<frozen importlib._bootstrap>", line 176, in cb
KeyboardInterrupt: 
Traceback (most recent call last):
  File "<string>", line 1, in <module>
  File "/groups/scicompsoft/home/ackermand/miniconda3/envs/multiresolution_mesh_creator/lib/python3.7/multiprocessing/spawn.py", line 105, in spawn_main
    exitcode = _main(fd)
  File "/groups/scicompsoft/home/ackermand/miniconda3/envs/multiresolution_mesh_creator/lib/python3.7/multiprocessing/spawn.py", line 114, in _main
    prepare(preparation_data)
  File "/groups/scicompsoft/home/ackermand/miniconda3/envs/multiresolution_mesh_creator/lib/python3.7/multiprocessing/spawn.py", line 223, in prepare
    _fixup_main_from_name(data['init_main_from_name'])
  File "/groups/scicompsoft/home/ackermand/miniconda3/envs/multiresolution_mesh_creator/lib/python3.7/multiprocessing/spawn.py", line 249, in _fixup_main_from_name
    alter_sys=True)
  File "/groups/scicompsoft/home/ackermand/miniconda3/envs/multiresolution_mesh_creator/lib/python3.7/runpy.py", line 201, in run_module
    mod_name, mod_spec, code = _get_module_details(mod_name)
  File "/groups/scicompsoft/home/ackermand/miniconda3/envs/multiresolution_mesh_creator/lib/python3.7/runpy.py", line 109, in _get_module_details
    __import__(pkg_name)
  File "/groups/scicompsoft/home/ackermand/miniconda3/envs/multiresolution_mesh_creator/lib/python3.7/site-packages/distributed/__init__.py", line 1, in <module>
    from . import config  # isort:skip; load distributed configuration first
  File "/groups/scicompsoft/home/ackermand/miniconda3/envs/multiresolution_mesh_creator/lib/python3.7/site-packages/distributed/config.py", line 2, in <module>
    import logging.config
  File "/groups/scicompsoft/home/ackermand/miniconda3/envs/multiresolution_mesh_creator/lib/python3.7/logging/config.py", line 37, in <module>
    from socketserver import ThreadingTCPServer, StreamRequestHandler
  File "<frozen importlib._bootstrap>", line 983, in _find_and_load
  File "<frozen importlib._bootstrap>", line 963, in _find_and_load_unlocked
  File "<frozen importlib._bootstrap>", line 906, in _find_spec
  File "<frozen importlib._bootstrap_external>", line 1281, in find_spec
KeyboardInterrupt
Traceback (most recent call last):
  File "<string>", line 1, in <module>
  File "/groups/scicompsoft/home/ackermand/miniconda3/envs/multiresolution_mesh_creator/lib/python3.7/multiprocessing/spawn.py", line 105, in spawn_main
    exitcode = _main(fd)
  File "/groups/scicompsoft/home/ackermand/miniconda3/envs/multiresolution_mesh_creator/lib/python3.7/multiprocessing/spawn.py", line 114, in _main
    prepare(preparation_data)
  File "/groups/scicompsoft/home/ackermand/miniconda3/envs/multiresolution_mesh_creator/lib/python3.7/multiprocessing/spawn.py", line 223, in prepare
    _fixup_main_from_name(data['init_main_from_name'])
  File "/groups/scicompsoft/home/ackermand/miniconda3/envs/multiresolution_mesh_creator/lib/python3.7/multiprocessing/spawn.py", line 249, in _fixup_main_from_name
    alter_sys=True)
  File "/groups/scicompsoft/home/ackermand/miniconda3/envs/multiresolution_mesh_creator/lib/python3.7/runpy.py", line 201, in run_module
    mod_name, mod_spec, code = _get_module_details(mod_name)
  File "/groups/scicompsoft/home/ackermand/miniconda3/envs/multiresolution_mesh_creator/lib/python3.7/runpy.py", line 109, in _get_module_details
    __import__(pkg_name)
  File "/groups/scicompsoft/home/ackermand/miniconda3/envs/multiresolution_mesh_creator/lib/python3.7/site-packages/distributed/__init__.py", line 1, in <module>
    from . import config  # isort:skip; load distributed configuration first
  File "/groups/scicompsoft/home/ackermand/miniconda3/envs/multiresolution_mesh_creator/lib/python3.7/site-packages/distributed/config.py", line 6, in <module>
    import yaml
  File "/groups/scicompsoft/home/ackermand/miniconda3/envs/multiresolution_mesh_creator/lib/python3.7/site-packages/yaml/__init__.py", line 8, in <module>
    from .loader import *
  File "/groups/scicompsoft/home/ackermand/miniconda3/envs/multiresolution_mesh_creator/lib/python3.7/site-packages/yaml/loader.py", line 8, in <module>
    from .constructor import *
  File "<frozen importlib._bootstrap>", line 983, in _find_and_load
  File "<frozen importlib._bootstrap>", line 967, in _find_and_load_unlocked
  File "<frozen importlib._bootstrap>", line 677, in _load_unlocked
  File "<frozen importlib._bootstrap_external>", line 724, in exec_module
  File "<frozen importlib._bootstrap_external>", line 818, in get_code
  File "<frozen importlib._bootstrap_external>", line 916, in get_data
KeyboardInterrupt
Traceback (most recent call last):
  File "<string>", line 1, in <module>
  File "/groups/scicompsoft/home/ackermand/miniconda3/envs/multiresolution_mesh_creator/lib/python3.7/multiprocessing/spawn.py", line 105, in spawn_main
    exitcode = _main(fd)
  File "/groups/scicompsoft/home/ackermand/miniconda3/envs/multiresolution_mesh_creator/lib/python3.7/multiprocessing/spawn.py", line 114, in _main
    prepare(preparation_data)
  File "/groups/scicompsoft/home/ackermand/miniconda3/envs/multiresolution_mesh_creator/lib/python3.7/multiprocessing/spawn.py", line 223, in prepare
    _fixup_main_from_name(data['init_main_from_name'])
  File "/groups/scicompsoft/home/ackermand/miniconda3/envs/multiresolution_mesh_creator/lib/python3.7/multiprocessing/spawn.py", line 249, in _fixup_main_from_name
    alter_sys=True)
  File "/groups/scicompsoft/home/ackermand/miniconda3/envs/multiresolution_mesh_creator/lib/python3.7/runpy.py", line 201, in run_module
    mod_name, mod_spec, code = _get_module_details(mod_name)
  File "/groups/scicompsoft/home/ackermand/miniconda3/envs/multiresolution_mesh_creator/lib/python3.7/runpy.py", line 109, in _get_module_details
    __import__(pkg_name)
  File "/groups/scicompsoft/home/ackermand/miniconda3/envs/multiresolution_mesh_creator/lib/python3.7/site-packages/distributed/__init__.py", line 1, in <module>
    from . import config  # isort:skip; load distributed configuration first
  File "/groups/scicompsoft/home/ackermand/miniconda3/envs/multiresolution_mesh_creator/lib/python3.7/site-packages/distributed/config.py", line 8, in <module>
    import dask
  File "/groups/scicompsoft/home/ackermand/miniconda3/envs/multiresolution_mesh_creator/lib/python3.7/site-packages/dask/__init__.py", line 3, in <module>
    from .base import annotate, compute, is_dask_collection, optimize, persist, visualize
  File "/groups/scicompsoft/home/ackermand/miniconda3/envs/multiresolution_mesh_creator/lib/python3.7/site-packages/dask/base.py", line 16, in <module>
    from packaging.version import parse as parse_version
  File "<frozen importlib._bootstrap>", line 983, in _find_and_load
  File "<frozen importlib._bootstrap>", line 967, in _find_and_load_unlocked
  File "<frozen importlib._bootstrap>", line 677, in _load_unlocked
  File "<frozen importlib._bootstrap_external>", line 724, in exec_module
  File "<frozen importlib._bootstrap_external>", line 818, in get_code
  File "<frozen importlib._bootstrap_external>", line 916, in get_data
KeyboardInterrupt
Traceback (most recent call last):
  File "<frozen importlib._bootstrap>", line 677, in _load_unlocked
  File "<frozen importlib._bootstrap_external>", line 728, in exec_module
  File "<frozen importlib._bootstrap>", line 219, in _call_with_frames_removed
  File "/groups/scicompsoft/home/ackermand/miniconda3/envs/multiresolution_mesh_creator/lib/python3.7/site-packages/yaml/reader.py", line 45, in <module>
    class Reader(object):
  File "/groups/scicompsoft/home/ackermand/miniconda3/envs/multiresolution_mesh_creator/lib/python3.7/site-packages/yaml/reader.py", line 137, in Reader
    NON_PRINTABLE = re.compile('[^\x09\x0A\x0D\x20-\x7E\x85\xA0-\uD7FF\uE000-\uFFFD\U00010000-\U0010ffff]')
  File "/groups/scicompsoft/home/ackermand/miniconda3/envs/multiresolution_mesh_creator/lib/python3.7/re.py", line 236, in compile
    return _compile(pattern, flags)
  File "/groups/scicompsoft/home/ackermand/miniconda3/envs/multiresolution_mesh_creator/lib/python3.7/re.py", line 288, in _compile
    p = sre_compile.compile(pattern, flags)
  File "/groups/scicompsoft/home/ackermand/miniconda3/envs/multiresolution_mesh_creator/lib/python3.7/sre_compile.py", line 768, in compile
    code = _code(p, flags)
  File "/groups/scicompsoft/home/ackermand/miniconda3/envs/multiresolution_mesh_creator/lib/python3.7/sre_compile.py", line 604, in _code
    _compile_info(code, p, flags)
  File "/groups/scicompsoft/home/ackermand/miniconda3/envs/multiresolution_mesh_creator/lib/python3.7/sre_compile.py", line 590, in _compile_info
    charset, hascased = _optimize_charset(charset)
  File "/groups/scicompsoft/home/ackermand/miniconda3/envs/multiresolution_mesh_creator/lib/python3.7/sre_compile.py", line 312, in _optimize_charset
    charmap[i] = 1
KeyboardInterrupt

During handling of the above exception, another exception occurred:

Traceback (most recent call last):
  File "<string>", line 1, in <module>
  File "/groups/scicompsoft/home/ackermand/miniconda3/envs/multiresolution_mesh_creator/lib/python3.7/multiprocessing/spawn.py", line 105, in spawn_main
    exitcode = _main(fd)
  File "/groups/scicompsoft/home/ackermand/miniconda3/envs/multiresolution_mesh_creator/lib/python3.7/multiprocessing/spawn.py", line 114, in _main
    prepare(preparation_data)
  File "/groups/scicompsoft/home/ackermand/miniconda3/envs/multiresolution_mesh_creator/lib/python3.7/multiprocessing/spawn.py", line 223, in prepare
    _fixup_main_from_name(data['init_main_from_name'])
  File "/groups/scicompsoft/home/ackermand/miniconda3/envs/multiresolution_mesh_creator/lib/python3.7/multiprocessing/spawn.py", line 249, in _fixup_main_from_name
    alter_sys=True)
  File "/groups/scicompsoft/home/ackermand/miniconda3/envs/multiresolution_mesh_creator/lib/python3.7/runpy.py", line 201, in run_module
    mod_name, mod_spec, code = _get_module_details(mod_name)
  File "/groups/scicompsoft/home/ackermand/miniconda3/envs/multiresolution_mesh_creator/lib/python3.7/runpy.py", line 109, in _get_module_details
    __import__(pkg_name)
  File "/groups/scicompsoft/home/ackermand/miniconda3/envs/multiresolution_mesh_creator/lib/python3.7/site-packages/distributed/__init__.py", line 1, in <module>
    from . import config  # isort:skip; load distributed configuration first
  File "/groups/scicompsoft/home/ackermand/miniconda3/envs/multiresolution_mesh_creator/lib/python3.7/site-packages/distributed/config.py", line 6, in <module>
    import yaml
  File "/groups/scicompsoft/home/ackermand/miniconda3/envs/multiresolution_mesh_creator/lib/python3.7/site-packages/yaml/__init__.py", line 8, in <module>
    from .loader import *
  File "/groups/scicompsoft/home/ackermand/miniconda3/envs/multiresolution_mesh_creator/lib/python3.7/site-packages/yaml/loader.py", line 4, in <module>
    from .reader import *
  File "<frozen importlib._bootstrap>", line 983, in _find_and_load
  File "<frozen importlib._bootstrap>", line 967, in _find_and_load_unlocked
  File "<frozen importlib._bootstrap>", line 677, in _load_unlocked
KeyboardInterrupt
Traceback (most recent call last):
  File "<frozen importlib._bootstrap>", line 677, in _load_unlocked
  File "<frozen importlib._bootstrap_external>", line 728, in exec_module
  File "<frozen importlib._bootstrap>", line 219, in _call_with_frames_removed
  File "/groups/scicompsoft/home/ackermand/miniconda3/envs/multiresolution_mesh_creator/lib/python3.7/site-packages/dask/config.py", line 655, in <module>
    refresh()
  File "/groups/scicompsoft/home/ackermand/miniconda3/envs/multiresolution_mesh_creator/lib/python3.7/site-packages/dask/config.py", line 433, in refresh
    update(config, collect(**kwargs))
  File "/groups/scicompsoft/home/ackermand/miniconda3/envs/multiresolution_mesh_creator/lib/python3.7/site-packages/dask/config.py", line 398, in collect
    configs = collect_yaml(paths=paths)
  File "/groups/scicompsoft/home/ackermand/miniconda3/envs/multiresolution_mesh_creator/lib/python3.7/site-packages/dask/config.py", line 161, in collect_yaml
    data = yaml.safe_load(f.read()) or {}
  File "/groups/scicompsoft/home/ackermand/miniconda3/envs/multiresolution_mesh_creator/lib/python3.7/site-packages/yaml/__init__.py", line 162, in safe_load
    return load(stream, SafeLoader)
  File "/groups/scicompsoft/home/ackermand/miniconda3/envs/multiresolution_mesh_creator/lib/python3.7/site-packages/yaml/__init__.py", line 114, in load
    return loader.get_single_data()
  File "/groups/scicompsoft/home/ackermand/miniconda3/envs/multiresolution_mesh_creator/lib/python3.7/site-packages/yaml/constructor.py", line 49, in get_single_data
    node = self.get_single_node()
  File "/groups/scicompsoft/home/ackermand/miniconda3/envs/multiresolution_mesh_creator/lib/python3.7/site-packages/yaml/composer.py", line 35, in get_single_node
    if not self.check_event(StreamEndEvent):
  File "/groups/scicompsoft/home/ackermand/miniconda3/envs/multiresolution_mesh_creator/lib/python3.7/site-packages/yaml/parser.py", line 98, in check_event
    self.current_event = self.state()
  File "/groups/scicompsoft/home/ackermand/miniconda3/envs/multiresolution_mesh_creator/lib/python3.7/site-packages/yaml/parser.py", line 143, in parse_implicit_document_start
    StreamEndToken):
  File "/groups/scicompsoft/home/ackermand/miniconda3/envs/multiresolution_mesh_creator/lib/python3.7/site-packages/yaml/scanner.py", line 116, in check_token
    self.fetch_more_tokens()
  File "/groups/scicompsoft/home/ackermand/miniconda3/envs/multiresolution_mesh_creator/lib/python3.7/site-packages/yaml/scanner.py", line 159, in fetch_more_tokens
    self.scan_to_next_token()
  File "/groups/scicompsoft/home/ackermand/miniconda3/envs/multiresolution_mesh_creator/lib/python3.7/site-packages/yaml/scanner.py", line 780, in scan_to_next_token
    self.forward()
  File "/groups/scicompsoft/home/ackermand/miniconda3/envs/multiresolution_mesh_creator/lib/python3.7/site-packages/yaml/reader.py", line 105, in forward
    self.index += 1
KeyboardInterrupt

During handling of the above exception, another exception occurred:

Traceback (most recent call last):
  File "<string>", line 1, in <module>
  File "/groups/scicompsoft/home/ackermand/miniconda3/envs/multiresolution_mesh_creator/lib/python3.7/multiprocessing/spawn.py", line 105, in spawn_main
    exitcode = _main(fd)
  File "/groups/scicompsoft/home/ackermand/miniconda3/envs/multiresolution_mesh_creator/lib/python3.7/multiprocessing/spawn.py", line 114, in _main
    prepare(preparation_data)
  File "/groups/scicompsoft/home/ackermand/miniconda3/envs/multiresolution_mesh_creator/lib/python3.7/multiprocessing/spawn.py", line 223, in prepare
    _fixup_main_from_name(data['init_main_from_name'])
  File "/groups/scicompsoft/home/ackermand/miniconda3/envs/multiresolution_mesh_creator/lib/python3.7/multiprocessing/spawn.py", line 249, in _fixup_main_from_name
    alter_sys=True)
  File "/groups/scicompsoft/home/ackermand/miniconda3/envs/multiresolution_mesh_creator/lib/python3.7/runpy.py", line 201, in run_module
    mod_name, mod_spec, code = _get_module_details(mod_name)
  File "/groups/scicompsoft/home/ackermand/miniconda3/envs/multiresolution_mesh_creator/lib/python3.7/runpy.py", line 109, in _get_module_details
    __import__(pkg_name)
  File "/groups/scicompsoft/home/ackermand/miniconda3/envs/multiresolution_mesh_creator/lib/python3.7/site-packages/distributed/__init__.py", line 1, in <module>
    from . import config  # isort:skip; load distributed configuration first
  File "/groups/scicompsoft/home/ackermand/miniconda3/envs/multiresolution_mesh_creator/lib/python3.7/site-packages/distributed/config.py", line 8, in <module>
    import dask
  File "/groups/scicompsoft/home/ackermand/miniconda3/envs/multiresolution_mesh_creator/lib/python3.7/site-packages/dask/__init__.py", line 1, in <module>
    from . import config, datasets
  File "<frozen importlib._bootstrap>", line 983, in _find_and_load
  File "<frozen importlib._bootstrap>", line 967, in _find_and_load_unlocked
  File "<frozen importlib._bootstrap>", line 677, in _load_unlocked
  File "<frozen importlib._bootstrap>", line 319, in __exit__
KeyboardInterrupt
Traceback (most recent call last):
  File "<frozen importlib._bootstrap>", line 983, in _find_and_load
  File "<frozen importlib._bootstrap>", line 967, in _find_and_load_unlocked
  File "<frozen importlib._bootstrap>", line 677, in _load_unlocked
  File "<frozen importlib._bootstrap_external>", line 728, in exec_module
  File "<frozen importlib._bootstrap>", line 219, in _call_with_frames_removed
  File "/groups/scicompsoft/home/ackermand/miniconda3/envs/multiresolution_mesh_creator/lib/python3.7/site-packages/dask/config.py", line 655, in <module>
    refresh()
  File "/groups/scicompsoft/home/ackermand/miniconda3/envs/multiresolution_mesh_creator/lib/python3.7/site-packages/dask/config.py", line 433, in refresh
    update(config, collect(**kwargs))
  File "/groups/scicompsoft/home/ackermand/miniconda3/envs/multiresolution_mesh_creator/lib/python3.7/site-packages/dask/config.py", line 398, in collect
    configs = collect_yaml(paths=paths)
  File "/groups/scicompsoft/home/ackermand/miniconda3/envs/multiresolution_mesh_creator/lib/python3.7/site-packages/dask/config.py", line 161, in collect_yaml
    data = yaml.safe_load(f.read()) or {}
  File "/groups/scicompsoft/home/ackermand/miniconda3/envs/multiresolution_mesh_creator/lib/python3.7/site-packages/yaml/__init__.py", line 162, in safe_load
    return load(stream, SafeLoader)
  File "/groups/scicompsoft/home/ackermand/miniconda3/envs/multiresolution_mesh_creator/lib/python3.7/site-packages/yaml/__init__.py", line 114, in load
    return loader.get_single_data()
  File "/groups/scicompsoft/home/ackermand/miniconda3/envs/multiresolution_mesh_creator/lib/python3.7/site-packages/yaml/constructor.py", line 49, in get_single_data
    node = self.get_single_node()
  File "/groups/scicompsoft/home/ackermand/miniconda3/envs/multiresolution_mesh_creator/lib/python3.7/site-packages/yaml/composer.py", line 36, in get_single_node
    document = self.compose_document()
  File "/groups/scicompsoft/home/ackermand/miniconda3/envs/multiresolution_mesh_creator/lib/python3.7/site-packages/yaml/composer.py", line 55, in compose_document
    node = self.compose_node(None, None)
  File "/groups/scicompsoft/home/ackermand/miniconda3/envs/multiresolution_mesh_creator/lib/python3.7/site-packages/yaml/composer.py", line 84, in compose_node
    node = self.compose_mapping_node(anchor)
  File "/groups/scicompsoft/home/ackermand/miniconda3/envs/multiresolution_mesh_creator/lib/python3.7/site-packages/yaml/composer.py", line 133, in compose_mapping_node
    item_value = self.compose_node(node, item_key)
  File "/groups/scicompsoft/home/ackermand/miniconda3/envs/multiresolution_mesh_creator/lib/python3.7/site-packages/yaml/composer.py", line 64, in compose_node
    if self.check_event(AliasEvent):
  File "/groups/scicompsoft/home/ackermand/miniconda3/envs/multiresolution_mesh_creator/lib/python3.7/site-packages/yaml/parser.py", line 98, in check_event
    self.current_event = self.state()
  File "/groups/scicompsoft/home/ackermand/miniconda3/envs/multiresolution_mesh_creator/lib/python3.7/site-packages/yaml/parser.py", line 449, in parse_block_mapping_value
    if not self.check_token(KeyToken, ValueToken, BlockEndToken):
  File "/groups/scicompsoft/home/ackermand/miniconda3/envs/multiresolution_mesh_creator/lib/python3.7/site-packages/yaml/scanner.py", line 116, in check_token
    self.fetch_more_tokens()
  File "/groups/scicompsoft/home/ackermand/miniconda3/envs/multiresolution_mesh_creator/lib/python3.7/site-packages/yaml/scanner.py", line 255, in fetch_more_tokens
    return self.fetch_plain()
  File "/groups/scicompsoft/home/ackermand/miniconda3/envs/multiresolution_mesh_creator/lib/python3.7/site-packages/yaml/scanner.py", line 679, in fetch_plain
    self.tokens.append(self.scan_plain())
  File "/groups/scicompsoft/home/ackermand/miniconda3/envs/multiresolution_mesh_creator/lib/python3.7/site-packages/yaml/scanner.py", line 1303, in scan_plain
    self.forward(length)
  File "/groups/scicompsoft/home/ackermand/miniconda3/envs/multiresolution_mesh_creator/lib/python3.7/site-packages/yaml/reader.py", line 107, in forward
    or (ch == '\r' and self.buffer[self.pointer] != '\n'):
KeyboardInterrupt

During handling of the above exception, another exception occurred:

Traceback (most recent call last):
  File "<string>", line 1, in <module>
  File "/groups/scicompsoft/home/ackermand/miniconda3/envs/multiresolution_mesh_creator/lib/python3.7/multiprocessing/spawn.py", line 105, in spawn_main
    exitcode = _main(fd)
  File "/groups/scicompsoft/home/ackermand/miniconda3/envs/multiresolution_mesh_creator/lib/python3.7/multiprocessing/spawn.py", line 114, in _main
    prepare(preparation_data)
  File "/groups/scicompsoft/home/ackermand/miniconda3/envs/multiresolution_mesh_creator/lib/python3.7/multiprocessing/spawn.py", line 223, in prepare
    _fixup_main_from_name(data['init_main_from_name'])
  File "/groups/scicompsoft/home/ackermand/miniconda3/envs/multiresolution_mesh_creator/lib/python3.7/multiprocessing/spawn.py", line 249, in _fixup_main_from_name
    alter_sys=True)
  File "/groups/scicompsoft/home/ackermand/miniconda3/envs/multiresolution_mesh_creator/lib/python3.7/runpy.py", line 201, in run_module
    mod_name, mod_spec, code = _get_module_details(mod_name)
  File "/groups/scicompsoft/home/ackermand/miniconda3/envs/multiresolution_mesh_creator/lib/python3.7/runpy.py", line 109, in _get_module_details
    __import__(pkg_name)
  File "/groups/scicompsoft/home/ackermand/miniconda3/envs/multiresolution_mesh_creator/lib/python3.7/site-packages/distributed/__init__.py", line 1, in <module>
    from . import config  # isort:skip; load distributed configuration first
  File "/groups/scicompsoft/home/ackermand/miniconda3/envs/multiresolution_mesh_creator/lib/python3.7/site-packages/distributed/config.py", line 8, in <module>
    import dask
  File "/groups/scicompsoft/home/ackermand/miniconda3/envs/multiresolution_mesh_creator/lib/python3.7/site-packages/dask/__init__.py", line 1, in <module>
    from . import config, datasets
  File "<frozen importlib._bootstrap>", line 983, in _find_and_load
  File "<frozen importlib._bootstrap>", line 152, in __exit__
  File "<frozen importlib._bootstrap>", line 105, in release
KeyboardInterrupt
Traceback (most recent call last):
  File "<string>", line 1, in <module>
  File "/groups/scicompsoft/home/ackermand/miniconda3/envs/multiresolution_mesh_creator/lib/python3.7/multiprocessing/spawn.py", line 105, in spawn_main
    exitcode = _main(fd)
  File "/groups/scicompsoft/home/ackermand/miniconda3/envs/multiresolution_mesh_creator/lib/python3.7/multiprocessing/spawn.py", line 114, in _main
    prepare(preparation_data)
  File "/groups/scicompsoft/home/ackermand/miniconda3/envs/multiresolution_mesh_creator/lib/python3.7/multiprocessing/spawn.py", line 223, in prepare
    _fixup_main_from_name(data['init_main_from_name'])
  File "/groups/scicompsoft/home/ackermand/miniconda3/envs/multiresolution_mesh_creator/lib/python3.7/multiprocessing/spawn.py", line 249, in _fixup_main_from_name
    alter_sys=True)
  File "/groups/scicompsoft/home/ackermand/miniconda3/envs/multiresolution_mesh_creator/lib/python3.7/runpy.py", line 201, in run_module
    mod_name, mod_spec, code = _get_module_details(mod_name)
  File "/groups/scicompsoft/home/ackermand/miniconda3/envs/multiresolution_mesh_creator/lib/python3.7/runpy.py", line 109, in _get_module_details
    __import__(pkg_name)
  File "/groups/scicompsoft/home/ackermand/miniconda3/envs/multiresolution_mesh_creator/lib/python3.7/site-packages/distributed/__init__.py", line 1, in <module>
    from . import config  # isort:skip; load distributed configuration first
  File "/groups/scicompsoft/home/ackermand/miniconda3/envs/multiresolution_mesh_creator/lib/python3.7/site-packages/distributed/config.py", line 8, in <module>
    import dask
  File "/groups/scicompsoft/home/ackermand/miniconda3/envs/multiresolution_mesh_creator/lib/python3.7/site-packages/dask/__init__.py", line 1, in <module>
    from . import config, datasets
  File "/groups/scicompsoft/home/ackermand/miniconda3/envs/multiresolution_mesh_creator/lib/python3.7/site-packages/dask/datasets.py", line 3, in <module>
    from .utils import import_required
  File "/groups/scicompsoft/home/ackermand/miniconda3/envs/multiresolution_mesh_creator/lib/python3.7/site-packages/dask/utils.py", line 2, in <module>
    import inspect
  File "<frozen importlib._bootstrap>", line 983, in _find_and_load
  File "<frozen importlib._bootstrap>", line 967, in _find_and_load_unlocked
  File "<frozen importlib._bootstrap>", line 677, in _load_unlocked
  File "<frozen importlib._bootstrap_external>", line 724, in exec_module
  File "<frozen importlib._bootstrap_external>", line 857, in get_code
  File "<frozen importlib._bootstrap_external>", line 525, in _compile_bytecode
KeyboardInterrupt
Exception ignored in: <function _get_module_lock.<locals>.cb at 0x14d0c9bae7a0>
Traceback (most recent call last):
  File "<frozen importlib._bootstrap>", line 176, in cb
KeyboardInterrupt: 
Traceback (most recent call last):
  File "<string>", line 1, in <module>
  File "/groups/scicompsoft/home/ackermand/miniconda3/envs/multiresolution_mesh_creator/lib/python3.7/multiprocessing/spawn.py", line 105, in spawn_main
    exitcode = _main(fd)
  File "/groups/scicompsoft/home/ackermand/miniconda3/envs/multiresolution_mesh_creator/lib/python3.7/multiprocessing/spawn.py", line 114, in _main
    prepare(preparation_data)
  File "/groups/scicompsoft/home/ackermand/miniconda3/envs/multiresolution_mesh_creator/lib/python3.7/multiprocessing/spawn.py", line 223, in prepare
    _fixup_main_from_name(data['init_main_from_name'])
  File "/groups/scicompsoft/home/ackermand/miniconda3/envs/multiresolution_mesh_creator/lib/python3.7/multiprocessing/spawn.py", line 249, in _fixup_main_from_name
    alter_sys=True)
  File "/groups/scicompsoft/home/ackermand/miniconda3/envs/multiresolution_mesh_creator/lib/python3.7/runpy.py", line 201, in run_module
    mod_name, mod_spec, code = _get_module_details(mod_name)
  File "/groups/scicompsoft/home/ackermand/miniconda3/envs/multiresolution_mesh_creator/lib/python3.7/runpy.py", line 109, in _get_module_details
    __import__(pkg_name)
  File "/groups/scicompsoft/home/ackermand/miniconda3/envs/multiresolution_mesh_creator/lib/python3.7/site-packages/distributed/__init__.py", line 1, in <module>
    from . import config  # isort:skip; load distributed configuration first
  File "/groups/scicompsoft/home/ackermand/miniconda3/envs/multiresolution_mesh_creator/lib/python3.7/site-packages/distributed/config.py", line 8, in <module>
    import dask
  File "/groups/scicompsoft/home/ackermand/miniconda3/envs/multiresolution_mesh_creator/lib/python3.7/site-packages/dask/__init__.py", line 1, in <module>
    from . import config, datasets
  File "/groups/scicompsoft/home/ackermand/miniconda3/envs/multiresolution_mesh_creator/lib/python3.7/site-packages/dask/datasets.py", line 3, in <module>
    from .utils import import_required
  File "/groups/scicompsoft/home/ackermand/miniconda3/envs/multiresolution_mesh_creator/lib/python3.7/site-packages/dask/utils.py", line 2, in <module>
    import inspect
  File "/groups/scicompsoft/home/ackermand/miniconda3/envs/multiresolution_mesh_creator/lib/python3.7/inspect.py", line 2720, in <module>
    class Signature:
  File "/groups/scicompsoft/home/ackermand/miniconda3/envs/multiresolution_mesh_creator/lib/python3.7/inspect.py", line 2879, in Signature
    def _bind(self, args, kwargs, *, partial=False):
KeyboardInterrupt
Fatal Python error: init_sys_streams: can't initialize sys standard streams
Traceback (most recent call last):
  File "/groups/scicompsoft/home/ackermand/miniconda3/envs/multiresolution_mesh_creator/lib/python3.7/io.py", line 84, in <module>
Fatal Python error: init_sys_streams: can't initialize sys standard streams
Traceback (most recent call last):
  File "<frozen importlib._bootstrap>", line 983, in _find_and_load
  File "<frozen importlib._bootstrap>", line 967, in _find_and_load_unlocked
  File "<frozen importlib._bootstrap>", line 677, in _load_unlocked
  File "<frozen importlib._bootstrap_external>", line 724, in exec_module
  File "<frozen importlib._bootstrap_external>", line 818, in get_code
  File "<frozen importlib._bootstrap_external>", line 917, in get_data
KeyboardInterrupt
[2021-10-22 17:58:50,707] INFO End worker
    RawIOBase.register(FileIO)
  File "/groups/scicompsoft/home/ackermand/miniconda3/envs/multiresolution_mesh_creator/lib/python3.7/abc.py", line 135, in register
    return _abc_register(cls, subclass)
  File "/groups/scicompsoft/home/ackermand/miniconda3/envs/multiresolution_mesh_creator/lib/python3.7/abc.py", line 143, in __subclasscheck__
    return _abc_subclasscheck(cls, subclass)
KeyboardInterrupt
[2021-10-22 17:58:50,716] INFO reaping stray process <SpawnProcess(Dask Worker process (from Nanny), started daemon)>
[2021-10-22 17:58:50,717] INFO reaping stray process <SpawnProcess(Dask Worker process (from Nanny), started daemon)>
[2021-10-22 17:58:50,718] INFO reaping stray process <SpawnProcess(Dask Worker process (from Nanny), started daemon)>
[2021-10-22 17:58:50,718] INFO reaping stray process <SpawnProcess(Dask Worker process (from Nanny), started daemon)>
Exception in thread AsyncProcess Dask Worker process (from Nanny) watch process join:
Traceback (most recent call last):
  File "/groups/scicompsoft/home/ackermand/miniconda3/envs/multiresolution_mesh_creator/lib/python3.7/threading.py", line 926, in _bootstrap_inner
    self.run()
  File "/groups/scicompsoft/home/ackermand/miniconda3/envs/multiresolution_mesh_creator/lib/python3.7/threading.py", line 870, in run
    self._target(*self._args, **self._kwargs)
  File "/groups/scicompsoft/home/ackermand/miniconda3/envs/multiresolution_mesh_creator/lib/python3.7/site-packages/distributed/process.py", line 234, in _watch_process
    assert exitcode is not None
AssertionError

Exception in thread AsyncProcess Dask Worker process (from Nanny) watch process join:
Traceback (most recent call last):
  File "/groups/scicompsoft/home/ackermand/miniconda3/envs/multiresolution_mesh_creator/lib/python3.7/threading.py", line 926, in _bootstrap_inner
    self.run()
  File "/groups/scicompsoft/home/ackermand/miniconda3/envs/multiresolution_mesh_creator/lib/python3.7/threading.py", line 870, in run
    self._target(*self._args, **self._kwargs)
  File "/groups/scicompsoft/home/ackermand/miniconda3/envs/multiresolution_mesh_creator/lib/python3.7/site-packages/distributed/process.py", line 234, in _watch_process
    assert exitcode is not None
AssertionError

