[2021-10-22 17:57:10,459] INFO         Start Nanny at: 'tcp://10.36.60.33:18485'
[2021-10-22 17:57:10,459] INFO         Start Nanny at: 'tcp://10.36.60.33:18525'
[2021-10-22 17:57:10,478] INFO         Start Nanny at: 'tcp://10.36.60.33:35219'
[2021-10-22 17:57:10,484] INFO         Start Nanny at: 'tcp://10.36.60.33:24041'
[2021-10-22 17:57:10,485] INFO         Start Nanny at: 'tcp://10.36.60.33:30911'
[2021-10-22 17:57:10,485] INFO         Start Nanny at: 'tcp://10.36.60.33:23485'
[2021-10-22 17:57:10,485] INFO         Start Nanny at: 'tcp://10.36.60.33:27621'
[2021-10-22 17:57:10,485] INFO         Start Nanny at: 'tcp://10.36.60.33:19563'
[2021-10-22 17:57:10,485] INFO         Start Nanny at: 'tcp://10.36.60.33:36559'
[2021-10-22 17:57:10,486] INFO         Start Nanny at: 'tcp://10.36.60.33:16099'
[2021-10-22 17:57:10,487] INFO         Start Nanny at: 'tcp://10.36.60.33:28199'
[2021-10-22 17:57:10,533] INFO         Start Nanny at: 'tcp://10.36.60.33:24219'
[2021-10-22 17:57:10,542] INFO         Start Nanny at: 'tcp://10.36.60.33:38751'
[2021-10-22 17:57:10,545] INFO         Start Nanny at: 'tcp://10.36.60.33:25927'
[2021-10-22 17:57:10,549] INFO         Start Nanny at: 'tcp://10.36.60.33:22543'
[2021-10-22 17:57:10,571] INFO         Start Nanny at: 'tcp://10.36.60.33:29061'
[2021-10-22 17:57:10,572] INFO         Start Nanny at: 'tcp://10.36.60.33:21273'
[2021-10-22 17:57:10,573] INFO         Start Nanny at: 'tcp://10.36.60.33:30671'
[2021-10-22 17:57:10,573] INFO         Start Nanny at: 'tcp://10.36.60.33:22993'
[2021-10-22 17:57:10,574] INFO         Start Nanny at: 'tcp://10.36.60.33:29045'
[2021-10-22 17:57:10,610] INFO         Start Nanny at: 'tcp://10.36.60.33:17751'
[2021-10-22 17:57:10,610] INFO         Start Nanny at: 'tcp://10.36.60.33:39391'
[2021-10-22 17:57:10,611] INFO         Start Nanny at: 'tcp://10.36.60.33:28637'
[2021-10-22 17:57:10,616] INFO         Start Nanny at: 'tcp://10.36.60.33:20785'
[2021-10-22 17:57:10,617] INFO         Start Nanny at: 'tcp://10.36.60.33:21715'
[2021-10-22 17:57:10,618] INFO         Start Nanny at: 'tcp://10.36.60.33:29719'
[2021-10-22 17:57:10,618] INFO         Start Nanny at: 'tcp://10.36.60.33:36031'
[2021-10-22 17:57:10,619] INFO         Start Nanny at: 'tcp://10.36.60.33:16943'
[2021-10-22 17:57:10,620] INFO         Start Nanny at: 'tcp://10.36.60.33:27975'
[2021-10-22 17:57:10,620] INFO         Start Nanny at: 'tcp://10.36.60.33:27467'
[2021-10-22 17:57:10,620] INFO         Start Nanny at: 'tcp://10.36.60.33:19941'
[2021-10-22 17:57:10,621] INFO         Start Nanny at: 'tcp://10.36.60.33:31455'
[2021-10-22 17:57:10,621] INFO         Start Nanny at: 'tcp://10.36.60.33:24733'
[2021-10-22 17:57:10,621] INFO         Start Nanny at: 'tcp://10.36.60.33:24595'
[2021-10-22 17:57:10,621] INFO         Start Nanny at: 'tcp://10.36.60.33:29645'
[2021-10-22 17:57:10,621] INFO         Start Nanny at: 'tcp://10.36.60.33:27085'
[2021-10-22 17:57:10,756] INFO         Start Nanny at: 'tcp://10.36.60.33:25297'
[2021-10-22 17:57:10,756] INFO         Start Nanny at: 'tcp://10.36.60.33:29079'
[2021-10-22 17:57:10,757] INFO         Start Nanny at: 'tcp://10.36.60.33:37373'
[2021-10-22 17:57:10,757] INFO         Start Nanny at: 'tcp://10.36.60.33:34949'
[2021-10-22 17:57:12,474] INFO Found stale lock file and directory '/groups/scicompsoft/home/ackermand/Programming/multiresolution-mesh-creator/dask-worker-space/worker-h9beiamo', purging
[2021-10-22 17:57:12,515] INFO Found stale lock file and directory '/groups/scicompsoft/home/ackermand/Programming/multiresolution-mesh-creator/dask-worker-space/worker-oyrb6_ud', purging
[2021-10-22 17:57:12,549] INFO Found stale lock file and directory '/groups/scicompsoft/home/ackermand/Programming/multiresolution-mesh-creator/dask-worker-space/worker-l_3mq1lb', purging
[2021-10-22 17:57:12,570] INFO Found stale lock file and directory '/groups/scicompsoft/home/ackermand/Programming/multiresolution-mesh-creator/dask-worker-space/worker-2ck1cpfn', purging
[2021-10-22 17:57:12,577] INFO Found stale lock file and directory '/groups/scicompsoft/home/ackermand/Programming/multiresolution-mesh-creator/dask-worker-space/worker-arvwz0or', purging
[2021-10-22 17:57:12,588] INFO Found stale lock file and directory '/groups/scicompsoft/home/ackermand/Programming/multiresolution-mesh-creator/dask-worker-space/worker-37dvw9gv', purging
[2021-10-22 17:57:12,607] INFO Found stale lock file and directory '/groups/scicompsoft/home/ackermand/Programming/multiresolution-mesh-creator/dask-worker-space/worker-ks3wno28', purging
[2021-10-22 17:57:12,624] INFO Found stale lock file and directory '/groups/scicompsoft/home/ackermand/Programming/multiresolution-mesh-creator/dask-worker-space/worker-wzdav4pj', purging
[2021-10-22 17:57:12,640] INFO Found stale lock file and directory '/groups/scicompsoft/home/ackermand/Programming/multiresolution-mesh-creator/dask-worker-space/worker-5to_rkwb', purging
[2021-10-22 17:57:12,658] INFO Found stale lock file and directory '/groups/scicompsoft/home/ackermand/Programming/multiresolution-mesh-creator/dask-worker-space/worker-r0joqczm', purging
[2021-10-22 17:57:12,668] INFO Found stale lock file and directory '/groups/scicompsoft/home/ackermand/Programming/multiresolution-mesh-creator/dask-worker-space/worker-g_60wf_o', purging
[2021-10-22 17:57:12,681] INFO Found stale lock file and directory '/groups/scicompsoft/home/ackermand/Programming/multiresolution-mesh-creator/dask-worker-space/worker-insjwejf', purging
[2021-10-22 17:57:12,692] INFO Found stale lock file and directory '/groups/scicompsoft/home/ackermand/Programming/multiresolution-mesh-creator/dask-worker-space/worker-izyp2nh6', purging
[2021-10-22 17:57:12,702] INFO Found stale lock file and directory '/groups/scicompsoft/home/ackermand/Programming/multiresolution-mesh-creator/dask-worker-space/worker-1z6gxeju', purging
[2021-10-22 17:57:12,720] INFO Found stale lock file and directory '/groups/scicompsoft/home/ackermand/Programming/multiresolution-mesh-creator/dask-worker-space/worker-w4z9b271', purging
[2021-10-22 17:57:12,732] INFO Found stale lock file and directory '/groups/scicompsoft/home/ackermand/Programming/multiresolution-mesh-creator/dask-worker-space/worker-nn0_nul2', purging
[2021-10-22 17:57:12,741] INFO Found stale lock file and directory '/groups/scicompsoft/home/ackermand/Programming/multiresolution-mesh-creator/dask-worker-space/worker-v_au8bgv', purging
[2021-10-22 17:57:12,751] INFO Found stale lock file and directory '/groups/scicompsoft/home/ackermand/Programming/multiresolution-mesh-creator/dask-worker-space/worker-4wm2q0qv', purging
[2021-10-22 17:57:12,760] INFO Found stale lock file and directory '/groups/scicompsoft/home/ackermand/Programming/multiresolution-mesh-creator/dask-worker-space/worker-kshb4svr', purging
[2021-10-22 17:57:12,765] INFO Found stale lock file and directory '/groups/scicompsoft/home/ackermand/Programming/multiresolution-mesh-creator/dask-worker-space/worker-7io2ct_u', purging
[2021-10-22 17:57:12,775] INFO Found stale lock file and directory '/groups/scicompsoft/home/ackermand/Programming/multiresolution-mesh-creator/dask-worker-space/worker-78r0w3uv', purging
[2021-10-22 17:57:12,796] INFO Found stale lock file and directory '/groups/scicompsoft/home/ackermand/Programming/multiresolution-mesh-creator/dask-worker-space/worker-l8m_ntfy', purging
[2021-10-22 17:57:12,814] INFO Found stale lock file and directory '/groups/scicompsoft/home/ackermand/Programming/multiresolution-mesh-creator/dask-worker-space/worker-rqwrt903', purging
[2021-10-22 17:57:12,825] INFO Found stale lock file and directory '/groups/scicompsoft/home/ackermand/Programming/multiresolution-mesh-creator/dask-worker-space/worker-pgyllrkl', purging
[2021-10-22 17:57:12,834] INFO Found stale lock file and directory '/groups/scicompsoft/home/ackermand/Programming/multiresolution-mesh-creator/dask-worker-space/worker-7r4__yq4', purging
[2021-10-22 17:57:12,843] INFO Found stale lock file and directory '/groups/scicompsoft/home/ackermand/Programming/multiresolution-mesh-creator/dask-worker-space/worker-55he9f8_', purging
[2021-10-22 17:57:12,852] INFO Found stale lock file and directory '/groups/scicompsoft/home/ackermand/Programming/multiresolution-mesh-creator/dask-worker-space/worker-pje0rg2b', purging
[2021-10-22 17:57:12,858] INFO Found stale lock file and directory '/groups/scicompsoft/home/ackermand/Programming/multiresolution-mesh-creator/dask-worker-space/worker-4_9mobg6', purging
[2021-10-22 17:57:12,871] INFO Found stale lock file and directory '/groups/scicompsoft/home/ackermand/Programming/multiresolution-mesh-creator/dask-worker-space/worker-17djeiv0', purging
[2021-10-22 17:57:12,887] INFO Found stale lock file and directory '/groups/scicompsoft/home/ackermand/Programming/multiresolution-mesh-creator/dask-worker-space/worker-ec9fp_z9', purging
[2021-10-22 17:57:12,901] INFO Found stale lock file and directory '/groups/scicompsoft/home/ackermand/Programming/multiresolution-mesh-creator/dask-worker-space/worker-818f31mr', purging
[2021-10-22 17:57:12,914] INFO Found stale lock file and directory '/groups/scicompsoft/home/ackermand/Programming/multiresolution-mesh-creator/dask-worker-space/worker-5cddd_ro', purging
[2021-10-22 17:57:12,926] INFO Found stale lock file and directory '/groups/scicompsoft/home/ackermand/Programming/multiresolution-mesh-creator/dask-worker-space/worker-ylg5_9qq', purging
[2021-10-22 17:57:12,944] INFO Found stale lock file and directory '/groups/scicompsoft/home/ackermand/Programming/multiresolution-mesh-creator/dask-worker-space/worker-kkvmm1e7', purging
[2021-10-22 17:57:12,954] INFO Found stale lock file and directory '/groups/scicompsoft/home/ackermand/Programming/multiresolution-mesh-creator/dask-worker-space/worker-72vi9t32', purging
[2021-10-22 17:57:12,964] INFO Found stale lock file and directory '/groups/scicompsoft/home/ackermand/Programming/multiresolution-mesh-creator/dask-worker-space/worker-bfh2r1w4', purging
[2021-10-22 17:57:12,974] INFO Found stale lock file and directory '/groups/scicompsoft/home/ackermand/Programming/multiresolution-mesh-creator/dask-worker-space/worker-i52kess3', purging
[2021-10-22 17:57:12,983] INFO Found stale lock file and directory '/groups/scicompsoft/home/ackermand/Programming/multiresolution-mesh-creator/dask-worker-space/worker-ebh5yzym', purging
[2021-10-22 17:57:12,993] INFO Found stale lock file and directory '/groups/scicompsoft/home/ackermand/Programming/multiresolution-mesh-creator/dask-worker-space/worker-wuk5idoy', purging
[2021-10-22 17:57:13,001] INFO Found stale lock file and directory '/groups/scicompsoft/home/ackermand/Programming/multiresolution-mesh-creator/dask-worker-space/worker-l77tbyah', purging
[2021-10-22 17:57:14,124] INFO       Start worker at:    tcp://10.36.60.33:21037
[2021-10-22 17:57:14,124] INFO       Start worker at:    tcp://10.36.60.33:23003
[2021-10-22 17:57:14,124] INFO       Start worker at:    tcp://10.36.60.33:34779
[2021-10-22 17:57:14,125] INFO       Start worker at:    tcp://10.36.60.33:28529
[2021-10-22 17:57:14,124] INFO       Start worker at:    tcp://10.36.60.33:29633
[2021-10-22 17:57:14,124] INFO       Start worker at:    tcp://10.36.60.33:33307
[2021-10-22 17:57:14,125] INFO       Start worker at:    tcp://10.36.60.33:24907
[2021-10-22 17:57:14,124] INFO       Start worker at:    tcp://10.36.60.33:29509
[2021-10-22 17:57:14,125] INFO          Listening to:    tcp://10.36.60.33:23003
[2021-10-22 17:57:14,125] INFO          Listening to:    tcp://10.36.60.33:21037
[2021-10-22 17:57:14,124] INFO       Start worker at:    tcp://10.36.60.33:35353
[2021-10-22 17:57:14,125] INFO          Listening to:    tcp://10.36.60.33:34779
[2021-10-22 17:57:14,125] INFO          Listening to:    tcp://10.36.60.33:28529
[2021-10-22 17:57:14,125] INFO       Start worker at:    tcp://10.36.60.33:16355
[2021-10-22 17:57:14,125] INFO          Listening to:    tcp://10.36.60.33:29633
[2021-10-22 17:57:14,124] INFO       Start worker at:    tcp://10.36.60.33:25099
[2021-10-22 17:57:14,125] INFO          Listening to:    tcp://10.36.60.33:33307
[2021-10-22 17:57:14,125] INFO          Listening to:    tcp://10.36.60.33:24907
[2021-10-22 17:57:14,124] INFO       Start worker at:    tcp://10.36.60.33:16337
[2021-10-22 17:57:14,125] INFO          dashboard at:          10.36.60.33:18361
[2021-10-22 17:57:14,125] INFO       Start worker at:    tcp://10.36.60.33:30049
[2021-10-22 17:57:14,124] INFO       Start worker at:    tcp://10.36.60.33:31399
[2021-10-22 17:57:14,125] INFO          Listening to:    tcp://10.36.60.33:35353
[2021-10-22 17:57:14,125] INFO          Listening to:    tcp://10.36.60.33:29509
[2021-10-22 17:57:14,124] INFO       Start worker at:    tcp://10.36.60.33:39695
[2021-10-22 17:57:14,125] INFO          dashboard at:          10.36.60.33:29735
[2021-10-22 17:57:14,125] INFO       Start worker at:    tcp://10.36.60.33:35535
[2021-10-22 17:57:14,124] INFO       Start worker at:    tcp://10.36.60.33:23607
[2021-10-22 17:57:14,125] INFO          dashboard at:          10.36.60.33:23535
[2021-10-22 17:57:14,125] INFO          dashboard at:          10.36.60.33:20017
[2021-10-22 17:57:14,124] INFO       Start worker at:    tcp://10.36.60.33:34791
[2021-10-22 17:57:14,125] INFO          dashboard at:          10.36.60.33:17233
[2021-10-22 17:57:14,125] INFO       Start worker at:    tcp://10.36.60.33:38193
[2021-10-22 17:57:14,124] INFO       Start worker at:    tcp://10.36.60.33:30109
[2021-10-22 17:57:14,125] INFO          Listening to:    tcp://10.36.60.33:16355
[2021-10-22 17:57:14,125] INFO          dashboard at:          10.36.60.33:29667
[2021-10-22 17:57:14,125] INFO Waiting to connect to:    tcp://10.36.60.11:35725
[2021-10-22 17:57:14,124] INFO       Start worker at:    tcp://10.36.60.33:18255
[2021-10-22 17:57:14,125] INFO          dashboard at:          10.36.60.33:15285
[2021-10-22 17:57:14,125] INFO Waiting to connect to:    tcp://10.36.60.11:35725
[2021-10-22 17:57:14,125] INFO       Start worker at:    tcp://10.36.60.33:16623
[2021-10-22 17:57:14,124] INFO       Start worker at:    tcp://10.36.60.33:37051
[2021-10-22 17:57:14,125] INFO          Listening to:    tcp://10.36.60.33:34791
[2021-10-22 17:57:14,125] INFO          Listening to:    tcp://10.36.60.33:16337
[2021-10-22 17:57:14,125] INFO          dashboard at:          10.36.60.33:35781
[2021-10-22 17:57:14,125] INFO          dashboard at:          10.36.60.33:15815
[2021-10-22 17:57:14,125] INFO Waiting to connect to:    tcp://10.36.60.11:35725
[2021-10-22 17:57:14,125] INFO          Listening to:    tcp://10.36.60.33:31399
[2021-10-22 17:57:14,125] INFO          Listening to:    tcp://10.36.60.33:30049
[2021-10-22 17:57:14,125] INFO          Listening to:    tcp://10.36.60.33:35535
[2021-10-22 17:57:14,125] INFO          Listening to:    tcp://10.36.60.33:39695
[2021-10-22 17:57:14,125] INFO Waiting to connect to:    tcp://10.36.60.11:35725
[2021-10-22 17:57:14,125] INFO Waiting to connect to:    tcp://10.36.60.11:35725
[2021-10-22 17:57:14,125] INFO          Listening to:    tcp://10.36.60.33:23607
[2021-10-22 17:57:14,125] INFO       Start worker at:    tcp://10.36.60.33:26405
[2021-10-22 17:57:14,125] INFO -------------------------------------------------
[2021-10-22 17:57:14,125] INFO Waiting to connect to:    tcp://10.36.60.11:35725
[2021-10-22 17:57:14,125] INFO          dashboard at:          10.36.60.33:17307
[2021-10-22 17:57:14,125] INFO          dashboard at:          10.36.60.33:16913
[2021-10-22 17:57:14,125] INFO          Listening to:    tcp://10.36.60.33:38193
[2021-10-22 17:57:14,125] INFO       Start worker at:    tcp://10.36.60.33:22029
[2021-10-22 17:57:14,125] INFO -------------------------------------------------
[2021-10-22 17:57:14,125] INFO Waiting to connect to:    tcp://10.36.60.11:35725
[2021-10-22 17:57:14,125] INFO          Listening to:    tcp://10.36.60.33:30109
[2021-10-22 17:57:14,125] INFO -------------------------------------------------
[2021-10-22 17:57:14,125] INFO Waiting to connect to:    tcp://10.36.60.11:35725
[2021-10-22 17:57:14,125] INFO          Listening to:    tcp://10.36.60.33:16623
[2021-10-22 17:57:14,125] INFO Waiting to connect to:    tcp://10.36.60.11:35725
[2021-10-22 17:57:14,125] INFO          Listening to:    tcp://10.36.60.33:37051
[2021-10-22 17:57:14,125] INFO          dashboard at:          10.36.60.33:34945
[2021-10-22 17:57:14,125] INFO -------------------------------------------------
[2021-10-22 17:57:14,125] INFO -------------------------------------------------
[2021-10-22 17:57:14,125] INFO       Start worker at:    tcp://10.36.60.33:23555
[2021-10-22 17:57:14,125] INFO          dashboard at:          10.36.60.33:26987
[2021-10-22 17:57:14,125] INFO          dashboard at:          10.36.60.33:19187
[2021-10-22 17:57:14,125] INFO          dashboard at:          10.36.60.33:17553
[2021-10-22 17:57:14,125] INFO -------------------------------------------------
[2021-10-22 17:57:14,125] INFO          dashboard at:          10.36.60.33:28935
[2021-10-22 17:57:14,125] INFO Waiting to connect to:    tcp://10.36.60.11:35725
[2021-10-22 17:57:14,125] INFO Waiting to connect to:    tcp://10.36.60.11:35725
[2021-10-22 17:57:14,125] INFO       Start worker at:    tcp://10.36.60.33:30493
[2021-10-22 17:57:14,125] INFO          Listening to:    tcp://10.36.60.33:25099
[2021-10-22 17:57:14,125] INFO -------------------------------------------------
[2021-10-22 17:57:14,125] INFO          Listening to:    tcp://10.36.60.33:26405
[2021-10-22 17:57:14,125] INFO -------------------------------------------------
[2021-10-22 17:57:14,125] INFO Waiting to connect to:    tcp://10.36.60.11:35725
[2021-10-22 17:57:14,125] INFO -------------------------------------------------
[2021-10-22 17:57:14,125] INFO          dashboard at:          10.36.60.33:15653
[2021-10-22 17:57:14,125] INFO          Listening to:    tcp://10.36.60.33:22029
[2021-10-22 17:57:14,125] INFO          dashboard at:          10.36.60.33:22183
[2021-10-22 17:57:14,125] INFO          dashboard at:          10.36.60.33:25123
[2021-10-22 17:57:14,125] INFO Waiting to connect to:    tcp://10.36.60.11:35725
[2021-10-22 17:57:14,125] INFO          dashboard at:          10.36.60.33:22035
[2021-10-22 17:57:14,125] INFO Waiting to connect to:    tcp://10.36.60.11:35725
[2021-10-22 17:57:14,125] INFO -------------------------------------------------
[2021-10-22 17:57:14,125] INFO -------------------------------------------------
[2021-10-22 17:57:14,125] INFO Waiting to connect to:    tcp://10.36.60.11:35725
[2021-10-22 17:57:14,125] INFO -------------------------------------------------
[2021-10-22 17:57:14,125] INFO          Listening to:    tcp://10.36.60.33:23555
[2021-10-22 17:57:14,125] INFO          dashboard at:          10.36.60.33:37045
[2021-10-22 17:57:14,125] INFO               Threads:                          1
[2021-10-22 17:57:14,125] INFO               Threads:                          1
[2021-10-22 17:57:14,125] INFO               Threads:                          1
[2021-10-22 17:57:14,125] INFO               Threads:                          1
[2021-10-22 17:57:14,125] INFO Waiting to connect to:    tcp://10.36.60.11:35725
[2021-10-22 17:57:14,125] INFO -------------------------------------------------
[2021-10-22 17:57:14,125] INFO -------------------------------------------------
[2021-10-22 17:57:14,125] INFO          Listening to:    tcp://10.36.60.33:18255
[2021-10-22 17:57:14,125] INFO          dashboard at:          10.36.60.33:20475
[2021-10-22 17:57:14,125] INFO               Threads:                          1
[2021-10-22 17:57:14,125] INFO          Listening to:    tcp://10.36.60.33:30493
[2021-10-22 17:57:14,125] INFO Waiting to connect to:    tcp://10.36.60.11:35725
[2021-10-22 17:57:14,125] INFO          dashboard at:          10.36.60.33:32685
[2021-10-22 17:57:14,125] INFO                Memory:                  16.76 GiB
[2021-10-22 17:57:14,125] INFO                Memory:                  16.76 GiB
[2021-10-22 17:57:14,125] INFO -------------------------------------------------
[2021-10-22 17:57:14,125] INFO               Threads:                          1
[2021-10-22 17:57:14,125] INFO               Threads:                          1
[2021-10-22 17:57:14,125] INFO                Memory:                  16.76 GiB
[2021-10-22 17:57:14,125] INFO -------------------------------------------------
[2021-10-22 17:57:14,125] INFO       Local Directory: /groups/scicompsoft/home/ackermand/Programming/multiresolution-mesh-creator/dask-worker-space/worker-x8tvevp_
[2021-10-22 17:57:14,125] INFO       Local Directory: /groups/scicompsoft/home/ackermand/Programming/multiresolution-mesh-creator/dask-worker-space/worker-wlu32hyp
[2021-10-22 17:57:14,125] INFO Waiting to connect to:    tcp://10.36.60.11:35725
[2021-10-22 17:57:14,125] INFO Waiting to connect to:    tcp://10.36.60.11:35725
[2021-10-22 17:57:14,125] INFO                Memory:                  16.76 GiB
[2021-10-22 17:57:14,125] INFO               Threads:                          1
[2021-10-22 17:57:14,125] INFO Waiting to connect to:    tcp://10.36.60.11:35725
[2021-10-22 17:57:14,125] INFO       Local Directory: /groups/scicompsoft/home/ackermand/Programming/multiresolution-mesh-creator/dask-worker-space/worker-fr2_g2z6
[2021-10-22 17:57:14,125] INFO -------------------------------------------------
[2021-10-22 17:57:14,125] INFO       Local Directory: /groups/scicompsoft/home/ackermand/Programming/multiresolution-mesh-creator/dask-worker-space/worker-ykmur0z2
[2021-10-22 17:57:14,125] INFO -------------------------------------------------
[2021-10-22 17:57:14,125] INFO                Memory:                  16.76 GiB
[2021-10-22 17:57:14,125] INFO -------------------------------------------------
[2021-10-22 17:57:14,125] INFO               Threads:                          1
[2021-10-22 17:57:14,125] INFO               Threads:                          1
[2021-10-22 17:57:14,125] INFO -------------------------------------------------
[2021-10-22 17:57:14,125] INFO Waiting to connect to:    tcp://10.36.60.11:35725
[2021-10-22 17:57:14,125] INFO -------------------------------------------------
[2021-10-22 17:57:14,125] INFO -------------------------------------------------
[2021-10-22 17:57:14,125] INFO       Local Directory: /groups/scicompsoft/home/ackermand/Programming/multiresolution-mesh-creator/dask-worker-space/worker-tg8z3tpy
[2021-10-22 17:57:14,125] INFO               Threads:                          1
[2021-10-22 17:57:14,125] INFO -------------------------------------------------
[2021-10-22 17:57:14,125] INFO -------------------------------------------------
[2021-10-22 17:57:14,125] INFO               Threads:                          1
[2021-10-22 17:57:14,125] INFO -------------------------------------------------
[2021-10-22 17:57:14,125] INFO                Memory:                  16.76 GiB
[2021-10-22 17:57:14,125] INFO               Threads:                          1
[2021-10-22 17:57:14,125] INFO                Memory:                  16.76 GiB
[2021-10-22 17:57:14,125] INFO          dashboard at:          10.36.60.33:28847
[2021-10-22 17:57:14,125] INFO                Memory:                  16.76 GiB
[2021-10-22 17:57:14,125] INFO                Memory:                  16.76 GiB
[2021-10-22 17:57:14,125] INFO                Memory:                  16.76 GiB
[2021-10-22 17:57:14,125] INFO               Threads:                          1
[2021-10-22 17:57:14,125] INFO                Memory:                  16.76 GiB
[2021-10-22 17:57:14,125] INFO               Threads:                          1
[2021-10-22 17:57:14,125] INFO -------------------------------------------------
[2021-10-22 17:57:14,125] INFO               Threads:                          1
[2021-10-22 17:57:14,125] INFO               Threads:                          1
[2021-10-22 17:57:14,125] INFO                Memory:                  16.76 GiB
[2021-10-22 17:57:14,125] INFO       Local Directory: /groups/scicompsoft/home/ackermand/Programming/multiresolution-mesh-creator/dask-worker-space/worker-dhemll2d
[2021-10-22 17:57:14,125] INFO       Local Directory: /groups/scicompsoft/home/ackermand/Programming/multiresolution-mesh-creator/dask-worker-space/worker-49psjlk5
[2021-10-22 17:57:14,125] INFO       Local Directory: /groups/scicompsoft/home/ackermand/Programming/multiresolution-mesh-creator/dask-worker-space/worker-hnr9buxi
[2021-10-22 17:57:14,125] INFO       Local Directory: /groups/scicompsoft/home/ackermand/Programming/multiresolution-mesh-creator/dask-worker-space/worker-fg5_cbyh
[2021-10-22 17:57:14,125] INFO Waiting to connect to:    tcp://10.36.60.11:35725
[2021-10-22 17:57:14,125] INFO Waiting to connect to:    tcp://10.36.60.11:35725
[2021-10-22 17:57:14,125] INFO               Threads:                          1
[2021-10-22 17:57:14,125] INFO       Local Directory: /groups/scicompsoft/home/ackermand/Programming/multiresolution-mesh-creator/dask-worker-space/worker-wazhuv_l
[2021-10-22 17:57:14,125] INFO               Threads:                          1
[2021-10-22 17:57:14,125] INFO                Memory:                  16.76 GiB
[2021-10-22 17:57:14,125] INFO                Memory:                  16.76 GiB
[2021-10-22 17:57:14,125] INFO       Local Directory: /groups/scicompsoft/home/ackermand/Programming/multiresolution-mesh-creator/dask-worker-space/worker-ar6c_tw5
[2021-10-22 17:57:14,125] INFO               Threads:                          1
[2021-10-22 17:57:14,125] INFO                Memory:                  16.76 GiB
[2021-10-22 17:57:14,125] INFO                Memory:                  16.76 GiB
[2021-10-22 17:57:14,125] INFO          dashboard at:          10.36.60.33:19513
[2021-10-22 17:57:14,125] INFO -------------------------------------------------
[2021-10-22 17:57:14,125] INFO                Memory:                  16.76 GiB
[2021-10-22 17:57:14,125] INFO                Memory:                  16.76 GiB
[2021-10-22 17:57:14,125] INFO       Local Directory: /groups/scicompsoft/home/ackermand/Programming/multiresolution-mesh-creator/dask-worker-space/worker-1adl0wx9
[2021-10-22 17:57:14,125] INFO -------------------------------------------------
[2021-10-22 17:57:14,125] INFO                Memory:                  16.76 GiB
[2021-10-22 17:57:14,125] INFO       Local Directory: /groups/scicompsoft/home/ackermand/Programming/multiresolution-mesh-creator/dask-worker-space/worker-qcx22y1e
[2021-10-22 17:57:14,125] INFO          dashboard at:          10.36.60.33:33975
[2021-10-22 17:57:14,125] INFO -------------------------------------------------
[2021-10-22 17:57:14,125] INFO -------------------------------------------------
[2021-10-22 17:57:14,125] INFO -------------------------------------------------
[2021-10-22 17:57:14,125] INFO       Local Directory: /groups/scicompsoft/home/ackermand/Programming/multiresolution-mesh-creator/dask-worker-space/worker-zn8e_0a2
[2021-10-22 17:57:14,125] INFO -------------------------------------------------
[2021-10-22 17:57:14,125] INFO                Memory:                  16.76 GiB
[2021-10-22 17:57:14,125] INFO       Local Directory: /groups/scicompsoft/home/ackermand/Programming/multiresolution-mesh-creator/dask-worker-space/worker-jt0tr8s0
[2021-10-22 17:57:14,125] INFO -------------------------------------------------
[2021-10-22 17:57:14,125] INFO       Local Directory: /groups/scicompsoft/home/ackermand/Programming/multiresolution-mesh-creator/dask-worker-space/worker-ec2rzufw
[2021-10-22 17:57:14,125] INFO Waiting to connect to:    tcp://10.36.60.11:35725
[2021-10-22 17:57:14,125] INFO -------------------------------------------------
[2021-10-22 17:57:14,125] INFO       Local Directory: /groups/scicompsoft/home/ackermand/Programming/multiresolution-mesh-creator/dask-worker-space/worker-od2px2wr
[2021-10-22 17:57:14,125] INFO       Local Directory: /groups/scicompsoft/home/ackermand/Programming/multiresolution-mesh-creator/dask-worker-space/worker-cojr_7xv
[2021-10-22 17:57:14,125] INFO               Threads:                          1
[2021-10-22 17:57:14,125] INFO Waiting to connect to:    tcp://10.36.60.11:35725
[2021-10-22 17:57:14,125] INFO          dashboard at:          10.36.60.33:21269
[2021-10-22 17:57:14,125] INFO -------------------------------------------------
[2021-10-22 17:57:14,125] INFO       Local Directory: /groups/scicompsoft/home/ackermand/Programming/multiresolution-mesh-creator/dask-worker-space/worker-xq7t_nse
[2021-10-22 17:57:14,125] INFO -------------------------------------------------
[2021-10-22 17:57:14,125] INFO               Threads:                          1
[2021-10-22 17:57:14,125] INFO -------------------------------------------------
[2021-10-22 17:57:14,125] INFO Waiting to connect to:    tcp://10.36.60.11:35725
[2021-10-22 17:57:14,125] INFO -------------------------------------------------
[2021-10-22 17:57:14,125] INFO -------------------------------------------------
[2021-10-22 17:57:14,125] INFO                Memory:                  16.76 GiB
[2021-10-22 17:57:14,125] INFO -------------------------------------------------
[2021-10-22 17:57:14,125] INFO -------------------------------------------------
[2021-10-22 17:57:14,125] INFO -------------------------------------------------
[2021-10-22 17:57:14,125] INFO Waiting to connect to:    tcp://10.36.60.11:35725
[2021-10-22 17:57:14,125] INFO                Memory:                  16.76 GiB
[2021-10-22 17:57:14,125] INFO -------------------------------------------------
[2021-10-22 17:57:14,125] INFO       Local Directory: /groups/scicompsoft/home/ackermand/Programming/multiresolution-mesh-creator/dask-worker-space/worker-sj243e7l
[2021-10-22 17:57:14,125] INFO -------------------------------------------------
[2021-10-22 17:57:14,125] INFO -------------------------------------------------
[2021-10-22 17:57:14,125] INFO       Local Directory: /groups/scicompsoft/home/ackermand/Programming/multiresolution-mesh-creator/dask-worker-space/worker-zdd4aq0w
[2021-10-22 17:57:14,125] INFO -------------------------------------------------
[2021-10-22 17:57:14,125] INFO               Threads:                          1
[2021-10-22 17:57:14,125] INFO -------------------------------------------------
[2021-10-22 17:57:14,125] INFO               Threads:                          1
[2021-10-22 17:57:14,125] INFO -------------------------------------------------
[2021-10-22 17:57:14,125] INFO               Threads:                          1
[2021-10-22 17:57:14,125] INFO                Memory:                  16.76 GiB
[2021-10-22 17:57:14,126] INFO                Memory:                  16.76 GiB
[2021-10-22 17:57:14,125] INFO               Threads:                          1
[2021-10-22 17:57:14,126] INFO       Local Directory: /groups/scicompsoft/home/ackermand/Programming/multiresolution-mesh-creator/dask-worker-space/worker-q94qbv3r
[2021-10-22 17:57:14,126] INFO                Memory:                  16.76 GiB
[2021-10-22 17:57:14,125] INFO               Threads:                          1
[2021-10-22 17:57:14,126] INFO                Memory:                  16.76 GiB
[2021-10-22 17:57:14,126] INFO       Local Directory: /groups/scicompsoft/home/ackermand/Programming/multiresolution-mesh-creator/dask-worker-space/worker-r5c04iem
[2021-10-22 17:57:14,126] INFO                Memory:                  16.76 GiB
[2021-10-22 17:57:14,126] INFO       Local Directory: /groups/scicompsoft/home/ackermand/Programming/multiresolution-mesh-creator/dask-worker-space/worker-eo4kv7bv
[2021-10-22 17:57:14,126] INFO       Local Directory: /groups/scicompsoft/home/ackermand/Programming/multiresolution-mesh-creator/dask-worker-space/worker-hag7x4x9
[2021-10-22 17:57:14,126] INFO -------------------------------------------------
[2021-10-22 17:57:14,126] INFO       Local Directory: /groups/scicompsoft/home/ackermand/Programming/multiresolution-mesh-creator/dask-worker-space/worker-0btzlpn4
[2021-10-22 17:57:14,126] INFO       Local Directory: /groups/scicompsoft/home/ackermand/Programming/multiresolution-mesh-creator/dask-worker-space/worker-ggalvrye
[2021-10-22 17:57:14,126] INFO -------------------------------------------------
[2021-10-22 17:57:14,126] INFO -------------------------------------------------
[2021-10-22 17:57:14,126] INFO -------------------------------------------------
[2021-10-22 17:57:14,126] INFO -------------------------------------------------
[2021-10-22 17:57:14,126] INFO -------------------------------------------------
[2021-10-22 17:57:14,126] INFO       Start worker at:    tcp://10.36.60.33:21019
[2021-10-22 17:57:14,127] INFO          Listening to:    tcp://10.36.60.33:21019
[2021-10-22 17:57:14,127] INFO          dashboard at:          10.36.60.33:26839
[2021-10-22 17:57:14,127] INFO Waiting to connect to:    tcp://10.36.60.11:35725
[2021-10-22 17:57:14,127] INFO -------------------------------------------------
[2021-10-22 17:57:14,127] INFO               Threads:                          1
[2021-10-22 17:57:14,127] INFO                Memory:                  16.76 GiB
[2021-10-22 17:57:14,127] INFO       Local Directory: /groups/scicompsoft/home/ackermand/Programming/multiresolution-mesh-creator/dask-worker-space/worker-13pzm2bz
[2021-10-22 17:57:14,127] INFO       Start worker at:    tcp://10.36.60.33:20247
[2021-10-22 17:57:14,127] INFO       Start worker at:    tcp://10.36.60.33:30925
[2021-10-22 17:57:14,127] INFO       Start worker at:    tcp://10.36.60.33:16895
[2021-10-22 17:57:14,127] INFO -------------------------------------------------
[2021-10-22 17:57:14,127] INFO       Start worker at:    tcp://10.36.60.33:28365
[2021-10-22 17:57:14,127] INFO          Listening to:    tcp://10.36.60.33:20247
[2021-10-22 17:57:14,127] INFO       Start worker at:    tcp://10.36.60.33:17657
[2021-10-22 17:57:14,127] INFO          Listening to:    tcp://10.36.60.33:16895
[2021-10-22 17:57:14,127] INFO          Listening to:    tcp://10.36.60.33:30925
[2021-10-22 17:57:14,127] INFO          Listening to:    tcp://10.36.60.33:17657
[2021-10-22 17:57:14,127] INFO          dashboard at:          10.36.60.33:25069
[2021-10-22 17:57:14,127] INFO          dashboard at:          10.36.60.33:30639
[2021-10-22 17:57:14,127] INFO          dashboard at:          10.36.60.33:38385
[2021-10-22 17:57:14,127] INFO       Start worker at:    tcp://10.36.60.33:28437
[2021-10-22 17:57:14,127] INFO Waiting to connect to:    tcp://10.36.60.11:35725
[2021-10-22 17:57:14,127] INFO       Start worker at:    tcp://10.36.60.33:18719
[2021-10-22 17:57:14,127] INFO Waiting to connect to:    tcp://10.36.60.11:35725
[2021-10-22 17:57:14,127] INFO          dashboard at:          10.36.60.33:18109
[2021-10-22 17:57:14,127] INFO -------------------------------------------------
[2021-10-22 17:57:14,127] INFO -------------------------------------------------
[2021-10-22 17:57:14,127] INFO Waiting to connect to:    tcp://10.36.60.11:35725
[2021-10-22 17:57:14,127] INFO          Listening to:    tcp://10.36.60.33:28365
[2021-10-22 17:57:14,127] INFO -------------------------------------------------
[2021-10-22 17:57:14,127] INFO       Start worker at:    tcp://10.36.60.33:25533
[2021-10-22 17:57:14,127] INFO       Start worker at:    tcp://10.36.60.33:36951
[2021-10-22 17:57:14,127] INFO               Threads:                          1
[2021-10-22 17:57:14,127] INFO       Start worker at:    tcp://10.36.60.33:33599
[2021-10-22 17:57:14,127] INFO          dashboard at:          10.36.60.33:31249
[2021-10-22 17:57:14,127] INFO               Threads:                          1
[2021-10-22 17:57:14,127] INFO          Listening to:    tcp://10.36.60.33:25533
[2021-10-22 17:57:14,127] INFO                Memory:                  16.76 GiB
[2021-10-22 17:57:14,127] INFO Waiting to connect to:    tcp://10.36.60.11:35725
[2021-10-22 17:57:14,127] INFO                Memory:                  16.76 GiB
[2021-10-22 17:57:14,127] INFO          Listening to:    tcp://10.36.60.33:33599
[2021-10-22 17:57:14,127] INFO       Start worker at:    tcp://10.36.60.33:18651
[2021-10-22 17:57:14,127] INFO -------------------------------------------------
[2021-10-22 17:57:14,127] INFO       Local Directory: /groups/scicompsoft/home/ackermand/Programming/multiresolution-mesh-creator/dask-worker-space/worker-47x7go__
[2021-10-22 17:57:14,128] INFO       Local Directory: /groups/scicompsoft/home/ackermand/Programming/multiresolution-mesh-creator/dask-worker-space/worker-w5k5hw8t
[2021-10-22 17:57:14,127] INFO          Listening to:    tcp://10.36.60.33:28437
[2021-10-22 17:57:14,128] INFO -------------------------------------------------
[2021-10-22 17:57:14,127] INFO       Start worker at:    tcp://10.36.60.33:20051
[2021-10-22 17:57:14,128] INFO               Threads:                          1
[2021-10-22 17:57:14,127] INFO               Threads:                          1
[2021-10-22 17:57:14,128] INFO          Listening to:    tcp://10.36.60.33:36951
[2021-10-22 17:57:14,128] INFO          dashboard at:          10.36.60.33:37391
[2021-10-22 17:57:14,128] INFO          dashboard at:          10.36.60.33:33773
[2021-10-22 17:57:14,128] INFO -------------------------------------------------
[2021-10-22 17:57:14,128] INFO                Memory:                  16.76 GiB
[2021-10-22 17:57:14,128] INFO Waiting to connect to:    tcp://10.36.60.11:35725
[2021-10-22 17:57:14,128] INFO Waiting to connect to:    tcp://10.36.60.11:35725
[2021-10-22 17:57:14,128] INFO          Listening to:    tcp://10.36.60.33:18719
[2021-10-22 17:57:14,128] INFO          dashboard at:          10.36.60.33:19639
[2021-10-22 17:57:14,128] INFO          dashboard at:          10.36.60.33:15381
[2021-10-22 17:57:14,128] INFO                Memory:                  16.76 GiB
[2021-10-22 17:57:14,128] INFO Waiting to connect to:    tcp://10.36.60.11:35725
[2021-10-22 17:57:14,128] INFO          Listening to:    tcp://10.36.60.33:18651
[2021-10-22 17:57:14,128] INFO       Local Directory: /groups/scicompsoft/home/ackermand/Programming/multiresolution-mesh-creator/dask-worker-space/worker-k4mvi_23
[2021-10-22 17:57:14,128] INFO -------------------------------------------------
[2021-10-22 17:57:14,128] INFO -------------------------------------------------
[2021-10-22 17:57:14,128] INFO -------------------------------------------------
[2021-10-22 17:57:14,128] INFO Waiting to connect to:    tcp://10.36.60.11:35725
[2021-10-22 17:57:14,128] INFO Waiting to connect to:    tcp://10.36.60.11:35725
[2021-10-22 17:57:14,128] INFO          dashboard at:          10.36.60.33:25387
[2021-10-22 17:57:14,128] INFO -------------------------------------------------
[2021-10-22 17:57:14,128] INFO          dashboard at:          10.36.60.33:15625
[2021-10-22 17:57:14,128] INFO -------------------------------------------------
[2021-10-22 17:57:14,128] INFO -------------------------------------------------
[2021-10-22 17:57:14,128] INFO Waiting to connect to:    tcp://10.36.60.11:35725
[2021-10-22 17:57:14,128] INFO          Listening to:    tcp://10.36.60.33:20051
[2021-10-22 17:57:14,128] INFO Waiting to connect to:    tcp://10.36.60.11:35725
[2021-10-22 17:57:14,128] INFO               Threads:                          1
[2021-10-22 17:57:14,128] INFO               Threads:                          1
[2021-10-22 17:57:14,128] INFO -------------------------------------------------
[2021-10-22 17:57:14,128] INFO               Threads:                          1
[2021-10-22 17:57:14,128] INFO               Threads:                          1
[2021-10-22 17:57:14,128] INFO                Memory:                  16.76 GiB
[2021-10-22 17:57:14,128] INFO -------------------------------------------------
[2021-10-22 17:57:14,128] INFO                Memory:                  16.76 GiB
[2021-10-22 17:57:14,128] INFO                Memory:                  16.76 GiB
[2021-10-22 17:57:14,128] INFO                Memory:                  16.76 GiB
[2021-10-22 17:57:14,128] INFO       Local Directory: /groups/scicompsoft/home/ackermand/Programming/multiresolution-mesh-creator/dask-worker-space/worker-2dqkmoml
[2021-10-22 17:57:14,128] INFO          dashboard at:          10.36.60.33:29429
[2021-10-22 17:57:14,128] INFO               Threads:                          1
[2021-10-22 17:57:14,128] INFO       Local Directory: /groups/scicompsoft/home/ackermand/Programming/multiresolution-mesh-creator/dask-worker-space/worker-zkgv0g9n
[2021-10-22 17:57:14,128] INFO       Local Directory: /groups/scicompsoft/home/ackermand/Programming/multiresolution-mesh-creator/dask-worker-space/worker-bifrj7uk
[2021-10-22 17:57:14,128] INFO       Local Directory: /groups/scicompsoft/home/ackermand/Programming/multiresolution-mesh-creator/dask-worker-space/worker-r2_sat7i
[2021-10-22 17:57:14,128] INFO -------------------------------------------------
[2021-10-22 17:57:14,128] INFO Waiting to connect to:    tcp://10.36.60.11:35725
[2021-10-22 17:57:14,128] INFO                Memory:                  16.76 GiB
[2021-10-22 17:57:14,128] INFO -------------------------------------------------
[2021-10-22 17:57:14,128] INFO               Threads:                          1
[2021-10-22 17:57:14,128] INFO -------------------------------------------------
[2021-10-22 17:57:14,128] INFO -------------------------------------------------
[2021-10-22 17:57:14,128] INFO       Local Directory: /groups/scicompsoft/home/ackermand/Programming/multiresolution-mesh-creator/dask-worker-space/worker-scax0gt2
[2021-10-22 17:57:14,128] INFO               Threads:                          1
[2021-10-22 17:57:14,128] INFO -------------------------------------------------
[2021-10-22 17:57:14,128] INFO                Memory:                  16.76 GiB
[2021-10-22 17:57:14,128] INFO       Local Directory: /groups/scicompsoft/home/ackermand/Programming/multiresolution-mesh-creator/dask-worker-space/worker-ecm5402_
[2021-10-22 17:57:14,128] INFO                Memory:                  16.76 GiB
[2021-10-22 17:57:14,128] INFO       Local Directory: /groups/scicompsoft/home/ackermand/Programming/multiresolution-mesh-creator/dask-worker-space/worker-t0f7exn8
[2021-10-22 17:57:14,128] INFO -------------------------------------------------
[2021-10-22 17:57:14,128] INFO -------------------------------------------------
[2021-10-22 17:57:14,128] INFO       Local Directory: /groups/scicompsoft/home/ackermand/Programming/multiresolution-mesh-creator/dask-worker-space/worker-9s1eqabh
[2021-10-22 17:57:14,128] INFO               Threads:                          1
[2021-10-22 17:57:14,128] INFO                Memory:                  16.76 GiB
[2021-10-22 17:57:14,128] INFO -------------------------------------------------
[2021-10-22 17:57:14,128] INFO -------------------------------------------------
[2021-10-22 17:57:14,128] INFO       Local Directory: /groups/scicompsoft/home/ackermand/Programming/multiresolution-mesh-creator/dask-worker-space/worker-9rykhrvt
[2021-10-22 17:57:14,128] INFO -------------------------------------------------
[2021-10-22 17:57:14,316] INFO         Registered to:    tcp://10.36.60.11:35725
[2021-10-22 17:57:14,316] INFO -------------------------------------------------
[2021-10-22 17:57:14,317] INFO Starting established connection
[2021-10-22 17:57:14,329] INFO         Registered to:    tcp://10.36.60.11:35725
[2021-10-22 17:57:14,330] INFO -------------------------------------------------
[2021-10-22 17:57:14,330] INFO Starting established connection
[2021-10-22 17:57:14,408] INFO         Registered to:    tcp://10.36.60.11:35725
[2021-10-22 17:57:14,409] INFO -------------------------------------------------
[2021-10-22 17:57:14,409] INFO Starting established connection
[2021-10-22 17:57:14,429] INFO         Registered to:    tcp://10.36.60.11:35725
[2021-10-22 17:57:14,429] INFO -------------------------------------------------
[2021-10-22 17:57:14,430] INFO Starting established connection
[2021-10-22 17:57:14,453] INFO         Registered to:    tcp://10.36.60.11:35725
[2021-10-22 17:57:14,453] INFO -------------------------------------------------
[2021-10-22 17:57:14,453] INFO Starting established connection
[2021-10-22 17:57:14,454] INFO         Registered to:    tcp://10.36.60.11:35725
[2021-10-22 17:57:14,454] INFO -------------------------------------------------
[2021-10-22 17:57:14,455] INFO Starting established connection
[2021-10-22 17:57:14,463] INFO         Registered to:    tcp://10.36.60.11:35725
[2021-10-22 17:57:14,464] INFO -------------------------------------------------
[2021-10-22 17:57:14,464] INFO Starting established connection
[2021-10-22 17:57:14,464] INFO         Registered to:    tcp://10.36.60.11:35725
[2021-10-22 17:57:14,465] INFO -------------------------------------------------
[2021-10-22 17:57:14,465] INFO Starting established connection
[2021-10-22 17:57:14,495] INFO         Registered to:    tcp://10.36.60.11:35725
[2021-10-22 17:57:14,495] INFO -------------------------------------------------
[2021-10-22 17:57:14,496] INFO Starting established connection
[2021-10-22 17:57:14,500] INFO         Registered to:    tcp://10.36.60.11:35725
[2021-10-22 17:57:14,500] INFO -------------------------------------------------
[2021-10-22 17:57:14,500] INFO Starting established connection
[2021-10-22 17:57:14,502] INFO         Registered to:    tcp://10.36.60.11:35725
[2021-10-22 17:57:14,503] INFO -------------------------------------------------
[2021-10-22 17:57:14,503] INFO Starting established connection
[2021-10-22 17:57:14,507] INFO         Registered to:    tcp://10.36.60.11:35725
[2021-10-22 17:57:14,508] INFO -------------------------------------------------
[2021-10-22 17:57:14,508] INFO Starting established connection
[2021-10-22 17:57:14,523] INFO         Registered to:    tcp://10.36.60.11:35725
[2021-10-22 17:57:14,523] INFO -------------------------------------------------
[2021-10-22 17:57:14,523] INFO Starting established connection
[2021-10-22 17:57:14,527] INFO         Registered to:    tcp://10.36.60.11:35725
[2021-10-22 17:57:14,528] INFO -------------------------------------------------
[2021-10-22 17:57:14,528] INFO Starting established connection
[2021-10-22 17:57:14,532] INFO         Registered to:    tcp://10.36.60.11:35725
[2021-10-22 17:57:14,532] INFO -------------------------------------------------
[2021-10-22 17:57:14,533] INFO Starting established connection
[2021-10-22 17:57:14,535] INFO         Registered to:    tcp://10.36.60.11:35725
[2021-10-22 17:57:14,535] INFO -------------------------------------------------
[2021-10-22 17:57:14,535] INFO Starting established connection
[2021-10-22 17:57:14,536] INFO         Registered to:    tcp://10.36.60.11:35725
[2021-10-22 17:57:14,536] INFO -------------------------------------------------
[2021-10-22 17:57:14,536] INFO Starting established connection
[2021-10-22 17:57:14,543] INFO         Registered to:    tcp://10.36.60.11:35725
[2021-10-22 17:57:14,543] INFO -------------------------------------------------
[2021-10-22 17:57:14,544] INFO Starting established connection
[2021-10-22 17:57:14,545] INFO         Registered to:    tcp://10.36.60.11:35725
[2021-10-22 17:57:14,545] INFO -------------------------------------------------
[2021-10-22 17:57:14,545] INFO Starting established connection
[2021-10-22 17:57:14,546] INFO         Registered to:    tcp://10.36.60.11:35725
[2021-10-22 17:57:14,546] INFO -------------------------------------------------
[2021-10-22 17:57:14,547] INFO Starting established connection
[2021-10-22 17:57:14,547] INFO         Registered to:    tcp://10.36.60.11:35725
[2021-10-22 17:57:14,548] INFO -------------------------------------------------
[2021-10-22 17:57:14,548] INFO Starting established connection
[2021-10-22 17:57:14,551] INFO         Registered to:    tcp://10.36.60.11:35725
[2021-10-22 17:57:14,551] INFO -------------------------------------------------
[2021-10-22 17:57:14,551] INFO Starting established connection
[2021-10-22 17:57:14,552] INFO         Registered to:    tcp://10.36.60.11:35725
[2021-10-22 17:57:14,552] INFO -------------------------------------------------
[2021-10-22 17:57:14,552] INFO Starting established connection
[2021-10-22 17:57:14,553] INFO         Registered to:    tcp://10.36.60.11:35725
[2021-10-22 17:57:14,553] INFO -------------------------------------------------
[2021-10-22 17:57:14,553] INFO Starting established connection
[2021-10-22 17:57:14,554] INFO         Registered to:    tcp://10.36.60.11:35725
[2021-10-22 17:57:14,554] INFO -------------------------------------------------
[2021-10-22 17:57:14,555] INFO Starting established connection
[2021-10-22 17:57:14,555] INFO         Registered to:    tcp://10.36.60.11:35725
[2021-10-22 17:57:14,555] INFO -------------------------------------------------
[2021-10-22 17:57:14,556] INFO Starting established connection
[2021-10-22 17:57:14,558] INFO         Registered to:    tcp://10.36.60.11:35725
[2021-10-22 17:57:14,558] INFO -------------------------------------------------
[2021-10-22 17:57:14,559] INFO Starting established connection
[2021-10-22 17:57:14,559] INFO         Registered to:    tcp://10.36.60.11:35725
[2021-10-22 17:57:14,560] INFO -------------------------------------------------
[2021-10-22 17:57:14,560] INFO Starting established connection
[2021-10-22 17:57:14,563] INFO         Registered to:    tcp://10.36.60.11:35725
[2021-10-22 17:57:14,563] INFO -------------------------------------------------
[2021-10-22 17:57:14,563] INFO Starting established connection
[2021-10-22 17:57:14,565] INFO         Registered to:    tcp://10.36.60.11:35725
[2021-10-22 17:57:14,567] INFO -------------------------------------------------
[2021-10-22 17:57:14,568] INFO Starting established connection
[2021-10-22 17:57:14,570] INFO         Registered to:    tcp://10.36.60.11:35725
[2021-10-22 17:57:14,570] INFO -------------------------------------------------
[2021-10-22 17:57:14,571] INFO Starting established connection
[2021-10-22 17:57:14,571] INFO         Registered to:    tcp://10.36.60.11:35725
[2021-10-22 17:57:14,571] INFO -------------------------------------------------
[2021-10-22 17:57:14,572] INFO Starting established connection
[2021-10-22 17:57:14,572] INFO         Registered to:    tcp://10.36.60.11:35725
[2021-10-22 17:57:14,572] INFO -------------------------------------------------
[2021-10-22 17:57:14,573] INFO Starting established connection
[2021-10-22 17:57:14,575] INFO         Registered to:    tcp://10.36.60.11:35725
[2021-10-22 17:57:14,576] INFO -------------------------------------------------
[2021-10-22 17:57:14,577] INFO Starting established connection
[2021-10-22 17:57:14,579] INFO         Registered to:    tcp://10.36.60.11:35725
[2021-10-22 17:57:14,579] INFO -------------------------------------------------
[2021-10-22 17:57:14,580] INFO Starting established connection
[2021-10-22 17:57:14,581] INFO         Registered to:    tcp://10.36.60.11:35725
[2021-10-22 17:57:14,581] INFO -------------------------------------------------
[2021-10-22 17:57:14,582] INFO Starting established connection
[2021-10-22 17:57:14,582] INFO         Registered to:    tcp://10.36.60.11:35725
[2021-10-22 17:57:14,582] INFO -------------------------------------------------
[2021-10-22 17:57:14,583] INFO Starting established connection
[2021-10-22 17:57:14,583] INFO         Registered to:    tcp://10.36.60.11:35725
[2021-10-22 17:57:14,583] INFO -------------------------------------------------
[2021-10-22 17:57:14,584] INFO Starting established connection
[2021-10-22 17:57:14,584] INFO         Registered to:    tcp://10.36.60.11:35725
[2021-10-22 17:57:14,584] INFO -------------------------------------------------
[2021-10-22 17:57:14,584] INFO Starting established connection
[2021-10-22 17:57:14,585] INFO         Registered to:    tcp://10.36.60.11:35725
[2021-10-22 17:57:14,585] INFO -------------------------------------------------
[2021-10-22 17:57:14,585] INFO Starting established connection
[2021-10-22 17:58:50,606] INFO Stopping worker at tcp://10.36.60.33:30109
[2021-10-22 17:58:50,606] INFO Stopping worker at tcp://10.36.60.33:17657
[2021-10-22 17:58:50,606] INFO Stopping worker at tcp://10.36.60.33:35535
[2021-10-22 17:58:50,606] INFO Stopping worker at tcp://10.36.60.33:35353
[2021-10-22 17:58:50,606] INFO Stopping worker at tcp://10.36.60.33:22029
[2021-10-22 17:58:50,606] INFO Stopping worker at tcp://10.36.60.33:30493
[2021-10-22 17:58:50,606] INFO Stopping worker at tcp://10.36.60.33:24907
[2021-10-22 17:58:50,606] INFO Stopping worker at tcp://10.36.60.33:23003
[2021-10-22 17:58:50,606] INFO Stopping worker at tcp://10.36.60.33:33307
[2021-10-22 17:58:50,606] INFO Stopping worker at tcp://10.36.60.33:30925
[2021-10-22 17:58:50,606] INFO Stopping worker at tcp://10.36.60.33:39695
[2021-10-22 17:58:50,606] INFO Stopping worker at tcp://10.36.60.33:37051
[2021-10-22 17:58:50,606] INFO Stopping worker at tcp://10.36.60.33:38193
[2021-10-22 17:58:50,606] INFO Stopping worker at tcp://10.36.60.33:16623
[2021-10-22 17:58:50,606] INFO Stopping worker at tcp://10.36.60.33:28529
[2021-10-22 17:58:50,606] INFO Stopping worker at tcp://10.36.60.33:23555
[2021-10-22 17:58:50,606] INFO Stopping worker at tcp://10.36.60.33:30049
[2021-10-22 17:58:50,606] INFO Stopping worker at tcp://10.36.60.33:16337
[2021-10-22 17:58:50,606] INFO Stopping worker at tcp://10.36.60.33:36951
[2021-10-22 17:58:50,606] INFO Stopping worker at tcp://10.36.60.33:28365
[2021-10-22 17:58:50,606] INFO Stopping worker at tcp://10.36.60.33:26405
[2021-10-22 17:58:50,606] INFO Stopping worker at tcp://10.36.60.33:29633
[2021-10-22 17:58:50,606] INFO Stopping worker at tcp://10.36.60.33:18719
[2021-10-22 17:58:50,606] INFO Stopping worker at tcp://10.36.60.33:20247
[2021-10-22 17:58:50,606] INFO Stopping worker at tcp://10.36.60.33:34779
[2021-10-22 17:58:50,606] INFO Stopping worker at tcp://10.36.60.33:18651
[2021-10-22 17:58:50,606] INFO Stopping worker at tcp://10.36.60.33:25099
[2021-10-22 17:58:50,606] INFO Stopping worker at tcp://10.36.60.33:25533
[2021-10-22 17:58:50,606] INFO Stopping worker at tcp://10.36.60.33:20051
[2021-10-22 17:58:50,606] INFO Stopping worker at tcp://10.36.60.33:21037
Process Dask Worker process (from Nanny):
Traceback (most recent call last):
  File "/groups/scicompsoft/home/ackermand/miniconda3/envs/multiresolution_mesh_creator/lib/python3.7/asyncio/base_events.py", line 541, in run_forever
    self._run_once()
  File "/groups/scicompsoft/home/ackermand/miniconda3/envs/multiresolution_mesh_creator/lib/python3.7/asyncio/base_events.py", line 1750, in _run_once
    event_list = self._selector.select(timeout)
  File "/groups/scicompsoft/home/ackermand/miniconda3/envs/multiresolution_mesh_creator/lib/python3.7/selectors.py", line 468, in select
    fd_event_list = self._selector.poll(timeout, max_ev)
KeyboardInterrupt

During handling of the above exception, another exception occurred:

Traceback (most recent call last):
  File "/groups/scicompsoft/home/ackermand/miniconda3/envs/multiresolution_mesh_creator/lib/python3.7/site-packages/distributed/nanny.py", line 897, in _run
    loop.run_sync(run)
  File "/groups/scicompsoft/home/ackermand/miniconda3/envs/multiresolution_mesh_creator/lib/python3.7/site-packages/tornado/ioloop.py", line 524, in run_sync
    self.start()
  File "/groups/scicompsoft/home/ackermand/miniconda3/envs/multiresolution_mesh_creator/lib/python3.7/site-packages/tornado/platform/asyncio.py", line 199, in start
    self.asyncio_loop.run_forever()
  File "/groups/scicompsoft/home/ackermand/miniconda3/envs/multiresolution_mesh_creator/lib/python3.7/asyncio/base_events.py", line 546, in run_forever
    self._thread_id = None
KeyboardInterrupt

During handling of the above exception, another exception occurred:

Traceback (most recent call last):
  File "/groups/scicompsoft/home/ackermand/miniconda3/envs/multiresolution_mesh_creator/lib/python3.7/multiprocessing/process.py", line 297, in _bootstrap
    self.run()
  File "/groups/scicompsoft/home/ackermand/miniconda3/envs/multiresolution_mesh_creator/lib/python3.7/multiprocessing/process.py", line 99, in run
    self._target(*self._args, **self._kwargs)
  File "/groups/scicompsoft/home/ackermand/miniconda3/envs/multiresolution_mesh_creator/lib/python3.7/site-packages/distributed/process.py", line 191, in _run
    target(*args, **kwargs)
  File "/groups/scicompsoft/home/ackermand/miniconda3/envs/multiresolution_mesh_creator/lib/python3.7/site-packages/distributed/nanny.py", line 904, in _run
    loop.run_sync(do_stop)
  File "/groups/scicompsoft/home/ackermand/miniconda3/envs/multiresolution_mesh_creator/lib/python3.7/site-packages/tornado/ioloop.py", line 524, in run_sync
    self.start()
  File "/groups/scicompsoft/home/ackermand/miniconda3/envs/multiresolution_mesh_creator/lib/python3.7/site-packages/tornado/platform/asyncio.py", line 199, in start
    self.asyncio_loop.run_forever()
  File "/groups/scicompsoft/home/ackermand/miniconda3/envs/multiresolution_mesh_creator/lib/python3.7/asyncio/base_events.py", line 531, in run_forever
    self._check_runnung()
  File "/groups/scicompsoft/home/ackermand/miniconda3/envs/multiresolution_mesh_creator/lib/python3.7/asyncio/base_events.py", line 526, in _check_runnung
    'Cannot run the event loop while another loop is running')
RuntimeError: Cannot run the event loop while another loop is running
Process Dask Worker process (from Nanny):
Traceback (most recent call last):
  File "/groups/scicompsoft/home/ackermand/miniconda3/envs/multiresolution_mesh_creator/lib/python3.7/asyncio/base_events.py", line 541, in run_forever
    self._run_once()
  File "/groups/scicompsoft/home/ackermand/miniconda3/envs/multiresolution_mesh_creator/lib/python3.7/asyncio/base_events.py", line 1750, in _run_once
    event_list = self._selector.select(timeout)
  File "/groups/scicompsoft/home/ackermand/miniconda3/envs/multiresolution_mesh_creator/lib/python3.7/selectors.py", line 468, in select
    fd_event_list = self._selector.poll(timeout, max_ev)
KeyboardInterrupt

During handling of the above exception, another exception occurred:

Traceback (most recent call last):
  File "/groups/scicompsoft/home/ackermand/miniconda3/envs/multiresolution_mesh_creator/lib/python3.7/site-packages/distributed/nanny.py", line 897, in _run
    loop.run_sync(run)
  File "/groups/scicompsoft/home/ackermand/miniconda3/envs/multiresolution_mesh_creator/lib/python3.7/site-packages/tornado/ioloop.py", line 524, in run_sync
    self.start()
  File "/groups/scicompsoft/home/ackermand/miniconda3/envs/multiresolution_mesh_creator/lib/python3.7/site-packages/tornado/platform/asyncio.py", line 199, in start
    self.asyncio_loop.run_forever()
  File "/groups/scicompsoft/home/ackermand/miniconda3/envs/multiresolution_mesh_creator/lib/python3.7/asyncio/base_events.py", line 547, in run_forever
    events._set_running_loop(None)
KeyboardInterrupt

During handling of the above exception, another exception occurred:

Traceback (most recent call last):
  File "/groups/scicompsoft/home/ackermand/miniconda3/envs/multiresolution_mesh_creator/lib/python3.7/multiprocessing/process.py", line 297, in _bootstrap
    self.run()
  File "/groups/scicompsoft/home/ackermand/miniconda3/envs/multiresolution_mesh_creator/lib/python3.7/multiprocessing/process.py", line 99, in run
    self._target(*self._args, **self._kwargs)
  File "/groups/scicompsoft/home/ackermand/miniconda3/envs/multiresolution_mesh_creator/lib/python3.7/site-packages/distributed/process.py", line 191, in _run
    target(*args, **kwargs)
  File "/groups/scicompsoft/home/ackermand/miniconda3/envs/multiresolution_mesh_creator/lib/python3.7/site-packages/distributed/nanny.py", line 904, in _run
    loop.run_sync(do_stop)
  File "/groups/scicompsoft/home/ackermand/miniconda3/envs/multiresolution_mesh_creator/lib/python3.7/site-packages/tornado/ioloop.py", line 524, in run_sync
    self.start()
  File "/groups/scicompsoft/home/ackermand/miniconda3/envs/multiresolution_mesh_creator/lib/python3.7/site-packages/tornado/platform/asyncio.py", line 199, in start
    self.asyncio_loop.run_forever()
  File "/groups/scicompsoft/home/ackermand/miniconda3/envs/multiresolution_mesh_creator/lib/python3.7/asyncio/base_events.py", line 531, in run_forever
    self._check_runnung()
  File "/groups/scicompsoft/home/ackermand/miniconda3/envs/multiresolution_mesh_creator/lib/python3.7/asyncio/base_events.py", line 526, in _check_runnung
    'Cannot run the event loop while another loop is running')
RuntimeError: Cannot run the event loop while another loop is running
Process Dask Worker process (from Nanny):
Traceback (most recent call last):
  File "/groups/scicompsoft/home/ackermand/miniconda3/envs/multiresolution_mesh_creator/lib/python3.7/site-packages/distributed/nanny.py", line 897, in _run
    loop.run_sync(run)
  File "/groups/scicompsoft/home/ackermand/miniconda3/envs/multiresolution_mesh_creator/lib/python3.7/site-packages/tornado/ioloop.py", line 524, in run_sync
    self.start()
  File "/groups/scicompsoft/home/ackermand/miniconda3/envs/multiresolution_mesh_creator/lib/python3.7/site-packages/tornado/platform/asyncio.py", line 199, in start
    self.asyncio_loop.run_forever()
  File "/groups/scicompsoft/home/ackermand/miniconda3/envs/multiresolution_mesh_creator/lib/python3.7/asyncio/base_events.py", line 541, in run_forever
    self._run_once()
  File "/groups/scicompsoft/home/ackermand/miniconda3/envs/multiresolution_mesh_creator/lib/python3.7/asyncio/base_events.py", line 1750, in _run_once
    event_list = self._selector.select(timeout)
  File "/groups/scicompsoft/home/ackermand/miniconda3/envs/multiresolution_mesh_creator/lib/python3.7/selectors.py", line 468, in select
    fd_event_list = self._selector.poll(timeout, max_ev)
KeyboardInterrupt

During handling of the above exception, another exception occurred:

Traceback (most recent call last):
  File "/groups/scicompsoft/home/ackermand/miniconda3/envs/multiresolution_mesh_creator/lib/python3.7/multiprocessing/process.py", line 297, in _bootstrap
    self.run()
  File "/groups/scicompsoft/home/ackermand/miniconda3/envs/multiresolution_mesh_creator/lib/python3.7/multiprocessing/process.py", line 99, in run
    self._target(*self._args, **self._kwargs)
  File "/groups/scicompsoft/home/ackermand/miniconda3/envs/multiresolution_mesh_creator/lib/python3.7/site-packages/distributed/process.py", line 191, in _run
    target(*args, **kwargs)
  File "/groups/scicompsoft/home/ackermand/miniconda3/envs/multiresolution_mesh_creator/lib/python3.7/site-packages/distributed/nanny.py", line 904, in _run
    loop.run_sync(do_stop)
  File "/groups/scicompsoft/home/ackermand/miniconda3/envs/multiresolution_mesh_creator/lib/python3.7/site-packages/tornado/ioloop.py", line 524, in run_sync
    self.start()
  File "/groups/scicompsoft/home/ackermand/miniconda3/envs/multiresolution_mesh_creator/lib/python3.7/site-packages/tornado/platform/asyncio.py", line 197, in start
    self._setup_logging()
  File "/groups/scicompsoft/home/ackermand/miniconda3/envs/multiresolution_mesh_creator/lib/python3.7/site-packages/tornado/ioloop.py", line 438, in _setup_logging
    logging.getLogger().handlers,
  File "/groups/scicompsoft/home/ackermand/miniconda3/envs/multiresolution_mesh_creator/lib/python3.7/logging/__init__.py", line 1928, in getLogger
    def getLogger(name=None):
KeyboardInterrupt
Process Dask Worker process (from Nanny):
Traceback (most recent call last):
  File "/groups/scicompsoft/home/ackermand/miniconda3/envs/multiresolution_mesh_creator/lib/python3.7/site-packages/distributed/nanny.py", line 897, in _run
    loop.run_sync(run)
  File "/groups/scicompsoft/home/ackermand/miniconda3/envs/multiresolution_mesh_creator/lib/python3.7/site-packages/tornado/ioloop.py", line 524, in run_sync
    self.start()
  File "/groups/scicompsoft/home/ackermand/miniconda3/envs/multiresolution_mesh_creator/lib/python3.7/site-packages/tornado/platform/asyncio.py", line 199, in start
    self.asyncio_loop.run_forever()
  File "/groups/scicompsoft/home/ackermand/miniconda3/envs/multiresolution_mesh_creator/lib/python3.7/asyncio/base_events.py", line 541, in run_forever
    self._run_once()
  File "/groups/scicompsoft/home/ackermand/miniconda3/envs/multiresolution_mesh_creator/lib/python3.7/asyncio/base_events.py", line 1750, in _run_once
    event_list = self._selector.select(timeout)
  File "/groups/scicompsoft/home/ackermand/miniconda3/envs/multiresolution_mesh_creator/lib/python3.7/selectors.py", line 468, in select
    fd_event_list = self._selector.poll(timeout, max_ev)
KeyboardInterrupt

During handling of the above exception, another exception occurred:

Traceback (most recent call last):
  File "/groups/scicompsoft/home/ackermand/miniconda3/envs/multiresolution_mesh_creator/lib/python3.7/multiprocessing/process.py", line 297, in _bootstrap
    self.run()
  File "/groups/scicompsoft/home/ackermand/miniconda3/envs/multiresolution_mesh_creator/lib/python3.7/multiprocessing/process.py", line 99, in run
    self._target(*self._args, **self._kwargs)
  File "/groups/scicompsoft/home/ackermand/miniconda3/envs/multiresolution_mesh_creator/lib/python3.7/site-packages/distributed/process.py", line 191, in _run
    target(*args, **kwargs)
  File "/groups/scicompsoft/home/ackermand/miniconda3/envs/multiresolution_mesh_creator/lib/python3.7/site-packages/distributed/nanny.py", line 904, in _run
    loop.run_sync(do_stop)
  File "/groups/scicompsoft/home/ackermand/miniconda3/envs/multiresolution_mesh_creator/lib/python3.7/site-packages/tornado/ioloop.py", line 524, in run_sync
    self.start()
  File "/groups/scicompsoft/home/ackermand/miniconda3/envs/multiresolution_mesh_creator/lib/python3.7/site-packages/tornado/platform/asyncio.py", line 197, in start
    self._setup_logging()
  File "/groups/scicompsoft/home/ackermand/miniconda3/envs/multiresolution_mesh_creator/lib/python3.7/site-packages/tornado/ioloop.py", line 425, in _setup_logging
    def _setup_logging(self) -> None:
KeyboardInterrupt
Process Dask Worker process (from Nanny):
Traceback (most recent call last):
  File "/groups/scicompsoft/home/ackermand/miniconda3/envs/multiresolution_mesh_creator/lib/python3.7/site-packages/distributed/nanny.py", line 897, in _run
    loop.run_sync(run)
  File "/groups/scicompsoft/home/ackermand/miniconda3/envs/multiresolution_mesh_creator/lib/python3.7/site-packages/tornado/ioloop.py", line 524, in run_sync
    self.start()
  File "/groups/scicompsoft/home/ackermand/miniconda3/envs/multiresolution_mesh_creator/lib/python3.7/site-packages/tornado/platform/asyncio.py", line 199, in start
    self.asyncio_loop.run_forever()
  File "/groups/scicompsoft/home/ackermand/miniconda3/envs/multiresolution_mesh_creator/lib/python3.7/asyncio/base_events.py", line 541, in run_forever
    self._run_once()
  File "/groups/scicompsoft/home/ackermand/miniconda3/envs/multiresolution_mesh_creator/lib/python3.7/asyncio/base_events.py", line 1750, in _run_once
    event_list = self._selector.select(timeout)
  File "/groups/scicompsoft/home/ackermand/miniconda3/envs/multiresolution_mesh_creator/lib/python3.7/selectors.py", line 468, in select
    fd_event_list = self._selector.poll(timeout, max_ev)
KeyboardInterrupt

During handling of the above exception, another exception occurred:

Traceback (most recent call last):
  File "/groups/scicompsoft/home/ackermand/miniconda3/envs/multiresolution_mesh_creator/lib/python3.7/multiprocessing/process.py", line 297, in _bootstrap
    self.run()
  File "/groups/scicompsoft/home/ackermand/miniconda3/envs/multiresolution_mesh_creator/lib/python3.7/multiprocessing/process.py", line 99, in run
    self._target(*self._args, **self._kwargs)
  File "/groups/scicompsoft/home/ackermand/miniconda3/envs/multiresolution_mesh_creator/lib/python3.7/site-packages/distributed/process.py", line 191, in _run
    target(*args, **kwargs)
  File "/groups/scicompsoft/home/ackermand/miniconda3/envs/multiresolution_mesh_creator/lib/python3.7/site-packages/distributed/nanny.py", line 904, in _run
    loop.run_sync(do_stop)
  File "/groups/scicompsoft/home/ackermand/miniconda3/envs/multiresolution_mesh_creator/lib/python3.7/site-packages/tornado/ioloop.py", line 524, in run_sync
    self.start()
  File "/groups/scicompsoft/home/ackermand/miniconda3/envs/multiresolution_mesh_creator/lib/python3.7/site-packages/tornado/platform/asyncio.py", line 197, in start
    self._setup_logging()
  File "/groups/scicompsoft/home/ackermand/miniconda3/envs/multiresolution_mesh_creator/lib/python3.7/site-packages/tornado/ioloop.py", line 439, in _setup_logging
    logging.getLogger("tornado").handlers,
  File "/groups/scicompsoft/home/ackermand/miniconda3/envs/multiresolution_mesh_creator/lib/python3.7/logging/__init__.py", line 1935, in getLogger
    return Logger.manager.getLogger(name)
KeyboardInterrupt
Process Dask Worker process (from Nanny):
Traceback (most recent call last):
  File "/groups/scicompsoft/home/ackermand/miniconda3/envs/multiresolution_mesh_creator/lib/python3.7/site-packages/distributed/nanny.py", line 897, in _run
    loop.run_sync(run)
  File "/groups/scicompsoft/home/ackermand/miniconda3/envs/multiresolution_mesh_creator/lib/python3.7/site-packages/tornado/ioloop.py", line 524, in run_sync
    self.start()
  File "/groups/scicompsoft/home/ackermand/miniconda3/envs/multiresolution_mesh_creator/lib/python3.7/site-packages/tornado/platform/asyncio.py", line 199, in start
    self.asyncio_loop.run_forever()
  File "/groups/scicompsoft/home/ackermand/miniconda3/envs/multiresolution_mesh_creator/lib/python3.7/asyncio/base_events.py", line 541, in run_forever
    self._run_once()
  File "/groups/scicompsoft/home/ackermand/miniconda3/envs/multiresolution_mesh_creator/lib/python3.7/asyncio/base_events.py", line 1750, in _run_once
    event_list = self._selector.select(timeout)
  File "/groups/scicompsoft/home/ackermand/miniconda3/envs/multiresolution_mesh_creator/lib/python3.7/selectors.py", line 468, in select
    fd_event_list = self._selector.poll(timeout, max_ev)
KeyboardInterrupt

During handling of the above exception, another exception occurred:

Traceback (most recent call last):
  File "/groups/scicompsoft/home/ackermand/miniconda3/envs/multiresolution_mesh_creator/lib/python3.7/multiprocessing/process.py", line 297, in _bootstrap
    self.run()
  File "/groups/scicompsoft/home/ackermand/miniconda3/envs/multiresolution_mesh_creator/lib/python3.7/multiprocessing/process.py", line 99, in run
    self._target(*self._args, **self._kwargs)
  File "/groups/scicompsoft/home/ackermand/miniconda3/envs/multiresolution_mesh_creator/lib/python3.7/site-packages/distributed/process.py", line 191, in _run
    target(*args, **kwargs)
  File "/groups/scicompsoft/home/ackermand/miniconda3/envs/multiresolution_mesh_creator/lib/python3.7/site-packages/distributed/nanny.py", line 904, in _run
    loop.run_sync(do_stop)
KeyboardInterrupt
Process Dask Worker process (from Nanny):
Traceback (most recent call last):
  File "/groups/scicompsoft/home/ackermand/miniconda3/envs/multiresolution_mesh_creator/lib/python3.7/site-packages/distributed/nanny.py", line 897, in _run
    loop.run_sync(run)
  File "/groups/scicompsoft/home/ackermand/miniconda3/envs/multiresolution_mesh_creator/lib/python3.7/site-packages/tornado/ioloop.py", line 524, in run_sync
    self.start()
  File "/groups/scicompsoft/home/ackermand/miniconda3/envs/multiresolution_mesh_creator/lib/python3.7/site-packages/tornado/platform/asyncio.py", line 199, in start
    self.asyncio_loop.run_forever()
  File "/groups/scicompsoft/home/ackermand/miniconda3/envs/multiresolution_mesh_creator/lib/python3.7/asyncio/base_events.py", line 541, in run_forever
    self._run_once()
  File "/groups/scicompsoft/home/ackermand/miniconda3/envs/multiresolution_mesh_creator/lib/python3.7/asyncio/base_events.py", line 1750, in _run_once
    event_list = self._selector.select(timeout)
  File "/groups/scicompsoft/home/ackermand/miniconda3/envs/multiresolution_mesh_creator/lib/python3.7/selectors.py", line 468, in select
    fd_event_list = self._selector.poll(timeout, max_ev)
KeyboardInterrupt

During handling of the above exception, another exception occurred:

Traceback (most recent call last):
  File "/groups/scicompsoft/home/ackermand/miniconda3/envs/multiresolution_mesh_creator/lib/python3.7/multiprocessing/process.py", line 297, in _bootstrap
    self.run()
  File "/groups/scicompsoft/home/ackermand/miniconda3/envs/multiresolution_mesh_creator/lib/python3.7/multiprocessing/process.py", line 99, in run
    self._target(*self._args, **self._kwargs)
  File "/groups/scicompsoft/home/ackermand/miniconda3/envs/multiresolution_mesh_creator/lib/python3.7/site-packages/distributed/process.py", line 191, in _run
    target(*args, **kwargs)
  File "/groups/scicompsoft/home/ackermand/miniconda3/envs/multiresolution_mesh_creator/lib/python3.7/site-packages/distributed/nanny.py", line 904, in _run
    loop.run_sync(do_stop)
  File "/groups/scicompsoft/home/ackermand/miniconda3/envs/multiresolution_mesh_creator/lib/python3.7/site-packages/tornado/ioloop.py", line 511, in run_sync
    self.add_callback(run)
  File "/groups/scicompsoft/home/ackermand/miniconda3/envs/multiresolution_mesh_creator/lib/python3.7/site-packages/tornado/platform/asyncio.py", line 227, in add_callback
    call_soon(self._run_callback, functools.partial(callback, *args, **kwargs))
  File "/groups/scicompsoft/home/ackermand/miniconda3/envs/multiresolution_mesh_creator/lib/python3.7/asyncio/base_events.py", line 695, in call_soon
    handle = self._call_soon(callback, args, context)
  File "/groups/scicompsoft/home/ackermand/miniconda3/envs/multiresolution_mesh_creator/lib/python3.7/asyncio/base_events.py", line 711, in _call_soon
    handle = events.Handle(callback, args, self, context)
  File "/groups/scicompsoft/home/ackermand/miniconda3/envs/multiresolution_mesh_creator/lib/python3.7/asyncio/events.py", line 42, in __init__
    self._context = context
KeyboardInterrupt
Process Dask Worker process (from Nanny):
Traceback (most recent call last):
  File "/groups/scicompsoft/home/ackermand/miniconda3/envs/multiresolution_mesh_creator/lib/python3.7/site-packages/distributed/nanny.py", line 897, in _run
    loop.run_sync(run)
  File "/groups/scicompsoft/home/ackermand/miniconda3/envs/multiresolution_mesh_creator/lib/python3.7/site-packages/tornado/ioloop.py", line 524, in run_sync
    self.start()
  File "/groups/scicompsoft/home/ackermand/miniconda3/envs/multiresolution_mesh_creator/lib/python3.7/site-packages/tornado/platform/asyncio.py", line 199, in start
    self.asyncio_loop.run_forever()
  File "/groups/scicompsoft/home/ackermand/miniconda3/envs/multiresolution_mesh_creator/lib/python3.7/asyncio/base_events.py", line 541, in run_forever
    self._run_once()
  File "/groups/scicompsoft/home/ackermand/miniconda3/envs/multiresolution_mesh_creator/lib/python3.7/asyncio/base_events.py", line 1750, in _run_once
    event_list = self._selector.select(timeout)
  File "/groups/scicompsoft/home/ackermand/miniconda3/envs/multiresolution_mesh_creator/lib/python3.7/selectors.py", line 468, in select
    fd_event_list = self._selector.poll(timeout, max_ev)
KeyboardInterrupt

During handling of the above exception, another exception occurred:

Traceback (most recent call last):
  File "/groups/scicompsoft/home/ackermand/miniconda3/envs/multiresolution_mesh_creator/lib/python3.7/multiprocessing/process.py", line 297, in _bootstrap
    self.run()
  File "/groups/scicompsoft/home/ackermand/miniconda3/envs/multiresolution_mesh_creator/lib/python3.7/multiprocessing/process.py", line 99, in run
    self._target(*self._args, **self._kwargs)
  File "/groups/scicompsoft/home/ackermand/miniconda3/envs/multiresolution_mesh_creator/lib/python3.7/site-packages/distributed/process.py", line 191, in _run
    target(*args, **kwargs)
  File "/groups/scicompsoft/home/ackermand/miniconda3/envs/multiresolution_mesh_creator/lib/python3.7/site-packages/distributed/nanny.py", line 904, in _run
    loop.run_sync(do_stop)
  File "/groups/scicompsoft/home/ackermand/miniconda3/envs/multiresolution_mesh_creator/lib/python3.7/site-packages/tornado/ioloop.py", line 524, in run_sync
    self.start()
  File "/groups/scicompsoft/home/ackermand/miniconda3/envs/multiresolution_mesh_creator/lib/python3.7/site-packages/tornado/platform/asyncio.py", line 197, in start
    self._setup_logging()
  File "/groups/scicompsoft/home/ackermand/miniconda3/envs/multiresolution_mesh_creator/lib/python3.7/site-packages/tornado/ioloop.py", line 440, in _setup_logging
    logging.getLogger("tornado.application").handlers,
KeyboardInterrupt
Process Dask Worker process (from Nanny):
Traceback (most recent call last):
  File "/groups/scicompsoft/home/ackermand/miniconda3/envs/multiresolution_mesh_creator/lib/python3.7/site-packages/distributed/nanny.py", line 897, in _run
    loop.run_sync(run)
  File "/groups/scicompsoft/home/ackermand/miniconda3/envs/multiresolution_mesh_creator/lib/python3.7/site-packages/tornado/ioloop.py", line 524, in run_sync
    self.start()
  File "/groups/scicompsoft/home/ackermand/miniconda3/envs/multiresolution_mesh_creator/lib/python3.7/site-packages/tornado/platform/asyncio.py", line 199, in start
    self.asyncio_loop.run_forever()
  File "/groups/scicompsoft/home/ackermand/miniconda3/envs/multiresolution_mesh_creator/lib/python3.7/asyncio/base_events.py", line 541, in run_forever
    self._run_once()
  File "/groups/scicompsoft/home/ackermand/miniconda3/envs/multiresolution_mesh_creator/lib/python3.7/asyncio/base_events.py", line 1750, in _run_once
    event_list = self._selector.select(timeout)
  File "/groups/scicompsoft/home/ackermand/miniconda3/envs/multiresolution_mesh_creator/lib/python3.7/selectors.py", line 468, in select
    fd_event_list = self._selector.poll(timeout, max_ev)
KeyboardInterrupt

During handling of the above exception, another exception occurred:

Traceback (most recent call last):
  File "/groups/scicompsoft/home/ackermand/miniconda3/envs/multiresolution_mesh_creator/lib/python3.7/multiprocessing/process.py", line 297, in _bootstrap
    self.run()
  File "/groups/scicompsoft/home/ackermand/miniconda3/envs/multiresolution_mesh_creator/lib/python3.7/multiprocessing/process.py", line 99, in run
    self._target(*self._args, **self._kwargs)
  File "/groups/scicompsoft/home/ackermand/miniconda3/envs/multiresolution_mesh_creator/lib/python3.7/site-packages/distributed/process.py", line 191, in _run
    target(*args, **kwargs)
  File "/groups/scicompsoft/home/ackermand/miniconda3/envs/multiresolution_mesh_creator/lib/python3.7/site-packages/distributed/nanny.py", line 904, in _run
    loop.run_sync(do_stop)
  File "/groups/scicompsoft/home/ackermand/miniconda3/envs/multiresolution_mesh_creator/lib/python3.7/site-packages/tornado/ioloop.py", line 511, in run_sync
    self.add_callback(run)
  File "/groups/scicompsoft/home/ackermand/miniconda3/envs/multiresolution_mesh_creator/lib/python3.7/site-packages/tornado/platform/asyncio.py", line 227, in add_callback
    call_soon(self._run_callback, functools.partial(callback, *args, **kwargs))
  File "/groups/scicompsoft/home/ackermand/miniconda3/envs/multiresolution_mesh_creator/lib/python3.7/asyncio/base_events.py", line 695, in call_soon
    handle = self._call_soon(callback, args, context)
  File "/groups/scicompsoft/home/ackermand/miniconda3/envs/multiresolution_mesh_creator/lib/python3.7/asyncio/base_events.py", line 711, in _call_soon
    handle = events.Handle(callback, args, self, context)
  File "/groups/scicompsoft/home/ackermand/miniconda3/envs/multiresolution_mesh_creator/lib/python3.7/asyncio/events.py", line 39, in __init__
    def __init__(self, callback, args, loop, context=None):
KeyboardInterrupt
/groups/scicompsoft/home/ackermand/miniconda3/envs/multiresolution_mesh_creator/lib/python3.7/site-packages/distributed/cli/dask_worker.py:455: RuntimeWarning: coroutine 'install_signal_handlers.<locals>.handle_signal.<locals>.cleanup_and_stop' was never awaited
  pass
RuntimeWarning: Enable tracemalloc to get the object allocation traceback
[2021-10-22 17:58:50,611] INFO End worker
[2021-10-22 17:58:50,612] INFO reaping stray process <SpawnProcess(Dask Worker process (from Nanny), started daemon)>
[2021-10-22 17:58:50,612] INFO reaping stray process <SpawnProcess(Dask Worker process (from Nanny), started daemon)>
[2021-10-22 17:58:50,612] INFO reaping stray process <SpawnProcess(Dask Worker process (from Nanny), started daemon)>
[2021-10-22 17:58:50,612] INFO reaping stray process <SpawnProcess(Dask Worker process (from Nanny), started daemon)>
[2021-10-22 17:58:50,612] INFO reaping stray process <SpawnProcess(Dask Worker process (from Nanny), started daemon)>
Process Dask Worker process (from Nanny):
Traceback (most recent call last):
  File "/groups/scicompsoft/home/ackermand/miniconda3/envs/multiresolution_mesh_creator/lib/python3.7/site-packages/distributed/nanny.py", line 897, in _run
    loop.run_sync(run)
  File "/groups/scicompsoft/home/ackermand/miniconda3/envs/multiresolution_mesh_creator/lib/python3.7/site-packages/tornado/ioloop.py", line 524, in run_sync
    self.start()
  File "/groups/scicompsoft/home/ackermand/miniconda3/envs/multiresolution_mesh_creator/lib/python3.7/site-packages/tornado/platform/asyncio.py", line 199, in start
    self.asyncio_loop.run_forever()
  File "/groups/scicompsoft/home/ackermand/miniconda3/envs/multiresolution_mesh_creator/lib/python3.7/asyncio/base_events.py", line 541, in run_forever
    self._run_once()
  File "/groups/scicompsoft/home/ackermand/miniconda3/envs/multiresolution_mesh_creator/lib/python3.7/asyncio/base_events.py", line 1750, in _run_once
    event_list = self._selector.select(timeout)
  File "/groups/scicompsoft/home/ackermand/miniconda3/envs/multiresolution_mesh_creator/lib/python3.7/selectors.py", line 468, in select
    fd_event_list = self._selector.poll(timeout, max_ev)
KeyboardInterrupt

During handling of the above exception, another exception occurred:

Traceback (most recent call last):
  File "/groups/scicompsoft/home/ackermand/miniconda3/envs/multiresolution_mesh_creator/lib/python3.7/multiprocessing/process.py", line 297, in _bootstrap
    self.run()
  File "/groups/scicompsoft/home/ackermand/miniconda3/envs/multiresolution_mesh_creator/lib/python3.7/multiprocessing/process.py", line 99, in run
    self._target(*self._args, **self._kwargs)
  File "/groups/scicompsoft/home/ackermand/miniconda3/envs/multiresolution_mesh_creator/lib/python3.7/site-packages/distributed/process.py", line 191, in _run
    target(*args, **kwargs)
  File "/groups/scicompsoft/home/ackermand/miniconda3/envs/multiresolution_mesh_creator/lib/python3.7/site-packages/distributed/nanny.py", line 904, in _run
    loop.run_sync(do_stop)
  File "/groups/scicompsoft/home/ackermand/miniconda3/envs/multiresolution_mesh_creator/lib/python3.7/site-packages/tornado/ioloop.py", line 524, in run_sync
    self.start()
  File "/groups/scicompsoft/home/ackermand/miniconda3/envs/multiresolution_mesh_creator/lib/python3.7/site-packages/tornado/platform/asyncio.py", line 193, in start
    old_loop = asyncio.get_event_loop()
  File "/groups/scicompsoft/home/ackermand/miniconda3/envs/multiresolution_mesh_creator/lib/python3.7/site-packages/distributed/utils.py", line 1060, in get_event_loop
    return super().get_event_loop()
  File "/groups/scicompsoft/home/ackermand/miniconda3/envs/multiresolution_mesh_creator/lib/python3.7/asyncio/events.py", line 637, in get_event_loop
    if (self._local._loop is None and
KeyboardInterrupt
[2021-10-22 17:58:50,612] INFO reaping stray process <SpawnProcess(Dask Worker process (from Nanny), started daemon)>
[2021-10-22 17:58:50,612] INFO reaping stray process <SpawnProcess(Dask Worker process (from Nanny), started daemon)>
[2021-10-22 17:58:50,612] INFO reaping stray process <SpawnProcess(Dask Worker process (from Nanny), started daemon)>
[2021-10-22 17:58:50,613] INFO reaping stray process <SpawnProcess(Dask Worker process (from Nanny), started daemon)>
[2021-10-22 17:58:50,613] INFO reaping stray process <SpawnProcess(Dask Worker process (from Nanny), started daemon)>
[2021-10-22 17:58:50,613] INFO reaping stray process <SpawnProcess(Dask Worker process (from Nanny), started daemon)>
[2021-10-22 17:58:50,613] INFO reaping stray process <SpawnProcess(Dask Worker process (from Nanny), started daemon)>
[2021-10-22 17:58:50,613] INFO reaping stray process <SpawnProcess(Dask Worker process (from Nanny), started daemon)>
[2021-10-22 17:58:50,613] INFO reaping stray process <SpawnProcess(Dask Worker process (from Nanny), started daemon)>
[2021-10-22 17:58:50,613] INFO reaping stray process <SpawnProcess(Dask Worker process (from Nanny), started daemon)>
[2021-10-22 17:58:50,613] INFO reaping stray process <SpawnProcess(Dask Worker process (from Nanny), started daemon)>
[2021-10-22 17:58:50,613] INFO reaping stray process <SpawnProcess(Dask Worker process (from Nanny), started daemon)>
[2021-10-22 17:58:50,613] INFO reaping stray process <SpawnProcess(Dask Worker process (from Nanny), started daemon)>
[2021-10-22 17:58:50,613] INFO reaping stray process <SpawnProcess(Dask Worker process (from Nanny), started daemon)>
[2021-10-22 17:58:50,613] INFO reaping stray process <SpawnProcess(Dask Worker process (from Nanny), started daemon)>
[2021-10-22 17:58:50,614] INFO reaping stray process <SpawnProcess(Dask Worker process (from Nanny), started daemon)>
[2021-10-22 17:58:50,614] INFO reaping stray process <SpawnProcess(Dask Worker process (from Nanny), started daemon)>
[2021-10-22 17:58:50,614] INFO reaping stray process <SpawnProcess(Dask Worker process (from Nanny), started daemon)>
[2021-10-22 17:58:50,614] INFO reaping stray process <SpawnProcess(Dask Worker process (from Nanny), started daemon)>
[2021-10-22 17:58:50,614] INFO reaping stray process <SpawnProcess(Dask Worker process (from Nanny), started daemon)>
[2021-10-22 17:58:50,614] INFO reaping stray process <SpawnProcess(Dask Worker process (from Nanny), started daemon)>
[2021-10-22 17:58:50,614] INFO reaping stray process <SpawnProcess(Dask Worker process (from Nanny), started daemon)>
[2021-10-22 17:58:50,614] INFO reaping stray process <SpawnProcess(Dask Worker process (from Nanny), started daemon)>
[2021-10-22 17:58:50,614] INFO reaping stray process <SpawnProcess(Dask Worker process (from Nanny), started daemon)>
[2021-10-22 17:58:50,614] INFO reaping stray process <SpawnProcess(Dask Worker process (from Nanny), started daemon)>
[2021-10-22 17:58:50,614] INFO reaping stray process <SpawnProcess(Dask Worker process (from Nanny), started daemon)>
[2021-10-22 17:58:50,614] INFO reaping stray process <SpawnProcess(Dask Worker process (from Nanny), started daemon)>
[2021-10-22 17:58:50,614] INFO reaping stray process <SpawnProcess(Dask Worker process (from Nanny), started daemon)>
[2021-10-22 17:58:50,614] INFO reaping stray process <SpawnProcess(Dask Worker process (from Nanny), started daemon)>
[2021-10-22 17:58:50,614] INFO reaping stray process <SpawnProcess(Dask Worker process (from Nanny), started daemon)>
[2021-10-22 17:58:50,614] INFO reaping stray process <SpawnProcess(Dask Worker process (from Nanny), started daemon)>
[2021-10-22 17:58:50,615] INFO reaping stray process <SpawnProcess(Dask Worker process (from Nanny), started daemon)>
[2021-10-22 17:58:50,615] INFO reaping stray process <SpawnProcess(Dask Worker process (from Nanny), started daemon)>
[2021-10-22 17:58:50,615] INFO reaping stray process <SpawnProcess(Dask Worker process (from Nanny), started daemon)>
[2021-10-22 17:58:50,615] INFO reaping stray process <SpawnProcess(Dask Worker process (from Nanny), started daemon)>
Exception in thread AsyncProcess Dask Worker process (from Nanny) watch process join:
Traceback (most recent call last):
  File "/groups/scicompsoft/home/ackermand/miniconda3/envs/multiresolution_mesh_creator/lib/python3.7/threading.py", line 926, in _bootstrap_inner
    self.run()
  File "/groups/scicompsoft/home/ackermand/miniconda3/envs/multiresolution_mesh_creator/lib/python3.7/threading.py", line 870, in run
    self._target(*self._args, **self._kwargs)
  File "/groups/scicompsoft/home/ackermand/miniconda3/envs/multiresolution_mesh_creator/lib/python3.7/site-packages/distributed/process.py", line 234, in _watch_process
    assert exitcode is not None
AssertionError

Error in atexit._run_exitfuncs:
Traceback (most recent call last):

