[2021-10-22 16:55:16,028] INFO         Start Nanny at: 'tcp://10.36.107.14:16883'
[2021-10-22 16:55:16,028] INFO         Start Nanny at: 'tcp://10.36.107.14:32653'
[2021-10-22 16:55:16,028] INFO         Start Nanny at: 'tcp://10.36.107.14:36371'
[2021-10-22 16:55:16,028] INFO         Start Nanny at: 'tcp://10.36.107.14:37789'
[2021-10-22 16:55:16,029] INFO         Start Nanny at: 'tcp://10.36.107.14:37281'
[2021-10-22 16:55:16,029] INFO         Start Nanny at: 'tcp://10.36.107.14:32267'
[2021-10-22 16:55:16,029] INFO         Start Nanny at: 'tcp://10.36.107.14:21781'
[2021-10-22 16:55:16,029] INFO         Start Nanny at: 'tcp://10.36.107.14:38857'
[2021-10-22 16:55:16,029] INFO         Start Nanny at: 'tcp://10.36.107.14:29411'
[2021-10-22 16:55:16,029] INFO         Start Nanny at: 'tcp://10.36.107.14:38775'
[2021-10-22 16:55:16,091] INFO         Start Nanny at: 'tcp://10.36.107.14:18619'
[2021-10-22 16:55:16,092] INFO         Start Nanny at: 'tcp://10.36.107.14:36099'
[2021-10-22 16:55:16,092] INFO         Start Nanny at: 'tcp://10.36.107.14:16753'
[2021-10-22 16:55:16,092] INFO         Start Nanny at: 'tcp://10.36.107.14:15913'
[2021-10-22 16:55:16,092] INFO         Start Nanny at: 'tcp://10.36.107.14:34495'
[2021-10-22 16:55:16,092] INFO         Start Nanny at: 'tcp://10.36.107.14:16427'
[2021-10-22 16:55:16,092] INFO         Start Nanny at: 'tcp://10.36.107.14:39023'
[2021-10-22 16:55:16,093] INFO         Start Nanny at: 'tcp://10.36.107.14:18181'
[2021-10-22 16:55:16,093] INFO         Start Nanny at: 'tcp://10.36.107.14:28075'
[2021-10-22 16:55:16,093] INFO         Start Nanny at: 'tcp://10.36.107.14:20519'
[2021-10-22 16:55:16,093] INFO         Start Nanny at: 'tcp://10.36.107.14:24525'
[2021-10-22 16:55:16,093] INFO         Start Nanny at: 'tcp://10.36.107.14:17285'
[2021-10-22 16:55:16,094] INFO         Start Nanny at: 'tcp://10.36.107.14:22815'
[2021-10-22 16:55:16,094] INFO         Start Nanny at: 'tcp://10.36.107.14:31445'
[2021-10-22 16:55:16,094] INFO         Start Nanny at: 'tcp://10.36.107.14:24417'
[2021-10-22 16:55:16,094] INFO         Start Nanny at: 'tcp://10.36.107.14:25241'
[2021-10-22 16:55:16,094] INFO         Start Nanny at: 'tcp://10.36.107.14:22047'
[2021-10-22 16:55:16,094] INFO         Start Nanny at: 'tcp://10.36.107.14:37111'
[2021-10-22 16:55:16,094] INFO         Start Nanny at: 'tcp://10.36.107.14:23923'
[2021-10-22 16:55:16,095] INFO         Start Nanny at: 'tcp://10.36.107.14:35777'
[2021-10-22 16:55:16,095] INFO         Start Nanny at: 'tcp://10.36.107.14:36429'
[2021-10-22 16:55:18,798] INFO       Start worker at:   tcp://10.36.107.14:32129
[2021-10-22 16:55:18,798] INFO       Start worker at:   tcp://10.36.107.14:20021
[2021-10-22 16:55:18,798] INFO       Start worker at:   tcp://10.36.107.14:28407
[2021-10-22 16:55:18,798] INFO       Start worker at:   tcp://10.36.107.14:25945
[2021-10-22 16:55:18,798] INFO       Start worker at:   tcp://10.36.107.14:21167
[2021-10-22 16:55:18,798] INFO       Start worker at:   tcp://10.36.107.14:33119
[2021-10-22 16:55:18,798] INFO       Start worker at:   tcp://10.36.107.14:19061
[2021-10-22 16:55:18,798] INFO       Start worker at:   tcp://10.36.107.14:35827
[2021-10-22 16:55:18,798] INFO       Start worker at:   tcp://10.36.107.14:19993
[2021-10-22 16:55:18,798] INFO       Start worker at:   tcp://10.36.107.14:21771
[2021-10-22 16:55:18,798] INFO       Start worker at:   tcp://10.36.107.14:16129
[2021-10-22 16:55:18,798] INFO       Start worker at:   tcp://10.36.107.14:30637
[2021-10-22 16:55:18,798] INFO          Listening to:   tcp://10.36.107.14:32129
[2021-10-22 16:55:18,798] INFO       Start worker at:   tcp://10.36.107.14:28239
[2021-10-22 16:55:18,798] INFO          Listening to:   tcp://10.36.107.14:16129
[2021-10-22 16:55:18,798] INFO       Start worker at:   tcp://10.36.107.14:24649
[2021-10-22 16:55:18,798] INFO       Start worker at:   tcp://10.36.107.14:35603
[2021-10-22 16:55:18,798] INFO          dashboard at:         10.36.107.14:17673
[2021-10-22 16:55:18,798] INFO          Listening to:   tcp://10.36.107.14:28239
[2021-10-22 16:55:18,798] INFO          Listening to:   tcp://10.36.107.14:20021
[2021-10-22 16:55:18,798] INFO          dashboard at:         10.36.107.14:20483
[2021-10-22 16:55:18,798] INFO Waiting to connect to:    tcp://10.36.60.11:34455
[2021-10-22 16:55:18,798] INFO          Listening to:   tcp://10.36.107.14:28407
[2021-10-22 16:55:18,798] INFO          dashboard at:         10.36.107.14:30131
[2021-10-22 16:55:18,798] INFO          Listening to:   tcp://10.36.107.14:21167
[2021-10-22 16:55:18,798] INFO -------------------------------------------------
[2021-10-22 16:55:18,798] INFO          Listening to:   tcp://10.36.107.14:33119
[2021-10-22 16:55:18,798] INFO          dashboard at:         10.36.107.14:39151
[2021-10-22 16:55:18,798] INFO          Listening to:   tcp://10.36.107.14:19993
[2021-10-22 16:55:18,798] INFO       Start worker at:   tcp://10.36.107.14:27531
[2021-10-22 16:55:18,798] INFO          dashboard at:         10.36.107.14:15933
[2021-10-22 16:55:18,798] INFO          Listening to:   tcp://10.36.107.14:19061
[2021-10-22 16:55:18,798] INFO          dashboard at:         10.36.107.14:28469
[2021-10-22 16:55:18,798] INFO Waiting to connect to:    tcp://10.36.60.11:34455
[2021-10-22 16:55:18,798] INFO          Listening to:   tcp://10.36.107.14:21771
[2021-10-22 16:55:18,798] INFO Waiting to connect to:    tcp://10.36.60.11:34455
[2021-10-22 16:55:18,798] INFO          dashboard at:         10.36.107.14:31007
[2021-10-22 16:55:18,798] INFO -------------------------------------------------
[2021-10-22 16:55:18,798] INFO          dashboard at:         10.36.107.14:34013
[2021-10-22 16:55:18,798] INFO               Threads:                          2
[2021-10-22 16:55:18,798] INFO Waiting to connect to:    tcp://10.36.60.11:34455
[2021-10-22 16:55:18,798] INFO -------------------------------------------------
[2021-10-22 16:55:18,798] INFO       Start worker at:   tcp://10.36.107.14:15217
[2021-10-22 16:55:18,798] INFO          Listening to:   tcp://10.36.107.14:30637
[2021-10-22 16:55:18,798] INFO          Listening to:   tcp://10.36.107.14:35827
[2021-10-22 16:55:18,799] INFO          dashboard at:         10.36.107.14:32997
[2021-10-22 16:55:18,799] INFO -------------------------------------------------
[2021-10-22 16:55:18,799] INFO Waiting to connect to:    tcp://10.36.60.11:34455
[2021-10-22 16:55:18,799] INFO                Memory:                 461.46 MiB
[2021-10-22 16:55:18,799] INFO          dashboard at:         10.36.107.14:17491
[2021-10-22 16:55:18,799] INFO          Listening to:   tcp://10.36.107.14:24649
[2021-10-22 16:55:18,799] INFO          Listening to:   tcp://10.36.107.14:35603
[2021-10-22 16:55:18,799] INFO -------------------------------------------------
[2021-10-22 16:55:18,799] INFO       Local Directory: /scratch/ackermand/dask-worker-space/worker-2v2j55aw
[2021-10-22 16:55:18,798] INFO       Start worker at:   tcp://10.36.107.14:34643
[2021-10-22 16:55:18,799] INFO Waiting to connect to:    tcp://10.36.60.11:34455
[2021-10-22 16:55:18,799] INFO Waiting to connect to:    tcp://10.36.60.11:34455
[2021-10-22 16:55:18,798] INFO       Start worker at:   tcp://10.36.107.14:29975
[2021-10-22 16:55:18,799] INFO Waiting to connect to:    tcp://10.36.60.11:34455
[2021-10-22 16:55:18,799] INFO          dashboard at:         10.36.107.14:29055
[2021-10-22 16:55:18,799] INFO               Threads:                          2
[2021-10-22 16:55:18,799] INFO               Threads:                          2
[2021-10-22 16:55:18,798] INFO          Listening to:   tcp://10.36.107.14:25945
[2021-10-22 16:55:18,799] INFO -------------------------------------------------
[2021-10-22 16:55:18,799] INFO          dashboard at:         10.36.107.14:37369
[2021-10-22 16:55:18,799] INFO -------------------------------------------------
[2021-10-22 16:55:18,799] INFO          dashboard at:         10.36.107.14:22117
[2021-10-22 16:55:18,799] INFO          dashboard at:         10.36.107.14:22913
[2021-10-22 16:55:18,799] INFO -------------------------------------------------
[2021-10-22 16:55:18,799] INFO                Memory:                 461.46 MiB
[2021-10-22 16:55:18,799] INFO                Memory:                 461.46 MiB
[2021-10-22 16:55:18,799] INFO -------------------------------------------------
[2021-10-22 16:55:18,799] INFO Waiting to connect to:    tcp://10.36.60.11:34455
[2021-10-22 16:55:18,799] INFO               Threads:                          2
[2021-10-22 16:55:18,799] INFO Waiting to connect to:    tcp://10.36.60.11:34455
[2021-10-22 16:55:18,799] INFO Waiting to connect to:    tcp://10.36.60.11:34455
[2021-10-22 16:55:18,799] INFO       Local Directory: /scratch/ackermand/dask-worker-space/worker-6fnd3916
[2021-10-22 16:55:18,799] INFO       Local Directory: /scratch/ackermand/dask-worker-space/worker-ni9tjqin
[2021-10-22 16:55:18,799] INFO -------------------------------------------------
[2021-10-22 16:55:18,799] INFO Waiting to connect to:    tcp://10.36.60.11:34455
[2021-10-22 16:55:18,799] INFO          dashboard at:         10.36.107.14:39477
[2021-10-22 16:55:18,799] INFO -------------------------------------------------
[2021-10-22 16:55:18,799] INFO -------------------------------------------------
[2021-10-22 16:55:18,799] INFO          Listening to:   tcp://10.36.107.14:27531
[2021-10-22 16:55:18,799] INFO                Memory:                 461.46 MiB
[2021-10-22 16:55:18,799] INFO               Threads:                          2
[2021-10-22 16:55:18,799] INFO -------------------------------------------------
[2021-10-22 16:55:18,799] INFO               Threads:                          2
[2021-10-22 16:55:18,799] INFO Waiting to connect to:    tcp://10.36.60.11:34455
[2021-10-22 16:55:18,799] INFO       Local Directory: /scratch/ackermand/dask-worker-space/worker-1jb_b0wr
[2021-10-22 16:55:18,799] INFO               Threads:                          2
[2021-10-22 16:55:18,799] INFO -------------------------------------------------
[2021-10-22 16:55:18,799] INFO -------------------------------------------------
[2021-10-22 16:55:18,799] INFO -------------------------------------------------
[2021-10-22 16:55:18,799] INFO                Memory:                 461.46 MiB
[2021-10-22 16:55:18,799] INFO               Threads:                          2
[2021-10-22 16:55:18,799] INFO                Memory:                 461.46 MiB
[2021-10-22 16:55:18,799] INFO                Memory:                 461.46 MiB
[2021-10-22 16:55:18,799] INFO               Threads:                          2
[2021-10-22 16:55:18,799] INFO          dashboard at:         10.36.107.14:30719
[2021-10-22 16:55:18,799] INFO       Local Directory: /scratch/ackermand/dask-worker-space/worker-2amf0a5z
[2021-10-22 16:55:18,799] INFO       Local Directory: /scratch/ackermand/dask-worker-space/worker-4_ludnv0
[2021-10-22 16:55:18,799] INFO               Threads:                          2
[2021-10-22 16:55:18,799] INFO -------------------------------------------------
[2021-10-22 16:55:18,799] INFO          Listening to:   tcp://10.36.107.14:15217
[2021-10-22 16:55:18,799] INFO       Local Directory: /scratch/ackermand/dask-worker-space/worker-kcx3i2k5
[2021-10-22 16:55:18,799] INFO               Threads:                          2
[2021-10-22 16:55:18,799] INFO                Memory:                 461.46 MiB
[2021-10-22 16:55:18,799] INFO                Memory:                 461.46 MiB
[2021-10-22 16:55:18,799] INFO          Listening to:   tcp://10.36.107.14:29975
[2021-10-22 16:55:18,799] INFO Waiting to connect to:    tcp://10.36.60.11:34455
[2021-10-22 16:55:18,799] INFO               Threads:                          2
[2021-10-22 16:55:18,799] INFO       Local Directory: /scratch/ackermand/dask-worker-space/worker-a03nwy6z
[2021-10-22 16:55:18,799] INFO Waiting to connect to:    tcp://10.36.60.11:34455
[2021-10-22 16:55:18,799] INFO                Memory:                 461.46 MiB
[2021-10-22 16:55:18,799] INFO       Local Directory: /scratch/ackermand/dask-worker-space/worker-y8164c54
[2021-10-22 16:55:18,799] INFO                Memory:                 461.46 MiB
[2021-10-22 16:55:18,799] INFO Waiting to connect to:    tcp://10.36.60.11:34455
[2021-10-22 16:55:18,799] INFO -------------------------------------------------
[2021-10-22 16:55:18,799] INFO -------------------------------------------------
[2021-10-22 16:55:18,799] INFO       Local Directory: /scratch/ackermand/dask-worker-space/worker-jgqkebaa
[2021-10-22 16:55:18,799] INFO       Local Directory: /scratch/ackermand/dask-worker-space/worker-53iwcney
[2021-10-22 16:55:18,799] INFO          dashboard at:         10.36.107.14:28773
[2021-10-22 16:55:18,799] INFO          dashboard at:         10.36.107.14:36551
[2021-10-22 16:55:18,799] INFO -------------------------------------------------
[2021-10-22 16:55:18,799] INFO                Memory:                 461.46 MiB
[2021-10-22 16:55:18,799] INFO -------------------------------------------------
[2021-10-22 16:55:18,799] INFO -------------------------------------------------
[2021-10-22 16:55:18,799] INFO -------------------------------------------------
[2021-10-22 16:55:18,799] INFO          Listening to:   tcp://10.36.107.14:34643
[2021-10-22 16:55:18,799] INFO -------------------------------------------------
[2021-10-22 16:55:18,799] INFO Waiting to connect to:    tcp://10.36.60.11:34455
[2021-10-22 16:55:18,799] INFO -------------------------------------------------
[2021-10-22 16:55:18,799] INFO Waiting to connect to:    tcp://10.36.60.11:34455
[2021-10-22 16:55:18,799] INFO       Local Directory: /scratch/ackermand/dask-worker-space/worker-9378x_19
[2021-10-22 16:55:18,799] INFO -------------------------------------------------
[2021-10-22 16:55:18,799] INFO               Threads:                          2
[2021-10-22 16:55:18,799] INFO -------------------------------------------------
[2021-10-22 16:55:18,799] INFO -------------------------------------------------
[2021-10-22 16:55:18,799] INFO                Memory:                 461.46 MiB
[2021-10-22 16:55:18,799] INFO -------------------------------------------------
[2021-10-22 16:55:18,799] INFO          dashboard at:         10.36.107.14:17915
[2021-10-22 16:55:18,799] INFO               Threads:                          2
[2021-10-22 16:55:18,799] INFO       Local Directory: /scratch/ackermand/dask-worker-space/worker-yd33byl0
[2021-10-22 16:55:18,799] INFO Waiting to connect to:    tcp://10.36.60.11:34455
[2021-10-22 16:55:18,799] INFO                Memory:                 461.46 MiB
[2021-10-22 16:55:18,799] INFO               Threads:                          2
[2021-10-22 16:55:18,799] INFO -------------------------------------------------
[2021-10-22 16:55:18,799] INFO -------------------------------------------------
[2021-10-22 16:55:18,799] INFO       Local Directory: /scratch/ackermand/dask-worker-space/worker-4v2edcj5
[2021-10-22 16:55:18,799] INFO               Threads:                          2
[2021-10-22 16:55:18,799] INFO -------------------------------------------------
[2021-10-22 16:55:18,799] INFO                Memory:                 461.46 MiB
[2021-10-22 16:55:18,799] INFO               Threads:                          2
[2021-10-22 16:55:18,799] INFO       Local Directory: /scratch/ackermand/dask-worker-space/worker-804cz_rd
[2021-10-22 16:55:18,799] INFO                Memory:                 461.46 MiB
[2021-10-22 16:55:18,799] INFO -------------------------------------------------
[2021-10-22 16:55:18,799] INFO                Memory:                 461.46 MiB
[2021-10-22 16:55:18,799] INFO       Local Directory: /scratch/ackermand/dask-worker-space/worker-0__cq2ga
[2021-10-22 16:55:18,799] INFO               Threads:                          2
[2021-10-22 16:55:18,799] INFO       Local Directory: /scratch/ackermand/dask-worker-space/worker-77619le2
[2021-10-22 16:55:18,799] INFO               Threads:                          2
[2021-10-22 16:55:18,799] INFO -------------------------------------------------
[2021-10-22 16:55:18,799] INFO -------------------------------------------------
[2021-10-22 16:55:18,799] INFO                Memory:                 461.46 MiB
[2021-10-22 16:55:18,799] INFO                Memory:                 461.46 MiB
[2021-10-22 16:55:18,799] INFO       Local Directory: /scratch/ackermand/dask-worker-space/worker-4t6zlqc7
[2021-10-22 16:55:18,799] INFO -------------------------------------------------
[2021-10-22 16:55:18,799] INFO       Local Directory: /scratch/ackermand/dask-worker-space/worker-1uxrly9f
[2021-10-22 16:55:18,799] INFO -------------------------------------------------
[2021-10-22 16:55:18,799] INFO -------------------------------------------------
[2021-10-22 16:55:18,800] INFO       Start worker at:   tcp://10.36.107.14:36575
[2021-10-22 16:55:18,800] INFO          Listening to:   tcp://10.36.107.14:36575
[2021-10-22 16:55:18,800] INFO          dashboard at:         10.36.107.14:34873
[2021-10-22 16:55:18,800] INFO Waiting to connect to:    tcp://10.36.60.11:34455
[2021-10-22 16:55:18,800] INFO -------------------------------------------------
[2021-10-22 16:55:18,800] INFO       Start worker at:   tcp://10.36.107.14:19023
[2021-10-22 16:55:18,800] INFO               Threads:                          2
[2021-10-22 16:55:18,800] INFO       Start worker at:   tcp://10.36.107.14:31903
[2021-10-22 16:55:18,800] INFO       Start worker at:   tcp://10.36.107.14:38071
[2021-10-22 16:55:18,800] INFO          Listening to:   tcp://10.36.107.14:19023
[2021-10-22 16:55:18,800] INFO       Start worker at:   tcp://10.36.107.14:29017
[2021-10-22 16:55:18,801] INFO                Memory:                 461.46 MiB
[2021-10-22 16:55:18,801] INFO       Local Directory: /scratch/ackermand/dask-worker-space/worker-e2qb38uy
[2021-10-22 16:55:18,801] INFO          dashboard at:         10.36.107.14:30631
[2021-10-22 16:55:18,800] INFO       Start worker at:   tcp://10.36.107.14:34869
[2021-10-22 16:55:18,800] INFO       Start worker at:   tcp://10.36.107.14:24743
[2021-10-22 16:55:18,801] INFO -------------------------------------------------
[2021-10-22 16:55:18,801] INFO          Listening to:   tcp://10.36.107.14:34869
[2021-10-22 16:55:18,801] INFO          Listening to:   tcp://10.36.107.14:24743
[2021-10-22 16:55:18,801] INFO          dashboard at:         10.36.107.14:24651
[2021-10-22 16:55:18,801] INFO          dashboard at:         10.36.107.14:27629
[2021-10-22 16:55:18,800] INFO       Start worker at:   tcp://10.36.107.14:24505
[2021-10-22 16:55:18,801] INFO Waiting to connect to:    tcp://10.36.60.11:34455
[2021-10-22 16:55:18,801] INFO          Listening to:   tcp://10.36.107.14:29017
[2021-10-22 16:55:18,800] INFO       Start worker at:   tcp://10.36.107.14:36813
[2021-10-22 16:55:18,801] INFO Waiting to connect to:    tcp://10.36.60.11:34455
[2021-10-22 16:55:18,801] INFO          Listening to:   tcp://10.36.107.14:31903
[2021-10-22 16:55:18,800] INFO       Start worker at:   tcp://10.36.107.14:33929
[2021-10-22 16:55:18,801] INFO Waiting to connect to:    tcp://10.36.60.11:34455
[2021-10-22 16:55:18,801] INFO -------------------------------------------------
[2021-10-22 16:55:18,801] INFO -------------------------------------------------
[2021-10-22 16:55:18,801] INFO          Listening to:   tcp://10.36.107.14:36813
[2021-10-22 16:55:18,801] INFO          dashboard at:         10.36.107.14:26575
[2021-10-22 16:55:18,801] INFO          Listening to:   tcp://10.36.107.14:33929
[2021-10-22 16:55:18,801] INFO          dashboard at:         10.36.107.14:30473
[2021-10-22 16:55:18,801] INFO Waiting to connect to:    tcp://10.36.60.11:34455
[2021-10-22 16:55:18,801] INFO -------------------------------------------------
[2021-10-22 16:55:18,801] INFO Waiting to connect to:    tcp://10.36.60.11:34455
[2021-10-22 16:55:18,801] INFO          dashboard at:         10.36.107.14:35671
[2021-10-22 16:55:18,801] INFO               Threads:                          2
[2021-10-22 16:55:18,801] INFO       Start worker at:   tcp://10.36.107.14:31293
[2021-10-22 16:55:18,801] INFO          Listening to:   tcp://10.36.107.14:38071
[2021-10-22 16:55:18,801] INFO -------------------------------------------------
[2021-10-22 16:55:18,801] INFO          Listening to:   tcp://10.36.107.14:24505
[2021-10-22 16:55:18,801] INFO Waiting to connect to:    tcp://10.36.60.11:34455
[2021-10-22 16:55:18,801] INFO               Threads:                          2
[2021-10-22 16:55:18,801] INFO                Memory:                 461.46 MiB
[2021-10-22 16:55:18,801] INFO               Threads:                          2
[2021-10-22 16:55:18,801] INFO          dashboard at:         10.36.107.14:17475
[2021-10-22 16:55:18,801] INFO          dashboard at:         10.36.107.14:22885
[2021-10-22 16:55:18,801] INFO                Memory:                 461.46 MiB
[2021-10-22 16:55:18,801] INFO Waiting to connect to:    tcp://10.36.60.11:34455
[2021-10-22 16:55:18,801] INFO                Memory:                 461.46 MiB
[2021-10-22 16:55:18,801] INFO -------------------------------------------------
[2021-10-22 16:55:18,801] INFO          dashboard at:         10.36.107.14:23017
[2021-10-22 16:55:18,801] INFO       Local Directory: /scratch/ackermand/dask-worker-space/worker-gs9171il
[2021-10-22 16:55:18,801] INFO               Threads:                          2
[2021-10-22 16:55:18,801] INFO Waiting to connect to:    tcp://10.36.60.11:34455
[2021-10-22 16:55:18,801] INFO -------------------------------------------------
[2021-10-22 16:55:18,801] INFO       Local Directory: /scratch/ackermand/dask-worker-space/worker-cerg18mo
[2021-10-22 16:55:18,801] INFO                Memory:                 461.46 MiB
[2021-10-22 16:55:18,801] INFO -------------------------------------------------
[2021-10-22 16:55:18,801] INFO       Local Directory: /scratch/ackermand/dask-worker-space/worker-_5lbt2e4
[2021-10-22 16:55:18,801] INFO Waiting to connect to:    tcp://10.36.60.11:34455
[2021-10-22 16:55:18,801] INFO          Listening to:   tcp://10.36.107.14:31293
[2021-10-22 16:55:18,801] INFO -------------------------------------------------
[2021-10-22 16:55:18,801] INFO -------------------------------------------------
[2021-10-22 16:55:18,801] INFO -------------------------------------------------
[2021-10-22 16:55:18,801] INFO -------------------------------------------------
[2021-10-22 16:55:18,801] INFO          dashboard at:         10.36.107.14:37415
[2021-10-22 16:55:18,801] INFO               Threads:                          2
[2021-10-22 16:55:18,801] INFO               Threads:                          2
[2021-10-22 16:55:18,801] INFO                Memory:                 461.46 MiB
[2021-10-22 16:55:18,801] INFO Waiting to connect to:    tcp://10.36.60.11:34455
[2021-10-22 16:55:18,801] INFO       Local Directory: /scratch/ackermand/dask-worker-space/worker-z1j_4b4l
[2021-10-22 16:55:18,801] INFO               Threads:                          2
[2021-10-22 16:55:18,801] INFO -------------------------------------------------
[2021-10-22 16:55:18,801] INFO                Memory:                 461.46 MiB
[2021-10-22 16:55:18,801] INFO -------------------------------------------------
[2021-10-22 16:55:18,801] INFO                Memory:                 461.46 MiB
[2021-10-22 16:55:18,801] INFO               Threads:                          2
[2021-10-22 16:55:18,801] INFO       Local Directory: /scratch/ackermand/dask-worker-space/worker-duq28eig
[2021-10-22 16:55:18,801] INFO       Local Directory: /scratch/ackermand/dask-worker-space/worker-ndsj1uhc
[2021-10-22 16:55:18,801] INFO -------------------------------------------------
[2021-10-22 16:55:18,801] INFO       Local Directory: /scratch/ackermand/dask-worker-space/worker-9kta65ke
[2021-10-22 16:55:18,801] INFO                Memory:                 461.46 MiB
[2021-10-22 16:55:18,801] INFO -------------------------------------------------
[2021-10-22 16:55:18,801] INFO               Threads:                          2
[2021-10-22 16:55:18,801] INFO       Local Directory: /scratch/ackermand/dask-worker-space/worker-7pa6mprv
[2021-10-22 16:55:18,801] INFO -------------------------------------------------
[2021-10-22 16:55:18,801] INFO                Memory:                 461.46 MiB
[2021-10-22 16:55:18,801] INFO -------------------------------------------------
[2021-10-22 16:55:18,801] INFO       Local Directory: /scratch/ackermand/dask-worker-space/worker-eaa_37r0
[2021-10-22 16:55:18,801] INFO -------------------------------------------------
[2021-10-22 16:55:18,801] INFO               Threads:                          2
[2021-10-22 16:55:18,801] INFO                Memory:                 461.46 MiB
[2021-10-22 16:55:18,802] INFO       Local Directory: /scratch/ackermand/dask-worker-space/worker-00vsq0n9
[2021-10-22 16:55:18,802] INFO -------------------------------------------------
[2021-10-22 16:55:18,802] INFO -------------------------------------------------
[2021-10-22 16:55:18,803] INFO       Start worker at:   tcp://10.36.107.14:37385
[2021-10-22 16:55:18,803] INFO          Listening to:   tcp://10.36.107.14:37385
[2021-10-22 16:55:18,803] INFO          dashboard at:         10.36.107.14:35735
[2021-10-22 16:55:18,803] INFO Waiting to connect to:    tcp://10.36.60.11:34455
[2021-10-22 16:55:18,803] INFO -------------------------------------------------
[2021-10-22 16:55:18,803] INFO               Threads:                          2
[2021-10-22 16:55:18,803] INFO                Memory:                 461.46 MiB
[2021-10-22 16:55:18,803] INFO       Local Directory: /scratch/ackermand/dask-worker-space/worker-uu788ycu
[2021-10-22 16:55:18,803] INFO -------------------------------------------------
[2021-10-22 16:55:18,962] INFO         Registered to:    tcp://10.36.60.11:34455
[2021-10-22 16:55:18,962] INFO -------------------------------------------------
[2021-10-22 16:55:18,963] INFO Starting established connection
[2021-10-22 16:55:18,980] INFO         Registered to:    tcp://10.36.60.11:34455
[2021-10-22 16:55:18,980] INFO -------------------------------------------------
[2021-10-22 16:55:18,981] INFO Starting established connection
[2021-10-22 16:55:18,981] INFO         Registered to:    tcp://10.36.60.11:34455
[2021-10-22 16:55:18,981] INFO -------------------------------------------------
[2021-10-22 16:55:18,982] INFO Starting established connection
[2021-10-22 16:55:18,992] INFO         Registered to:    tcp://10.36.60.11:34455
[2021-10-22 16:55:18,993] INFO -------------------------------------------------
[2021-10-22 16:55:18,993] INFO Starting established connection
[2021-10-22 16:55:19,000] INFO         Registered to:    tcp://10.36.60.11:34455
[2021-10-22 16:55:19,001] INFO -------------------------------------------------
[2021-10-22 16:55:19,001] INFO Starting established connection
[2021-10-22 16:55:19,002] INFO         Registered to:    tcp://10.36.60.11:34455
[2021-10-22 16:55:19,003] INFO -------------------------------------------------
[2021-10-22 16:55:19,003] INFO Starting established connection
[2021-10-22 16:55:19,017] INFO         Registered to:    tcp://10.36.60.11:34455
[2021-10-22 16:55:19,017] INFO -------------------------------------------------
[2021-10-22 16:55:19,017] INFO Starting established connection
[2021-10-22 16:55:19,041] INFO         Registered to:    tcp://10.36.60.11:34455
[2021-10-22 16:55:19,041] INFO -------------------------------------------------
[2021-10-22 16:55:19,041] INFO Starting established connection
[2021-10-22 16:55:19,042] INFO         Registered to:    tcp://10.36.60.11:34455
[2021-10-22 16:55:19,042] INFO -------------------------------------------------
[2021-10-22 16:55:19,043] INFO Starting established connection
[2021-10-22 16:55:19,043] INFO         Registered to:    tcp://10.36.60.11:34455
[2021-10-22 16:55:19,043] INFO -------------------------------------------------
[2021-10-22 16:55:19,044] INFO Starting established connection
[2021-10-22 16:55:19,044] INFO         Registered to:    tcp://10.36.60.11:34455
[2021-10-22 16:55:19,044] INFO -------------------------------------------------
[2021-10-22 16:55:19,045] INFO Starting established connection
[2021-10-22 16:55:19,045] INFO         Registered to:    tcp://10.36.60.11:34455
[2021-10-22 16:55:19,046] INFO -------------------------------------------------
[2021-10-22 16:55:19,046] INFO Starting established connection
[2021-10-22 16:55:19,048] INFO         Registered to:    tcp://10.36.60.11:34455
[2021-10-22 16:55:19,048] INFO -------------------------------------------------
[2021-10-22 16:55:19,049] INFO Starting established connection
[2021-10-22 16:55:19,051] INFO         Registered to:    tcp://10.36.60.11:34455
[2021-10-22 16:55:19,051] INFO -------------------------------------------------
[2021-10-22 16:55:19,052] INFO Starting established connection
[2021-10-22 16:55:19,053] INFO         Registered to:    tcp://10.36.60.11:34455
[2021-10-22 16:55:19,053] INFO -------------------------------------------------
[2021-10-22 16:55:19,053] INFO Starting established connection
[2021-10-22 16:55:19,054] INFO         Registered to:    tcp://10.36.60.11:34455
[2021-10-22 16:55:19,054] INFO -------------------------------------------------
[2021-10-22 16:55:19,055] INFO Starting established connection
[2021-10-22 16:55:19,059] INFO         Registered to:    tcp://10.36.60.11:34455
[2021-10-22 16:55:19,059] INFO -------------------------------------------------
[2021-10-22 16:55:19,059] INFO Starting established connection
[2021-10-22 16:55:19,060] INFO         Registered to:    tcp://10.36.60.11:34455
[2021-10-22 16:55:19,061] INFO -------------------------------------------------
[2021-10-22 16:55:19,061] INFO Starting established connection
[2021-10-22 16:55:19,063] INFO         Registered to:    tcp://10.36.60.11:34455
[2021-10-22 16:55:19,064] INFO -------------------------------------------------
[2021-10-22 16:55:19,064] INFO Starting established connection
[2021-10-22 16:55:19,066] INFO         Registered to:    tcp://10.36.60.11:34455
[2021-10-22 16:55:19,067] INFO -------------------------------------------------
[2021-10-22 16:55:19,067] INFO Starting established connection
[2021-10-22 16:55:19,067] INFO         Registered to:    tcp://10.36.60.11:34455
[2021-10-22 16:55:19,067] INFO -------------------------------------------------
[2021-10-22 16:55:19,068] INFO Starting established connection
[2021-10-22 16:55:19,069] INFO         Registered to:    tcp://10.36.60.11:34455
[2021-10-22 16:55:19,069] INFO -------------------------------------------------
[2021-10-22 16:55:19,069] INFO Starting established connection
[2021-10-22 16:55:19,071] INFO         Registered to:    tcp://10.36.60.11:34455
[2021-10-22 16:55:19,071] INFO -------------------------------------------------
[2021-10-22 16:55:19,071] INFO Starting established connection
[2021-10-22 16:55:19,072] INFO         Registered to:    tcp://10.36.60.11:34455
[2021-10-22 16:55:19,072] INFO -------------------------------------------------
[2021-10-22 16:55:19,072] INFO Starting established connection
[2021-10-22 16:55:19,073] INFO         Registered to:    tcp://10.36.60.11:34455
[2021-10-22 16:55:19,074] INFO -------------------------------------------------
[2021-10-22 16:55:19,074] INFO Starting established connection
[2021-10-22 16:55:19,076] INFO         Registered to:    tcp://10.36.60.11:34455
[2021-10-22 16:55:19,077] INFO -------------------------------------------------
[2021-10-22 16:55:19,077] INFO Starting established connection
[2021-10-22 16:55:19,077] INFO         Registered to:    tcp://10.36.60.11:34455
[2021-10-22 16:55:19,078] INFO -------------------------------------------------
[2021-10-22 16:55:19,078] INFO Starting established connection
[2021-10-22 16:55:19,078] INFO         Registered to:    tcp://10.36.60.11:34455
[2021-10-22 16:55:19,079] INFO -------------------------------------------------
[2021-10-22 16:55:19,079] INFO Starting established connection
[2021-10-22 16:55:19,079] INFO         Registered to:    tcp://10.36.60.11:34455
[2021-10-22 16:55:19,080] INFO -------------------------------------------------
[2021-10-22 16:55:19,080] INFO Starting established connection
[2021-10-22 16:55:19,080] INFO         Registered to:    tcp://10.36.60.11:34455
[2021-10-22 16:55:19,080] INFO -------------------------------------------------
[2021-10-22 16:55:19,081] INFO Starting established connection
[2021-10-22 16:55:19,081] INFO         Registered to:    tcp://10.36.60.11:34455
[2021-10-22 16:55:19,081] INFO -------------------------------------------------
[2021-10-22 16:55:19,082] INFO Starting established connection
[2021-10-22 16:55:19,934] INFO Stopping worker at tcp://10.36.107.14:34643
[2021-10-22 16:55:19,934] INFO Stopping worker at tcp://10.36.107.14:33119
[2021-10-22 16:55:19,934] INFO Stopping worker at tcp://10.36.107.14:16129
[2021-10-22 16:55:19,934] INFO Stopping worker at tcp://10.36.107.14:33929
[2021-10-22 16:55:19,934] INFO End worker
[2021-10-22 16:55:19,935] INFO Stopping worker at tcp://10.36.107.14:28239
[2021-10-22 16:55:19,935] INFO Stopping worker at tcp://10.36.107.14:32129
[2021-10-22 16:55:19,935] INFO Stopping worker at tcp://10.36.107.14:24743
[2021-10-22 16:55:19,935] INFO Stopping worker at tcp://10.36.107.14:35603
[2021-10-22 16:55:19,935] INFO Stopping worker at tcp://10.36.107.14:29975
[2021-10-22 16:55:19,935] INFO Stopping worker at tcp://10.36.107.14:21167
[2021-10-22 16:55:19,935] INFO Stopping worker at tcp://10.36.107.14:25945
[2021-10-22 16:55:19,935] INFO Stopping worker at tcp://10.36.107.14:20021
[2021-10-22 16:55:19,935] INFO Stopping worker at tcp://10.36.107.14:29017
[2021-10-22 16:55:19,935] INFO Stopping worker at tcp://10.36.107.14:27531
[2021-10-22 16:55:19,935] INFO Stopping worker at tcp://10.36.107.14:21771
[2021-10-22 16:55:19,935] INFO Stopping worker at tcp://10.36.107.14:34869
[2021-10-22 16:55:19,935] INFO Stopping worker at tcp://10.36.107.14:28407
[2021-10-22 16:55:19,935] INFO Stopping worker at tcp://10.36.107.14:36813
[2021-10-22 16:55:19,935] INFO Stopping worker at tcp://10.36.107.14:24505
[2021-10-22 16:55:19,935] INFO Stopping worker at tcp://10.36.107.14:36575
[2021-10-22 16:55:19,935] INFO Stopping worker at tcp://10.36.107.14:38071
[2021-10-22 16:55:19,935] INFO Stopping worker at tcp://10.36.107.14:15217
Process Dask Worker process (from Nanny):
Traceback (most recent call last):
  File "/groups/scicompsoft/home/ackermand/miniconda3/envs/multiresolution_mesh_creator/lib/python3.7/site-packages/distributed/nanny.py", line 897, in _run
    loop.run_sync(run)
  File "/groups/scicompsoft/home/ackermand/miniconda3/envs/multiresolution_mesh_creator/lib/python3.7/site-packages/tornado/ioloop.py", line 524, in run_sync
    self.start()
  File "/groups/scicompsoft/home/ackermand/miniconda3/envs/multiresolution_mesh_creator/lib/python3.7/site-packages/tornado/platform/asyncio.py", line 199, in start
    self.asyncio_loop.run_forever()
  File "/groups/scicompsoft/home/ackermand/miniconda3/envs/multiresolution_mesh_creator/lib/python3.7/asyncio/base_events.py", line 541, in run_forever
    self._run_once()
  File "/groups/scicompsoft/home/ackermand/miniconda3/envs/multiresolution_mesh_creator/lib/python3.7/asyncio/base_events.py", line 1750, in _run_once
    event_list = self._selector.select(timeout)
KeyboardInterrupt

During handling of the above exception, another exception occurred:

Traceback (most recent call last):
  File "/groups/scicompsoft/home/ackermand/miniconda3/envs/multiresolution_mesh_creator/lib/python3.7/multiprocessing/process.py", line 297, in _bootstrap
    self.run()
  File "/groups/scicompsoft/home/ackermand/miniconda3/envs/multiresolution_mesh_creator/lib/python3.7/multiprocessing/process.py", line 99, in run
    self._target(*self._args, **self._kwargs)
  File "/groups/scicompsoft/home/ackermand/miniconda3/envs/multiresolution_mesh_creator/lib/python3.7/site-packages/distributed/process.py", line 191, in _run
    target(*args, **kwargs)
  File "/groups/scicompsoft/home/ackermand/miniconda3/envs/multiresolution_mesh_creator/lib/python3.7/site-packages/distributed/nanny.py", line 904, in _run
    loop.run_sync(do_stop)
  File "/groups/scicompsoft/home/ackermand/miniconda3/envs/multiresolution_mesh_creator/lib/python3.7/site-packages/tornado/ioloop.py", line 511, in run_sync
    self.add_callback(run)
  File "/groups/scicompsoft/home/ackermand/miniconda3/envs/multiresolution_mesh_creator/lib/python3.7/site-packages/tornado/platform/asyncio.py", line 227, in add_callback
    call_soon(self._run_callback, functools.partial(callback, *args, **kwargs))
KeyboardInterrupt
[2021-10-22 16:55:19,935] INFO reaping stray process <SpawnProcess(Dask Worker process (from Nanny), started daemon)>
[2021-10-22 16:55:19,935] INFO Stopping worker at tcp://10.36.107.14:19023
[2021-10-22 16:55:19,935] INFO Stopping worker at tcp://10.36.107.14:31293
[2021-10-22 16:55:19,935] INFO Stopping worker at tcp://10.36.107.14:37385
[2021-10-22 16:55:19,935] INFO reaping stray process <SpawnProcess(Dask Worker process (from Nanny), started daemon)>
[2021-10-22 16:55:19,935] INFO reaping stray process <SpawnProcess(Dask Worker process (from Nanny), started daemon)>
[2021-10-22 16:55:19,936] INFO reaping stray process <SpawnProcess(Dask Worker process (from Nanny), started daemon)>
[2021-10-22 16:55:19,936] INFO reaping stray process <SpawnProcess(Dask Worker process (from Nanny), started daemon)>
[2021-10-22 16:55:19,936] INFO reaping stray process <SpawnProcess(Dask Worker process (from Nanny), started daemon)>
Process Dask Worker process (from Nanny):
Traceback (most recent call last):
  File "/groups/scicompsoft/home/ackermand/miniconda3/envs/multiresolution_mesh_creator/lib/python3.7/site-packages/distributed/nanny.py", line 897, in _run
    loop.run_sync(run)
  File "/groups/scicompsoft/home/ackermand/miniconda3/envs/multiresolution_mesh_creator/lib/python3.7/site-packages/tornado/ioloop.py", line 524, in run_sync
    self.start()
  File "/groups/scicompsoft/home/ackermand/miniconda3/envs/multiresolution_mesh_creator/lib/python3.7/site-packages/tornado/platform/asyncio.py", line 199, in start
    self.asyncio_loop.run_forever()
  File "/groups/scicompsoft/home/ackermand/miniconda3/envs/multiresolution_mesh_creator/lib/python3.7/asyncio/base_events.py", line 541, in run_forever
    self._run_once()
  File "/groups/scicompsoft/home/ackermand/miniconda3/envs/multiresolution_mesh_creator/lib/python3.7/asyncio/base_events.py", line 1750, in _run_once
    event_list = self._selector.select(timeout)
  File "/groups/scicompsoft/home/ackermand/miniconda3/envs/multiresolution_mesh_creator/lib/python3.7/selectors.py", line 468, in select
    fd_event_list = self._selector.poll(timeout, max_ev)
KeyboardInterrupt

During handling of the above exception, another exception occurred:

Traceback (most recent call last):
  File "/groups/scicompsoft/home/ackermand/miniconda3/envs/multiresolution_mesh_creator/lib/python3.7/multiprocessing/process.py", line 297, in _bootstrap
    self.run()
  File "/groups/scicompsoft/home/ackermand/miniconda3/envs/multiresolution_mesh_creator/lib/python3.7/multiprocessing/process.py", line 99, in run
    self._target(*self._args, **self._kwargs)
  File "/groups/scicompsoft/home/ackermand/miniconda3/envs/multiresolution_mesh_creator/lib/python3.7/site-packages/distributed/process.py", line 191, in _run
    target(*args, **kwargs)
  File "/groups/scicompsoft/home/ackermand/miniconda3/envs/multiresolution_mesh_creator/lib/python3.7/site-packages/distributed/nanny.py", line 904, in _run
    loop.run_sync(do_stop)
  File "/groups/scicompsoft/home/ackermand/miniconda3/envs/multiresolution_mesh_creator/lib/python3.7/site-packages/tornado/ioloop.py", line 488, in run_sync
    future_cell = [None]  # type: List[Optional[Future]]
KeyboardInterrupt
Process Dask Worker process (from Nanny):
Traceback (most recent call last):
  File "/groups/scicompsoft/home/ackermand/miniconda3/envs/multiresolution_mesh_creator/lib/python3.7/asyncio/base_events.py", line 541, in run_forever
    self._run_once()
  File "/groups/scicompsoft/home/ackermand/miniconda3/envs/multiresolution_mesh_creator/lib/python3.7/asyncio/base_events.py", line 1750, in _run_once
    event_list = self._selector.select(timeout)
  File "/groups/scicompsoft/home/ackermand/miniconda3/envs/multiresolution_mesh_creator/lib/python3.7/selectors.py", line 468, in select
    fd_event_list = self._selector.poll(timeout, max_ev)
KeyboardInterrupt

During handling of the above exception, another exception occurred:

Traceback (most recent call last):
  File "/groups/scicompsoft/home/ackermand/miniconda3/envs/multiresolution_mesh_creator/lib/python3.7/site-packages/distributed/nanny.py", line 897, in _run
    loop.run_sync(run)
  File "/groups/scicompsoft/home/ackermand/miniconda3/envs/multiresolution_mesh_creator/lib/python3.7/site-packages/tornado/ioloop.py", line 524, in run_sync
    self.start()
  File "/groups/scicompsoft/home/ackermand/miniconda3/envs/multiresolution_mesh_creator/lib/python3.7/site-packages/tornado/platform/asyncio.py", line 199, in start
    self.asyncio_loop.run_forever()
  File "/groups/scicompsoft/home/ackermand/miniconda3/envs/multiresolution_mesh_creator/lib/python3.7/asyncio/base_events.py", line 546, in run_forever
    self._thread_id = None
KeyboardInterrupt

During handling of the above exception, another exception occurred:

Traceback (most recent call last):
  File "/groups/scicompsoft/home/ackermand/miniconda3/envs/multiresolution_mesh_creator/lib/python3.7/multiprocessing/process.py", line 297, in _bootstrap
    self.run()
  File "/groups/scicompsoft/home/ackermand/miniconda3/envs/multiresolution_mesh_creator/lib/python3.7/multiprocessing/process.py", line 99, in run
    self._target(*self._args, **self._kwargs)
  File "/groups/scicompsoft/home/ackermand/miniconda3/envs/multiresolution_mesh_creator/lib/python3.7/site-packages/distributed/process.py", line 191, in _run
    target(*args, **kwargs)
  File "/groups/scicompsoft/home/ackermand/miniconda3/envs/multiresolution_mesh_creator/lib/python3.7/site-packages/distributed/nanny.py", line 904, in _run
    loop.run_sync(do_stop)
  File "/groups/scicompsoft/home/ackermand/miniconda3/envs/multiresolution_mesh_creator/lib/python3.7/site-packages/tornado/ioloop.py", line 524, in run_sync
    self.start()
  File "/groups/scicompsoft/home/ackermand/miniconda3/envs/multiresolution_mesh_creator/lib/python3.7/site-packages/tornado/platform/asyncio.py", line 199, in start
    self.asyncio_loop.run_forever()
  File "/groups/scicompsoft/home/ackermand/miniconda3/envs/multiresolution_mesh_creator/lib/python3.7/asyncio/base_events.py", line 531, in run_forever
    self._check_runnung()
  File "/groups/scicompsoft/home/ackermand/miniconda3/envs/multiresolution_mesh_creator/lib/python3.7/asyncio/base_events.py", line 526, in _check_runnung
    'Cannot run the event loop while another loop is running')
RuntimeError: Cannot run the event loop while another loop is running
Process Dask Worker process (from Nanny):
Traceback (most recent call last):
  File "/groups/scicompsoft/home/ackermand/miniconda3/envs/multiresolution_mesh_creator/lib/python3.7/asyncio/base_events.py", line 541, in run_forever
    self._run_once()
  File "/groups/scicompsoft/home/ackermand/miniconda3/envs/multiresolution_mesh_creator/lib/python3.7/asyncio/base_events.py", line 1750, in _run_once
    event_list = self._selector.select(timeout)
  File "/groups/scicompsoft/home/ackermand/miniconda3/envs/multiresolution_mesh_creator/lib/python3.7/selectors.py", line 468, in select
    fd_event_list = self._selector.poll(timeout, max_ev)
KeyboardInterrupt

During handling of the above exception, another exception occurred:

Traceback (most recent call last):
  File "/groups/scicompsoft/home/ackermand/miniconda3/envs/multiresolution_mesh_creator/lib/python3.7/site-packages/distributed/nanny.py", line 897, in _run
    loop.run_sync(run)
  File "/groups/scicompsoft/home/ackermand/miniconda3/envs/multiresolution_mesh_creator/lib/python3.7/site-packages/tornado/ioloop.py", line 524, in run_sync
    self.start()
  File "/groups/scicompsoft/home/ackermand/miniconda3/envs/multiresolution_mesh_creator/lib/python3.7/site-packages/tornado/platform/asyncio.py", line 199, in start
    self.asyncio_loop.run_forever()
  File "/groups/scicompsoft/home/ackermand/miniconda3/envs/multiresolution_mesh_creator/lib/python3.7/asyncio/base_events.py", line 546, in run_forever
    self._thread_id = None
KeyboardInterrupt

During handling of the above exception, another exception occurred:

Traceback (most recent call last):
  File "/groups/scicompsoft/home/ackermand/miniconda3/envs/multiresolution_mesh_creator/lib/python3.7/multiprocessing/process.py", line 297, in _bootstrap
    self.run()
  File "/groups/scicompsoft/home/ackermand/miniconda3/envs/multiresolution_mesh_creator/lib/python3.7/multiprocessing/process.py", line 99, in run
    self._target(*self._args, **self._kwargs)
  File "/groups/scicompsoft/home/ackermand/miniconda3/envs/multiresolution_mesh_creator/lib/python3.7/site-packages/distributed/process.py", line 191, in _run
    target(*args, **kwargs)
  File "/groups/scicompsoft/home/ackermand/miniconda3/envs/multiresolution_mesh_creator/lib/python3.7/site-packages/distributed/nanny.py", line 904, in _run
    loop.run_sync(do_stop)
  File "/groups/scicompsoft/home/ackermand/miniconda3/envs/multiresolution_mesh_creator/lib/python3.7/site-packages/tornado/ioloop.py", line 524, in run_sync
    self.start()
  File "/groups/scicompsoft/home/ackermand/miniconda3/envs/multiresolution_mesh_creator/lib/python3.7/site-packages/tornado/platform/asyncio.py", line 199, in start
    self.asyncio_loop.run_forever()
  File "/groups/scicompsoft/home/ackermand/miniconda3/envs/multiresolution_mesh_creator/lib/python3.7/asyncio/base_events.py", line 531, in run_forever
    self._check_runnung()
  File "/groups/scicompsoft/home/ackermand/miniconda3/envs/multiresolution_mesh_creator/lib/python3.7/asyncio/base_events.py", line 526, in _check_runnung
    'Cannot run the event loop while another loop is running')
RuntimeError: Cannot run the event loop while another loop is running
Process Dask Worker process (from Nanny):
Traceback (most recent call last):
  File "/groups/scicompsoft/home/ackermand/miniconda3/envs/multiresolution_mesh_creator/lib/python3.7/site-packages/distributed/nanny.py", line 897, in _run
    loop.run_sync(run)
  File "/groups/scicompsoft/home/ackermand/miniconda3/envs/multiresolution_mesh_creator/lib/python3.7/site-packages/tornado/ioloop.py", line 524, in run_sync
    self.start()
  File "/groups/scicompsoft/home/ackermand/miniconda3/envs/multiresolution_mesh_creator/lib/python3.7/site-packages/tornado/platform/asyncio.py", line 199, in start
    self.asyncio_loop.run_forever()
  File "/groups/scicompsoft/home/ackermand/miniconda3/envs/multiresolution_mesh_creator/lib/python3.7/asyncio/base_events.py", line 541, in run_forever
    self._run_once()
  File "/groups/scicompsoft/home/ackermand/miniconda3/envs/multiresolution_mesh_creator/lib/python3.7/asyncio/base_events.py", line 1750, in _run_once
    event_list = self._selector.select(timeout)
  File "/groups/scicompsoft/home/ackermand/miniconda3/envs/multiresolution_mesh_creator/lib/python3.7/selectors.py", line 468, in select
    fd_event_list = self._selector.poll(timeout, max_ev)
KeyboardInterrupt

During handling of the above exception, another exception occurred:

Traceback (most recent call last):
  File "/groups/scicompsoft/home/ackermand/miniconda3/envs/multiresolution_mesh_creator/lib/python3.7/multiprocessing/process.py", line 297, in _bootstrap
    self.run()
  File "/groups/scicompsoft/home/ackermand/miniconda3/envs/multiresolution_mesh_creator/lib/python3.7/multiprocessing/process.py", line 99, in run
    self._target(*self._args, **self._kwargs)
  File "/groups/scicompsoft/home/ackermand/miniconda3/envs/multiresolution_mesh_creator/lib/python3.7/site-packages/distributed/process.py", line 191, in _run
    target(*args, **kwargs)
  File "/groups/scicompsoft/home/ackermand/miniconda3/envs/multiresolution_mesh_creator/lib/python3.7/site-packages/distributed/nanny.py", line 904, in _run
    loop.run_sync(do_stop)
  File "/groups/scicompsoft/home/ackermand/miniconda3/envs/multiresolution_mesh_creator/lib/python3.7/site-packages/tornado/ioloop.py", line 490, in run_sync
    def run() -> None:
KeyboardInterrupt
[2021-10-22 16:55:19,936] INFO reaping stray process <SpawnProcess(Dask Worker process (from Nanny), started daemon)>
Process Dask Worker process (from Nanny):
Traceback (most recent call last):
  File "/groups/scicompsoft/home/ackermand/miniconda3/envs/multiresolution_mesh_creator/lib/python3.7/site-packages/distributed/nanny.py", line 897, in _run
    loop.run_sync(run)
  File "/groups/scicompsoft/home/ackermand/miniconda3/envs/multiresolution_mesh_creator/lib/python3.7/site-packages/tornado/ioloop.py", line 524, in run_sync
    self.start()
  File "/groups/scicompsoft/home/ackermand/miniconda3/envs/multiresolution_mesh_creator/lib/python3.7/site-packages/tornado/platform/asyncio.py", line 199, in start
    self.asyncio_loop.run_forever()
  File "/groups/scicompsoft/home/ackermand/miniconda3/envs/multiresolution_mesh_creator/lib/python3.7/asyncio/base_events.py", line 541, in run_forever
    self._run_once()
  File "/groups/scicompsoft/home/ackermand/miniconda3/envs/multiresolution_mesh_creator/lib/python3.7/asyncio/base_events.py", line 1750, in _run_once
    event_list = self._selector.select(timeout)
  File "/groups/scicompsoft/home/ackermand/miniconda3/envs/multiresolution_mesh_creator/lib/python3.7/selectors.py", line 468, in select
    fd_event_list = self._selector.poll(timeout, max_ev)
KeyboardInterrupt

During handling of the above exception, another exception occurred:

Traceback (most recent call last):
  File "/groups/scicompsoft/home/ackermand/miniconda3/envs/multiresolution_mesh_creator/lib/python3.7/multiprocessing/process.py", line 297, in _bootstrap
    self.run()
  File "/groups/scicompsoft/home/ackermand/miniconda3/envs/multiresolution_mesh_creator/lib/python3.7/multiprocessing/process.py", line 99, in run
    self._target(*self._args, **self._kwargs)
  File "/groups/scicompsoft/home/ackermand/miniconda3/envs/multiresolution_mesh_creator/lib/python3.7/site-packages/distributed/process.py", line 191, in _run
    target(*args, **kwargs)
  File "/groups/scicompsoft/home/ackermand/miniconda3/envs/multiresolution_mesh_creator/lib/python3.7/site-packages/distributed/nanny.py", line 904, in _run
    loop.run_sync(do_stop)
KeyboardInterrupt
[2021-10-22 16:55:19,936] INFO reaping stray process <SpawnProcess(Dask Worker process (from Nanny), started daemon)>
Process Dask Worker process (from Nanny):
Traceback (most recent call last):
  File "/groups/scicompsoft/home/ackermand/miniconda3/envs/multiresolution_mesh_creator/lib/python3.7/asyncio/base_events.py", line 541, in run_forever
    self._run_once()
  File "/groups/scicompsoft/home/ackermand/miniconda3/envs/multiresolution_mesh_creator/lib/python3.7/asyncio/base_events.py", line 1750, in _run_once
    event_list = self._selector.select(timeout)
  File "/groups/scicompsoft/home/ackermand/miniconda3/envs/multiresolution_mesh_creator/lib/python3.7/selectors.py", line 468, in select
    fd_event_list = self._selector.poll(timeout, max_ev)
KeyboardInterrupt

During handling of the above exception, another exception occurred:

Traceback (most recent call last):
  File "/groups/scicompsoft/home/ackermand/miniconda3/envs/multiresolution_mesh_creator/lib/python3.7/site-packages/distributed/nanny.py", line 897, in _run
    loop.run_sync(run)
  File "/groups/scicompsoft/home/ackermand/miniconda3/envs/multiresolution_mesh_creator/lib/python3.7/site-packages/tornado/ioloop.py", line 524, in run_sync
    self.start()
  File "/groups/scicompsoft/home/ackermand/miniconda3/envs/multiresolution_mesh_creator/lib/python3.7/site-packages/tornado/platform/asyncio.py", line 199, in start
    self.asyncio_loop.run_forever()
  File "/groups/scicompsoft/home/ackermand/miniconda3/envs/multiresolution_mesh_creator/lib/python3.7/asyncio/base_events.py", line 546, in run_forever
    self._thread_id = None
KeyboardInterrupt

During handling of the above exception, another exception occurred:

Traceback (most recent call last):
  File "/groups/scicompsoft/home/ackermand/miniconda3/envs/multiresolution_mesh_creator/lib/python3.7/multiprocessing/process.py", line 297, in _bootstrap
    self.run()
  File "/groups/scicompsoft/home/ackermand/miniconda3/envs/multiresolution_mesh_creator/lib/python3.7/multiprocessing/process.py", line 99, in run
    self._target(*self._args, **self._kwargs)
  File "/groups/scicompsoft/home/ackermand/miniconda3/envs/multiresolution_mesh_creator/lib/python3.7/site-packages/distributed/process.py", line 191, in _run
    target(*args, **kwargs)
  File "/groups/scicompsoft/home/ackermand/miniconda3/envs/multiresolution_mesh_creator/lib/python3.7/site-packages/distributed/nanny.py", line 904, in _run
    loop.run_sync(do_stop)
  File "/groups/scicompsoft/home/ackermand/miniconda3/envs/multiresolution_mesh_creator/lib/python3.7/site-packages/tornado/ioloop.py", line 524, in run_sync
    self.start()
  File "/groups/scicompsoft/home/ackermand/miniconda3/envs/multiresolution_mesh_creator/lib/python3.7/site-packages/tornado/platform/asyncio.py", line 199, in start
    self.asyncio_loop.run_forever()
  File "/groups/scicompsoft/home/ackermand/miniconda3/envs/multiresolution_mesh_creator/lib/python3.7/asyncio/base_events.py", line 531, in run_forever
    self._check_runnung()
  File "/groups/scicompsoft/home/ackermand/miniconda3/envs/multiresolution_mesh_creator/lib/python3.7/asyncio/base_events.py", line 526, in _check_runnung
    'Cannot run the event loop while another loop is running')
RuntimeError: Cannot run the event loop while another loop is running
[2021-10-22 16:55:19,936] INFO reaping stray process <SpawnProcess(Dask Worker process (from Nanny), started daemon)>
[2021-10-22 16:55:19,937] INFO reaping stray process <SpawnProcess(Dask Worker process (from Nanny), started daemon)>
[2021-10-22 16:55:19,937] INFO reaping stray process <SpawnProcess(Dask Worker process (from Nanny), started daemon)>
[2021-10-22 16:55:19,937] INFO reaping stray process <SpawnProcess(Dask Worker process (from Nanny), started daemon)>
[2021-10-22 16:55:19,937] INFO reaping stray process <SpawnProcess(Dask Worker process (from Nanny), started daemon)>
[2021-10-22 16:55:19,937] INFO reaping stray process <SpawnProcess(Dask Worker process (from Nanny), started daemon)>
Process Dask Worker process (from Nanny):
Traceback (most recent call last):
  File "/groups/scicompsoft/home/ackermand/miniconda3/envs/multiresolution_mesh_creator/lib/python3.7/site-packages/distributed/nanny.py", line 897, in _run
    loop.run_sync(run)
  File "/groups/scicompsoft/home/ackermand/miniconda3/envs/multiresolution_mesh_creator/lib/python3.7/site-packages/tornado/ioloop.py", line 524, in run_sync
    self.start()
  File "/groups/scicompsoft/home/ackermand/miniconda3/envs/multiresolution_mesh_creator/lib/python3.7/site-packages/tornado/platform/asyncio.py", line 199, in start
    self.asyncio_loop.run_forever()
  File "/groups/scicompsoft/home/ackermand/miniconda3/envs/multiresolution_mesh_creator/lib/python3.7/asyncio/base_events.py", line 548, in run_forever
    self._set_coroutine_origin_tracking(False)
  File "/groups/scicompsoft/home/ackermand/miniconda3/envs/multiresolution_mesh_creator/lib/python3.7/asyncio/base_events.py", line 1790, in _set_coroutine_origin_tracking
    if bool(enabled) == bool(self._coroutine_origin_tracking_enabled):
KeyboardInterrupt

During handling of the above exception, another exception occurred:

Traceback (most recent call last):
  File "/groups/scicompsoft/home/ackermand/miniconda3/envs/multiresolution_mesh_creator/lib/python3.7/multiprocessing/process.py", line 297, in _bootstrap
    self.run()
  File "/groups/scicompsoft/home/ackermand/miniconda3/envs/multiresolution_mesh_creator/lib/python3.7/multiprocessing/process.py", line 99, in run
    self._target(*self._args, **self._kwargs)
  File "/groups/scicompsoft/home/ackermand/miniconda3/envs/multiresolution_mesh_creator/lib/python3.7/site-packages/distributed/process.py", line 191, in _run
    target(*args, **kwargs)
  File "/groups/scicompsoft/home/ackermand/miniconda3/envs/multiresolution_mesh_creator/lib/python3.7/site-packages/distributed/nanny.py", line 904, in _run
    loop.run_sync(do_stop)
  File "/groups/scicompsoft/home/ackermand/miniconda3/envs/multiresolution_mesh_creator/lib/python3.7/site-packages/tornado/ioloop.py", line 524, in run_sync
    self.start()
  File "/groups/scicompsoft/home/ackermand/miniconda3/envs/multiresolution_mesh_creator/lib/python3.7/site-packages/tornado/platform/asyncio.py", line 199, in start
    self.asyncio_loop.run_forever()
  File "/groups/scicompsoft/home/ackermand/miniconda3/envs/multiresolution_mesh_creator/lib/python3.7/asyncio/base_events.py", line 541, in run_forever
    self._run_once()
  File "/groups/scicompsoft/home/ackermand/miniconda3/envs/multiresolution_mesh_creator/lib/python3.7/asyncio/base_events.py", line 1786, in _run_once
    handle._run()
  File "/groups/scicompsoft/home/ackermand/miniconda3/envs/multiresolution_mesh_creator/lib/python3.7/asyncio/events.py", line 88, in _run
    self._context.run(self._callback, *self._args)
  File "/groups/scicompsoft/home/ackermand/miniconda3/envs/multiresolution_mesh_creator/lib/python3.7/site-packages/tornado/ioloop.py", line 688, in <lambda>
    lambda f: self._run_callback(functools.partial(callback, future))
  File "/groups/scicompsoft/home/ackermand/miniconda3/envs/multiresolution_mesh_creator/lib/python3.7/site-packages/tornado/ioloop.py", line 741, in _run_callback
    ret = callback()
  File "/groups/scicompsoft/home/ackermand/miniconda3/envs/multiresolution_mesh_creator/lib/python3.7/site-packages/tornado/ioloop.py", line 765, in _discard_future_result
    future.result()
  File "/groups/scicompsoft/home/ackermand/miniconda3/envs/multiresolution_mesh_creator/lib/python3.7/asyncio/base_events.py", line 541, in run_forever
    self._run_once()
  File "/groups/scicompsoft/home/ackermand/miniconda3/envs/multiresolution_mesh_creator/lib/python3.7/asyncio/base_events.py", line 1786, in _run_once
    handle._run()
  File "/groups/scicompsoft/home/ackermand/miniconda3/envs/multiresolution_mesh_creator/lib/python3.7/asyncio/events.py", line 88, in _run
    self._context.run(self._callback, *self._args)
  File "/groups/scicompsoft/home/ackermand/miniconda3/envs/multiresolution_mesh_creator/lib/python3.7/site-packages/distributed/worker.py", line 1246, in close
    await r.close_gracefully()
  File "/groups/scicompsoft/home/ackermand/miniconda3/envs/multiresolution_mesh_creator/lib/python3.7/site-packages/distributed/core.py", line 863, in send_recv_from_rpc
    comm = await self.pool.connect(self.addr)
  File "/groups/scicompsoft/home/ackermand/miniconda3/envs/multiresolution_mesh_creator/lib/python3.7/site-packages/distributed/core.py", line 1031, in connect
    **self.connection_args,
  File "/groups/scicompsoft/home/ackermand/miniconda3/envs/multiresolution_mesh_creator/lib/python3.7/asyncio/tasks.py", line 607, in ensure_future
    loop = events.get_event_loop()
KeyboardInterrupt
[2021-10-22 16:55:19,937] INFO reaping stray process <SpawnProcess(Dask Worker process (from Nanny), started daemon)>
[2021-10-22 16:55:19,937] INFO reaping stray process <SpawnProcess(Dask Worker process (from Nanny), started daemon)>
[2021-10-22 16:55:19,937] INFO reaping stray process <SpawnProcess(Dask Worker process (from Nanny), started daemon)>
[2021-10-22 16:55:19,937] INFO reaping stray process <SpawnProcess(Dask Worker process (from Nanny), started daemon)>
[2021-10-22 16:55:19,938] INFO reaping stray process <SpawnProcess(Dask Worker process (from Nanny), started daemon)>
[2021-10-22 16:55:19,938] INFO reaping stray process <SpawnProcess(Dask Worker process (from Nanny), started daemon)>
[2021-10-22 16:55:19,938] INFO reaping stray process <SpawnProcess(Dask Worker process (from Nanny), started daemon)>
[2021-10-22 16:55:19,938] INFO reaping stray process <SpawnProcess(Dask Worker process (from Nanny), started daemon)>
[2021-10-22 16:55:19,938] INFO reaping stray process <SpawnProcess(Dask Worker process (from Nanny), started daemon)>
[2021-10-22 16:55:19,938] INFO reaping stray process <SpawnProcess(Dask Worker process (from Nanny), started daemon)>
[2021-10-22 16:55:19,938] INFO reaping stray process <SpawnProcess(Dask Worker process (from Nanny), started daemon)>
[2021-10-22 16:55:19,938] INFO reaping stray process <SpawnProcess(Dask Worker process (from Nanny), started daemon)>
[2021-10-22 16:55:19,939] INFO reaping stray process <SpawnProcess(Dask Worker process (from Nanny), started daemon)>
[2021-10-22 16:55:19,939] INFO reaping stray process <SpawnProcess(Dask Worker process (from Nanny), started daemon)>
[2021-10-22 16:55:19,939] INFO reaping stray process <SpawnProcess(Dask Worker process (from Nanny), started daemon)>
[2021-10-22 16:55:19,939] INFO reaping stray process <SpawnProcess(Dask Worker process (from Nanny), started daemon)>
[2021-10-22 16:55:19,939] INFO reaping stray process <SpawnProcess(Dask Worker process (from Nanny), started daemon)>
Error in atexit._run_exitfuncs:

